
2024-10-21 00:24:53 Incomming Request :
 {"api_key":"YTc4YWY3ZWVlZWViODU3YTY5ODUzNTA4ZGU3YzVhYzM1NTdjNjM1MWEyYzA1ODU1ZDhlqA12AjkP0qNTc4ZjU3N2QwMDVmMw==","phone_number":"255714282182","service":"Kuwasiliana"} 
2024-10-21 03:24:53 Response two :
 {"status":"200","message":"success","result":true} 
2024-10-21 01:09:16 Incomming Request :
 {"api_key":"YTc4YWY3ZWVlZWViODU3YTY5ODUzNTA4ZGU3YzVhYzM1NTdjNjM1MWEyYzA1ODU1ZDhlqA12AjkP0qNTc4ZjU3N2QwMDVmMw==","phone_number":"255765937002","service":"Kuwasiliana"} 
2024-10-21 04:09:16 Response two :
 {"status":"200","message":"success","result":true} 
2024-10-21 03:53:26 Incomming Request :
 {"api_key":"YTc4YWY3ZWVlZWViODU3YTY5ODUzNTA4ZGU3YzVhYzM1NTdjNjM1MWEyYzA1ODU1ZDhlqA12AjkP0qNTc4ZjU3N2QwMDVmMw==","service":"Kupakua:https://www.sheriakiganjani.co.tz/uploads/52172-search--report.pdf","phone_number":"255614831210"} 
2024-10-21 06:53:26 Response two :
 {"status":"200","message":"success","result":true} 
2024-10-21 03:56:44 Incomming Request :
 {"api_key":"YTc4YWY3ZWVlZWViODU3YTY5ODUzNTA4ZGU3YzVhYzM1NTdjNjM1MWEyYzA1ODU1ZDhlqA12AjkP0qNTc4ZjU3N2QwMDVmMw==","service":"Kupakua:https://www.sheriakiganjani.co.tz/uploads/1269-mkataba-wa-upangishaji.pdf","phone_number":"255614831210"} 
2024-10-21 06:56:44 Response two :
 {"status":"200","message":"success","result":true} 
2024-10-21 03:57:05 Incomming Request :
 {"api_key":"YTc4YWY3ZWVlZWViODU3YTY5ODUzNTA4ZGU3YzVhYzM1NTdjNjM1MWEyYzA1ODU1ZDhlqA12AjkP0qNTc4ZjU3N2QwMDVmMw==","service":"Kupakua:https://www.sheriakiganjani.co.tz/uploads/42597-plaint.pdf","phone_number":"255614831210"} 
2024-10-21 06:57:05 Response two :
 {"status":"200","message":"success","result":true} 
2024-10-21 05:40:46 Incomming Request :
 {"api_key":"YTc4YWY3ZWVlZWViODU3YTY5ODUzNTA4ZGU3YzVhYzM1NTdjNjM1MWEyYzA1ODU1ZDhlqA12AjkP0qNTc4ZjU3N2QwMDVmMw==","service":"Kupakua:https://www.sheriakiganjani.co.tz/uploads/37650-affidavit.pdf","phone_number":"255758953249"} 
2024-10-21 08:40:46 Response two :
 {"status":"200","message":"success","result":true} 
2024-10-21 06:33:54 Incomming Request :
 {"api_key":"YTc4YWY3ZWVlZWViODU3YTY5ODUzNTA4ZGU3YzVhYzM1NTdjNjM1MWEyYzA1ODU1ZDhlqA12AjkP0qNTc4ZjU3N2QwMDVmMw==","phone_number":"255756453210","service":"Kuwasiliana"} 
2024-10-21 09:33:54 Response two :
 {"status":"200","message":"success","result":true} 
2024-10-21 06:34:33 Incomming Request :
 {"api_key":"YTc4YWY3ZWVlZWViODU3YTY5ODUzNTA4ZGU3YzVhYzM1NTdjNjM1MWEyYzA1ODU1ZDhlqA12AjkP0qNTc4ZjU3N2QwMDVmMw==","phone_number":"255756453210","service":"Kuwasiliana"} 
2024-10-21 09:34:33 Response two :
 {"status":"200","message":"success","result":true} 
2024-10-21 08:25:04 Incomming Request :
 {"api_key":"YTc4YWY3ZWVlZWViODU3YTY5ODUzNTA4ZGU3YzVhYzM1NTdjNjM1MWEyYzA1ODU1ZDhlqA12AjkP0qNTc4ZjU3N2QwMDVmMw==","phone_number":"255755474105","service":"Kuwasiliana"} 
2024-10-21 11:25:04 Response two :
 {"status":"200","message":"success","result":true} 
2024-10-21 08:26:04 Incomming Request :
 {"api_key":"YTc4YWY3ZWVlZWViODU3YTY5ODUzNTA4ZGU3YzVhYzM1NTdjNjM1MWEyYzA1ODU1ZDhlqA12AjkP0qNTc4ZjU3N2QwMDVmMw==","phone_number":"255755474105","service":"Kuwasiliana"} 
2024-10-21 11:26:04 Response two :
 {"status":"200","message":"success","result":true} 
2024-10-21 09:28:57 Incomming Request :
 {"api_key":"YTc4YWY3ZWVlZWViODU3YTY5ODUzNTA4ZGU3YzVhYzM1NTdjNjM1MWEyYzA1ODU1ZDhlqA12AjkP0qNTc4ZjU3N2QwMDVmMw==","phone_number":"255747128476","service":"Kuwasiliana"} 
2024-10-21 12:28:57 Response two :
 {"status":"200","message":"success","result":true} 
2024-10-21 09:36:23 Incomming Request :
 {"api_key":"YTc4YWY3ZWVlZWViODU3YTY5ODUzNTA4ZGU3YzVhYzM1NTdjNjM1MWEyYzA1ODU1ZDhlqA12AjkP0qNTc4ZjU3N2QwMDVmMw==","phone_number":"255745121036","service":"Kuwasiliana"} 
2024-10-21 12:36:23 Response two :
 {"status":"200","message":"success","result":true} 
2024-10-21 09:39:06 Incomming Request :
 {"api_key":"YTc4YWY3ZWVlZWViODU3YTY5ODUzNTA4ZGU3YzVhYzM1NTdjNjM1MWEyYzA1ODU1ZDhlqA12AjkP0qNTc4ZjU3N2QwMDVmMw==","phone_number":"255745121036","service":"Kuwasiliana"} 
2024-10-21 12:39:06 Response two :
 {"status":"200","message":"success","result":true} 
2024-10-21 11:09:58 Incomming Request :
 {"api_key":"YTc4YWY3ZWVlZWViODU3YTY5ODUzNTA4ZGU3YzVhYzM1NTdjNjM1MWEyYzA1ODU1ZDhlqA12AjkP0qNTc4ZjU3N2QwMDVmMw==","phone_number":"255625516901","service":"Kuwasiliana"} 
2024-10-21 14:09:58 Response two :
 {"status":"200","message":"success","result":true} 
2024-10-21 11:11:52 Incomming Request :
 {"api_key":"YTc4YWY3ZWVlZWViODU3YTY5ODUzNTA4ZGU3YzVhYzM1NTdjNjM1MWEyYzA1ODU1ZDhlqA12AjkP0qNTc4ZjU3N2QwMDVmMw==","phone_number":"255625516901","service":"Kuwasiliana"} 
2024-10-21 14:11:52 Response two :
 {"status":"200","message":"success","result":true} 
2024-10-21 11:42:19 Incomming Request :
 {"api_key":"YTc4YWY3ZWVlZWViODU3YTY5ODUzNTA4ZGU3YzVhYzM1NTdjNjM1MWEyYzA1ODU1ZDhlqA12AjkP0qNTc4ZjU3N2QwMDVmMw==","phone_number":"255692161088","service":"Kuwasiliana"} 
2024-10-21 14:42:19 Response two :
 {"status":"200","message":"success","result":true} 
2024-10-21 11:43:22 Incomming Request :
 {"api_key":"YTc4YWY3ZWVlZWViODU3YTY5ODUzNTA4ZGU3YzVhYzM1NTdjNjM1MWEyYzA1ODU1ZDhlqA12AjkP0qNTc4ZjU3N2QwMDVmMw==","phone_number":"255694593487","service":"Kuwasiliana"} 
2024-10-21 14:43:22 Response two :
 {"status":"200","message":"success","result":true} 
2024-10-21 11:43:22 Incomming Request :
 {"api_key":"YTc4YWY3ZWVlZWViODU3YTY5ODUzNTA4ZGU3YzVhYzM1NTdjNjM1MWEyYzA1ODU1ZDhlqA12AjkP0qNTc4ZjU3N2QwMDVmMw==","phone_number":"255694593487","service":"Kuwasiliana"} 
2024-10-21 14:43:22 Response two :
 {"status":"200","message":"success","result":true} 
2024-10-21 11:44:16 Incomming Request :
 {"api_key":"YTc4YWY3ZWVlZWViODU3YTY5ODUzNTA4ZGU3YzVhYzM1NTdjNjM1MWEyYzA1ODU1ZDhlqA12AjkP0qNTc4ZjU3N2QwMDVmMw==","phone_number":"255694593487","service":"Kuwasiliana"} 
2024-10-21 14:44:16 Response two :
 {"status":"200","message":"success","result":true} 
2024-10-21 12:07:02 Incomming Request :
 {"api_key":"YTc4YWY3ZWVlZWViODU3YTY5ODUzNTA4ZGU3YzVhYzM1NTdjNjM1MWEyYzA1ODU1ZDhlqA12AjkP0qNTc4ZjU3N2QwMDVmMw==","phone_number":"255692161088","service":"Kuwasiliana"} 
2024-10-21 15:07:02 Response two :
 {"status":"200","message":"success","result":true} 
2024-10-21 12:07:03 Incomming Request :
 {"api_key":"YTc4YWY3ZWVlZWViODU3YTY5ODUzNTA4ZGU3YzVhYzM1NTdjNjM1MWEyYzA1ODU1ZDhlqA12AjkP0qNTc4ZjU3N2QwMDVmMw==","phone_number":"255692161088","service":"Kuwasiliana"} 
2024-10-21 15:07:03 Response two :
 {"status":"200","message":"success","result":true} 
2024-10-21 12:08:11 Incomming Request :
 {"api_key":"YTc4YWY3ZWVlZWViODU3YTY5ODUzNTA4ZGU3YzVhYzM1NTdjNjM1MWEyYzA1ODU1ZDhlqA12AjkP0qNTc4ZjU3N2QwMDVmMw==","service":"Kupakua:https://www.sheriakiganjani.co.tz/uploads/61545-general-contract.pdf","phone_number":"255692161088"} 
2024-10-21 15:08:11 Response two :
 {"status":"200","message":"success","result":true} 
2024-10-21 12:45:57 Incomming Request :
 {"api_key":"YTc4YWY3ZWVlZWViODU3YTY5ODUzNTA4ZGU3YzVhYzM1NTdjNjM1MWEyYzA1ODU1ZDhlqA12AjkP0qNTc4ZjU3N2QwMDVmMw==","phone_number":"255762924497","service":"Kuwasiliana"} 
2024-10-21 15:45:57 Response two :
 {"status":"200","message":"success","result":true} 
2024-10-21 14:20:24 Incomming Request :
 {"api_key":"YTc4YWY3ZWVlZWViODU3YTY5ODUzNTA4ZGU3YzVhYzM1NTdjNjM1MWEyYzA1ODU1ZDhlqA12AjkP0qNTc4ZjU3N2QwMDVmMw==","phone_number":"255615983978","service":"Kuwasiliana"} 
2024-10-21 17:20:24 Response two :
 {"status":"200","message":"success","result":true} 
2024-10-21 14:32:36 Incomming Request :
 {"api_key":"YTc4YWY3ZWVlZWViODU3YTY5ODUzNTA4ZGU3YzVhYzM1NTdjNjM1MWEyYzA1ODU1ZDhlqA12AjkP0qNTc4ZjU3N2QwMDVmMw==","service":"Kupakua:https://www.sheriakiganjani.co.tz/uploads/54381-divorce-petition.pdf","phone_number":"255747304769"} 
2024-10-21 17:32:36 Response two :
 {"status":"200","message":"success","result":true} 
2024-10-21 14:33:13 Incomming Request :
 {"api_key":"YTc4YWY3ZWVlZWViODU3YTY5ODUzNTA4ZGU3YzVhYzM1NTdjNjM1MWEyYzA1ODU1ZDhlqA12AjkP0qNTc4ZjU3N2QwMDVmMw==","service":"Kupakua:https://www.sheriakiganjani.co.tz/uploads/1269-mkataba-wa-upangishaji.pdf","phone_number":"255747304769"} 
2024-10-21 17:33:13 Response two :
 {"status":"200","message":"success","result":true} 
2024-10-21 14:33:55 Incomming Request :
 {"api_key":"YTc4YWY3ZWVlZWViODU3YTY5ODUzNTA4ZGU3YzVhYzM1NTdjNjM1MWEyYzA1ODU1ZDhlqA12AjkP0qNTc4ZjU3N2QwMDVmMw==","service":"Kupakua:https://www.sheriakiganjani.co.tz/uploads/1269-mkataba-wa-upangishaji.pdf","phone_number":"255747304769"} 
2024-10-21 17:33:55 Response two :
 {"status":"200","message":"success","result":true} 
2024-10-21 14:41:48 Incomming Request :
 {"api_key":"YTc4YWY3ZWVlZWViODU3YTY5ODUzNTA4ZGU3YzVhYzM1NTdjNjM1MWEyYzA1ODU1ZDhlqA12AjkP0qNTc4ZjU3N2QwMDVmMw==","phone_number":"255754978285","service":"Kuwasiliana"} 
2024-10-21 17:41:48 Response two :
 {"status":"200","message":"success","result":true} 
2024-10-21 14:42:42 Incomming Request :
 {"api_key":"YTc4YWY3ZWVlZWViODU3YTY5ODUzNTA4ZGU3YzVhYzM1NTdjNjM1MWEyYzA1ODU1ZDhlqA12AjkP0qNTc4ZjU3N2QwMDVmMw==","service":"Kupakua:https://www.sheriakiganjani.co.tz/uploads/1269-mkataba-wa-upangishaji.pdf","phone_number":"255747304769"} 
2024-10-21 17:42:42 Response two :
 {"status":"200","message":"success","result":true} 
2024-10-21 14:42:56 Incomming Request :
 {"api_key":"YTc4YWY3ZWVlZWViODU3YTY5ODUzNTA4ZGU3YzVhYzM1NTdjNjM1MWEyYzA1ODU1ZDhlqA12AjkP0qNTc4ZjU3N2QwMDVmMw==","service":"Kupakua:https://www.sheriakiganjani.co.tz/uploads/72650-general-citation.pdf","phone_number":"255747304769"} 
2024-10-21 17:42:56 Response two :
 {"status":"200","message":"success","result":true} 
2024-10-21 14:43:05 Incomming Request :
 {"api_key":"YTc4YWY3ZWVlZWViODU3YTY5ODUzNTA4ZGU3YzVhYzM1NTdjNjM1MWEyYzA1ODU1ZDhlqA12AjkP0qNTc4ZjU3N2QwMDVmMw==","service":"Kupakua:https://www.sheriakiganjani.co.tz/uploads/2124-hati-ya-ushirikiano.pdf","phone_number":"255747304769"} 
2024-10-21 17:43:05 Response two :
 {"status":"200","message":"success","result":true} 
2024-10-21 14:45:39 Incomming Request :
 {"api_key":"YTc4YWY3ZWVlZWViODU3YTY5ODUzNTA4ZGU3YzVhYzM1NTdjNjM1MWEyYzA1ODU1ZDhlqA12AjkP0qNTc4ZjU3N2QwMDVmMw==","service":"Kupakua:https://www.sheriakiganjani.co.tz/uploads/78386-mkataba-wa-mauziano-ya-kiwanja.pdf","phone_number":"255747304769"} 
2024-10-21 17:45:39 Response two :
 {"status":"200","message":"success","result":true} 
2024-10-21 14:49:40 Incomming Request :
 {"api_key":"YTc4YWY3ZWVlZWViODU3YTY5ODUzNTA4ZGU3YzVhYzM1NTdjNjM1MWEyYzA1ODU1ZDhlqA12AjkP0qNTc4ZjU3N2QwMDVmMw==","phone_number":"255747304769","service":"Kuwasiliana"} 
2024-10-21 17:49:40 Response two :
 {"status":"200","message":"success","result":true} 
2024-10-21 14:52:15 Incomming Request :
 {"api_key":"YTc4YWY3ZWVlZWViODU3YTY5ODUzNTA4ZGU3YzVhYzM1NTdjNjM1MWEyYzA1ODU1ZDhlqA12AjkP0qNTc4ZjU3N2QwMDVmMw==","phone_number":"255747304769","service":"Kuwasiliana"} 
2024-10-21 17:52:15 Response two :
 {"status":"200","message":"success","result":true} 
2024-10-21 14:53:12 Incomming Request :
 {"api_key":"YTc4YWY3ZWVlZWViODU3YTY5ODUzNTA4ZGU3YzVhYzM1NTdjNjM1MWEyYzA1ODU1ZDhlqA12AjkP0qNTc4ZjU3N2QwMDVmMw==","phone_number":"255747304769","service":"Kuwasiliana"} 
2024-10-21 17:53:12 Response two :
 {"status":"200","message":"success","result":true} 
2024-10-21 14:53:41 Incomming Request :
 {"api_key":"YTc4YWY3ZWVlZWViODU3YTY5ODUzNTA4ZGU3YzVhYzM1NTdjNjM1MWEyYzA1ODU1ZDhlqA12AjkP0qNTc4ZjU3N2QwMDVmMw==","phone_number":"255747304769","service":"Kuwasiliana"} 
2024-10-21 17:53:41 Response two :
 {"status":"200","message":"success","result":true} 
2024-10-21 14:57:11 Incomming Request :
 {"api_key":"YTc4YWY3ZWVlZWViODU3YTY5ODUzNTA4ZGU3YzVhYzM1NTdjNjM1MWEyYzA1ODU1ZDhlqA12AjkP0qNTc4ZjU3N2QwMDVmMw==","service":"Kupakua:https://www.sheriakiganjani.co.tz/uploads/2124-hati-ya-ushirikiano.pdf","phone_number":"255747304769"} 
2024-10-21 17:57:11 Response two :
 {"status":"200","message":"success","result":true} 
2024-10-21 15:39:59 Incomming Request :
 {"api_key":"YTc4YWY3ZWVlZWViODU3YTY5ODUzNTA4ZGU3YzVhYzM1NTdjNjM1MWEyYzA1ODU1ZDhlqA12AjkP0qNTc4ZjU3N2QwMDVmMw==","service":"Kupakua:https://www.sheriakiganjani.co.tz/uploads/62423-chamber-summons.pdf","phone_number":"255686516669"} 
2024-10-21 18:39:59 Response two :
 {"status":"200","message":"success","result":true} 
2024-10-21 16:00:22 Incomming Request :
 {"api_key":"YTc4YWY3ZWVlZWViODU3YTY5ODUzNTA4ZGU3YzVhYzM1NTdjNjM1MWEyYzA1ODU1ZDhlqA12AjkP0qNTc4ZjU3N2QwMDVmMw==","service":"Kupakua:https://www.sheriakiganjani.co.tz/uploads/43177-deed-poll-plain.pdf","phone_number":"255759242064"} 
2024-10-21 19:00:22 Response two :
 {"status":"200","message":"success","result":true} 
2024-10-21 16:04:24 Incomming Request :
 {"api_key":"YTc4YWY3ZWVlZWViODU3YTY5ODUzNTA4ZGU3YzVhYzM1NTdjNjM1MWEyYzA1ODU1ZDhlqA12AjkP0qNTc4ZjU3N2QwMDVmMw==","service":"Kupakua:https://www.sheriakiganjani.co.tz/uploads/29124-general-power-of-attorney.pdf","phone_number":"255759242064"} 
2024-10-21 19:04:24 Response two :
 {"status":"200","message":"success","result":true} 
2024-10-21 16:05:03 Incomming Request :
 {"api_key":"YTc4YWY3ZWVlZWViODU3YTY5ODUzNTA4ZGU3YzVhYzM1NTdjNjM1MWEyYzA1ODU1ZDhlqA12AjkP0qNTc4ZjU3N2QwMDVmMw==","service":"Kupakua:https://www.sheriakiganjani.co.tz/uploads/37650-affidavit.pdf","phone_number":"255767898900"} 
2024-10-21 19:05:03 Response two :
 {"status":"200","message":"success","result":true} 
2024-10-21 16:05:31 Incomming Request :
 {"api_key":"YTc4YWY3ZWVlZWViODU3YTY5ODUzNTA4ZGU3YzVhYzM1NTdjNjM1MWEyYzA1ODU1ZDhlqA12AjkP0qNTc4ZjU3N2QwMDVmMw==","service":"Kupakua:https://www.sheriakiganjani.co.tz/uploads/1269-mkataba-wa-upangishaji.pdf","phone_number":"255767898900"} 
2024-10-21 19:05:31 Response two :
 {"status":"200","message":"success","result":true} 
2024-10-21 16:06:06 Incomming Request :
 {"api_key":"YTc4YWY3ZWVlZWViODU3YTY5ODUzNTA4ZGU3YzVhYzM1NTdjNjM1MWEyYzA1ODU1ZDhlqA12AjkP0qNTc4ZjU3N2QwMDVmMw==","service":"Kupakua:https://www.sheriakiganjani.co.tz/uploads/2124-hati-ya-ushirikiano.pdf","phone_number":"255767898900"} 
2024-10-21 19:06:06 Response two :
 {"status":"200","message":"success","result":true} 
2024-10-21 16:08:48 Incomming Request :
 {"api_key":"YTc4YWY3ZWVlZWViODU3YTY5ODUzNTA4ZGU3YzVhYzM1NTdjNjM1MWEyYzA1ODU1ZDhlqA12AjkP0qNTc4ZjU3N2QwMDVmMw==","phone_number":"255767898900","service":"Kuwasiliana"} 
2024-10-21 19:08:48 Response two :
 {"status":"200","message":"success","result":true} 
2024-10-21 16:15:13 Incomming Request :
 {"api_key":"YTc4YWY3ZWVlZWViODU3YTY5ODUzNTA4ZGU3YzVhYzM1NTdjNjM1MWEyYzA1ODU1ZDhlqA12AjkP0qNTc4ZjU3N2QwMDVmMw==","phone_number":"255759242064","service":"Kuwasiliana"} 
2024-10-21 19:15:13 Response two :
 {"status":"200","message":"success","result":true} 
2024-10-21 16:17:40 Incomming Request :
 {"api_key":"YTc4YWY3ZWVlZWViODU3YTY5ODUzNTA4ZGU3YzVhYzM1NTdjNjM1MWEyYzA1ODU1ZDhlqA12AjkP0qNTc4ZjU3N2QwMDVmMw==","service":"Kupakua:https://www.sheriakiganjani.co.tz/uploads/78386-mkataba-wa-mauziano-ya-kiwanja.pdf","phone_number":"255623924327"} 
2024-10-21 19:17:40 Response two :
 {"status":"200","message":"success","result":true} 
2024-10-21 16:17:49 Incomming Request :
 {"api_key":"YTc4YWY3ZWVlZWViODU3YTY5ODUzNTA4ZGU3YzVhYzM1NTdjNjM1MWEyYzA1ODU1ZDhlqA12AjkP0qNTc4ZjU3N2QwMDVmMw==","service":"Kupakua:https://www.sheriakiganjani.co.tz/uploads/97490-employee-non-disclosure-agreement-nda.pdf","phone_number":"255623924327"} 
2024-10-21 19:17:49 Response two :
 {"status":"200","message":"success","result":true} 
2024-10-21 16:21:05 Incomming Request :
 {"api_key":"YTc4YWY3ZWVlZWViODU3YTY5ODUzNTA4ZGU3YzVhYzM1NTdjNjM1MWEyYzA1ODU1ZDhlqA12AjkP0qNTc4ZjU3N2QwMDVmMw==","phone_number":"255623924327","service":"Kuwasiliana"} 
2024-10-21 19:21:05 Response two :
 {"status":"200","message":"success","result":true} 
2024-10-21 19:28:36 Incomming Request :
 {"api_key":"YTc4YWY3ZWVlZWViODU3YTY5ODUzNTA4ZGU3YzVhYzM1NTdjNjM1MWEyYzA1ODU1ZDhlqA12AjkP0qNTc4ZjU3N2QwMDVmMw==","service":"Kupakua:https://www.sheriakiganjani.co.tz/uploads/96612-certificate-of-urgency.pdf","phone_number":"255717173801"} 
2024-10-21 22:28:36 Response two :
 {"status":"200","message":"success","result":true} 
2024-10-21 19:29:38 Incomming Request :
 {"api_key":"YTc4YWY3ZWVlZWViODU3YTY5ODUzNTA4ZGU3YzVhYzM1NTdjNjM1MWEyYzA1ODU1ZDhlqA12AjkP0qNTc4ZjU3N2QwMDVmMw==","service":"Kupakua:https://www.sheriakiganjani.co.tz/uploads/78386-mkataba-wa-mauziano-ya-kiwanja.pdf","phone_number":"255717173801"} 
2024-10-21 22:29:38 Response two :
 {"status":"200","message":"success","result":true} 
2024-10-21 19:31:24 Incomming Request :
 {"api_key":"YTc4YWY3ZWVlZWViODU3YTY5ODUzNTA4ZGU3YzVhYzM1NTdjNjM1MWEyYzA1ODU1ZDhlqA12AjkP0qNTc4ZjU3N2QwMDVmMw==","phone_number":"255717173801","service":"Kuwasiliana"} 
2024-10-21 22:31:24 Response two :
 {"status":"200","message":"success","result":true} 
2024-10-21 19:31:48 Incomming Request :
 {"api_key":"YTc4YWY3ZWVlZWViODU3YTY5ODUzNTA4ZGU3YzVhYzM1NTdjNjM1MWEyYzA1ODU1ZDhlqA12AjkP0qNTc4ZjU3N2QwMDVmMw==","service":"Kupakua:https://www.sheriakiganjani.co.tz/uploads/96219-demand-notice.pdf","phone_number":"255788645500"} 
2024-10-21 22:31:48 Response two :
 {"status":"200","message":"success","result":true} 
2024-10-21 19:33:54 Incomming Request :
 {"api_key":"YTc4YWY3ZWVlZWViODU3YTY5ODUzNTA4ZGU3YzVhYzM1NTdjNjM1MWEyYzA1ODU1ZDhlqA12AjkP0qNTc4ZjU3N2QwMDVmMw==","phone_number":"255788645500","service":"Kuwasiliana"} 
2024-10-21 22:33:54 Response two :
 {"status":"200","message":"success","result":true} 
2024-10-21 21:10:02 Incomming Request :
 {"api_key":"YTc4YWY3ZWVlZWViODU3YTY5ODUzNTA4ZGU3YzVhYzM1NTdjNjM1MWEyYzA1ODU1ZDhlqA12AjkP0qNTc4ZjU3N2QwMDVmMw==","service":"Kupakua:https://www.sheriakiganjani.co.tz/uploads/67788-sale-agreementt.pdf","phone_number":"255658529492"} 
2024-10-22 00:10:02 Response two :
 {"status":"200","message":"success","result":true} 
2024-10-21 21:11:09 Incomming Request :
 {"api_key":"YTc4YWY3ZWVlZWViODU3YTY5ODUzNTA4ZGU3YzVhYzM1NTdjNjM1MWEyYzA1ODU1ZDhlqA12AjkP0qNTc4ZjU3N2QwMDVmMw==","service":"Kupakua:https://www.sheriakiganjani.co.tz/uploads/2124-hati-ya-ushirikiano.pdf","phone_number":"255658529492"} 
2024-10-22 00:11:09 Response two :
 {"status":"200","message":"success","result":true} 
2024-10-21 21:11:47 Incomming Request :
 {"api_key":"YTc4YWY3ZWVlZWViODU3YTY5ODUzNTA4ZGU3YzVhYzM1NTdjNjM1MWEyYzA1ODU1ZDhlqA12AjkP0qNTc4ZjU3N2QwMDVmMw==","service":"Kupakua:https://www.sheriakiganjani.co.tz/uploads/78386-mkataba-wa-mauziano-ya-kiwanja.pdf","phone_number":"255658529492"} 
2024-10-22 00:11:47 Response two :
 {"status":"200","message":"success","result":true} 
2024-10-21 21:25:00 Incomming Request :
 {"api_key":"YTc4YWY3ZWVlZWViODU3YTY5ODUzNTA4ZGU3YzVhYzM1NTdjNjM1MWEyYzA1ODU1ZDhlqA12AjkP0qNTc4ZjU3N2QwMDVmMw==","service":"Kupakua:https://www.sheriakiganjani.co.tz/uploads/43177-deed-poll-plain.pdf","phone_number":"255761792679"} 
2024-10-22 00:25:00 Response two :
 {"status":"200","message":"success","result":true} 
2024-10-21 21:40:17 Incomming Request :
 {"api_key":"YTc4YWY3ZWVlZWViODU3YTY5ODUzNTA4ZGU3YzVhYzM1NTdjNjM1MWEyYzA1ODU1ZDhlqA12AjkP0qNTc4ZjU3N2QwMDVmMw==","phone_number":"255684374694","service":"Kuwasiliana"} 
2024-10-22 00:40:17 Response two :
 {"status":"200","message":"success","result":true} 
2024-10-21 21:41:41 Incomming Request :
 {"api_key":"YTc4YWY3ZWVlZWViODU3YTY5ODUzNTA4ZGU3YzVhYzM1NTdjNjM1MWEyYzA1ODU1ZDhlqA12AjkP0qNTc4ZjU3N2QwMDVmMw==","phone_number":"255684374694","service":"Kuwasiliana"} 
2024-10-22 00:41:41 Response two :
 {"status":"200","message":"success","result":true} 