
2024-10-17 07:14:38 Incomming Request :
 {"api_key":"YTc4YWY3ZWVlZWViODU3YTY5ODUzNTA4ZGU3YzVhYzM1NTdjNjM1MWEyYzA1ODU1ZDhlqA12AjkP0qNTc4ZjU3N2QwMDVmMw==","phone_number":"255753654505","service":"Kuwasiliana"} 
2024-10-17 07:14:39 Incomming Request :
 {"api_key":"YTc4YWY3ZWVlZWViODU3YTY5ODUzNTA4ZGU3YzVhYzM1NTdjNjM1MWEyYzA1ODU1ZDhlqA12AjkP0qNTc4ZjU3N2QwMDVmMw==","phone_number":"255753654505","service":"Kuwasiliana"} 
2024-10-17 07:14:42 Incomming Request :
 {"api_key":"YTc4YWY3ZWVlZWViODU3YTY5ODUzNTA4ZGU3YzVhYzM1NTdjNjM1MWEyYzA1ODU1ZDhlqA12AjkP0qNTc4ZjU3N2QwMDVmMw==","phone_number":"255753654505","service":"Kuwasiliana"} 
2024-10-17 07:14:44 Incomming Request :
 {"api_key":"YTc4YWY3ZWVlZWViODU3YTY5ODUzNTA4ZGU3YzVhYzM1NTdjNjM1MWEyYzA1ODU1ZDhlqA12AjkP0qNTc4ZjU3N2QwMDVmMw==","phone_number":"255753654505","service":"Kuwasiliana"} 
2024-10-17 07:14:47 Incomming Request :
 {"api_key":"YTc4YWY3ZWVlZWViODU3YTY5ODUzNTA4ZGU3YzVhYzM1NTdjNjM1MWEyYzA1ODU1ZDhlqA12AjkP0qNTc4ZjU3N2QwMDVmMw==","phone_number":"255753654505","service":"Kuwasiliana"} 
2024-10-17 07:14:50 Incomming Request :
 {"api_key":"YTc4YWY3ZWVlZWViODU3YTY5ODUzNTA4ZGU3YzVhYzM1NTdjNjM1MWEyYzA1ODU1ZDhlqA12AjkP0qNTc4ZjU3N2QwMDVmMw==","phone_number":"255753654505","service":"Kuwasiliana"} 
2024-10-17 11:41:41 Incomming Request :
 {"api_key":"YTc4YWY3ZWVlZWViODU3YTY5ODUzNTA4ZGU3YzVhYzM1NTdjNjM1MWEyYzA1ODU1ZDhlqA12AjkP0qNTc4ZjU3N2QwMDVmMw==","phone_number":"255758020642","service":"Kuwasiliana"} 
2024-10-17 11:41:43 Incomming Request :
 {"api_key":"YTc4YWY3ZWVlZWViODU3YTY5ODUzNTA4ZGU3YzVhYzM1NTdjNjM1MWEyYzA1ODU1ZDhlqA12AjkP0qNTc4ZjU3N2QwMDVmMw==","phone_number":"255758020642","service":"Kuwasiliana"} 
2024-10-17 16:26:40 Incomming Request :
 {"api_key":"YTc4YWY3ZWVlZWViODU3YTY5ODUzNTA4ZGU3YzVhYzM1NTdjNjM1MWEyYzA1ODU1ZDhlqA12AjkP0qNTc4ZjU3N2QwMDVmMw==","service":"Kupakua:https://www.sheriakiganjani.co.tz/uploads/61545-general-contract.pdf","phone_number":"255677931581"} 
2024-10-17 16:27:00 Incomming Request :
 {"api_key":"YTc4YWY3ZWVlZWViODU3YTY5ODUzNTA4ZGU3YzVhYzM1NTdjNjM1MWEyYzA1ODU1ZDhlqA12AjkP0qNTc4ZjU3N2QwMDVmMw==","service":"Kupakua:https://www.sheriakiganjani.co.tz/uploads/61545-general-contract.pdf","phone_number":"255677931581"} 
2024-10-17 16:27:01 Incomming Request :
 {"api_key":"YTc4YWY3ZWVlZWViODU3YTY5ODUzNTA4ZGU3YzVhYzM1NTdjNjM1MWEyYzA1ODU1ZDhlqA12AjkP0qNTc4ZjU3N2QwMDVmMw==","service":"Kupakua:https://www.sheriakiganjani.co.tz/uploads/88398-special-power-of-attorney.pdf","phone_number":"255677931581"} 
2024-10-17 16:27:04 Incomming Request :
 {"api_key":"YTc4YWY3ZWVlZWViODU3YTY5ODUzNTA4ZGU3YzVhYzM1NTdjNjM1MWEyYzA1ODU1ZDhlqA12AjkP0qNTc4ZjU3N2QwMDVmMw==","service":"Kupakua:https://www.sheriakiganjani.co.tz/uploads/88398-special-power-of-attorney.pdf","phone_number":"255677931581"} 
2024-10-17 16:27:31 Incomming Request :
 {"api_key":"YTc4YWY3ZWVlZWViODU3YTY5ODUzNTA4ZGU3YzVhYzM1NTdjNjM1MWEyYzA1ODU1ZDhlqA12AjkP0qNTc4ZjU3N2QwMDVmMw==","service":"Kupakua:https://www.sheriakiganjani.co.tz/uploads/40015-board-resolution-allotment-of-shares.pdf","phone_number":"255677931581"} 
2024-10-17 17:55:01 Incomming Request :
 {"api_key":"YTc4YWY3ZWVlZWViODU3YTY5ODUzNTA4ZGU3YzVhYzM1NTdjNjM1MWEyYzA1ODU1ZDhlqA12AjkP0qNTc4ZjU3N2QwMDVmMw==","service":"Kupakua:https://www.sheriakiganjani.co.tz/uploads/96612-certificate-of-urgency.pdf","phone_number":"255788663774"} 
2024-10-17 17:55:04 Incomming Request :
 {"api_key":"YTc4YWY3ZWVlZWViODU3YTY5ODUzNTA4ZGU3YzVhYzM1NTdjNjM1MWEyYzA1ODU1ZDhlqA12AjkP0qNTc4ZjU3N2QwMDVmMw==","service":"Kupakua:https://www.sheriakiganjani.co.tz/uploads/96612-certificate-of-urgency.pdf","phone_number":"255788663774"} 
2024-10-17 17:55:22 Incomming Request :
 {"api_key":"YTc4YWY3ZWVlZWViODU3YTY5ODUzNTA4ZGU3YzVhYzM1NTdjNjM1MWEyYzA1ODU1ZDhlqA12AjkP0qNTc4ZjU3N2QwMDVmMw==","service":"Kupakua:https://www.sheriakiganjani.co.tz/uploads/42597-plaint.pdf","phone_number":"255788663774"} 
2024-10-17 17:55:24 Incomming Request :
 {"api_key":"YTc4YWY3ZWVlZWViODU3YTY5ODUzNTA4ZGU3YzVhYzM1NTdjNjM1MWEyYzA1ODU1ZDhlqA12AjkP0qNTc4ZjU3N2QwMDVmMw==","service":"Kupakua:https://www.sheriakiganjani.co.tz/uploads/42597-plaint.pdf","phone_number":"255788663774"} 
2024-10-17 20:41:24 Incomming Request :
 {"api_key":"YTc4YWY3ZWVlZWViODU3YTY5ODUzNTA4ZGU3YzVhYzM1NTdjNjM1MWEyYzA1ODU1ZDhlqA12AjkP0qNTc4ZjU3N2QwMDVmMw==","phone_number":"255696393608","service":"Kuwasiliana"} 
2024-10-17 20:41:25 Incomming Request :
 {"api_key":"YTc4YWY3ZWVlZWViODU3YTY5ODUzNTA4ZGU3YzVhYzM1NTdjNjM1MWEyYzA1ODU1ZDhlqA12AjkP0qNTc4ZjU3N2QwMDVmMw==","phone_number":"255696393608","service":"Kuwasiliana"} 
2024-10-17 20:42:05 Incomming Request :
 {"api_key":"YTc4YWY3ZWVlZWViODU3YTY5ODUzNTA4ZGU3YzVhYzM1NTdjNjM1MWEyYzA1ODU1ZDhlqA12AjkP0qNTc4ZjU3N2QwMDVmMw==","service":"Kupakua:https://www.sheriakiganjani.co.tz/uploads/1269-mkataba-wa-upangishaji.pdf","phone_number":"255696393608"} 
2024-10-17 20:42:06 Incomming Request :
 {"api_key":"YTc4YWY3ZWVlZWViODU3YTY5ODUzNTA4ZGU3YzVhYzM1NTdjNjM1MWEyYzA1ODU1ZDhlqA12AjkP0qNTc4ZjU3N2QwMDVmMw==","service":"Kupakua:https://www.sheriakiganjani.co.tz/uploads/1269-mkataba-wa-upangishaji.pdf","phone_number":"255696393608"} 