
2024-10-19 03:28:20 Incomming Request :
 {"api_key":"YTc4YWY3ZWVlZWViODU3YTY5ODUzNTA4ZGU3YzVhYzM1NTdjNjM1MWEyYzA1ODU1ZDhlqA12AjkP0qNTc4ZjU3N2QwMDVmMw==","service":"Kupakua:https://www.sheriakiganjani.co.tz/uploads/7807-car-sale-agreement.pdf","phone_number":"255763038743"} 
2024-10-19 06:28:20 Response two :
 {"status":"200","message":"success","result":true} 
2024-10-19 03:29:50 Incomming Request :
 {"api_key":"YTc4YWY3ZWVlZWViODU3YTY5ODUzNTA4ZGU3YzVhYzM1NTdjNjM1MWEyYzA1ODU1ZDhlqA12AjkP0qNTc4ZjU3N2QwMDVmMw==","service":"Kupakua:https://www.sheriakiganjani.co.tz/uploads/7807-car-sale-agreement.pdf","phone_number":"255763038743"} 
2024-10-19 06:29:50 Response two :
 {"status":"200","message":"success","result":true} 
2024-10-19 03:32:40 Incomming Request :
 {"api_key":"YTc4YWY3ZWVlZWViODU3YTY5ODUzNTA4ZGU3YzVhYzM1NTdjNjM1MWEyYzA1ODU1ZDhlqA12AjkP0qNTc4ZjU3N2QwMDVmMw==","phone_number":"255753654505","service":"Kuwasiliana"} 
2024-10-19 06:32:40 Response two :
 {"status":"200","message":"success","result":true} 
2024-10-19 03:38:54 Incomming Request :
 {"api_key":"YTc4YWY3ZWVlZWViODU3YTY5ODUzNTA4ZGU3YzVhYzM1NTdjNjM1MWEyYzA1ODU1ZDhlqA12AjkP0qNTc4ZjU3N2QwMDVmMw==","service":"Kupakua:https://www.sheriakiganjani.co.tz/uploads/78386-mkataba-wa-mauziano-ya-kiwanja.pdf","phone_number":"255744733444"} 
2024-10-19 06:38:54 Response two :
 {"status":"200","message":"success","result":true} 
2024-10-19 03:40:13 Incomming Request :
 {"api_key":"YTc4YWY3ZWVlZWViODU3YTY5ODUzNTA4ZGU3YzVhYzM1NTdjNjM1MWEyYzA1ODU1ZDhlqA12AjkP0qNTc4ZjU3N2QwMDVmMw==","phone_number":"255753654505","service":"Kuwasiliana"} 
2024-10-19 06:40:13 Response two :
 {"status":"200","message":"success","result":true} 
2024-10-19 03:41:08 Incomming Request :
 {"api_key":"YTc4YWY3ZWVlZWViODU3YTY5ODUzNTA4ZGU3YzVhYzM1NTdjNjM1MWEyYzA1ODU1ZDhlqA12AjkP0qNTc4ZjU3N2QwMDVmMw==","phone_number":"255744733444","service":"Kuwasiliana"} 
2024-10-19 06:41:08 Response two :
 {"status":"200","message":"success","result":true} 
2024-10-19 04:56:33 Incomming Request :
 {"api_key":"YTc4YWY3ZWVlZWViODU3YTY5ODUzNTA4ZGU3YzVhYzM1NTdjNjM1MWEyYzA1ODU1ZDhlqA12AjkP0qNTc4ZjU3N2QwMDVmMw==","phone_number":"255629411898","service":"Kuwasiliana"} 
2024-10-19 07:56:33 Response two :
 {"status":"200","message":"success","result":true} 
2024-10-19 04:59:13 Incomming Request :
 {"api_key":"YTc4YWY3ZWVlZWViODU3YTY5ODUzNTA4ZGU3YzVhYzM1NTdjNjM1MWEyYzA1ODU1ZDhlqA12AjkP0qNTc4ZjU3N2QwMDVmMw==","phone_number":"255629411898","service":"Kuwasiliana"} 
2024-10-19 07:59:13 Response two :
 {"status":"200","message":"success","result":true} 
2024-10-19 05:01:16 Incomming Request :
 {"api_key":"YTc4YWY3ZWVlZWViODU3YTY5ODUzNTA4ZGU3YzVhYzM1NTdjNjM1MWEyYzA1ODU1ZDhlqA12AjkP0qNTc4ZjU3N2QwMDVmMw==","phone_number":"255629411898","service":"Kuwasiliana"} 
2024-10-19 08:01:16 Response two :
 {"status":"200","message":"success","result":true} 
2024-10-19 05:11:13 Incomming Request :
 {"api_key":"YTc4YWY3ZWVlZWViODU3YTY5ODUzNTA4ZGU3YzVhYzM1NTdjNjM1MWEyYzA1ODU1ZDhlqA12AjkP0qNTc4ZjU3N2QwMDVmMw==","phone_number":"255629411898","service":"Kuwasiliana"} 
2024-10-19 08:11:13 Response two :
 {"status":"200","message":"success","result":true} 
2024-10-19 05:36:53 Incomming Request :
 {"api_key":"YTc4YWY3ZWVlZWViODU3YTY5ODUzNTA4ZGU3YzVhYzM1NTdjNjM1MWEyYzA1ODU1ZDhlqA12AjkP0qNTc4ZjU3N2QwMDVmMw==","phone_number":"255695162121","service":"Kuwasiliana"} 
2024-10-19 08:36:53 Response two :
 {"status":"200","message":"success","result":true} 
2024-10-19 06:41:31 Incomming Request :
 {"api_key":"YTc4YWY3ZWVlZWViODU3YTY5ODUzNTA4ZGU3YzVhYzM1NTdjNjM1MWEyYzA1ODU1ZDhlqA12AjkP0qNTc4ZjU3N2QwMDVmMw==","service":"Kupakua:https://www.sheriakiganjani.co.tz/uploads/1269-mkataba-wa-upangishaji.pdf","phone_number":"255684436315"} 
2024-10-19 09:41:31 Response two :
 {"status":"200","message":"success","result":true} 
2024-10-19 06:44:01 Incomming Request :
 {"api_key":"YTc4YWY3ZWVlZWViODU3YTY5ODUzNTA4ZGU3YzVhYzM1NTdjNjM1MWEyYzA1ODU1ZDhlqA12AjkP0qNTc4ZjU3N2QwMDVmMw==","service":"Kupakua:https://www.sheriakiganjani.co.tz/uploads/37650-affidavit.pdf","phone_number":"255629411898"} 
2024-10-19 09:44:01 Response two :
 {"status":"200","message":"success","result":true} 
2024-10-19 06:44:34 Incomming Request :
 {"api_key":"YTc4YWY3ZWVlZWViODU3YTY5ODUzNTA4ZGU3YzVhYzM1NTdjNjM1MWEyYzA1ODU1ZDhlqA12AjkP0qNTc4ZjU3N2QwMDVmMw==","service":"Kupakua:https://www.sheriakiganjani.co.tz/uploads/29124-general-power-of-attorney.pdf","phone_number":"255629411898"} 
2024-10-19 09:44:34 Response two :
 {"status":"200","message":"success","result":true} 
2024-10-19 06:45:14 Incomming Request :
 {"api_key":"YTc4YWY3ZWVlZWViODU3YTY5ODUzNTA4ZGU3YzVhYzM1NTdjNjM1MWEyYzA1ODU1ZDhlqA12AjkP0qNTc4ZjU3N2QwMDVmMw==","service":"Kupakua:https://www.sheriakiganjani.co.tz/uploads/56830-affidavit-proof-of-residence.pdf","phone_number":"255629411898"} 
2024-10-19 09:45:14 Response two :
 {"status":"200","message":"success","result":true} 
2024-10-19 06:45:46 Incomming Request :
 {"api_key":"YTc4YWY3ZWVlZWViODU3YTY5ODUzNTA4ZGU3YzVhYzM1NTdjNjM1MWEyYzA1ODU1ZDhlqA12AjkP0qNTc4ZjU3N2QwMDVmMw==","service":"Kupakua:https://www.sheriakiganjani.co.tz/uploads/72650-general-citation.pdf","phone_number":"255629411898"} 
2024-10-19 09:45:46 Response two :
 {"status":"200","message":"success","result":true} 
2024-10-19 06:46:14 Incomming Request :
 {"api_key":"YTc4YWY3ZWVlZWViODU3YTY5ODUzNTA4ZGU3YzVhYzM1NTdjNjM1MWEyYzA1ODU1ZDhlqA12AjkP0qNTc4ZjU3N2QwMDVmMw==","service":"Kupakua:https://www.sheriakiganjani.co.tz/uploads/2124-hati-ya-ushirikiano.pdf","phone_number":"255629411898"} 
2024-10-19 09:46:14 Response two :
 {"status":"200","message":"success","result":true} 
2024-10-19 06:49:59 Incomming Request :
 {"api_key":"YTc4YWY3ZWVlZWViODU3YTY5ODUzNTA4ZGU3YzVhYzM1NTdjNjM1MWEyYzA1ODU1ZDhlqA12AjkP0qNTc4ZjU3N2QwMDVmMw==","phone_number":"255684436315","service":"Kuwasiliana"} 
2024-10-19 09:49:59 Response two :
 {"status":"200","message":"success","result":true} 
2024-10-19 06:52:24 Incomming Request :
 {"api_key":"YTc4YWY3ZWVlZWViODU3YTY5ODUzNTA4ZGU3YzVhYzM1NTdjNjM1MWEyYzA1ODU1ZDhlqA12AjkP0qNTc4ZjU3N2QwMDVmMw==","phone_number":"255684436315","service":"Kuwasiliana"} 
2024-10-19 09:52:24 Response two :
 {"status":"200","message":"success","result":true} 
2024-10-19 06:54:49 Incomming Request :
 {"api_key":"YTc4YWY3ZWVlZWViODU3YTY5ODUzNTA4ZGU3YzVhYzM1NTdjNjM1MWEyYzA1ODU1ZDhlqA12AjkP0qNTc4ZjU3N2QwMDVmMw==","service":"Kupakua:https://www.sheriakiganjani.co.tz/uploads/78386-mkataba-wa-mauziano-ya-kiwanja.pdf","phone_number":"255684436315"} 
2024-10-19 09:54:49 Response two :
 {"status":"200","message":"success","result":true} 
2024-10-19 07:15:14 Incomming Request :
 {"api_key":"YTc4YWY3ZWVlZWViODU3YTY5ODUzNTA4ZGU3YzVhYzM1NTdjNjM1MWEyYzA1ODU1ZDhlqA12AjkP0qNTc4ZjU3N2QwMDVmMw==","service":"Kupakua:https://www.sheriakiganjani.co.tz/uploads/54381-divorce-petition.pdf","phone_number":"255710792929"} 
2024-10-19 10:15:14 Response two :
 {"status":"200","message":"success","result":true} 
2024-10-19 07:15:58 Incomming Request :
 {"api_key":"YTc4YWY3ZWVlZWViODU3YTY5ODUzNTA4ZGU3YzVhYzM1NTdjNjM1MWEyYzA1ODU1ZDhlqA12AjkP0qNTc4ZjU3N2QwMDVmMw==","service":"Kupakua:https://www.sheriakiganjani.co.tz/uploads/78386-mkataba-wa-mauziano-ya-kiwanja.pdf","phone_number":"255710792929"} 
2024-10-19 10:15:58 Response two :
 {"status":"200","message":"success","result":true} 
2024-10-19 07:17:00 Incomming Request :
 {"api_key":"YTc4YWY3ZWVlZWViODU3YTY5ODUzNTA4ZGU3YzVhYzM1NTdjNjM1MWEyYzA1ODU1ZDhlqA12AjkP0qNTc4ZjU3N2QwMDVmMw==","phone_number":"255763490688","service":"Kuwasiliana"} 
2024-10-19 10:17:00 Response two :
 {"status":"200","message":"success","result":true} 
2024-10-19 07:17:02 Incomming Request :
 {"api_key":"YTc4YWY3ZWVlZWViODU3YTY5ODUzNTA4ZGU3YzVhYzM1NTdjNjM1MWEyYzA1ODU1ZDhlqA12AjkP0qNTc4ZjU3N2QwMDVmMw==","phone_number":"255763490688","service":"Kuwasiliana"} 
2024-10-19 10:17:02 Response two :
 {"status":"200","message":"success","result":true} 
2024-10-19 07:23:22 Incomming Request :
 {"api_key":"YTc4YWY3ZWVlZWViODU3YTY5ODUzNTA4ZGU3YzVhYzM1NTdjNjM1MWEyYzA1ODU1ZDhlqA12AjkP0qNTc4ZjU3N2QwMDVmMw==","phone_number":"255710792929","service":"Kuwasiliana"} 
2024-10-19 10:23:22 Response two :
 {"status":"200","message":"success","result":true} 
2024-10-19 07:26:49 Incomming Request :
 {"api_key":"YTc4YWY3ZWVlZWViODU3YTY5ODUzNTA4ZGU3YzVhYzM1NTdjNjM1MWEyYzA1ODU1ZDhlqA12AjkP0qNTc4ZjU3N2QwMDVmMw==","phone_number":"255710792929","service":"Kuwasiliana"} 
2024-10-19 10:26:49 Response two :
 {"status":"200","message":"success","result":true} 
2024-10-19 07:30:13 Incomming Request :
 {"api_key":"YTc4YWY3ZWVlZWViODU3YTY5ODUzNTA4ZGU3YzVhYzM1NTdjNjM1MWEyYzA1ODU1ZDhlqA12AjkP0qNTc4ZjU3N2QwMDVmMw==","phone_number":"255710792929","service":"Kuwasiliana"} 
2024-10-19 10:30:13 Response two :
 {"status":"200","message":"success","result":true} 
2024-10-19 07:32:24 Incomming Request :
 {"api_key":"YTc4YWY3ZWVlZWViODU3YTY5ODUzNTA4ZGU3YzVhYzM1NTdjNjM1MWEyYzA1ODU1ZDhlqA12AjkP0qNTc4ZjU3N2QwMDVmMw==","phone_number":"255710792929","service":"Kuwasiliana"} 
2024-10-19 10:32:24 Response two :
 {"status":"200","message":"success","result":true} 
2024-10-19 07:36:28 Incomming Request :
 {"api_key":"YTc4YWY3ZWVlZWViODU3YTY5ODUzNTA4ZGU3YzVhYzM1NTdjNjM1MWEyYzA1ODU1ZDhlqA12AjkP0qNTc4ZjU3N2QwMDVmMw==","phone_number":"255710792929","service":"Kuwasiliana"} 
2024-10-19 10:36:28 sql10 :
 SELECT * FROM tbl_newpayment where order_id='1000377' ORDER BY reg_date DESC LIMIT 1 
2024-10-19 10:36:28 code :
  
2024-10-19 10:36:28 result_code :
  
2024-10-19 10:36:28 payment_status :
  
2024-10-19 10:36:28 phone_number :
 255710792929 
2024-10-19 10:36:28 Response one :
 {"status":"200","message":"success","result":true} 
2024-10-19 07:38:25 Incomming Request :
 {"api_key":"YTc4YWY3ZWVlZWViODU3YTY5ODUzNTA4ZGU3YzVhYzM1NTdjNjM1MWEyYzA1ODU1ZDhlqA12AjkP0qNTc4ZjU3N2QwMDVmMw==","phone_number":"255710792929","service":"Kuwasiliana"} 
2024-10-19 10:38:25 sql10 :
 SELECT * FROM tbl_newpayment where order_id='1000378' ORDER BY reg_date DESC LIMIT 1 
2024-10-19 10:38:25 code :
  
2024-10-19 10:38:25 result_code :
  
2024-10-19 10:38:25 payment_status :
  
2024-10-19 10:38:25 phone_number :
 255710792929 
2024-10-19 10:38:25 Response one :
 {"status":"200","message":"success","result":true} 
2024-10-19 07:38:25 Incomming Request :
 {"api_key":"YTc4YWY3ZWVlZWViODU3YTY5ODUzNTA4ZGU3YzVhYzM1NTdjNjM1MWEyYzA1ODU1ZDhlqA12AjkP0qNTc4ZjU3N2QwMDVmMw==","phone_number":"255710792929","service":"Kuwasiliana"} 
2024-10-19 10:38:25 sql10 :
 SELECT * FROM tbl_newpayment where order_id='1000378' ORDER BY reg_date DESC LIMIT 1 
2024-10-19 10:38:25 code :
  
2024-10-19 10:38:25 result_code :
  
2024-10-19 10:38:25 payment_status :
  
2024-10-19 10:38:25 phone_number :
 255710792929 
2024-10-19 10:38:25 Response one :
 {"status":"200","message":"success","result":true} 
2024-10-19 08:05:17 Incomming Request :
 {"api_key":"YTc4YWY3ZWVlZWViODU3YTY5ODUzNTA4ZGU3YzVhYzM1NTdjNjM1MWEyYzA1ODU1ZDhlqA12AjkP0qNTc4ZjU3N2QwMDVmMw==","phone_number":"255753418080","service":"Kuwasiliana"} 
2024-10-19 11:05:17 Response two :
 {"status":"200","message":"success","result":true} 
2024-10-19 08:34:17 Incomming Request :
 {"api_key":"YTc4YWY3ZWVlZWViODU3YTY5ODUzNTA4ZGU3YzVhYzM1NTdjNjM1MWEyYzA1ODU1ZDhlqA12AjkP0qNTc4ZjU3N2QwMDVmMw==","phone_number":"255759510505","service":"Kuwasiliana"} 
2024-10-19 11:34:17 Response two :
 {"status":"200","message":"success","result":true} 
2024-10-19 08:56:42 Incomming Request :
 {"api_key":"YTc4YWY3ZWVlZWViODU3YTY5ODUzNTA4ZGU3YzVhYzM1NTdjNjM1MWEyYzA1ODU1ZDhlqA12AjkP0qNTc4ZjU3N2QwMDVmMw==","service":"Kupakua:https://www.sheriakiganjani.co.tz/uploads/37650-affidavit.pdf","phone_number":"255673087709"} 
2024-10-19 11:56:42 Response two :
 {"status":"200","message":"success","result":true} 
2024-10-19 08:56:44 Incomming Request :
 {"api_key":"YTc4YWY3ZWVlZWViODU3YTY5ODUzNTA4ZGU3YzVhYzM1NTdjNjM1MWEyYzA1ODU1ZDhlqA12AjkP0qNTc4ZjU3N2QwMDVmMw==","phone_number":"255753654505","service":"Kuwasiliana"} 
2024-10-19 11:56:44 Response two :
 {"status":"200","message":"success","result":true} 
2024-10-19 10:01:22 Incomming Request :
 {"api_key":"YTc4YWY3ZWVlZWViODU3YTY5ODUzNTA4ZGU3YzVhYzM1NTdjNjM1MWEyYzA1ODU1ZDhlqA12AjkP0qNTc4ZjU3N2QwMDVmMw==","phone_number":"255786670710","service":"Kuwasiliana"} 
2024-10-19 13:01:22 Response two :
 {"status":"200","message":"success","result":true} 
2024-10-19 10:37:37 Incomming Request :
 {"api_key":"YTc4YWY3ZWVlZWViODU3YTY5ODUzNTA4ZGU3YzVhYzM1NTdjNjM1MWEyYzA1ODU1ZDhlqA12AjkP0qNTc4ZjU3N2QwMDVmMw==","phone_number":"255655066090","service":"Kuwasiliana"} 
2024-10-19 13:37:37 Response two :
 {"status":"200","message":"success","result":true} 
2024-10-19 11:16:21 Incomming Request :
 {"api_key":"YTc4YWY3ZWVlZWViODU3YTY5ODUzNTA4ZGU3YzVhYzM1NTdjNjM1MWEyYzA1ODU1ZDhlqA12AjkP0qNTc4ZjU3N2QwMDVmMw==","phone_number":"255689300057","service":"Kuwasiliana"} 
2024-10-19 14:16:21 Response two :
 {"status":"200","message":"success","result":true} 
2024-10-19 11:34:24 Incomming Request :
 {"api_key":"YTc4YWY3ZWVlZWViODU3YTY5ODUzNTA4ZGU3YzVhYzM1NTdjNjM1MWEyYzA1ODU1ZDhlqA12AjkP0qNTc4ZjU3N2QwMDVmMw==","phone_number":"255783644429","service":"Kuwasiliana"} 
2024-10-19 14:34:24 Response two :
 {"status":"200","message":"success","result":true} 
2024-10-19 11:35:23 Incomming Request :
 {"api_key":"YTc4YWY3ZWVlZWViODU3YTY5ODUzNTA4ZGU3YzVhYzM1NTdjNjM1MWEyYzA1ODU1ZDhlqA12AjkP0qNTc4ZjU3N2QwMDVmMw==","phone_number":"255783644429","service":"Kuwasiliana"} 
2024-10-19 14:35:23 Response two :
 {"status":"200","message":"success","result":true} 
2024-10-19 11:36:28 Incomming Request :
 {"api_key":"YTc4YWY3ZWVlZWViODU3YTY5ODUzNTA4ZGU3YzVhYzM1NTdjNjM1MWEyYzA1ODU1ZDhlqA12AjkP0qNTc4ZjU3N2QwMDVmMw==","service":"Kupakua:https://www.sheriakiganjani.co.tz/uploads/37650-affidavit.pdf","phone_number":"255762983558"} 
2024-10-19 14:36:28 Response two :
 {"status":"200","message":"success","result":true} 
2024-10-19 11:37:38 Incomming Request :
 {"api_key":"YTc4YWY3ZWVlZWViODU3YTY5ODUzNTA4ZGU3YzVhYzM1NTdjNjM1MWEyYzA1ODU1ZDhlqA12AjkP0qNTc4ZjU3N2QwMDVmMw==","service":"Kupakua:https://www.sheriakiganjani.co.tz/uploads/96612-certificate-of-urgency.pdf","phone_number":"255762983558"} 
2024-10-19 14:37:38 Response two :
 {"status":"200","message":"success","result":true} 
2024-10-19 12:36:52 Incomming Request :
 {"api_key":"YTc4YWY3ZWVlZWViODU3YTY5ODUzNTA4ZGU3YzVhYzM1NTdjNjM1MWEyYzA1ODU1ZDhlqA12AjkP0qNTc4ZjU3N2QwMDVmMw==","service":"Kupakua:https://www.sheriakiganjani.co.tz/uploads/43177-deed-poll-plain.pdf","phone_number":"255687144069"} 
2024-10-19 15:36:52 Response two :
 {"status":"200","message":"success","result":true} 
2024-10-19 12:37:33 Incomming Request :
 {"api_key":"YTc4YWY3ZWVlZWViODU3YTY5ODUzNTA4ZGU3YzVhYzM1NTdjNjM1MWEyYzA1ODU1ZDhlqA12AjkP0qNTc4ZjU3N2QwMDVmMw==","service":"Kupakua:https://www.sheriakiganjani.co.tz/uploads/61545-general-contract.pdf","phone_number":"255687144069"} 
2024-10-19 15:37:33 Response two :
 {"status":"200","message":"success","result":true} 
2024-10-19 12:37:38 Incomming Request :
 {"api_key":"YTc4YWY3ZWVlZWViODU3YTY5ODUzNTA4ZGU3YzVhYzM1NTdjNjM1MWEyYzA1ODU1ZDhlqA12AjkP0qNTc4ZjU3N2QwMDVmMw==","service":"Kupakua:https://www.sheriakiganjani.co.tz/uploads/61545-general-contract.pdf","phone_number":"255687144069"} 
2024-10-19 15:37:38 Response two :
 {"status":"200","message":"success","result":true} 
2024-10-19 12:38:20 Incomming Request :
 {"api_key":"YTc4YWY3ZWVlZWViODU3YTY5ODUzNTA4ZGU3YzVhYzM1NTdjNjM1MWEyYzA1ODU1ZDhlqA12AjkP0qNTc4ZjU3N2QwMDVmMw==","service":"Kupakua:https://www.sheriakiganjani.co.tz/uploads/42597-plaint.pdf","phone_number":"255687144069"} 
2024-10-19 15:38:20 Response two :
 {"status":"200","message":"success","result":true} 
2024-10-19 12:49:16 Incomming Request :
 {"api_key":"YTc4YWY3ZWVlZWViODU3YTY5ODUzNTA4ZGU3YzVhYzM1NTdjNjM1MWEyYzA1ODU1ZDhlqA12AjkP0qNTc4ZjU3N2QwMDVmMw==","phone_number":"255687144069","service":"Kuwasiliana"} 
2024-10-19 15:49:16 Response two :
 {"status":"200","message":"success","result":true} 
2024-10-19 12:49:21 Incomming Request :
 {"api_key":"YTc4YWY3ZWVlZWViODU3YTY5ODUzNTA4ZGU3YzVhYzM1NTdjNjM1MWEyYzA1ODU1ZDhlqA12AjkP0qNTc4ZjU3N2QwMDVmMw==","phone_number":"255687144069","service":"Kuwasiliana"} 
2024-10-19 15:49:21 Response two :
 {"status":"200","message":"success","result":true} 
2024-10-19 13:08:15 Incomming Request :
 {"api_key":"YTc4YWY3ZWVlZWViODU3YTY5ODUzNTA4ZGU3YzVhYzM1NTdjNjM1MWEyYzA1ODU1ZDhlqA12AjkP0qNTc4ZjU3N2QwMDVmMw==","service":"Kupakua:https://www.sheriakiganjani.co.tz/uploads/37650-affidavit.pdf","phone_number":"255682712753"} 
2024-10-19 16:08:15 Response two :
 {"status":"200","message":"success","result":true} 
2024-10-19 13:08:17 Incomming Request :
 {"api_key":"YTc4YWY3ZWVlZWViODU3YTY5ODUzNTA4ZGU3YzVhYzM1NTdjNjM1MWEyYzA1ODU1ZDhlqA12AjkP0qNTc4ZjU3N2QwMDVmMw==","service":"Kupakua:https://www.sheriakiganjani.co.tz/uploads/37650-affidavit.pdf","phone_number":"255682712753"} 
2024-10-19 16:08:17 Response two :
 {"status":"200","message":"success","result":true} 
2024-10-19 13:09:14 Incomming Request :
 {"api_key":"YTc4YWY3ZWVlZWViODU3YTY5ODUzNTA4ZGU3YzVhYzM1NTdjNjM1MWEyYzA1ODU1ZDhlqA12AjkP0qNTc4ZjU3N2QwMDVmMw==","service":"Kupakua:https://www.sheriakiganjani.co.tz/uploads/96612-certificate-of-urgency.pdf","phone_number":"255682712753"} 
2024-10-19 16:09:14 Response two :
 {"status":"200","message":"success","result":true} 
2024-10-19 13:09:36 Incomming Request :
 {"api_key":"YTc4YWY3ZWVlZWViODU3YTY5ODUzNTA4ZGU3YzVhYzM1NTdjNjM1MWEyYzA1ODU1ZDhlqA12AjkP0qNTc4ZjU3N2QwMDVmMw==","service":"Kupakua:https://www.sheriakiganjani.co.tz/uploads/79555-employment-contract.pdf","phone_number":"255682712753"} 
2024-10-19 16:09:36 Response two :
 {"status":"200","message":"success","result":true} 
2024-10-19 13:10:19 Incomming Request :
 {"api_key":"YTc4YWY3ZWVlZWViODU3YTY5ODUzNTA4ZGU3YzVhYzM1NTdjNjM1MWEyYzA1ODU1ZDhlqA12AjkP0qNTc4ZjU3N2QwMDVmMw==","service":"Kupakua:https://www.sheriakiganjani.co.tz/uploads/1269-mkataba-wa-upangishaji.pdf","phone_number":"255682712753"} 
2024-10-19 16:10:19 Response two :
 {"status":"200","message":"success","result":true} 
2024-10-19 13:12:58 Incomming Request :
 {"api_key":"YTc4YWY3ZWVlZWViODU3YTY5ODUzNTA4ZGU3YzVhYzM1NTdjNjM1MWEyYzA1ODU1ZDhlqA12AjkP0qNTc4ZjU3N2QwMDVmMw==","phone_number":"255750601376","service":"Kuwasiliana"} 
2024-10-19 16:12:58 Response two :
 {"status":"200","message":"success","result":true} 
2024-10-19 13:13:22 Incomming Request :
 {"api_key":"YTc4YWY3ZWVlZWViODU3YTY5ODUzNTA4ZGU3YzVhYzM1NTdjNjM1MWEyYzA1ODU1ZDhlqA12AjkP0qNTc4ZjU3N2QwMDVmMw==","phone_number":"255750601376","service":"Kuwasiliana"} 
2024-10-19 16:13:22 Response two :
 {"status":"200","message":"success","result":true} 
2024-10-19 13:15:14 Incomming Request :
 {"api_key":"YTc4YWY3ZWVlZWViODU3YTY5ODUzNTA4ZGU3YzVhYzM1NTdjNjM1MWEyYzA1ODU1ZDhlqA12AjkP0qNTc4ZjU3N2QwMDVmMw==","phone_number":"255750601376","service":"Kuwasiliana"} 
2024-10-19 16:15:14 Response two :
 {"status":"200","message":"success","result":true} 
2024-10-19 13:19:06 Incomming Request :
 {"api_key":"YTc4YWY3ZWVlZWViODU3YTY5ODUzNTA4ZGU3YzVhYzM1NTdjNjM1MWEyYzA1ODU1ZDhlqA12AjkP0qNTc4ZjU3N2QwMDVmMw==","phone_number":"255682712753","service":"Kuwasiliana"} 
2024-10-19 16:19:06 Response two :
 {"status":"200","message":"success","result":true} 
2024-10-19 14:01:56 Incomming Request :
 {"api_key":"YTc4YWY3ZWVlZWViODU3YTY5ODUzNTA4ZGU3YzVhYzM1NTdjNjM1MWEyYzA1ODU1ZDhlqA12AjkP0qNTc4ZjU3N2QwMDVmMw==","phone_number":"255750601376","service":"Kuwasiliana"} 
2024-10-19 17:01:56 Response two :
 {"status":"200","message":"success","result":true} 
2024-10-19 14:07:56 Incomming Request :
 {"api_key":"YTc4YWY3ZWVlZWViODU3YTY5ODUzNTA4ZGU3YzVhYzM1NTdjNjM1MWEyYzA1ODU1ZDhlqA12AjkP0qNTc4ZjU3N2QwMDVmMw==","service":"Kupakua:https://www.sheriakiganjani.co.tz/uploads/37650-affidavit.pdf","phone_number":"255750601376"} 
2024-10-19 17:07:56 Response two :
 {"status":"200","message":"success","result":true} 
2024-10-19 14:35:03 Incomming Request :
 {"api_key":"YTc4YWY3ZWVlZWViODU3YTY5ODUzNTA4ZGU3YzVhYzM1NTdjNjM1MWEyYzA1ODU1ZDhlqA12AjkP0qNTc4ZjU3N2QwMDVmMw==","phone_number":"255757890046","service":"Kuwasiliana"} 
2024-10-19 17:35:03 Response two :
 {"status":"200","message":"success","result":true} 
2024-10-19 14:56:05 Incomming Request :
 {"api_key":"YTc4YWY3ZWVlZWViODU3YTY5ODUzNTA4ZGU3YzVhYzM1NTdjNjM1MWEyYzA1ODU1ZDhlqA12AjkP0qNTc4ZjU3N2QwMDVmMw==","phone_number":"255782879541","service":"Kuwasiliana"} 
2024-10-19 17:56:05 Response two :
 {"status":"200","message":"success","result":true} 
2024-10-19 15:27:34 Incomming Request :
 {"api_key":"YTc4YWY3ZWVlZWViODU3YTY5ODUzNTA4ZGU3YzVhYzM1NTdjNjM1MWEyYzA1ODU1ZDhlqA12AjkP0qNTc4ZjU3N2QwMDVmMw==","service":"Kupakua:https://www.sheriakiganjani.co.tz/uploads/37650-affidavit.pdf","phone_number":"255757752595"} 
2024-10-19 18:27:34 Response two :
 {"status":"200","message":"success","result":true} 
2024-10-19 15:28:04 Incomming Request :
 {"api_key":"YTc4YWY3ZWVlZWViODU3YTY5ODUzNTA4ZGU3YzVhYzM1NTdjNjM1MWEyYzA1ODU1ZDhlqA12AjkP0qNTc4ZjU3N2QwMDVmMw==","service":"Kupakua:https://www.sheriakiganjani.co.tz/uploads/67788-sale-agreementt.pdf","phone_number":"255757752595"} 
2024-10-19 18:28:04 Response two :
 {"status":"200","message":"success","result":true} 
2024-10-19 17:34:02 Incomming Request :
 {"api_key":"YTc4YWY3ZWVlZWViODU3YTY5ODUzNTA4ZGU3YzVhYzM1NTdjNjM1MWEyYzA1ODU1ZDhlqA12AjkP0qNTc4ZjU3N2QwMDVmMw==","service":"Kupakua:https://www.sheriakiganjani.co.tz/uploads/72650-general-citation.pdf","phone_number":"255755775999"} 
2024-10-19 20:34:02 Response two :
 {"status":"200","message":"success","result":true} 
2024-10-19 17:35:27 Incomming Request :
 {"api_key":"YTc4YWY3ZWVlZWViODU3YTY5ODUzNTA4ZGU3YzVhYzM1NTdjNjM1MWEyYzA1ODU1ZDhlqA12AjkP0qNTc4ZjU3N2QwMDVmMw==","phone_number":"255755775999","service":"Kuwasiliana"} 
2024-10-19 20:35:27 Response two :
 {"status":"200","message":"success","result":true} 
2024-10-19 17:54:18 Incomming Request :
 {"api_key":"YTc4YWY3ZWVlZWViODU3YTY5ODUzNTA4ZGU3YzVhYzM1NTdjNjM1MWEyYzA1ODU1ZDhlqA12AjkP0qNTc4ZjU3N2QwMDVmMw==","phone_number":"255744245045","service":"Kuwasiliana"} 
2024-10-19 20:54:18 Response two :
 {"status":"200","message":"success","result":true} 
2024-10-19 17:59:52 Incomming Request :
 {"api_key":"YTc4YWY3ZWVlZWViODU3YTY5ODUzNTA4ZGU3YzVhYzM1NTdjNjM1MWEyYzA1ODU1ZDhlqA12AjkP0qNTc4ZjU3N2QwMDVmMw==","service":"Kupakua:https://www.sheriakiganjani.co.tz/uploads/37650-affidavit.pdf","phone_number":"255744245045"} 
2024-10-19 20:59:52 Response two :
 {"status":"200","message":"success","result":true} 
2024-10-19 18:00:11 Incomming Request :
 {"api_key":"YTc4YWY3ZWVlZWViODU3YTY5ODUzNTA4ZGU3YzVhYzM1NTdjNjM1MWEyYzA1ODU1ZDhlqA12AjkP0qNTc4ZjU3N2QwMDVmMw==","service":"Kupakua:https://www.sheriakiganjani.co.tz/uploads/37650-affidavit.pdf","phone_number":"255744245045"} 
2024-10-19 21:00:11 Response two :
 {"status":"200","message":"success","result":true} 
2024-10-19 18:00:36 Incomming Request :
 {"api_key":"YTc4YWY3ZWVlZWViODU3YTY5ODUzNTA4ZGU3YzVhYzM1NTdjNjM1MWEyYzA1ODU1ZDhlqA12AjkP0qNTc4ZjU3N2QwMDVmMw==","service":"Kupakua:https://www.sheriakiganjani.co.tz/uploads/2124-hati-ya-ushirikiano.pdf","phone_number":"255744245045"} 
2024-10-19 21:00:36 Response two :
 {"status":"200","message":"success","result":true} 
2024-10-19 18:14:37 Incomming Request :
 {"api_key":"YTc4YWY3ZWVlZWViODU3YTY5ODUzNTA4ZGU3YzVhYzM1NTdjNjM1MWEyYzA1ODU1ZDhlqA12AjkP0qNTc4ZjU3N2QwMDVmMw==","service":"Kupakua:https://www.sheriakiganjani.co.tz/uploads/37650-affidavit.pdf","phone_number":"255656803494"} 
2024-10-19 21:14:37 Response two :
 {"status":"200","message":"success","result":true} 
2024-10-19 18:15:29 Incomming Request :
 {"api_key":"YTc4YWY3ZWVlZWViODU3YTY5ODUzNTA4ZGU3YzVhYzM1NTdjNjM1MWEyYzA1ODU1ZDhlqA12AjkP0qNTc4ZjU3N2QwMDVmMw==","service":"Kupakua:https://www.sheriakiganjani.co.tz/uploads/52172-search--report.pdf","phone_number":"255656803494"} 
2024-10-19 21:15:29 Response two :
 {"status":"200","message":"success","result":true} 
2024-10-19 18:15:40 Incomming Request :
 {"api_key":"YTc4YWY3ZWVlZWViODU3YTY5ODUzNTA4ZGU3YzVhYzM1NTdjNjM1MWEyYzA1ODU1ZDhlqA12AjkP0qNTc4ZjU3N2QwMDVmMw==","service":"Kupakua:https://www.sheriakiganjani.co.tz/uploads/79555-employment-contract.pdf","phone_number":"255656803494"} 
2024-10-19 21:15:40 Response two :
 {"status":"200","message":"success","result":true} 
2024-10-19 18:16:02 Incomming Request :
 {"api_key":"YTc4YWY3ZWVlZWViODU3YTY5ODUzNTA4ZGU3YzVhYzM1NTdjNjM1MWEyYzA1ODU1ZDhlqA12AjkP0qNTc4ZjU3N2QwMDVmMw==","service":"Kupakua:https://www.sheriakiganjani.co.tz/uploads/78386-mkataba-wa-mauziano-ya-kiwanja.pdf","phone_number":"255656803494"} 
2024-10-19 21:16:02 Response two :
 {"status":"200","message":"success","result":true} 
2024-10-19 18:17:19 Incomming Request :
 {"api_key":"YTc4YWY3ZWVlZWViODU3YTY5ODUzNTA4ZGU3YzVhYzM1NTdjNjM1MWEyYzA1ODU1ZDhlqA12AjkP0qNTc4ZjU3N2QwMDVmMw==","service":"Kupakua:https://www.sheriakiganjani.co.tz/uploads/43177-deed-poll-plain.pdf","phone_number":"255758585003"} 
2024-10-19 21:17:19 Response two :
 {"status":"200","message":"success","result":true} 
2024-10-19 18:17:49 Incomming Request :
 {"api_key":"YTc4YWY3ZWVlZWViODU3YTY5ODUzNTA4ZGU3YzVhYzM1NTdjNjM1MWEyYzA1ODU1ZDhlqA12AjkP0qNTc4ZjU3N2QwMDVmMw==","service":"Kupakua:https://www.sheriakiganjani.co.tz/uploads/54381-divorce-petition.pdf","phone_number":"255758585003"} 
2024-10-19 21:17:49 Response two :
 {"status":"200","message":"success","result":true} 
2024-10-19 18:18:41 Incomming Request :
 {"api_key":"YTc4YWY3ZWVlZWViODU3YTY5ODUzNTA4ZGU3YzVhYzM1NTdjNjM1MWEyYzA1ODU1ZDhlqA12AjkP0qNTc4ZjU3N2QwMDVmMw==","phone_number":"255758585003","service":"Kuwasiliana"} 
2024-10-19 21:18:41 Response two :
 {"status":"200","message":"success","result":true} 
2024-10-19 18:23:14 Incomming Request :
 {"api_key":"YTc4YWY3ZWVlZWViODU3YTY5ODUzNTA4ZGU3YzVhYzM1NTdjNjM1MWEyYzA1ODU1ZDhlqA12AjkP0qNTc4ZjU3N2QwMDVmMw==","phone_number":"255656803494","service":"Kuwasiliana"} 
2024-10-19 21:23:14 Response two :
 {"status":"200","message":"success","result":true} 
2024-10-19 18:25:54 Incomming Request :
 {"api_key":"YTc4YWY3ZWVlZWViODU3YTY5ODUzNTA4ZGU3YzVhYzM1NTdjNjM1MWEyYzA1ODU1ZDhlqA12AjkP0qNTc4ZjU3N2QwMDVmMw==","service":"Kupakua:https://www.sheriakiganjani.co.tz/uploads/28237-cma-f1---referral-letters.pdf","phone_number":"255656803494"} 
2024-10-19 21:25:54 Response two :
 {"status":"200","message":"success","result":true} 
2024-10-19 19:27:46 Incomming Request :
 {"api_key":"YTc4YWY3ZWVlZWViODU3YTY5ODUzNTA4ZGU3YzVhYzM1NTdjNjM1MWEyYzA1ODU1ZDhlqA12AjkP0qNTc4ZjU3N2QwMDVmMw==","service":"Kupakua:https://www.sheriakiganjani.co.tz/uploads/78386-mkataba-wa-mauziano-ya-kiwanja.pdf","phone_number":"255695096221"} 
2024-10-19 22:27:46 Response two :
 {"status":"200","message":"success","result":true} 
2024-10-19 19:29:12 Incomming Request :
 {"api_key":"YTc4YWY3ZWVlZWViODU3YTY5ODUzNTA4ZGU3YzVhYzM1NTdjNjM1MWEyYzA1ODU1ZDhlqA12AjkP0qNTc4ZjU3N2QwMDVmMw==","service":"Kupakua:https://www.sheriakiganjani.co.tz/uploads/1269-mkataba-wa-upangishaji.pdf","phone_number":"255695096221"} 
2024-10-19 22:29:12 Response two :
 {"status":"200","message":"success","result":true} 
2024-10-19 19:33:55 Incomming Request :
 {"api_key":"YTc4YWY3ZWVlZWViODU3YTY5ODUzNTA4ZGU3YzVhYzM1NTdjNjM1MWEyYzA1ODU1ZDhlqA12AjkP0qNTc4ZjU3N2QwMDVmMw==","service":"Kupakua:https://www.sheriakiganjani.co.tz/uploads/33944-affidavit-as-to-domicile-.pdf","phone_number":"255759782103"} 
2024-10-19 22:33:55 Response two :
 {"status":"200","message":"success","result":true} 
2024-10-19 19:34:11 Incomming Request :
 {"api_key":"YTc4YWY3ZWVlZWViODU3YTY5ODUzNTA4ZGU3YzVhYzM1NTdjNjM1MWEyYzA1ODU1ZDhlqA12AjkP0qNTc4ZjU3N2QwMDVmMw==","service":"Kupakua:https://www.sheriakiganjani.co.tz/uploads/87864-administration-bond.pdf","phone_number":"255759782103"} 
2024-10-19 22:34:11 Response two :
 {"status":"200","message":"success","result":true} 
2024-10-19 19:34:42 Incomming Request :
 {"api_key":"YTc4YWY3ZWVlZWViODU3YTY5ODUzNTA4ZGU3YzVhYzM1NTdjNjM1MWEyYzA1ODU1ZDhlqA12AjkP0qNTc4ZjU3N2QwMDVmMw==","service":"Kupakua:https://www.sheriakiganjani.co.tz/uploads/43177-deed-poll-plain.pdf","phone_number":"255759782103"} 
2024-10-19 22:34:42 Response two :
 {"status":"200","message":"success","result":true} 
2024-10-19 19:39:30 Incomming Request :
 {"api_key":"YTc4YWY3ZWVlZWViODU3YTY5ODUzNTA4ZGU3YzVhYzM1NTdjNjM1MWEyYzA1ODU1ZDhlqA12AjkP0qNTc4ZjU3N2QwMDVmMw==","phone_number":"255759782103","service":"Kuwasiliana"} 
2024-10-19 22:39:30 Response two :
 {"status":"200","message":"success","result":true} 
2024-10-19 20:33:59 Incomming Request :
 {"api_key":"YTc4YWY3ZWVlZWViODU3YTY5ODUzNTA4ZGU3YzVhYzM1NTdjNjM1MWEyYzA1ODU1ZDhlqA12AjkP0qNTc4ZjU3N2QwMDVmMw==","phone_number":"255759782103","service":"Kuwasiliana"} 
2024-10-19 23:33:59 Response two :
 {"status":"200","message":"success","result":true} 
2024-10-19 20:34:39 Incomming Request :
 {"api_key":"YTc4YWY3ZWVlZWViODU3YTY5ODUzNTA4ZGU3YzVhYzM1NTdjNjM1MWEyYzA1ODU1ZDhlqA12AjkP0qNTc4ZjU3N2QwMDVmMw==","phone_number":"255759782103","service":"Kuwasiliana"} 
2024-10-19 23:34:39 Response two :
 {"status":"200","message":"success","result":true} 