
2024-10-24 02:06:04 Incomming Request :
 {"api_key":"YTc4YWY3ZWVlZWViODU3YTY5ODUzNTA4ZGU3YzVhYzM1NTdjNjM1MWEyYzA1ODU1ZDhlqA12AjkP0qNTc4ZjU3N2QwMDVmMw==","phone_number":"255679186834","service":"Kuwasiliana"} 
2024-10-24 05:06:04 Response two :
 {"status":"200","message":"success","result":true} 
2024-10-24 02:15:56 Incomming Request :
 {"api_key":"YTc4YWY3ZWVlZWViODU3YTY5ODUzNTA4ZGU3YzVhYzM1NTdjNjM1MWEyYzA1ODU1ZDhlqA12AjkP0qNTc4ZjU3N2QwMDVmMw==","phone_number":"255679186834","service":"Kuwasiliana"} 
2024-10-24 05:15:56 Response two :
 {"status":"200","message":"success","result":true} 
2024-10-24 02:53:19 Incomming Request :
 {"api_key":"YTc4YWY3ZWVlZWViODU3YTY5ODUzNTA4ZGU3YzVhYzM1NTdjNjM1MWEyYzA1ODU1ZDhlqA12AjkP0qNTc4ZjU3N2QwMDVmMw==","service":"Kupakua:https://www.sheriakiganjani.co.tz/uploads/54381-divorce-petition.pdf","phone_number":"255679317999"} 
2024-10-24 05:53:19 Response two :
 {"status":"200","message":"success","result":true} 
2024-10-24 03:05:52 Incomming Request :
 {"api_key":"YTc4YWY3ZWVlZWViODU3YTY5ODUzNTA4ZGU3YzVhYzM1NTdjNjM1MWEyYzA1ODU1ZDhlqA12AjkP0qNTc4ZjU3N2QwMDVmMw==","service":"Kupakua:https://www.sheriakiganjani.co.tz/uploads/78386-mkataba-wa-mauziano-ya-kiwanja.pdf","phone_number":"255769313702"} 
2024-10-24 06:05:52 Response two :
 {"status":"200","message":"success","result":true} 
2024-10-24 03:06:13 Incomming Request :
 {"api_key":"YTc4YWY3ZWVlZWViODU3YTY5ODUzNTA4ZGU3YzVhYzM1NTdjNjM1MWEyYzA1ODU1ZDhlqA12AjkP0qNTc4ZjU3N2QwMDVmMw==","service":"Kupakua:https://www.sheriakiganjani.co.tz/uploads/78386-mkataba-wa-mauziano-ya-kiwanja.pdf","phone_number":"255769313702"} 
2024-10-24 06:06:13 Response two :
 {"status":"200","message":"success","result":true} 
2024-10-24 03:06:38 Incomming Request :
 {"api_key":"YTc4YWY3ZWVlZWViODU3YTY5ODUzNTA4ZGU3YzVhYzM1NTdjNjM1MWEyYzA1ODU1ZDhlqA12AjkP0qNTc4ZjU3N2QwMDVmMw==","service":"Kupakua:https://www.sheriakiganjani.co.tz/uploads/1269-mkataba-wa-upangishaji.pdf","phone_number":"255769313702"} 
2024-10-24 06:06:38 Response two :
 {"status":"200","message":"success","result":true} 
2024-10-24 05:30:30 Incomming Request :
 {"api_key":"YTc4YWY3ZWVlZWViODU3YTY5ODUzNTA4ZGU3YzVhYzM1NTdjNjM1MWEyYzA1ODU1ZDhlqA12AjkP0qNTc4ZjU3N2QwMDVmMw==","service":"Kupakua:https://www.sheriakiganjani.co.tz/uploads/43177-deed-poll-plain.pdf","phone_number":"255768519340"} 
2024-10-24 08:30:30 Response two :
 {"status":"200","message":"success","result":true} 
2024-10-24 05:30:58 Incomming Request :
 {"api_key":"YTc4YWY3ZWVlZWViODU3YTY5ODUzNTA4ZGU3YzVhYzM1NTdjNjM1MWEyYzA1ODU1ZDhlqA12AjkP0qNTc4ZjU3N2QwMDVmMw==","service":"Kupakua:https://www.sheriakiganjani.co.tz/uploads/67788-sale-agreementt.pdf","phone_number":"255768519340"} 
2024-10-24 08:30:58 Response two :
 {"status":"200","message":"success","result":true} 
2024-10-24 05:31:36 Incomming Request :
 {"api_key":"YTc4YWY3ZWVlZWViODU3YTY5ODUzNTA4ZGU3YzVhYzM1NTdjNjM1MWEyYzA1ODU1ZDhlqA12AjkP0qNTc4ZjU3N2QwMDVmMw==","service":"Kupakua:https://www.sheriakiganjani.co.tz/uploads/1269-mkataba-wa-upangishaji.pdf","phone_number":"255768519340"} 
2024-10-24 08:31:36 Response two :
 {"status":"200","message":"success","result":true} 
2024-10-24 05:31:47 Incomming Request :
 {"api_key":"YTc4YWY3ZWVlZWViODU3YTY5ODUzNTA4ZGU3YzVhYzM1NTdjNjM1MWEyYzA1ODU1ZDhlqA12AjkP0qNTc4ZjU3N2QwMDVmMw==","service":"Kupakua:https://www.sheriakiganjani.co.tz/uploads/78386-mkataba-wa-mauziano-ya-kiwanja.pdf","phone_number":"255768519340"} 
2024-10-24 08:31:47 Response two :
 {"status":"200","message":"success","result":true} 
2024-10-24 06:00:35 Incomming Request :
 {"api_key":"YTc4YWY3ZWVlZWViODU3YTY5ODUzNTA4ZGU3YzVhYzM1NTdjNjM1MWEyYzA1ODU1ZDhlqA12AjkP0qNTc4ZjU3N2QwMDVmMw==","service":"Kupakua:https://www.sheriakiganjani.co.tz/uploads/67788-sale-agreementt.pdf","phone_number":"255758749233"} 
2024-10-24 09:00:35 Response two :
 {"status":"200","message":"success","result":true} 
2024-10-24 06:27:00 Incomming Request :
 {"api_key":"YTc4YWY3ZWVlZWViODU3YTY5ODUzNTA4ZGU3YzVhYzM1NTdjNjM1MWEyYzA1ODU1ZDhlqA12AjkP0qNTc4ZjU3N2QwMDVmMw==","phone_number":"255754016774","service":"Kuwasiliana"} 
2024-10-24 09:27:00 Response two :
 {"status":"200","message":"success","result":true} 
2024-10-24 08:57:01 Incomming Request :
 {"api_key":"YTc4YWY3ZWVlZWViODU3YTY5ODUzNTA4ZGU3YzVhYzM1NTdjNjM1MWEyYzA1ODU1ZDhlqA12AjkP0qNTc4ZjU3N2QwMDVmMw==","service":"Kupakua:https://www.sheriakiganjani.co.tz/uploads/37650-affidavit.pdf","phone_number":"255672606586"} 
2024-10-24 11:57:01 Response two :
 {"status":"200","message":"success","result":true} 
2024-10-24 09:08:27 Incomming Request :
 {"api_key":"YTc4YWY3ZWVlZWViODU3YTY5ODUzNTA4ZGU3YzVhYzM1NTdjNjM1MWEyYzA1ODU1ZDhlqA12AjkP0qNTc4ZjU3N2QwMDVmMw==","phone_number":"255672606586","service":"Kuwasiliana"} 
2024-10-24 12:08:27 Response two :
 {"status":"200","message":"success","result":true} 
2024-10-24 09:14:10 Incomming Request :
 {"api_key":"YTc4YWY3ZWVlZWViODU3YTY5ODUzNTA4ZGU3YzVhYzM1NTdjNjM1MWEyYzA1ODU1ZDhlqA12AjkP0qNTc4ZjU3N2QwMDVmMw==","service":"Kupakua:https://www.sheriakiganjani.co.tz/uploads/72650-general-citation.pdf","phone_number":"255672606586"} 
2024-10-24 12:14:10 Response two :
 {"status":"200","message":"success","result":true} 
2024-10-24 09:20:21 Incomming Request :
 {"api_key":"YTc4YWY3ZWVlZWViODU3YTY5ODUzNTA4ZGU3YzVhYzM1NTdjNjM1MWEyYzA1ODU1ZDhlqA12AjkP0qNTc4ZjU3N2QwMDVmMw==","service":"Kupakua:https://www.sheriakiganjani.co.tz/uploads/29124-general-power-of-attorney.pdf","phone_number":"255738188353"} 
2024-10-24 12:20:21 Response two :
 {"status":"200","message":"success","result":true} 
2024-10-24 09:21:13 Incomming Request :
 {"api_key":"YTc4YWY3ZWVlZWViODU3YTY5ODUzNTA4ZGU3YzVhYzM1NTdjNjM1MWEyYzA1ODU1ZDhlqA12AjkP0qNTc4ZjU3N2QwMDVmMw==","service":"Kupakua:https://www.sheriakiganjani.co.tz/uploads/54381-divorce-petition.pdf","phone_number":"255738188353"} 
2024-10-24 12:21:13 Response two :
 {"status":"200","message":"success","result":true} 
2024-10-24 10:03:28 Incomming Request :
 {"api_key":"YTc4YWY3ZWVlZWViODU3YTY5ODUzNTA4ZGU3YzVhYzM1NTdjNjM1MWEyYzA1ODU1ZDhlqA12AjkP0qNTc4ZjU3N2QwMDVmMw==","phone_number":"255758953249","service":"Kuwasiliana"} 
2024-10-24 13:03:28 sql10 :
 SELECT * FROM tbl_newpayment where order_id='1000321' ORDER BY reg_date DESC LIMIT 1 
2024-10-24 13:03:28 code :
  
2024-10-24 13:03:28 result_code :
  
2024-10-24 13:03:28 payment_status :
  
2024-10-24 13:03:28 phone_number :
 255758953249 
2024-10-24 13:03:28 Response one :
 {"status":"200","message":"success","result":true} 
2024-10-24 10:03:28 Incomming Request :
 {"api_key":"YTc4YWY3ZWVlZWViODU3YTY5ODUzNTA4ZGU3YzVhYzM1NTdjNjM1MWEyYzA1ODU1ZDhlqA12AjkP0qNTc4ZjU3N2QwMDVmMw==","phone_number":"255758953249","service":"Kuwasiliana"} 
2024-10-24 13:03:28 sql10 :
 SELECT * FROM tbl_newpayment where order_id='1000321' ORDER BY reg_date DESC LIMIT 1 
2024-10-24 13:03:28 code :
  
2024-10-24 13:03:28 result_code :
  
2024-10-24 13:03:28 payment_status :
  
2024-10-24 13:03:28 phone_number :
 255758953249 
2024-10-24 13:03:28 Response one :
 {"status":"200","message":"success","result":true} 
2024-10-24 10:03:37 Incomming Request :
 {"api_key":"YTc4YWY3ZWVlZWViODU3YTY5ODUzNTA4ZGU3YzVhYzM1NTdjNjM1MWEyYzA1ODU1ZDhlqA12AjkP0qNTc4ZjU3N2QwMDVmMw==","phone_number":"255782410901","service":"Kuwasiliana"} 
2024-10-24 13:03:37 Response two :
 {"status":"200","message":"success","result":true} 
2024-10-24 10:04:42 Incomming Request :
 {"api_key":"YTc4YWY3ZWVlZWViODU3YTY5ODUzNTA4ZGU3YzVhYzM1NTdjNjM1MWEyYzA1ODU1ZDhlqA12AjkP0qNTc4ZjU3N2QwMDVmMw==","phone_number":"","service":"Kuwasiliana"} 
2024-10-24 13:04:42 sql10 :
 SELECT * FROM tbl_newpayment where order_id='0' ORDER BY reg_date DESC LIMIT 1 
2024-10-24 13:04:42 code :
  
2024-10-24 13:04:42 result_code :
  
2024-10-24 13:04:42 payment_status :
  
2024-10-24 13:04:42 phone_number :
  
2024-10-24 13:04:42 Response one :
 {"status":"200","message":"success","result":true} 
2024-10-24 10:04:43 Incomming Request :
 {"api_key":"YTc4YWY3ZWVlZWViODU3YTY5ODUzNTA4ZGU3YzVhYzM1NTdjNjM1MWEyYzA1ODU1ZDhlqA12AjkP0qNTc4ZjU3N2QwMDVmMw==","phone_number":"","service":"Kuwasiliana"} 
2024-10-24 13:04:43 sql10 :
 SELECT * FROM tbl_newpayment where order_id='0' ORDER BY reg_date DESC LIMIT 1 
2024-10-24 13:04:43 code :
  
2024-10-24 13:04:43 result_code :
  
2024-10-24 13:04:43 payment_status :
  
2024-10-24 13:04:43 phone_number :
  
2024-10-24 13:04:43 Response one :
 {"status":"200","message":"success","result":true} 
2024-10-24 10:07:35 Incomming Request :
 {"api_key":"YTc4YWY3ZWVlZWViODU3YTY5ODUzNTA4ZGU3YzVhYzM1NTdjNjM1MWEyYzA1ODU1ZDhlqA12AjkP0qNTc4ZjU3N2QwMDVmMw==","service":"Kupakua:https://www.sheriakiganjani.co.tz/uploads/37650-affidavit.pdf","phone_number":""} 
2024-10-24 13:07:35 Response two :
 {"status":"200","message":"success","result":true} 
2024-10-24 10:18:22 Incomming Request :
 {"api_key":"YTc4YWY3ZWVlZWViODU3YTY5ODUzNTA4ZGU3YzVhYzM1NTdjNjM1MWEyYzA1ODU1ZDhlqA12AjkP0qNTc4ZjU3N2QwMDVmMw==","phone_number":"255712419999","service":"Kuwasiliana"} 
2024-10-24 13:18:22 sql10 :
 SELECT * FROM tbl_newpayment where order_id='0' ORDER BY reg_date DESC LIMIT 1 
2024-10-24 13:18:22 code :
  
2024-10-24 13:18:22 result_code :
  
2024-10-24 13:18:22 payment_status :
  
2024-10-24 13:18:22 phone_number :
 255712419999 
2024-10-24 13:18:22 Response one :
 {"status":"200","message":"success","result":true} 
2024-10-24 10:18:22 Incomming Request :
 {"api_key":"YTc4YWY3ZWVlZWViODU3YTY5ODUzNTA4ZGU3YzVhYzM1NTdjNjM1MWEyYzA1ODU1ZDhlqA12AjkP0qNTc4ZjU3N2QwMDVmMw==","phone_number":"255712419999","service":"Kuwasiliana"} 
2024-10-24 13:18:22 sql10 :
 SELECT * FROM tbl_newpayment where order_id='0' ORDER BY reg_date DESC LIMIT 1 
2024-10-24 13:18:22 code :
  
2024-10-24 13:18:22 result_code :
  
2024-10-24 13:18:22 payment_status :
  
2024-10-24 13:18:22 phone_number :
 255712419999 
2024-10-24 13:18:22 Response one :
 {"status":"200","message":"success","result":true} 
2024-10-24 10:18:33 Incomming Request :
 {"api_key":"YTc4YWY3ZWVlZWViODU3YTY5ODUzNTA4ZGU3YzVhYzM1NTdjNjM1MWEyYzA1ODU1ZDhlqA12AjkP0qNTc4ZjU3N2QwMDVmMw==","phone_number":"","service":"Kuwasiliana"} 
2024-10-24 13:18:33 sql10 :
 SELECT * FROM tbl_newpayment where order_id='0' ORDER BY reg_date DESC LIMIT 1 
2024-10-24 13:18:33 code :
  
2024-10-24 13:18:33 result_code :
  
2024-10-24 13:18:33 payment_status :
  
2024-10-24 13:18:33 phone_number :
  
2024-10-24 13:18:33 Response one :
 {"status":"200","message":"success","result":true} 
2024-10-24 10:18:33 Incomming Request :
 {"api_key":"YTc4YWY3ZWVlZWViODU3YTY5ODUzNTA4ZGU3YzVhYzM1NTdjNjM1MWEyYzA1ODU1ZDhlqA12AjkP0qNTc4ZjU3N2QwMDVmMw==","phone_number":"","service":"Kuwasiliana"} 
2024-10-24 13:18:33 sql10 :
 SELECT * FROM tbl_newpayment where order_id='0' ORDER BY reg_date DESC LIMIT 1 
2024-10-24 13:18:33 code :
  
2024-10-24 13:18:33 result_code :
  
2024-10-24 13:18:33 payment_status :
  
2024-10-24 13:18:33 phone_number :
  
2024-10-24 13:18:33 Response one :
 {"status":"200","message":"success","result":true} 
2024-10-24 10:19:01 Incomming Request :
 {"api_key":"YTc4YWY3ZWVlZWViODU3YTY5ODUzNTA4ZGU3YzVhYzM1NTdjNjM1MWEyYzA1ODU1ZDhlqA12AjkP0qNTc4ZjU3N2QwMDVmMw==","phone_number":"","service":"Kuwasiliana"} 
2024-10-24 13:19:01 sql10 :
 SELECT * FROM tbl_newpayment where order_id='0' ORDER BY reg_date DESC LIMIT 1 
2024-10-24 13:19:01 code :
  
2024-10-24 13:19:01 result_code :
  
2024-10-24 13:19:01 payment_status :
  
2024-10-24 13:19:01 phone_number :
  
2024-10-24 13:19:01 Response one :
 {"status":"200","message":"success","result":true} 
2024-10-24 10:19:11 Incomming Request :
 {"api_key":"YTc4YWY3ZWVlZWViODU3YTY5ODUzNTA4ZGU3YzVhYzM1NTdjNjM1MWEyYzA1ODU1ZDhlqA12AjkP0qNTc4ZjU3N2QwMDVmMw==","phone_number":"255712419999","service":"Kuwasiliana"} 
2024-10-24 13:19:11 sql10 :
 SELECT * FROM tbl_newpayment where order_id='1000385' ORDER BY reg_date DESC LIMIT 1 
2024-10-24 13:19:11 code :
  
2024-10-24 13:19:11 result_code :
  
2024-10-24 13:19:11 payment_status :
  
2024-10-24 13:19:11 phone_number :
 255712419999 
2024-10-24 13:19:11 Response one :
 {"status":"200","message":"success","result":true} 
2024-10-24 10:19:17 Incomming Request :
 {"api_key":"YTc4YWY3ZWVlZWViODU3YTY5ODUzNTA4ZGU3YzVhYzM1NTdjNjM1MWEyYzA1ODU1ZDhlqA12AjkP0qNTc4ZjU3N2QwMDVmMw==","phone_number":"255712419999","service":"Kuwasiliana"} 
2024-10-24 13:19:17 sql10 :
 SELECT * FROM tbl_newpayment where order_id='1000385' ORDER BY reg_date DESC LIMIT 1 
2024-10-24 13:19:17 code :
  
2024-10-24 13:19:17 result_code :
  
2024-10-24 13:19:17 payment_status :
  
2024-10-24 13:19:17 phone_number :
 255712419999 
2024-10-24 13:19:17 Response one :
 {"status":"200","message":"success","result":true} 
2024-10-24 10:19:21 Incomming Request :
 {"api_key":"YTc4YWY3ZWVlZWViODU3YTY5ODUzNTA4ZGU3YzVhYzM1NTdjNjM1MWEyYzA1ODU1ZDhlqA12AjkP0qNTc4ZjU3N2QwMDVmMw==","phone_number":"255712419999","service":"Kuwasiliana"} 
2024-10-24 13:19:21 sql10 :
 SELECT * FROM tbl_newpayment where order_id='1000385' ORDER BY reg_date DESC LIMIT 1 
2024-10-24 13:19:21 code :
  
2024-10-24 13:19:21 result_code :
  
2024-10-24 13:19:21 payment_status :
  
2024-10-24 13:19:21 phone_number :
 255712419999 
2024-10-24 13:19:21 Response one :
 {"status":"200","message":"success","result":true} 
2024-10-24 10:19:51 Incomming Request :
 {"api_key":"YTc4YWY3ZWVlZWViODU3YTY5ODUzNTA4ZGU3YzVhYzM1NTdjNjM1MWEyYzA1ODU1ZDhlqA12AjkP0qNTc4ZjU3N2QwMDVmMw==","phone_number":"255712419999","service":"Kuwasiliana"} 
2024-10-24 13:19:51 sql10 :
 SELECT * FROM tbl_newpayment where order_id='1000385' ORDER BY reg_date DESC LIMIT 1 
2024-10-24 13:19:51 code :
  
2024-10-24 13:19:51 result_code :
  
2024-10-24 13:19:51 payment_status :
  
2024-10-24 13:19:51 phone_number :
 255712419999 
2024-10-24 13:19:51 Response one :
 {"status":"200","message":"success","result":true} 
2024-10-24 10:21:01 Incomming Request :
 {"api_key":"YTc4YWY3ZWVlZWViODU3YTY5ODUzNTA4ZGU3YzVhYzM1NTdjNjM1MWEyYzA1ODU1ZDhlqA12AjkP0qNTc4ZjU3N2QwMDVmMw==","phone_number":"255712419999","service":"Kuwasiliana"} 
2024-10-24 13:21:01 sql10 :
 SELECT * FROM tbl_newpayment where order_id='1000385' ORDER BY reg_date DESC LIMIT 1 
2024-10-24 13:21:01 code :
  
2024-10-24 13:21:01 result_code :
  
2024-10-24 13:21:01 payment_status :
  
2024-10-24 13:21:01 phone_number :
 255712419999 
2024-10-24 13:21:01 Response one :
 {"status":"200","message":"success","result":true} 
2024-10-24 10:21:17 Incomming Request :
 {"api_key":"YTc4YWY3ZWVlZWViODU3YTY5ODUzNTA4ZGU3YzVhYzM1NTdjNjM1MWEyYzA1ODU1ZDhlqA12AjkP0qNTc4ZjU3N2QwMDVmMw==","phone_number":"255712419999","service":"Kuwasiliana"} 
2024-10-24 13:21:17 sql10 :
 SELECT * FROM tbl_newpayment where order_id='1000385' ORDER BY reg_date DESC LIMIT 1 
2024-10-24 13:21:17 code :
  
2024-10-24 13:21:17 result_code :
  
2024-10-24 13:21:17 payment_status :
  
2024-10-24 13:21:17 phone_number :
 255712419999 
2024-10-24 13:21:17 Response one :
 {"status":"200","message":"success","result":true} 
2024-10-24 10:30:11 Incomming Request :
 {"api_key":"YTc4YWY3ZWVlZWViODU3YTY5ODUzNTA4ZGU3YzVhYzM1NTdjNjM1MWEyYzA1ODU1ZDhlqA12AjkP0qNTc4ZjU3N2QwMDVmMw==","service":"Kupakua:https://www.sheriakiganjani.co.tz/uploads/43177-deed-poll-plain.pdf","phone_number":"255758953249"} 
2024-10-24 13:30:11 sql10 :
 SELECT * FROM tbl_newpayment where order_id='1000316' ORDER BY reg_date DESC LIMIT 1 
2024-10-24 13:30:11 code :
  
2024-10-24 13:30:11 result_code :
  
2024-10-24 13:30:11 payment_status :
  
2024-10-24 13:30:11 phone_number :
 255758953249 
2024-10-24 13:30:11 Response one :
 {"status":"200","message":"success","result":true} 
2024-10-24 10:31:34 Incomming Request :
 {"api_key":"YTc4YWY3ZWVlZWViODU3YTY5ODUzNTA4ZGU3YzVhYzM1NTdjNjM1MWEyYzA1ODU1ZDhlqA12AjkP0qNTc4ZjU3N2QwMDVmMw==","service":"Kupakua:https://www.sheriakiganjani.co.tz/uploads/96219-demand-notice.pdf","phone_number":"255758953249"} 
2024-10-24 13:31:34 Response two :
 {"status":"200","message":"success","result":true} 
2024-10-24 10:40:35 Incomming Request :
 {"api_key":"YTc4YWY3ZWVlZWViODU3YTY5ODUzNTA4ZGU3YzVhYzM1NTdjNjM1MWEyYzA1ODU1ZDhlqA12AjkP0qNTc4ZjU3N2QwMDVmMw==","phone_number":"255758953249","service":"Kuwasiliana"} 
2024-10-24 13:40:35 sql10 :
 SELECT * FROM tbl_newpayment where order_id='1000321' ORDER BY reg_date DESC LIMIT 1 
2024-10-24 13:40:35 code :
  
2024-10-24 13:40:35 result_code :
  
2024-10-24 13:40:35 payment_status :
  
2024-10-24 13:40:35 phone_number :
 255758953249 
2024-10-24 13:40:35 Response one :
 {"status":"200","message":"success","result":true} 
2024-10-24 10:40:37 Incomming Request :
 {"api_key":"YTc4YWY3ZWVlZWViODU3YTY5ODUzNTA4ZGU3YzVhYzM1NTdjNjM1MWEyYzA1ODU1ZDhlqA12AjkP0qNTc4ZjU3N2QwMDVmMw==","phone_number":"255758953249","service":"Kuwasiliana"} 
2024-10-24 13:40:37 sql10 :
 SELECT * FROM tbl_newpayment where order_id='1000321' ORDER BY reg_date DESC LIMIT 1 
2024-10-24 13:40:37 code :
  
2024-10-24 13:40:37 result_code :
  
2024-10-24 13:40:37 payment_status :
  
2024-10-24 13:40:37 phone_number :
 255758953249 
2024-10-24 13:40:37 Response one :
 {"status":"200","message":"success","result":true} 
2024-10-24 10:40:39 Incomming Request :
 {"api_key":"YTc4YWY3ZWVlZWViODU3YTY5ODUzNTA4ZGU3YzVhYzM1NTdjNjM1MWEyYzA1ODU1ZDhlqA12AjkP0qNTc4ZjU3N2QwMDVmMw==","phone_number":"255758953249","service":"Kuwasiliana"} 
2024-10-24 13:40:39 sql10 :
 SELECT * FROM tbl_newpayment where order_id='1000321' ORDER BY reg_date DESC LIMIT 1 
2024-10-24 13:40:39 code :
  
2024-10-24 13:40:39 result_code :
  
2024-10-24 13:40:39 payment_status :
  
2024-10-24 13:40:39 phone_number :
 255758953249 
2024-10-24 13:40:39 Response one :
 {"status":"200","message":"success","result":true} 
2024-10-24 10:40:39 Incomming Request :
 {"api_key":"YTc4YWY3ZWVlZWViODU3YTY5ODUzNTA4ZGU3YzVhYzM1NTdjNjM1MWEyYzA1ODU1ZDhlqA12AjkP0qNTc4ZjU3N2QwMDVmMw==","phone_number":"255758953249","service":"Kuwasiliana"} 
2024-10-24 13:40:39 sql10 :
 SELECT * FROM tbl_newpayment where order_id='1000321' ORDER BY reg_date DESC LIMIT 1 
2024-10-24 13:40:39 code :
  
2024-10-24 13:40:39 result_code :
  
2024-10-24 13:40:39 payment_status :
  
2024-10-24 13:40:39 phone_number :
 255758953249 
2024-10-24 13:40:39 Response one :
 {"status":"200","message":"success","result":true} 
2024-10-24 10:40:40 Incomming Request :
 {"api_key":"YTc4YWY3ZWVlZWViODU3YTY5ODUzNTA4ZGU3YzVhYzM1NTdjNjM1MWEyYzA1ODU1ZDhlqA12AjkP0qNTc4ZjU3N2QwMDVmMw==","phone_number":"255758953249","service":"Kuwasiliana"} 
2024-10-24 13:40:40 sql10 :
 SELECT * FROM tbl_newpayment where order_id='1000321' ORDER BY reg_date DESC LIMIT 1 
2024-10-24 13:40:40 code :
  
2024-10-24 13:40:40 result_code :
  
2024-10-24 13:40:40 payment_status :
  
2024-10-24 13:40:40 phone_number :
 255758953249 
2024-10-24 13:40:40 Response one :
 {"status":"200","message":"success","result":true} 
2024-10-24 10:40:40 Incomming Request :
 {"api_key":"YTc4YWY3ZWVlZWViODU3YTY5ODUzNTA4ZGU3YzVhYzM1NTdjNjM1MWEyYzA1ODU1ZDhlqA12AjkP0qNTc4ZjU3N2QwMDVmMw==","phone_number":"255758953249","service":"Kuwasiliana"} 
2024-10-24 13:40:40 sql10 :
 SELECT * FROM tbl_newpayment where order_id='1000321' ORDER BY reg_date DESC LIMIT 1 
2024-10-24 13:40:40 code :
  
2024-10-24 13:40:40 result_code :
  
2024-10-24 13:40:40 payment_status :
  
2024-10-24 13:40:40 phone_number :
 255758953249 
2024-10-24 13:40:40 Response one :
 {"status":"200","message":"success","result":true} 
2024-10-24 10:40:41 Incomming Request :
 {"api_key":"YTc4YWY3ZWVlZWViODU3YTY5ODUzNTA4ZGU3YzVhYzM1NTdjNjM1MWEyYzA1ODU1ZDhlqA12AjkP0qNTc4ZjU3N2QwMDVmMw==","phone_number":"255758953249","service":"Kuwasiliana"} 
2024-10-24 13:40:41 sql10 :
 SELECT * FROM tbl_newpayment where order_id='1000321' ORDER BY reg_date DESC LIMIT 1 
2024-10-24 13:40:41 code :
  
2024-10-24 13:40:41 result_code :
  
2024-10-24 13:40:41 payment_status :
  
2024-10-24 13:40:41 phone_number :
 255758953249 
2024-10-24 13:40:41 Response one :
 {"status":"200","message":"success","result":true} 
2024-10-24 14:09:12 Incomming Request :
 {"api_key":"YTc4YWY3ZWVlZWViODU3YTY5ODUzNTA4ZGU3YzVhYzM1NTdjNjM1MWEyYzA1ODU1ZDhlqA12AjkP0qNTc4ZjU3N2QwMDVmMw==","phone_number":"255715886748","service":"Kuwasiliana"} 
2024-10-24 17:09:12 Response two :
 {"status":"200","message":"success","result":true} 
2024-10-24 15:38:20 Incomming Request :
 {"api_key":"YTc4YWY3ZWVlZWViODU3YTY5ODUzNTA4ZGU3YzVhYzM1NTdjNjM1MWEyYzA1ODU1ZDhlqA12AjkP0qNTc4ZjU3N2QwMDVmMw==","phone_number":"255768342387","service":"Kuwasiliana"} 
2024-10-24 18:38:20 sql10 :
 SELECT * FROM tbl_newpayment where order_id='95' ORDER BY reg_date DESC LIMIT 1 
2024-10-24 18:38:20 code :
  
2024-10-24 18:38:20 result_code :
  
2024-10-24 18:38:20 payment_status :
  
2024-10-24 18:38:20 phone_number :
 255768342387 
2024-10-24 18:38:20 Response one :
 {"status":"200","message":"success","result":true} 
2024-10-24 17:05:34 Incomming Request :
 {"api_key":"YTc4YWY3ZWVlZWViODU3YTY5ODUzNTA4ZGU3YzVhYzM1NTdjNjM1MWEyYzA1ODU1ZDhlqA12AjkP0qNTc4ZjU3N2QwMDVmMw==","phone_number":"255652101582","service":"Kuwasiliana"} 
2024-10-24 20:05:34 Response two :
 {"status":"200","message":"success","result":true} 
2024-10-24 17:59:24 Incomming Request :
 {"api_key":"YTc4YWY3ZWVlZWViODU3YTY5ODUzNTA4ZGU3YzVhYzM1NTdjNjM1MWEyYzA1ODU1ZDhlqA12AjkP0qNTc4ZjU3N2QwMDVmMw==","phone_number":"255694020826","service":"Kuwasiliana"} 
2024-10-24 20:59:24 Response two :
 {"status":"200","message":"success","result":true} 
2024-10-24 18:04:33 Incomming Request :
 {"api_key":"YTc4YWY3ZWVlZWViODU3YTY5ODUzNTA4ZGU3YzVhYzM1NTdjNjM1MWEyYzA1ODU1ZDhlqA12AjkP0qNTc4ZjU3N2QwMDVmMw==","service":"Kupakua:https://www.sheriakiganjani.co.tz/uploads/37650-affidavit.pdf","phone_number":"255694020826"} 
2024-10-24 21:04:33 Response two :
 {"status":"200","message":"success","result":true} 
2024-10-24 18:04:55 Incomming Request :
 {"api_key":"YTc4YWY3ZWVlZWViODU3YTY5ODUzNTA4ZGU3YzVhYzM1NTdjNjM1MWEyYzA1ODU1ZDhlqA12AjkP0qNTc4ZjU3N2QwMDVmMw==","service":"Kupakua:https://www.sheriakiganjani.co.tz/uploads/37650-affidavit.pdf","phone_number":"255694020826"} 
2024-10-24 21:04:55 Response two :
 {"status":"200","message":"success","result":true} 
2024-10-24 18:38:23 Incomming Request :
 {"api_key":"YTc4YWY3ZWVlZWViODU3YTY5ODUzNTA4ZGU3YzVhYzM1NTdjNjM1MWEyYzA1ODU1ZDhlqA12AjkP0qNTc4ZjU3N2QwMDVmMw==","service":"Kupakua:https://www.sheriakiganjani.co.tz/uploads/88398-special-power-of-attorney.pdf","phone_number":"255753828389"} 
2024-10-24 21:38:23 Response two :
 {"status":"200","message":"success","result":true} 
2024-10-24 18:38:42 Incomming Request :
 {"api_key":"YTc4YWY3ZWVlZWViODU3YTY5ODUzNTA4ZGU3YzVhYzM1NTdjNjM1MWEyYzA1ODU1ZDhlqA12AjkP0qNTc4ZjU3N2QwMDVmMw==","service":"Kupakua:https://www.sheriakiganjani.co.tz/uploads/29124-general-power-of-attorney.pdf","phone_number":"255753828389"} 
2024-10-24 21:38:42 Response two :
 {"status":"200","message":"success","result":true} 