
2024-10-25 00:01:00 Incomming Request :
 {"api_key":"YTc4YWY3ZWVlZWViODU3YTY5ODUzNTA4ZGU3YzVhYzM1NTdjNjM1MWEyYzA1ODU1ZDhlqA12AjkP0qNTc4ZjU3N2QwMDVmMw==","phone_number":"255763595870","service":"Kuwasiliana"} 
2024-10-25 03:01:00 Response two :
 {"status":"200","message":"success","result":true} 
2024-10-25 00:01:33 Incomming Request :
 {"api_key":"YTc4YWY3ZWVlZWViODU3YTY5ODUzNTA4ZGU3YzVhYzM1NTdjNjM1MWEyYzA1ODU1ZDhlqA12AjkP0qNTc4ZjU3N2QwMDVmMw==","phone_number":"255763595870","service":"Kuwasiliana"} 
2024-10-25 03:01:33 Response two :
 {"status":"200","message":"success","result":true} 
2024-10-25 00:02:54 Incomming Request :
 {"api_key":"YTc4YWY3ZWVlZWViODU3YTY5ODUzNTA4ZGU3YzVhYzM1NTdjNjM1MWEyYzA1ODU1ZDhlqA12AjkP0qNTc4ZjU3N2QwMDVmMw==","phone_number":"255763595870","service":"Kuwasiliana"} 
2024-10-25 03:02:54 Response two :
 {"status":"200","message":"success","result":true} 
2024-10-25 00:24:15 Incomming Request :
 {"api_key":"YTc4YWY3ZWVlZWViODU3YTY5ODUzNTA4ZGU3YzVhYzM1NTdjNjM1MWEyYzA1ODU1ZDhlqA12AjkP0qNTc4ZjU3N2QwMDVmMw==","service":"Kupakua:https://www.sheriakiganjani.co.tz/uploads/78386-mkataba-wa-mauziano-ya-kiwanja.pdf","phone_number":"255763595870"} 
2024-10-25 03:24:15 Response two :
 {"status":"200","message":"success","result":true} 
2024-10-25 00:24:29 Incomming Request :
 {"api_key":"YTc4YWY3ZWVlZWViODU3YTY5ODUzNTA4ZGU3YzVhYzM1NTdjNjM1MWEyYzA1ODU1ZDhlqA12AjkP0qNTc4ZjU3N2QwMDVmMw==","service":"Kupakua:https://www.sheriakiganjani.co.tz/uploads/78386-mkataba-wa-mauziano-ya-kiwanja.pdf","phone_number":"255763595870"} 
2024-10-25 03:24:29 Response two :
 {"status":"200","message":"success","result":true} 
2024-10-25 04:02:23 Incomming Request :
 {"api_key":"YTc4YWY3ZWVlZWViODU3YTY5ODUzNTA4ZGU3YzVhYzM1NTdjNjM1MWEyYzA1ODU1ZDhlqA12AjkP0qNTc4ZjU3N2QwMDVmMw==","service":"Kupakua:https://www.sheriakiganjani.co.tz/uploads/43177-deed-poll-plain.pdf","phone_number":"255788178723"} 
2024-10-25 07:02:23 Response two :
 {"status":"200","message":"success","result":true} 
2024-10-25 08:24:44 Incomming Request :
 {"api_key":"YTc4YWY3ZWVlZWViODU3YTY5ODUzNTA4ZGU3YzVhYzM1NTdjNjM1MWEyYzA1ODU1ZDhlqA12AjkP0qNTc4ZjU3N2QwMDVmMw==","service":"Kupakua:https://www.sheriakiganjani.co.tz/uploads/37650-affidavit.pdf","phone_number":"255658226293"} 
2024-10-25 11:24:44 Response two :
 {"status":"200","message":"success","result":true} 