
2024-10-23 03:13:39 Incomming Request :
 {"api_key":"YTc4YWY3ZWVlZWViODU3YTY5ODUzNTA4ZGU3YzVhYzM1NTdjNjM1MWEyYzA1ODU1ZDhlqA12AjkP0qNTc4ZjU3N2QwMDVmMw==","service":"Kupakua:https://www.sheriakiganjani.co.tz/uploads/88398-special-power-of-attorney.pdf","phone_number":"255715165010"} 
2024-10-23 06:13:39 Response two :
 {"status":"200","message":"success","result":true} 
2024-10-23 03:14:03 Incomming Request :
 {"api_key":"YTc4YWY3ZWVlZWViODU3YTY5ODUzNTA4ZGU3YzVhYzM1NTdjNjM1MWEyYzA1ODU1ZDhlqA12AjkP0qNTc4ZjU3N2QwMDVmMw==","service":"Kupakua:https://www.sheriakiganjani.co.tz/uploads/1269-mkataba-wa-upangishaji.pdf","phone_number":"255715165010"} 
2024-10-23 06:14:03 Response two :
 {"status":"200","message":"success","result":true} 
2024-10-23 04:09:56 Incomming Request :
 {"api_key":"YTc4YWY3ZWVlZWViODU3YTY5ODUzNTA4ZGU3YzVhYzM1NTdjNjM1MWEyYzA1ODU1ZDhlqA12AjkP0qNTc4ZjU3N2QwMDVmMw==","service":"Kupakua:https://www.sheriakiganjani.co.tz/uploads/37650-affidavit.pdf","phone_number":"255659690290"} 
2024-10-23 07:09:56 Response two :
 {"status":"200","message":"success","result":true} 
2024-10-23 04:10:15 Incomming Request :
 {"api_key":"YTc4YWY3ZWVlZWViODU3YTY5ODUzNTA4ZGU3YzVhYzM1NTdjNjM1MWEyYzA1ODU1ZDhlqA12AjkP0qNTc4ZjU3N2QwMDVmMw==","service":"Kupakua:https://www.sheriakiganjani.co.tz/uploads/37650-affidavit.pdf","phone_number":"255659690290"} 
2024-10-23 07:10:15 Response two :
 {"status":"200","message":"success","result":true} 
2024-10-23 04:10:33 Incomming Request :
 {"api_key":"YTc4YWY3ZWVlZWViODU3YTY5ODUzNTA4ZGU3YzVhYzM1NTdjNjM1MWEyYzA1ODU1ZDhlqA12AjkP0qNTc4ZjU3N2QwMDVmMw==","service":"Kupakua:https://www.sheriakiganjani.co.tz/uploads/61545-general-contract.pdf","phone_number":"255659690290"} 
2024-10-23 07:10:33 Response two :
 {"status":"200","message":"success","result":true} 
2024-10-23 04:11:00 Incomming Request :
 {"api_key":"YTc4YWY3ZWVlZWViODU3YTY5ODUzNTA4ZGU3YzVhYzM1NTdjNjM1MWEyYzA1ODU1ZDhlqA12AjkP0qNTc4ZjU3N2QwMDVmMw==","service":"Kupakua:https://www.sheriakiganjani.co.tz/uploads/61545-general-contract.pdf","phone_number":"255659690290"} 
2024-10-23 07:11:00 Response two :
 {"status":"200","message":"success","result":true} 
2024-10-23 04:11:30 Incomming Request :
 {"api_key":"YTc4YWY3ZWVlZWViODU3YTY5ODUzNTA4ZGU3YzVhYzM1NTdjNjM1MWEyYzA1ODU1ZDhlqA12AjkP0qNTc4ZjU3N2QwMDVmMw==","service":"Kupakua:https://www.sheriakiganjani.co.tz/uploads/67788-sale-agreementt.pdf","phone_number":"255659690290"} 
2024-10-23 07:11:30 Response two :
 {"status":"200","message":"success","result":true} 
2024-10-23 04:12:15 Incomming Request :
 {"api_key":"YTc4YWY3ZWVlZWViODU3YTY5ODUzNTA4ZGU3YzVhYzM1NTdjNjM1MWEyYzA1ODU1ZDhlqA12AjkP0qNTc4ZjU3N2QwMDVmMw==","service":"Kupakua:https://www.sheriakiganjani.co.tz/uploads/37650-affidavit.pdf","phone_number":"255659690290"} 
2024-10-23 07:12:15 Response two :
 {"status":"200","message":"success","result":true} 
2024-10-23 04:16:21 Incomming Request :
 {"api_key":"YTc4YWY3ZWVlZWViODU3YTY5ODUzNTA4ZGU3YzVhYzM1NTdjNjM1MWEyYzA1ODU1ZDhlqA12AjkP0qNTc4ZjU3N2QwMDVmMw==","service":"Kupakua:https://www.sheriakiganjani.co.tz/uploads/1269-mkataba-wa-upangishaji.pdf","phone_number":"255768130733"} 
2024-10-23 07:16:21 Response two :
 {"status":"200","message":"success","result":true} 
2024-10-23 04:16:48 Incomming Request :
 {"api_key":"YTc4YWY3ZWVlZWViODU3YTY5ODUzNTA4ZGU3YzVhYzM1NTdjNjM1MWEyYzA1ODU1ZDhlqA12AjkP0qNTc4ZjU3N2QwMDVmMw==","service":"Kupakua:https://www.sheriakiganjani.co.tz/uploads/78386-mkataba-wa-mauziano-ya-kiwanja.pdf","phone_number":"255768130733"} 
2024-10-23 07:16:48 Response two :
 {"status":"200","message":"success","result":true} 
2024-10-23 05:20:00 Incomming Request :
 {"api_key":"YTc4YWY3ZWVlZWViODU3YTY5ODUzNTA4ZGU3YzVhYzM1NTdjNjM1MWEyYzA1ODU1ZDhlqA12AjkP0qNTc4ZjU3N2QwMDVmMw==","service":"Kupakua:https://www.sheriakiganjani.co.tz/uploads/37650-affidavit.pdf","phone_number":"255717627284"} 
2024-10-23 08:20:00 Response two :
 {"status":"200","message":"success","result":true} 
2024-10-23 05:20:22 Incomming Request :
 {"api_key":"YTc4YWY3ZWVlZWViODU3YTY5ODUzNTA4ZGU3YzVhYzM1NTdjNjM1MWEyYzA1ODU1ZDhlqA12AjkP0qNTc4ZjU3N2QwMDVmMw==","service":"Kupakua:https://www.sheriakiganjani.co.tz/uploads/43177-deed-poll-plain.pdf","phone_number":"255717627284"} 
2024-10-23 08:20:22 Response two :
 {"status":"200","message":"success","result":true} 
2024-10-23 05:24:44 Incomming Request :
 {"api_key":"YTc4YWY3ZWVlZWViODU3YTY5ODUzNTA4ZGU3YzVhYzM1NTdjNjM1MWEyYzA1ODU1ZDhlqA12AjkP0qNTc4ZjU3N2QwMDVmMw==","service":"Kupakua:https://www.sheriakiganjani.co.tz/uploads/1269-mkataba-wa-upangishaji.pdf","phone_number":"255676197336"} 
2024-10-23 08:24:44 Response two :
 {"status":"200","message":"success","result":true} 
2024-10-23 05:25:42 Incomming Request :
 {"api_key":"YTc4YWY3ZWVlZWViODU3YTY5ODUzNTA4ZGU3YzVhYzM1NTdjNjM1MWEyYzA1ODU1ZDhlqA12AjkP0qNTc4ZjU3N2QwMDVmMw==","service":"Kupakua:https://www.sheriakiganjani.co.tz/uploads/78386-mkataba-wa-mauziano-ya-kiwanja.pdf","phone_number":"255676197336"} 
2024-10-23 08:25:42 Response two :
 {"status":"200","message":"success","result":true} 
2024-10-23 05:26:07 Incomming Request :
 {"api_key":"YTc4YWY3ZWVlZWViODU3YTY5ODUzNTA4ZGU3YzVhYzM1NTdjNjM1MWEyYzA1ODU1ZDhlqA12AjkP0qNTc4ZjU3N2QwMDVmMw==","service":"Kupakua:https://www.sheriakiganjani.co.tz/uploads/79555-employment-contract.pdf","phone_number":"255676197336"} 
2024-10-23 08:26:07 Response two :
 {"status":"200","message":"success","result":true} 
2024-10-23 06:10:18 Incomming Request :
 {"api_key":"YTc4YWY3ZWVlZWViODU3YTY5ODUzNTA4ZGU3YzVhYzM1NTdjNjM1MWEyYzA1ODU1ZDhlqA12AjkP0qNTc4ZjU3N2QwMDVmMw==","phone_number":"255763239429","service":"Kuwasiliana"} 
2024-10-23 09:10:18 Response two :
 {"status":"200","message":"success","result":true} 
2024-10-23 06:11:41 Incomming Request :
 {"api_key":"YTc4YWY3ZWVlZWViODU3YTY5ODUzNTA4ZGU3YzVhYzM1NTdjNjM1MWEyYzA1ODU1ZDhlqA12AjkP0qNTc4ZjU3N2QwMDVmMw==","phone_number":"255763239429","service":"Kuwasiliana"} 
2024-10-23 09:11:41 Response two :
 {"status":"200","message":"success","result":true} 
2024-10-23 07:33:04 Incomming Request :
 {"api_key":"YTc4YWY3ZWVlZWViODU3YTY5ODUzNTA4ZGU3YzVhYzM1NTdjNjM1MWEyYzA1ODU1ZDhlqA12AjkP0qNTc4ZjU3N2QwMDVmMw==","phone_number":"255628988646","service":"Kuwasiliana"} 
2024-10-23 10:33:04 Response two :
 {"status":"200","message":"success","result":true} 
2024-10-23 07:34:43 Incomming Request :
 {"api_key":"YTc4YWY3ZWVlZWViODU3YTY5ODUzNTA4ZGU3YzVhYzM1NTdjNjM1MWEyYzA1ODU1ZDhlqA12AjkP0qNTc4ZjU3N2QwMDVmMw==","service":"Kupakua:https://www.sheriakiganjani.co.tz/uploads/79555-employment-contract.pdf","phone_number":"255628988646"} 
2024-10-23 10:34:43 Response two :
 {"status":"200","message":"success","result":true} 
2024-10-23 07:36:45 Incomming Request :
 {"api_key":"YTc4YWY3ZWVlZWViODU3YTY5ODUzNTA4ZGU3YzVhYzM1NTdjNjM1MWEyYzA1ODU1ZDhlqA12AjkP0qNTc4ZjU3N2QwMDVmMw==","service":"Kupakua:https://www.sheriakiganjani.co.tz/uploads/1269-mkataba-wa-upangishaji.pdf","phone_number":"255628988646"} 
2024-10-23 10:36:45 Response two :
 {"status":"200","message":"success","result":true} 
2024-10-23 08:09:43 Incomming Request :
 {"api_key":"YTc4YWY3ZWVlZWViODU3YTY5ODUzNTA4ZGU3YzVhYzM1NTdjNjM1MWEyYzA1ODU1ZDhlqA12AjkP0qNTc4ZjU3N2QwMDVmMw==","phone_number":"255768127037","service":"Kuwasiliana"} 
2024-10-23 11:09:43 Response two :
 {"status":"200","message":"success","result":true} 
2024-10-23 08:23:08 Incomming Request :
 {"api_key":"YTc4YWY3ZWVlZWViODU3YTY5ODUzNTA4ZGU3YzVhYzM1NTdjNjM1MWEyYzA1ODU1ZDhlqA12AjkP0qNTc4ZjU3N2QwMDVmMw==","phone_number":"255748355366","service":"Kuwasiliana"} 
2024-10-23 11:23:08 Response two :
 {"status":"200","message":"success","result":true} 
2024-10-23 08:23:25 Incomming Request :
 {"api_key":"YTc4YWY3ZWVlZWViODU3YTY5ODUzNTA4ZGU3YzVhYzM1NTdjNjM1MWEyYzA1ODU1ZDhlqA12AjkP0qNTc4ZjU3N2QwMDVmMw==","phone_number":"255748355366","service":"Kuwasiliana"} 
2024-10-23 11:23:25 Response two :
 {"status":"200","message":"success","result":true} 
2024-10-23 08:24:48 Incomming Request :
 {"api_key":"YTc4YWY3ZWVlZWViODU3YTY5ODUzNTA4ZGU3YzVhYzM1NTdjNjM1MWEyYzA1ODU1ZDhlqA12AjkP0qNTc4ZjU3N2QwMDVmMw==","service":"Kupakua:https://www.sheriakiganjani.co.tz/uploads/37650-affidavit.pdf","phone_number":"255768127037"} 
2024-10-23 11:24:48 Response two :
 {"status":"200","message":"success","result":true} 
2024-10-23 08:25:04 Incomming Request :
 {"api_key":"YTc4YWY3ZWVlZWViODU3YTY5ODUzNTA4ZGU3YzVhYzM1NTdjNjM1MWEyYzA1ODU1ZDhlqA12AjkP0qNTc4ZjU3N2QwMDVmMw==","service":"Kupakua:https://www.sheriakiganjani.co.tz/uploads/43177-deed-poll-plain.pdf","phone_number":"255768127037"} 
2024-10-23 11:25:04 Response two :
 {"status":"200","message":"success","result":true} 
2024-10-23 08:25:24 Incomming Request :
 {"api_key":"YTc4YWY3ZWVlZWViODU3YTY5ODUzNTA4ZGU3YzVhYzM1NTdjNjM1MWEyYzA1ODU1ZDhlqA12AjkP0qNTc4ZjU3N2QwMDVmMw==","service":"Kupakua:https://www.sheriakiganjani.co.tz/uploads/96219-demand-notice.pdf","phone_number":"255768127037"} 
2024-10-23 11:25:24 Response two :
 {"status":"200","message":"success","result":true} 
2024-10-23 08:25:58 Incomming Request :
 {"api_key":"YTc4YWY3ZWVlZWViODU3YTY5ODUzNTA4ZGU3YzVhYzM1NTdjNjM1MWEyYzA1ODU1ZDhlqA12AjkP0qNTc4ZjU3N2QwMDVmMw==","service":"Kupakua:https://www.sheriakiganjani.co.tz/uploads/62423-chamber-summons.pdf","phone_number":"255768127037"} 
2024-10-23 11:25:58 Response two :
 {"status":"200","message":"success","result":true} 
2024-10-23 08:26:36 Incomming Request :
 {"api_key":"YTc4YWY3ZWVlZWViODU3YTY5ODUzNTA4ZGU3YzVhYzM1NTdjNjM1MWEyYzA1ODU1ZDhlqA12AjkP0qNTc4ZjU3N2QwMDVmMw==","service":"Kupakua:https://www.sheriakiganjani.co.tz/uploads/1269-mkataba-wa-upangishaji.pdf","phone_number":"255768127037"} 
2024-10-23 11:26:36 Response two :
 {"status":"200","message":"success","result":true} 
2024-10-23 08:28:09 Incomming Request :
 {"api_key":"YTc4YWY3ZWVlZWViODU3YTY5ODUzNTA4ZGU3YzVhYzM1NTdjNjM1MWEyYzA1ODU1ZDhlqA12AjkP0qNTc4ZjU3N2QwMDVmMw==","service":"Kupakua:https://www.sheriakiganjani.co.tz/uploads/25598-forfeiture-consent-letter.pdf","phone_number":"255768127037"} 
2024-10-23 11:28:09 Response two :
 {"status":"200","message":"success","result":true} 
2024-10-23 08:33:15 Incomming Request :
 {"api_key":"YTc4YWY3ZWVlZWViODU3YTY5ODUzNTA4ZGU3YzVhYzM1NTdjNjM1MWEyYzA1ODU1ZDhlqA12AjkP0qNTc4ZjU3N2QwMDVmMw==","service":"Kupakua:https://www.sheriakiganjani.co.tz/uploads/37650-affidavit.pdf","phone_number":"255672606131"} 
2024-10-23 11:33:15 Response two :
 {"status":"200","message":"success","result":true} 
2024-10-23 08:36:25 Incomming Request :
 {"api_key":"YTc4YWY3ZWVlZWViODU3YTY5ODUzNTA4ZGU3YzVhYzM1NTdjNjM1MWEyYzA1ODU1ZDhlqA12AjkP0qNTc4ZjU3N2QwMDVmMw==","phone_number":"255672606131","service":"Kuwasiliana"} 
2024-10-23 11:36:25 Response two :
 {"status":"200","message":"success","result":true} 
2024-10-23 08:57:48 Incomming Request :
 {"api_key":"YTc4YWY3ZWVlZWViODU3YTY5ODUzNTA4ZGU3YzVhYzM1NTdjNjM1MWEyYzA1ODU1ZDhlqA12AjkP0qNTc4ZjU3N2QwMDVmMw==","phone_number":"255759089856","service":"Kuwasiliana"} 
2024-10-23 11:57:48 Response two :
 {"status":"200","message":"success","result":true} 
2024-10-23 09:16:10 Incomming Request :
 {"api_key":"YTc4YWY3ZWVlZWViODU3YTY5ODUzNTA4ZGU3YzVhYzM1NTdjNjM1MWEyYzA1ODU1ZDhlqA12AjkP0qNTc4ZjU3N2QwMDVmMw==","phone_number":"255758375533","service":"Kuwasiliana"} 
2024-10-23 12:16:10 Response two :
 {"status":"200","message":"success","result":true} 
2024-10-23 09:27:23 Incomming Request :
 {"api_key":"YTc4YWY3ZWVlZWViODU3YTY5ODUzNTA4ZGU3YzVhYzM1NTdjNjM1MWEyYzA1ODU1ZDhlqA12AjkP0qNTc4ZjU3N2QwMDVmMw==","phone_number":"255758375533","service":"Kuwasiliana"} 
2024-10-23 12:27:23 Response two :
 {"status":"200","message":"success","result":true} 
2024-10-23 09:59:19 Incomming Request :
 {"api_key":"YTc4YWY3ZWVlZWViODU3YTY5ODUzNTA4ZGU3YzVhYzM1NTdjNjM1MWEyYzA1ODU1ZDhlqA12AjkP0qNTc4ZjU3N2QwMDVmMw==","phone_number":"255783644429","service":"Kuwasiliana"} 
2024-10-23 12:59:19 Response two :
 {"status":"200","message":"success","result":true} 
2024-10-23 10:00:43 Incomming Request :
 {"api_key":"YTc4YWY3ZWVlZWViODU3YTY5ODUzNTA4ZGU3YzVhYzM1NTdjNjM1MWEyYzA1ODU1ZDhlqA12AjkP0qNTc4ZjU3N2QwMDVmMw==","phone_number":"255783644429","service":"Kuwasiliana"} 
2024-10-23 13:00:43 Response two :
 {"status":"200","message":"success","result":true} 
2024-10-23 10:01:22 Incomming Request :
 {"api_key":"YTc4YWY3ZWVlZWViODU3YTY5ODUzNTA4ZGU3YzVhYzM1NTdjNjM1MWEyYzA1ODU1ZDhlqA12AjkP0qNTc4ZjU3N2QwMDVmMw==","phone_number":"255755067591","service":"Kuwasiliana"} 
2024-10-23 13:01:22 Response two :
 {"status":"200","message":"success","result":true} 
2024-10-23 10:09:09 Incomming Request :
 {"api_key":"YTc4YWY3ZWVlZWViODU3YTY5ODUzNTA4ZGU3YzVhYzM1NTdjNjM1MWEyYzA1ODU1ZDhlqA12AjkP0qNTc4ZjU3N2QwMDVmMw==","service":"Kupakua:https://www.sheriakiganjani.co.tz/uploads/2124-hati-ya-ushirikiano.pdf","phone_number":"255695763111"} 
2024-10-23 13:09:09 Response two :
 {"status":"200","message":"success","result":true} 
2024-10-23 10:09:23 Incomming Request :
 {"api_key":"YTc4YWY3ZWVlZWViODU3YTY5ODUzNTA4ZGU3YzVhYzM1NTdjNjM1MWEyYzA1ODU1ZDhlqA12AjkP0qNTc4ZjU3N2QwMDVmMw==","service":"Kupakua:https://www.sheriakiganjani.co.tz/uploads/7807-car-sale-agreement.pdf","phone_number":"255695763111"} 
2024-10-23 13:09:23 Response two :
 {"status":"200","message":"success","result":true} 
2024-10-23 10:09:24 Incomming Request :
 {"api_key":"YTc4YWY3ZWVlZWViODU3YTY5ODUzNTA4ZGU3YzVhYzM1NTdjNjM1MWEyYzA1ODU1ZDhlqA12AjkP0qNTc4ZjU3N2QwMDVmMw==","service":"Kupakua:https://www.sheriakiganjani.co.tz/uploads/7807-car-sale-agreement.pdf","phone_number":"255695763111"} 
2024-10-23 13:09:24 Response two :
 {"status":"200","message":"success","result":true} 
2024-10-23 10:27:14 Incomming Request :
 {"api_key":"YTc4YWY3ZWVlZWViODU3YTY5ODUzNTA4ZGU3YzVhYzM1NTdjNjM1MWEyYzA1ODU1ZDhlqA12AjkP0qNTc4ZjU3N2QwMDVmMw==","phone_number":"255752965795","service":"Kuwasiliana"} 
2024-10-23 13:27:14 Response two :
 {"status":"200","message":"success","result":true} 
2024-10-23 10:48:57 Incomming Request :
 {"api_key":"YTc4YWY3ZWVlZWViODU3YTY5ODUzNTA4ZGU3YzVhYzM1NTdjNjM1MWEyYzA1ODU1ZDhlqA12AjkP0qNTc4ZjU3N2QwMDVmMw==","phone_number":"255767134643","service":"Kuwasiliana"} 
2024-10-23 13:48:57 Response two :
 {"status":"200","message":"success","result":true} 
2024-10-23 10:51:58 Incomming Request :
 {"api_key":"YTc4YWY3ZWVlZWViODU3YTY5ODUzNTA4ZGU3YzVhYzM1NTdjNjM1MWEyYzA1ODU1ZDhlqA12AjkP0qNTc4ZjU3N2QwMDVmMw==","phone_number":"255767134643","service":"Kuwasiliana"} 
2024-10-23 13:51:58 Response two :
 {"status":"200","message":"success","result":true} 
2024-10-23 10:57:21 Incomming Request :
 {"api_key":"YTc4YWY3ZWVlZWViODU3YTY5ODUzNTA4ZGU3YzVhYzM1NTdjNjM1MWEyYzA1ODU1ZDhlqA12AjkP0qNTc4ZjU3N2QwMDVmMw==","phone_number":"255767134643","service":"Kuwasiliana"} 
2024-10-23 13:57:21 sql10 :
 SELECT * FROM tbl_newpayment where order_id='1000383' ORDER BY reg_date DESC LIMIT 1 
2024-10-23 13:57:21 code :
  
2024-10-23 13:57:21 result_code :
  
2024-10-23 13:57:21 payment_status :
  
2024-10-23 13:57:21 phone_number :
 255767134643 
2024-10-23 13:57:21 Response one :
 {"status":"200","message":"success","result":true} 
2024-10-23 10:58:25 Incomming Request :
 {"api_key":"YTc4YWY3ZWVlZWViODU3YTY5ODUzNTA4ZGU3YzVhYzM1NTdjNjM1MWEyYzA1ODU1ZDhlqA12AjkP0qNTc4ZjU3N2QwMDVmMw==","phone_number":"255628291922","service":"Kuwasiliana"} 
2024-10-23 13:58:25 Response two :
 {"status":"200","message":"success","result":true} 
2024-10-23 11:01:48 Incomming Request :
 {"api_key":"YTc4YWY3ZWVlZWViODU3YTY5ODUzNTA4ZGU3YzVhYzM1NTdjNjM1MWEyYzA1ODU1ZDhlqA12AjkP0qNTc4ZjU3N2QwMDVmMw==","phone_number":"255767134643","service":"Kuwasiliana"} 
2024-10-23 14:01:48 sql10 :
 SELECT * FROM tbl_newpayment where order_id='1000383' ORDER BY reg_date DESC LIMIT 1 
2024-10-23 14:01:48 code :
  
2024-10-23 14:01:48 result_code :
  
2024-10-23 14:01:48 payment_status :
  
2024-10-23 14:01:48 phone_number :
 255767134643 
2024-10-23 14:01:48 Response one :
 {"status":"200","message":"success","result":true} 
2024-10-23 11:08:22 Incomming Request :
 {"api_key":"YTc4YWY3ZWVlZWViODU3YTY5ODUzNTA4ZGU3YzVhYzM1NTdjNjM1MWEyYzA1ODU1ZDhlqA12AjkP0qNTc4ZjU3N2QwMDVmMw==","phone_number":"255767134643","service":"Kuwasiliana"} 
2024-10-23 14:08:22 sql10 :
 SELECT * FROM tbl_newpayment where order_id='1000383' ORDER BY reg_date DESC LIMIT 1 
2024-10-23 14:08:22 code :
  
2024-10-23 14:08:22 result_code :
  
2024-10-23 14:08:22 payment_status :
  
2024-10-23 14:08:22 phone_number :
 255767134643 
2024-10-23 14:08:22 Response one :
 {"status":"200","message":"success","result":true} 
2024-10-23 11:16:55 Incomming Request :
 {"api_key":"YTc4YWY3ZWVlZWViODU3YTY5ODUzNTA4ZGU3YzVhYzM1NTdjNjM1MWEyYzA1ODU1ZDhlqA12AjkP0qNTc4ZjU3N2QwMDVmMw==","service":"Kupakua:https://www.sheriakiganjani.co.tz/uploads/37650-affidavit.pdf","phone_number":"255767134643"} 
2024-10-23 14:16:55 Response two :
 {"status":"200","message":"success","result":true} 
2024-10-23 11:17:18 Incomming Request :
 {"api_key":"YTc4YWY3ZWVlZWViODU3YTY5ODUzNTA4ZGU3YzVhYzM1NTdjNjM1MWEyYzA1ODU1ZDhlqA12AjkP0qNTc4ZjU3N2QwMDVmMw==","service":"Kupakua:https://www.sheriakiganjani.co.tz/uploads/96612-certificate-of-urgency.pdf","phone_number":"255767134643"} 
2024-10-23 14:17:18 Response two :
 {"status":"200","message":"success","result":true} 
2024-10-23 11:19:57 Incomming Request :
 {"api_key":"YTc4YWY3ZWVlZWViODU3YTY5ODUzNTA4ZGU3YzVhYzM1NTdjNjM1MWEyYzA1ODU1ZDhlqA12AjkP0qNTc4ZjU3N2QwMDVmMw==","service":"Kupakua:https://www.sheriakiganjani.co.tz/uploads/1269-mkataba-wa-upangishaji.pdf","phone_number":"255767134643"} 
2024-10-23 14:19:57 Response two :
 {"status":"200","message":"success","result":true} 
2024-10-23 11:22:01 Incomming Request :
 {"api_key":"YTc4YWY3ZWVlZWViODU3YTY5ODUzNTA4ZGU3YzVhYzM1NTdjNjM1MWEyYzA1ODU1ZDhlqA12AjkP0qNTc4ZjU3N2QwMDVmMw==","service":"Kupakua:https://www.sheriakiganjani.co.tz/uploads/28237-cma-f1---referral-letters.pdf","phone_number":"255767134643"} 
2024-10-23 14:22:01 Response two :
 {"status":"200","message":"success","result":true} 
2024-10-23 11:23:01 Incomming Request :
 {"api_key":"YTc4YWY3ZWVlZWViODU3YTY5ODUzNTA4ZGU3YzVhYzM1NTdjNjM1MWEyYzA1ODU1ZDhlqA12AjkP0qNTc4ZjU3N2QwMDVmMw==","service":"Kupakua:https://www.sheriakiganjani.co.tz/uploads/87864-administration-bond.pdf","phone_number":"255767134643"} 
2024-10-23 14:23:01 Response two :
 {"status":"200","message":"success","result":true} 
2024-10-23 11:23:43 Incomming Request :
 {"api_key":"YTc4YWY3ZWVlZWViODU3YTY5ODUzNTA4ZGU3YzVhYzM1NTdjNjM1MWEyYzA1ODU1ZDhlqA12AjkP0qNTc4ZjU3N2QwMDVmMw==","service":"Kupakua:https://www.sheriakiganjani.co.tz/uploads/78386-mkataba-wa-mauziano-ya-kiwanja.pdf","phone_number":"255767134643"} 
2024-10-23 14:23:43 Response two :
 {"status":"200","message":"success","result":true} 
2024-10-23 11:51:44 Incomming Request :
 {"api_key":"YTc4YWY3ZWVlZWViODU3YTY5ODUzNTA4ZGU3YzVhYzM1NTdjNjM1MWEyYzA1ODU1ZDhlqA12AjkP0qNTc4ZjU3N2QwMDVmMw==","service":"Kupakua:https://www.sheriakiganjani.co.tz/uploads/61545-general-contract.pdf","phone_number":"255786923009"} 
2024-10-23 14:51:44 Response two :
 {"status":"200","message":"success","result":true} 
2024-10-23 11:51:59 Incomming Request :
 {"api_key":"YTc4YWY3ZWVlZWViODU3YTY5ODUzNTA4ZGU3YzVhYzM1NTdjNjM1MWEyYzA1ODU1ZDhlqA12AjkP0qNTc4ZjU3N2QwMDVmMw==","service":"Kupakua:https://www.sheriakiganjani.co.tz/uploads/79555-employment-contract.pdf","phone_number":"255623777311"} 
2024-10-23 14:51:59 Response two :
 {"status":"200","message":"success","result":true} 
2024-10-23 12:25:34 Incomming Request :
 {"api_key":"YTc4YWY3ZWVlZWViODU3YTY5ODUzNTA4ZGU3YzVhYzM1NTdjNjM1MWEyYzA1ODU1ZDhlqA12AjkP0qNTc4ZjU3N2QwMDVmMw==","phone_number":"255629091129","service":"Kuwasiliana"} 
2024-10-23 15:25:34 Response two :
 {"status":"200","message":"success","result":true} 
2024-10-23 12:26:13 Incomming Request :
 {"api_key":"YTc4YWY3ZWVlZWViODU3YTY5ODUzNTA4ZGU3YzVhYzM1NTdjNjM1MWEyYzA1ODU1ZDhlqA12AjkP0qNTc4ZjU3N2QwMDVmMw==","service":"Kupakua:https://www.sheriakiganjani.co.tz/uploads/37650-affidavit.pdf","phone_number":"255718877496"} 
2024-10-23 15:26:13 Response two :
 {"status":"200","message":"success","result":true} 
2024-10-23 12:26:51 Incomming Request :
 {"api_key":"YTc4YWY3ZWVlZWViODU3YTY5ODUzNTA4ZGU3YzVhYzM1NTdjNjM1MWEyYzA1ODU1ZDhlqA12AjkP0qNTc4ZjU3N2QwMDVmMw==","service":"Kupakua:https://www.sheriakiganjani.co.tz/uploads/96219-demand-notice.pdf","phone_number":"255718877496"} 
2024-10-23 15:26:51 Response two :
 {"status":"200","message":"success","result":true} 
2024-10-23 12:27:52 Incomming Request :
 {"api_key":"YTc4YWY3ZWVlZWViODU3YTY5ODUzNTA4ZGU3YzVhYzM1NTdjNjM1MWEyYzA1ODU1ZDhlqA12AjkP0qNTc4ZjU3N2QwMDVmMw==","service":"Kupakua:https://www.sheriakiganjani.co.tz/uploads/78386-mkataba-wa-mauziano-ya-kiwanja.pdf","phone_number":"255718877496"} 
2024-10-23 15:27:52 Response two :
 {"status":"200","message":"success","result":true} 
2024-10-23 12:28:23 Incomming Request :
 {"api_key":"YTc4YWY3ZWVlZWViODU3YTY5ODUzNTA4ZGU3YzVhYzM1NTdjNjM1MWEyYzA1ODU1ZDhlqA12AjkP0qNTc4ZjU3N2QwMDVmMw==","service":"Kupakua:https://www.sheriakiganjani.co.tz/uploads/37650-affidavit.pdf","phone_number":"255718877496"} 
2024-10-23 15:28:23 Response two :
 {"status":"200","message":"success","result":true} 
2024-10-23 12:28:49 Incomming Request :
 {"api_key":"YTc4YWY3ZWVlZWViODU3YTY5ODUzNTA4ZGU3YzVhYzM1NTdjNjM1MWEyYzA1ODU1ZDhlqA12AjkP0qNTc4ZjU3N2QwMDVmMw==","service":"Kupakua:https://www.sheriakiganjani.co.tz/uploads/96612-certificate-of-urgency.pdf","phone_number":"255718877496"} 
2024-10-23 15:28:49 Response two :
 {"status":"200","message":"success","result":true} 
2024-10-23 16:25:17 Incomming Request :
 {"api_key":"YTc4YWY3ZWVlZWViODU3YTY5ODUzNTA4ZGU3YzVhYzM1NTdjNjM1MWEyYzA1ODU1ZDhlqA12AjkP0qNTc4ZjU3N2QwMDVmMw==","phone_number":"255756672825","service":"Kuwasiliana"} 
2024-10-23 19:25:17 Response two :
 {"status":"200","message":"success","result":true} 
2024-10-23 18:01:30 Incomming Request :
 {"api_key":"YTc4YWY3ZWVlZWViODU3YTY5ODUzNTA4ZGU3YzVhYzM1NTdjNjM1MWEyYzA1ODU1ZDhlqA12AjkP0qNTc4ZjU3N2QwMDVmMw==","phone_number":"255757466900","service":"Kuwasiliana"} 
2024-10-23 21:01:30 Response two :
 {"status":"200","message":"success","result":true} 
2024-10-23 18:07:01 Incomming Request :
 {"api_key":"YTc4YWY3ZWVlZWViODU3YTY5ODUzNTA4ZGU3YzVhYzM1NTdjNjM1MWEyYzA1ODU1ZDhlqA12AjkP0qNTc4ZjU3N2QwMDVmMw==","phone_number":"255769171638","service":"Kuwasiliana"} 
2024-10-23 21:07:01 Response two :
 {"status":"200","message":"success","result":true} 
2024-10-23 18:13:52 Incomming Request :
 {"api_key":"YTc4YWY3ZWVlZWViODU3YTY5ODUzNTA4ZGU3YzVhYzM1NTdjNjM1MWEyYzA1ODU1ZDhlqA12AjkP0qNTc4ZjU3N2QwMDVmMw==","phone_number":"255768030500","service":"Kuwasiliana"} 
2024-10-23 21:13:52 Response two :
 {"status":"200","message":"success","result":true} 
2024-10-23 18:15:10 Incomming Request :
 {"api_key":"YTc4YWY3ZWVlZWViODU3YTY5ODUzNTA4ZGU3YzVhYzM1NTdjNjM1MWEyYzA1ODU1ZDhlqA12AjkP0qNTc4ZjU3N2QwMDVmMw==","phone_number":"255768030500","service":"Kuwasiliana"} 
2024-10-23 21:15:10 Response two :
 {"status":"200","message":"success","result":true} 
2024-10-23 18:25:46 Incomming Request :
 {"api_key":"YTc4YWY3ZWVlZWViODU3YTY5ODUzNTA4ZGU3YzVhYzM1NTdjNjM1MWEyYzA1ODU1ZDhlqA12AjkP0qNTc4ZjU3N2QwMDVmMw==","service":"Kupakua:https://www.sheriakiganjani.co.tz/uploads/37650-affidavit.pdf","phone_number":"255769171638"} 
2024-10-23 21:25:46 Response two :
 {"status":"200","message":"success","result":true} 
2024-10-23 18:26:19 Incomming Request :
 {"api_key":"YTc4YWY3ZWVlZWViODU3YTY5ODUzNTA4ZGU3YzVhYzM1NTdjNjM1MWEyYzA1ODU1ZDhlqA12AjkP0qNTc4ZjU3N2QwMDVmMw==","service":"Kupakua:https://www.sheriakiganjani.co.tz/uploads/96612-certificate-of-urgency.pdf","phone_number":"255769171638"} 
2024-10-23 21:26:19 Response two :
 {"status":"200","message":"success","result":true} 
2024-10-23 19:26:12 Incomming Request :
 {"api_key":"YTc4YWY3ZWVlZWViODU3YTY5ODUzNTA4ZGU3YzVhYzM1NTdjNjM1MWEyYzA1ODU1ZDhlqA12AjkP0qNTc4ZjU3N2QwMDVmMw==","phone_number":"255656803494","service":"Kuwasiliana"} 
2024-10-23 22:26:12 Response two :
 {"status":"200","message":"success","result":true} 
2024-10-23 19:29:38 Incomming Request :
 {"api_key":"YTc4YWY3ZWVlZWViODU3YTY5ODUzNTA4ZGU3YzVhYzM1NTdjNjM1MWEyYzA1ODU1ZDhlqA12AjkP0qNTc4ZjU3N2QwMDVmMw==","service":"Kupakua:https://www.sheriakiganjani.co.tz/uploads/87864-administration-bond.pdf","phone_number":"255757466900"} 
2024-10-23 22:29:38 Response two :
 {"status":"200","message":"success","result":true} 
2024-10-23 19:30:04 Incomming Request :
 {"api_key":"YTc4YWY3ZWVlZWViODU3YTY5ODUzNTA4ZGU3YzVhYzM1NTdjNjM1MWEyYzA1ODU1ZDhlqA12AjkP0qNTc4ZjU3N2QwMDVmMw==","phone_number":"255755393987","service":"Kuwasiliana"} 
2024-10-23 22:30:04 Response two :
 {"status":"200","message":"success","result":true} 
2024-10-23 19:30:05 Incomming Request :
 {"api_key":"YTc4YWY3ZWVlZWViODU3YTY5ODUzNTA4ZGU3YzVhYzM1NTdjNjM1MWEyYzA1ODU1ZDhlqA12AjkP0qNTc4ZjU3N2QwMDVmMw==","service":"Kupakua:https://www.sheriakiganjani.co.tz/uploads/37650-affidavit.pdf","phone_number":"255757466900"} 
2024-10-23 22:30:05 Response two :
 {"status":"200","message":"success","result":true} 
2024-10-23 19:30:22 Incomming Request :
 {"api_key":"YTc4YWY3ZWVlZWViODU3YTY5ODUzNTA4ZGU3YzVhYzM1NTdjNjM1MWEyYzA1ODU1ZDhlqA12AjkP0qNTc4ZjU3N2QwMDVmMw==","phone_number":"255755393987","service":"Kuwasiliana"} 
2024-10-23 22:30:22 Response two :
 {"status":"200","message":"success","result":true} 
2024-10-23 19:30:36 Incomming Request :
 {"api_key":"YTc4YWY3ZWVlZWViODU3YTY5ODUzNTA4ZGU3YzVhYzM1NTdjNjM1MWEyYzA1ODU1ZDhlqA12AjkP0qNTc4ZjU3N2QwMDVmMw==","phone_number":"255757466900","service":"Kuwasiliana"} 
2024-10-23 22:30:36 Response two :
 {"status":"200","message":"success","result":true} 
2024-10-23 19:48:43 Incomming Request :
 {"api_key":"YTc4YWY3ZWVlZWViODU3YTY5ODUzNTA4ZGU3YzVhYzM1NTdjNjM1MWEyYzA1ODU1ZDhlqA12AjkP0qNTc4ZjU3N2QwMDVmMw==","phone_number":"255788195019","service":"Kuwasiliana"} 
2024-10-23 22:48:43 Response two :
 {"status":"200","message":"success","result":true} 
2024-10-23 19:55:12 Incomming Request :
 {"api_key":"YTc4YWY3ZWVlZWViODU3YTY5ODUzNTA4ZGU3YzVhYzM1NTdjNjM1MWEyYzA1ODU1ZDhlqA12AjkP0qNTc4ZjU3N2QwMDVmMw==","phone_number":"255757466900","service":"Kuwasiliana"} 
2024-10-23 22:55:12 Response two :
 {"status":"200","message":"success","result":true} 
2024-10-23 19:57:40 Incomming Request :
 {"api_key":"YTc4YWY3ZWVlZWViODU3YTY5ODUzNTA4ZGU3YzVhYzM1NTdjNjM1MWEyYzA1ODU1ZDhlqA12AjkP0qNTc4ZjU3N2QwMDVmMw==","service":"Kupakua:https://www.sheriakiganjani.co.tz/uploads/78386-mkataba-wa-mauziano-ya-kiwanja.pdf","phone_number":"255766172843"} 
2024-10-23 22:57:40 Response two :
 {"status":"200","message":"success","result":true} 
2024-10-23 19:58:30 Incomming Request :
 {"api_key":"YTc4YWY3ZWVlZWViODU3YTY5ODUzNTA4ZGU3YzVhYzM1NTdjNjM1MWEyYzA1ODU1ZDhlqA12AjkP0qNTc4ZjU3N2QwMDVmMw==","service":"Kupakua:https://www.sheriakiganjani.co.tz/uploads/1269-mkataba-wa-upangishaji.pdf","phone_number":"255766172843"} 
2024-10-23 22:58:30 Response two :
 {"status":"200","message":"success","result":true} 
2024-10-23 22:29:42 Incomming Request :
 {"api_key":"YTc4YWY3ZWVlZWViODU3YTY5ODUzNTA4ZGU3YzVhYzM1NTdjNjM1MWEyYzA1ODU1ZDhlqA12AjkP0qNTc4ZjU3N2QwMDVmMw==","phone_number":"255679002092","service":"Kuwasiliana"} 
2024-10-24 01:29:42 Response two :
 {"status":"200","message":"success","result":true} 
2024-10-23 23:45:19 Incomming Request :
 {"api_key":"YTc4YWY3ZWVlZWViODU3YTY5ODUzNTA4ZGU3YzVhYzM1NTdjNjM1MWEyYzA1ODU1ZDhlqA12AjkP0qNTc4ZjU3N2QwMDVmMw==","service":"Kupakua:https://www.sheriakiganjani.co.tz/uploads/54381-divorce-petition.pdf","phone_number":"255757528628"} 
2024-10-24 02:45:19 Response two :
 {"status":"200","message":"success","result":true} 
2024-10-23 23:45:23 Incomming Request :
 {"api_key":"YTc4YWY3ZWVlZWViODU3YTY5ODUzNTA4ZGU3YzVhYzM1NTdjNjM1MWEyYzA1ODU1ZDhlqA12AjkP0qNTc4ZjU3N2QwMDVmMw==","service":"Kupakua:https://www.sheriakiganjani.co.tz/uploads/54381-divorce-petition.pdf","phone_number":"255757528628"} 
2024-10-24 02:45:23 Response two :
 {"status":"200","message":"success","result":true} 
2024-10-23 23:46:36 Incomming Request :
 {"api_key":"YTc4YWY3ZWVlZWViODU3YTY5ODUzNTA4ZGU3YzVhYzM1NTdjNjM1MWEyYzA1ODU1ZDhlqA12AjkP0qNTc4ZjU3N2QwMDVmMw==","service":"Kupakua:https://www.sheriakiganjani.co.tz/uploads/78386-mkataba-wa-mauziano-ya-kiwanja.pdf","phone_number":"255757528628"} 
2024-10-24 02:46:36 Response two :
 {"status":"200","message":"success","result":true} 
2024-10-23 23:52:26 Incomming Request :
 {"api_key":"YTc4YWY3ZWVlZWViODU3YTY5ODUzNTA4ZGU3YzVhYzM1NTdjNjM1MWEyYzA1ODU1ZDhlqA12AjkP0qNTc4ZjU3N2QwMDVmMw==","phone_number":"255757528628","service":"Kuwasiliana"} 
2024-10-24 02:52:26 Response two :
 {"status":"200","message":"success","result":true} 