
2024-10-18 05:28:47 Incomming Request :
 {"api_key":"YTc4YWY3ZWVlZWViODU3YTY5ODUzNTA4ZGU3YzVhYzM1NTdjNjM1MWEyYzA1ODU1ZDhlqA12AjkP0qNTc4ZjU3N2QwMDVmMw==","service":"Kupakua:https://www.sheriakiganjani.co.tz/uploads/78386-mkataba-wa-mauziano-ya-kiwanja.pdf","phone_number":"255684821837"} 
2024-10-18 05:28:49 Incomming Request :
 {"api_key":"YTc4YWY3ZWVlZWViODU3YTY5ODUzNTA4ZGU3YzVhYzM1NTdjNjM1MWEyYzA1ODU1ZDhlqA12AjkP0qNTc4ZjU3N2QwMDVmMw==","service":"Kupakua:https://www.sheriakiganjani.co.tz/uploads/78386-mkataba-wa-mauziano-ya-kiwanja.pdf","phone_number":"255684821837"} 
2024-10-18 05:53:59 Incomming Request :
 {"api_key":"YTc4YWY3ZWVlZWViODU3YTY5ODUzNTA4ZGU3YzVhYzM1NTdjNjM1MWEyYzA1ODU1ZDhlqA12AjkP0qNTc4ZjU3N2QwMDVmMw==","phone_number":"255627004186","service":"Kuwasiliana"} 
2024-10-18 05:53:59 Incomming Request :
 {"api_key":"YTc4YWY3ZWVlZWViODU3YTY5ODUzNTA4ZGU3YzVhYzM1NTdjNjM1MWEyYzA1ODU1ZDhlqA12AjkP0qNTc4ZjU3N2QwMDVmMw==","phone_number":"255627004186","service":"Kuwasiliana"} 
2024-10-18 05:54:00 Incomming Request :
 {"api_key":"YTc4YWY3ZWVlZWViODU3YTY5ODUzNTA4ZGU3YzVhYzM1NTdjNjM1MWEyYzA1ODU1ZDhlqA12AjkP0qNTc4ZjU3N2QwMDVmMw==","phone_number":"255627004186","service":"Kuwasiliana"} 
2024-10-18 05:54:01 Incomming Request :
 {"api_key":"YTc4YWY3ZWVlZWViODU3YTY5ODUzNTA4ZGU3YzVhYzM1NTdjNjM1MWEyYzA1ODU1ZDhlqA12AjkP0qNTc4ZjU3N2QwMDVmMw==","phone_number":"255627004186","service":"Kuwasiliana"} 
2024-10-18 05:54:03 Incomming Request :
 {"api_key":"YTc4YWY3ZWVlZWViODU3YTY5ODUzNTA4ZGU3YzVhYzM1NTdjNjM1MWEyYzA1ODU1ZDhlqA12AjkP0qNTc4ZjU3N2QwMDVmMw==","phone_number":"255627004186","service":"Kuwasiliana"} 
2024-10-18 05:54:04 Incomming Request :
 {"api_key":"YTc4YWY3ZWVlZWViODU3YTY5ODUzNTA4ZGU3YzVhYzM1NTdjNjM1MWEyYzA1ODU1ZDhlqA12AjkP0qNTc4ZjU3N2QwMDVmMw==","phone_number":"255627004186","service":"Kuwasiliana"} 
2024-10-18 05:54:06 Incomming Request :
 {"api_key":"YTc4YWY3ZWVlZWViODU3YTY5ODUzNTA4ZGU3YzVhYzM1NTdjNjM1MWEyYzA1ODU1ZDhlqA12AjkP0qNTc4ZjU3N2QwMDVmMw==","phone_number":"255627004186","service":"Kuwasiliana"} 
2024-10-18 05:54:06 Incomming Request :
 {"api_key":"YTc4YWY3ZWVlZWViODU3YTY5ODUzNTA4ZGU3YzVhYzM1NTdjNjM1MWEyYzA1ODU1ZDhlqA12AjkP0qNTc4ZjU3N2QwMDVmMw==","phone_number":"255627004186","service":"Kuwasiliana"} 
2024-10-18 06:55:37 Incomming Request :
 {"api_key":"YTc4YWY3ZWVlZWViODU3YTY5ODUzNTA4ZGU3YzVhYzM1NTdjNjM1MWEyYzA1ODU1ZDhlqA12AjkP0qNTc4ZjU3N2QwMDVmMw==","service":"Kupakua:https://www.sheriakiganjani.co.tz/uploads/42597-plaint.pdf","phone_number":""} 
2024-10-18 09:55:37 Response two :
 {"status":"200","message":"success","result":true} 
2024-10-18 07:18:54 Incomming Request :
 {"api_key":"YTc4YWY3ZWVlZWViODU3YTY5ODUzNTA4ZGU3YzVhYzM1NTdjNjM1MWEyYzA1ODU1ZDhlqA12AjkP0qNTc4ZjU3N2QwMDVmMw==","phone_number":"255676767423","service":"Kuwasiliana"} 
2024-10-18 10:18:54 Response two :
 {"status":"200","message":"success","result":true} 
2024-10-18 07:26:35 Incomming Request :
 {"api_key":"YTc4YWY3ZWVlZWViODU3YTY5ODUzNTA4ZGU3YzVhYzM1NTdjNjM1MWEyYzA1ODU1ZDhlqA12AjkP0qNTc4ZjU3N2QwMDVmMw==","phone_number":"255692993219","service":"Kuwasiliana"} 
2024-10-18 10:26:35 Response two :
 {"status":"200","message":"success","result":true} 
2024-10-18 07:28:39 Incomming Request :
 {"api_key":"YTc4YWY3ZWVlZWViODU3YTY5ODUzNTA4ZGU3YzVhYzM1NTdjNjM1MWEyYzA1ODU1ZDhlqA12AjkP0qNTc4ZjU3N2QwMDVmMw==","phone_number":"255692993219","service":"Kuwasiliana"} 
2024-10-18 10:28:39 sql10 :
 SELECT * FROM tbl_newpayment where order_id='1000374' ORDER BY reg_date DESC LIMIT 1 
2024-10-18 10:28:39 code :
  
2024-10-18 10:28:39 result_code :
  
2024-10-18 10:28:39 payment_status :
  
2024-10-18 10:28:39 phone_number :
 255692993219 
2024-10-18 10:28:39 Response one :
 {"status":"200","message":"success","result":true} 
2024-10-18 07:35:15 Incomming Request :
 {"api_key":"YTc4YWY3ZWVlZWViODU3YTY5ODUzNTA4ZGU3YzVhYzM1NTdjNjM1MWEyYzA1ODU1ZDhlqA12AjkP0qNTc4ZjU3N2QwMDVmMw==","service":"Kupakua:https://www.sheriakiganjani.co.tz/uploads/37650-affidavit.pdf","phone_number":"255757824461"} 
2024-10-18 10:35:15 Response two :
 {"status":"200","message":"success","result":true} 
2024-10-18 07:35:49 Incomming Request :
 {"api_key":"YTc4YWY3ZWVlZWViODU3YTY5ODUzNTA4ZGU3YzVhYzM1NTdjNjM1MWEyYzA1ODU1ZDhlqA12AjkP0qNTc4ZjU3N2QwMDVmMw==","service":"Kupakua:https://www.sheriakiganjani.co.tz/uploads/42597-plaint.pdf","phone_number":"255757824461"} 
2024-10-18 10:35:49 Response two :
 {"status":"200","message":"success","result":true} 
2024-10-18 09:28:16 Incomming Request :
 {"api_key":"YTc4YWY3ZWVlZWViODU3YTY5ODUzNTA4ZGU3YzVhYzM1NTdjNjM1MWEyYzA1ODU1ZDhlqA12AjkP0qNTc4ZjU3N2QwMDVmMw==","service":"Kupakua:https://www.sheriakiganjani.co.tz/uploads/23680-sample-lease-agreement.pdf","phone_number":"255788632217"} 
2024-10-18 12:28:16 Response two :
 {"status":"200","message":"success","result":true} 
2024-10-18 09:29:23 Incomming Request :
 {"api_key":"YTc4YWY3ZWVlZWViODU3YTY5ODUzNTA4ZGU3YzVhYzM1NTdjNjM1MWEyYzA1ODU1ZDhlqA12AjkP0qNTc4ZjU3N2QwMDVmMw==","phone_number":"255788632217","service":"Kuwasiliana"} 
2024-10-18 12:29:23 Response two :
 {"status":"200","message":"success","result":true} 
2024-10-18 09:42:50 Incomming Request :
 {"api_key":"YTc4YWY3ZWVlZWViODU3YTY5ODUzNTA4ZGU3YzVhYzM1NTdjNjM1MWEyYzA1ODU1ZDhlqA12AjkP0qNTc4ZjU3N2QwMDVmMw==","service":"Kupakua:https://www.sheriakiganjani.co.tz/uploads/23680-sample-lease-agreement.pdf","phone_number":"255784905309"} 
2024-10-18 12:42:50 Response two :
 {"status":"200","message":"success","result":true} 
2024-10-18 09:50:17 Incomming Request :
 {"api_key":"YTc4YWY3ZWVlZWViODU3YTY5ODUzNTA4ZGU3YzVhYzM1NTdjNjM1MWEyYzA1ODU1ZDhlqA12AjkP0qNTc4ZjU3N2QwMDVmMw==","service":"Kupakua:https://www.sheriakiganjani.co.tz/uploads/1269-mkataba-wa-upangishaji.pdf","phone_number":"255763595870"} 
2024-10-18 12:50:17 Response two :
 {"status":"200","message":"success","result":true} 
2024-10-18 09:50:56 Incomming Request :
 {"api_key":"YTc4YWY3ZWVlZWViODU3YTY5ODUzNTA4ZGU3YzVhYzM1NTdjNjM1MWEyYzA1ODU1ZDhlqA12AjkP0qNTc4ZjU3N2QwMDVmMw==","service":"Kupakua:https://www.sheriakiganjani.co.tz/uploads/78386-mkataba-wa-mauziano-ya-kiwanja.pdf","phone_number":"255763595870"} 
2024-10-18 12:50:56 Response two :
 {"status":"200","message":"success","result":true} 
2024-10-18 09:51:11 Incomming Request :
 {"api_key":"YTc4YWY3ZWVlZWViODU3YTY5ODUzNTA4ZGU3YzVhYzM1NTdjNjM1MWEyYzA1ODU1ZDhlqA12AjkP0qNTc4ZjU3N2QwMDVmMw==","service":"Kupakua:https://www.sheriakiganjani.co.tz/uploads/78386-mkataba-wa-mauziano-ya-kiwanja.pdf","phone_number":"255763595870"} 
2024-10-18 12:51:11 Response two :
 {"status":"200","message":"success","result":true} 
2024-10-18 09:51:30 Incomming Request :
 {"api_key":"YTc4YWY3ZWVlZWViODU3YTY5ODUzNTA4ZGU3YzVhYzM1NTdjNjM1MWEyYzA1ODU1ZDhlqA12AjkP0qNTc4ZjU3N2QwMDVmMw==","service":"Kupakua:https://www.sheriakiganjani.co.tz/uploads/78386-mkataba-wa-mauziano-ya-kiwanja.pdf","phone_number":"255763595870"} 
2024-10-18 12:51:30 Response two :
 {"status":"200","message":"success","result":true} 
2024-10-18 09:51:45 Incomming Request :
 {"api_key":"YTc4YWY3ZWVlZWViODU3YTY5ODUzNTA4ZGU3YzVhYzM1NTdjNjM1MWEyYzA1ODU1ZDhlqA12AjkP0qNTc4ZjU3N2QwMDVmMw==","service":"Kupakua:https://www.sheriakiganjani.co.tz/uploads/2124-hati-ya-ushirikiano.pdf","phone_number":"255763595870"} 
2024-10-18 12:51:45 Response two :
 {"status":"200","message":"success","result":true} 
2024-10-18 09:55:32 Incomming Request :
 {"api_key":"YTc4YWY3ZWVlZWViODU3YTY5ODUzNTA4ZGU3YzVhYzM1NTdjNjM1MWEyYzA1ODU1ZDhlqA12AjkP0qNTc4ZjU3N2QwMDVmMw==","phone_number":"255687482688","service":"Kuwasiliana"} 
2024-10-18 12:55:32 Response two :
 {"status":"200","message":"success","result":true} 
2024-10-18 10:00:57 Incomming Request :
 {"api_key":"YTc4YWY3ZWVlZWViODU3YTY5ODUzNTA4ZGU3YzVhYzM1NTdjNjM1MWEyYzA1ODU1ZDhlqA12AjkP0qNTc4ZjU3N2QwMDVmMw==","phone_number":"255764476541","service":"Kuwasiliana"} 
2024-10-18 13:00:57 Response two :
 {"status":"200","message":"success","result":true} 
2024-10-18 10:05:13 Incomming Request :
 {"api_key":"YTc4YWY3ZWVlZWViODU3YTY5ODUzNTA4ZGU3YzVhYzM1NTdjNjM1MWEyYzA1ODU1ZDhlqA12AjkP0qNTc4ZjU3N2QwMDVmMw==","phone_number":"255653210605","service":"Kuwasiliana"} 
2024-10-18 13:05:13 Response two :
 {"status":"200","message":"success","result":true} 
2024-10-18 10:37:57 Incomming Request :
 {"api_key":"YTc4YWY3ZWVlZWViODU3YTY5ODUzNTA4ZGU3YzVhYzM1NTdjNjM1MWEyYzA1ODU1ZDhlqA12AjkP0qNTc4ZjU3N2QwMDVmMw==","service":"Kupakua:https://www.sheriakiganjani.co.tz/uploads/61545-general-contract.pdf","phone_number":"255615842100"} 
2024-10-18 13:37:57 Response two :
 {"status":"200","message":"success","result":true} 
2024-10-18 11:29:03 Incomming Request :
 {"api_key":"YTc4YWY3ZWVlZWViODU3YTY5ODUzNTA4ZGU3YzVhYzM1NTdjNjM1MWEyYzA1ODU1ZDhlqA12AjkP0qNTc4ZjU3N2QwMDVmMw==","phone_number":"255684715945","service":"Kuwasiliana"} 
2024-10-18 14:29:03 Response two :
 {"status":"200","message":"success","result":true} 
2024-10-18 11:31:44 Incomming Request :
 {"api_key":"YTc4YWY3ZWVlZWViODU3YTY5ODUzNTA4ZGU3YzVhYzM1NTdjNjM1MWEyYzA1ODU1ZDhlqA12AjkP0qNTc4ZjU3N2QwMDVmMw==","phone_number":"255684715945","service":"Kuwasiliana"} 
2024-10-18 14:31:44 Response two :
 {"status":"200","message":"success","result":true} 
2024-10-18 11:33:00 Incomming Request :
 {"api_key":"YTc4YWY3ZWVlZWViODU3YTY5ODUzNTA4ZGU3YzVhYzM1NTdjNjM1MWEyYzA1ODU1ZDhlqA12AjkP0qNTc4ZjU3N2QwMDVmMw==","service":"Kupakua:https://www.sheriakiganjani.co.tz/uploads/37650-affidavit.pdf","phone_number":"255623280026"} 
2024-10-18 14:33:00 Response two :
 {"status":"200","message":"success","result":true} 
2024-10-18 11:33:26 Incomming Request :
 {"api_key":"YTc4YWY3ZWVlZWViODU3YTY5ODUzNTA4ZGU3YzVhYzM1NTdjNjM1MWEyYzA1ODU1ZDhlqA12AjkP0qNTc4ZjU3N2QwMDVmMw==","phone_number":"255711847019","service":"Kuwasiliana"} 
2024-10-18 14:33:26 Response two :
 {"status":"200","message":"success","result":true} 
2024-10-18 11:34:39 Incomming Request :
 {"api_key":"YTc4YWY3ZWVlZWViODU3YTY5ODUzNTA4ZGU3YzVhYzM1NTdjNjM1MWEyYzA1ODU1ZDhlqA12AjkP0qNTc4ZjU3N2QwMDVmMw==","phone_number":"255711847019","service":"Kuwasiliana"} 
2024-10-18 14:34:39 Response two :
 {"status":"200","message":"success","result":true} 
2024-10-18 12:00:58 Incomming Request :
 {"api_key":"YTc4YWY3ZWVlZWViODU3YTY5ODUzNTA4ZGU3YzVhYzM1NTdjNjM1MWEyYzA1ODU1ZDhlqA12AjkP0qNTc4ZjU3N2QwMDVmMw==","service":"Kupakua:https://www.sheriakiganjani.co.tz/uploads/56830-affidavit-proof-of-residence.pdf","phone_number":"255684715945"} 
2024-10-18 15:00:58 Response two :
 {"status":"200","message":"success","result":true} 
2024-10-18 12:12:07 Incomming Request :
 {"api_key":"YTc4YWY3ZWVlZWViODU3YTY5ODUzNTA4ZGU3YzVhYzM1NTdjNjM1MWEyYzA1ODU1ZDhlqA12AjkP0qNTc4ZjU3N2QwMDVmMw==","service":"Kupakua:https://www.sheriakiganjani.co.tz/uploads/37650-affidavit.pdf","phone_number":"255765061234"} 
2024-10-18 15:12:07 Response two :
 {"status":"200","message":"success","result":true} 
2024-10-18 13:21:43 Incomming Request :
 {"api_key":"YTc4YWY3ZWVlZWViODU3YTY5ODUzNTA4ZGU3YzVhYzM1NTdjNjM1MWEyYzA1ODU1ZDhlqA12AjkP0qNTc4ZjU3N2QwMDVmMw==","phone_number":"255789322203","service":"Kuwasiliana"} 
2024-10-18 16:21:43 Response two :
 {"status":"200","message":"success","result":true} 
2024-10-18 13:35:28 Incomming Request :
 {"api_key":"YTc4YWY3ZWVlZWViODU3YTY5ODUzNTA4ZGU3YzVhYzM1NTdjNjM1MWEyYzA1ODU1ZDhlqA12AjkP0qNTc4ZjU3N2QwMDVmMw==","phone_number":"255652041560","service":"Kuwasiliana"} 
2024-10-18 16:35:28 Response two :
 {"status":"200","message":"success","result":true} 
2024-10-18 13:36:27 Incomming Request :
 {"api_key":"YTc4YWY3ZWVlZWViODU3YTY5ODUzNTA4ZGU3YzVhYzM1NTdjNjM1MWEyYzA1ODU1ZDhlqA12AjkP0qNTc4ZjU3N2QwMDVmMw==","phone_number":"255652041560","service":"Kuwasiliana"} 
2024-10-18 16:36:27 Response two :
 {"status":"200","message":"success","result":true} 
2024-10-18 13:37:26 Incomming Request :
 {"api_key":"YTc4YWY3ZWVlZWViODU3YTY5ODUzNTA4ZGU3YzVhYzM1NTdjNjM1MWEyYzA1ODU1ZDhlqA12AjkP0qNTc4ZjU3N2QwMDVmMw==","service":"Kupakua:https://www.sheriakiganjani.co.tz/uploads/62423-chamber-summons.pdf","phone_number":"255652041560"} 
2024-10-18 16:37:26 Response two :
 {"status":"200","message":"success","result":true} 
2024-10-18 13:37:45 Incomming Request :
 {"api_key":"YTc4YWY3ZWVlZWViODU3YTY5ODUzNTA4ZGU3YzVhYzM1NTdjNjM1MWEyYzA1ODU1ZDhlqA12AjkP0qNTc4ZjU3N2QwMDVmMw==","service":"Kupakua:https://www.sheriakiganjani.co.tz/uploads/61545-general-contract.pdf","phone_number":"255652041560"} 
2024-10-18 16:37:45 Response two :
 {"status":"200","message":"success","result":true} 
2024-10-18 13:51:19 Incomming Request :
 {"api_key":"YTc4YWY3ZWVlZWViODU3YTY5ODUzNTA4ZGU3YzVhYzM1NTdjNjM1MWEyYzA1ODU1ZDhlqA12AjkP0qNTc4ZjU3N2QwMDVmMw==","phone_number":"255785849882","service":"Kuwasiliana"} 
2024-10-18 16:51:19 Response two :
 {"status":"200","message":"success","result":true} 
2024-10-18 14:03:03 Incomming Request :
 {"api_key":"YTc4YWY3ZWVlZWViODU3YTY5ODUzNTA4ZGU3YzVhYzM1NTdjNjM1MWEyYzA1ODU1ZDhlqA12AjkP0qNTc4ZjU3N2QwMDVmMw==","service":"Kupakua:https://www.sheriakiganjani.co.tz/uploads/43177-deed-poll-plain.pdf","phone_number":"255785849882"} 
2024-10-18 17:03:03 Response two :
 {"status":"200","message":"success","result":true} 
2024-10-18 15:24:10 Incomming Request :
 {"api_key":"YTc4YWY3ZWVlZWViODU3YTY5ODUzNTA4ZGU3YzVhYzM1NTdjNjM1MWEyYzA1ODU1ZDhlqA12AjkP0qNTc4ZjU3N2QwMDVmMw==","service":"Kupakua:https://www.sheriakiganjani.co.tz/uploads/37650-affidavit.pdf","phone_number":"255688982646"} 
2024-10-18 18:24:10 Response two :
 {"status":"200","message":"success","result":true} 
2024-10-18 16:33:06 Incomming Request :
 {"api_key":"YTc4YWY3ZWVlZWViODU3YTY5ODUzNTA4ZGU3YzVhYzM1NTdjNjM1MWEyYzA1ODU1ZDhlqA12AjkP0qNTc4ZjU3N2QwMDVmMw==","service":"Kupakua:https://www.sheriakiganjani.co.tz/uploads/67788-sale-agreementt.pdf","phone_number":"255688982646"} 
2024-10-18 19:33:06 Response two :
 {"status":"200","message":"success","result":true} 
2024-10-18 16:36:31 Incomming Request :
 {"api_key":"YTc4YWY3ZWVlZWViODU3YTY5ODUzNTA4ZGU3YzVhYzM1NTdjNjM1MWEyYzA1ODU1ZDhlqA12AjkP0qNTc4ZjU3N2QwMDVmMw==","phone_number":"255684821837","service":"Kuwasiliana"} 
2024-10-18 19:36:31 Response two :
 {"status":"200","message":"success","result":true} 
2024-10-18 17:24:01 Incomming Request :
 {"api_key":"YTc4YWY3ZWVlZWViODU3YTY5ODUzNTA4ZGU3YzVhYzM1NTdjNjM1MWEyYzA1ODU1ZDhlqA12AjkP0qNTc4ZjU3N2QwMDVmMw==","service":"Kupakua:https://www.sheriakiganjani.co.tz/uploads/52172-search--report.pdf","phone_number":"255676441663"} 
2024-10-18 20:24:01 Response two :
 {"status":"200","message":"success","result":true} 
2024-10-18 18:30:10 Incomming Request :
 {"api_key":"YTc4YWY3ZWVlZWViODU3YTY5ODUzNTA4ZGU3YzVhYzM1NTdjNjM1MWEyYzA1ODU1ZDhlqA12AjkP0qNTc4ZjU3N2QwMDVmMw==","phone_number":"255753654505","service":"Kuwasiliana"} 
2024-10-18 21:30:10 Response two :
 {"status":"200","message":"success","result":true} 
2024-10-18 18:36:53 Incomming Request :
 {"api_key":"YTc4YWY3ZWVlZWViODU3YTY5ODUzNTA4ZGU3YzVhYzM1NTdjNjM1MWEyYzA1ODU1ZDhlqA12AjkP0qNTc4ZjU3N2QwMDVmMw==","phone_number":"255688838268","service":"Kuwasiliana"} 
2024-10-18 21:36:53 Response two :
 {"status":"200","message":"success","result":true} 
2024-10-18 19:21:33 Incomming Request :
 {"api_key":"YTc4YWY3ZWVlZWViODU3YTY5ODUzNTA4ZGU3YzVhYzM1NTdjNjM1MWEyYzA1ODU1ZDhlqA12AjkP0qNTc4ZjU3N2QwMDVmMw==","service":"Kupakua:https://www.sheriakiganjani.co.tz/uploads/1269-mkataba-wa-upangishaji.pdf","phone_number":"255747364990"} 
2024-10-18 22:21:33 Response two :
 {"status":"200","message":"success","result":true} 
2024-10-18 19:42:17 Incomming Request :
 {"api_key":"YTc4YWY3ZWVlZWViODU3YTY5ODUzNTA4ZGU3YzVhYzM1NTdjNjM1MWEyYzA1ODU1ZDhlqA12AjkP0qNTc4ZjU3N2QwMDVmMw==","service":"Kupakua:https://www.sheriakiganjani.co.tz/uploads/43177-deed-poll-plain.pdf","phone_number":"255764252144"} 
2024-10-18 22:42:17 Response two :
 {"status":"200","message":"success","result":true} 
2024-10-18 19:42:48 Incomming Request :
 {"api_key":"YTc4YWY3ZWVlZWViODU3YTY5ODUzNTA4ZGU3YzVhYzM1NTdjNjM1MWEyYzA1ODU1ZDhlqA12AjkP0qNTc4ZjU3N2QwMDVmMw==","service":"Kupakua:https://www.sheriakiganjani.co.tz/uploads/78386-mkataba-wa-mauziano-ya-kiwanja.pdf","phone_number":"255764252144"} 
2024-10-18 22:42:48 Response two :
 {"status":"200","message":"success","result":true} 
2024-10-18 19:43:53 Incomming Request :
 {"api_key":"YTc4YWY3ZWVlZWViODU3YTY5ODUzNTA4ZGU3YzVhYzM1NTdjNjM1MWEyYzA1ODU1ZDhlqA12AjkP0qNTc4ZjU3N2QwMDVmMw==","service":"Kupakua:https://www.sheriakiganjani.co.tz/uploads/37650-affidavit.pdf","phone_number":"255752323585"} 
2024-10-18 22:43:53 Response two :
 {"status":"200","message":"success","result":true} 
2024-10-18 19:44:05 Incomming Request :
 {"api_key":"YTc4YWY3ZWVlZWViODU3YTY5ODUzNTA4ZGU3YzVhYzM1NTdjNjM1MWEyYzA1ODU1ZDhlqA12AjkP0qNTc4ZjU3N2QwMDVmMw==","service":"Kupakua:https://www.sheriakiganjani.co.tz/uploads/96612-certificate-of-urgency.pdf","phone_number":"255752323585"} 
2024-10-18 22:44:05 Response two :
 {"status":"200","message":"success","result":true} 
2024-10-18 19:44:18 Incomming Request :
 {"api_key":"YTc4YWY3ZWVlZWViODU3YTY5ODUzNTA4ZGU3YzVhYzM1NTdjNjM1MWEyYzA1ODU1ZDhlqA12AjkP0qNTc4ZjU3N2QwMDVmMw==","service":"Kupakua:https://www.sheriakiganjani.co.tz/uploads/62423-chamber-summons.pdf","phone_number":"255752323585"} 
2024-10-18 22:44:18 Response two :
 {"status":"200","message":"success","result":true} 
2024-10-18 19:44:40 Incomming Request :
 {"api_key":"YTc4YWY3ZWVlZWViODU3YTY5ODUzNTA4ZGU3YzVhYzM1NTdjNjM1MWEyYzA1ODU1ZDhlqA12AjkP0qNTc4ZjU3N2QwMDVmMw==","service":"Kupakua:https://www.sheriakiganjani.co.tz/uploads/43177-deed-poll-plain.pdf","phone_number":"255752323585"} 
2024-10-18 22:44:40 Response two :
 {"status":"200","message":"success","result":true} 
2024-10-18 19:45:15 Incomming Request :
 {"api_key":"YTc4YWY3ZWVlZWViODU3YTY5ODUzNTA4ZGU3YzVhYzM1NTdjNjM1MWEyYzA1ODU1ZDhlqA12AjkP0qNTc4ZjU3N2QwMDVmMw==","service":"Kupakua:https://www.sheriakiganjani.co.tz/uploads/96219-demand-notice.pdf","phone_number":"255752323585"} 
2024-10-18 22:45:15 Response two :
 {"status":"200","message":"success","result":true} 
2024-10-18 19:45:23 Incomming Request :
 {"api_key":"YTc4YWY3ZWVlZWViODU3YTY5ODUzNTA4ZGU3YzVhYzM1NTdjNjM1MWEyYzA1ODU1ZDhlqA12AjkP0qNTc4ZjU3N2QwMDVmMw==","service":"Kupakua:https://www.sheriakiganjani.co.tz/uploads/78386-mkataba-wa-mauziano-ya-kiwanja.pdf","phone_number":"255752323585"} 
2024-10-18 22:45:23 Response two :
 {"status":"200","message":"success","result":true} 
2024-10-18 19:47:31 Incomming Request :
 {"api_key":"YTc4YWY3ZWVlZWViODU3YTY5ODUzNTA4ZGU3YzVhYzM1NTdjNjM1MWEyYzA1ODU1ZDhlqA12AjkP0qNTc4ZjU3N2QwMDVmMw==","phone_number":"255752323585","service":"Kuwasiliana"} 
2024-10-18 22:47:31 Response two :
 {"status":"200","message":"success","result":true} 
2024-10-18 19:49:37 Incomming Request :
 {"api_key":"YTc4YWY3ZWVlZWViODU3YTY5ODUzNTA4ZGU3YzVhYzM1NTdjNjM1MWEyYzA1ODU1ZDhlqA12AjkP0qNTc4ZjU3N2QwMDVmMw==","phone_number":"255752323585","service":"Kuwasiliana"} 
2024-10-18 22:49:37 Response two :
 {"status":"200","message":"success","result":true} 
2024-10-18 20:16:12 Incomming Request :
 {"api_key":"YTc4YWY3ZWVlZWViODU3YTY5ODUzNTA4ZGU3YzVhYzM1NTdjNjM1MWEyYzA1ODU1ZDhlqA12AjkP0qNTc4ZjU3N2QwMDVmMw==","service":"Kupakua:https://www.sheriakiganjani.co.tz/uploads/78386-mkataba-wa-mauziano-ya-kiwanja.pdf","phone_number":"255626716766"} 
2024-10-18 23:16:12 Response two :
 {"status":"200","message":"success","result":true} 
2024-10-18 20:16:49 Incomming Request :
 {"api_key":"YTc4YWY3ZWVlZWViODU3YTY5ODUzNTA4ZGU3YzVhYzM1NTdjNjM1MWEyYzA1ODU1ZDhlqA12AjkP0qNTc4ZjU3N2QwMDVmMw==","service":"Kupakua:https://www.sheriakiganjani.co.tz/uploads/43177-deed-poll-plain.pdf","phone_number":"255626716766"} 
2024-10-18 23:16:49 Response two :
 {"status":"200","message":"success","result":true} 
2024-10-18 20:17:00 Incomming Request :
 {"api_key":"YTc4YWY3ZWVlZWViODU3YTY5ODUzNTA4ZGU3YzVhYzM1NTdjNjM1MWEyYzA1ODU1ZDhlqA12AjkP0qNTc4ZjU3N2QwMDVmMw==","service":"Kupakua:https://www.sheriakiganjani.co.tz/uploads/37650-affidavit.pdf","phone_number":"255626716766"} 
2024-10-18 23:17:00 Response two :
 {"status":"200","message":"success","result":true} 
2024-10-18 20:17:13 Incomming Request :
 {"api_key":"YTc4YWY3ZWVlZWViODU3YTY5ODUzNTA4ZGU3YzVhYzM1NTdjNjM1MWEyYzA1ODU1ZDhlqA12AjkP0qNTc4ZjU3N2QwMDVmMw==","service":"Kupakua:https://www.sheriakiganjani.co.tz/uploads/96612-certificate-of-urgency.pdf","phone_number":"255626716766"} 
2024-10-18 23:17:13 Response two :
 {"status":"200","message":"success","result":true} 
2024-10-18 20:18:40 Incomming Request :
 {"api_key":"YTc4YWY3ZWVlZWViODU3YTY5ODUzNTA4ZGU3YzVhYzM1NTdjNjM1MWEyYzA1ODU1ZDhlqA12AjkP0qNTc4ZjU3N2QwMDVmMw==","phone_number":"255626716766","service":"Kuwasiliana"} 
2024-10-18 23:18:40 Response two :
 {"status":"200","message":"success","result":true} 
2024-10-18 20:24:20 Incomming Request :
 {"api_key":"YTc4YWY3ZWVlZWViODU3YTY5ODUzNTA4ZGU3YzVhYzM1NTdjNjM1MWEyYzA1ODU1ZDhlqA12AjkP0qNTc4ZjU3N2QwMDVmMw==","phone_number":"255623280026","service":"Kuwasiliana"} 
2024-10-18 23:24:20 Response two :
 {"status":"200","message":"success","result":true} 
2024-10-18 20:26:20 Incomming Request :
 {"api_key":"YTc4YWY3ZWVlZWViODU3YTY5ODUzNTA4ZGU3YzVhYzM1NTdjNjM1MWEyYzA1ODU1ZDhlqA12AjkP0qNTc4ZjU3N2QwMDVmMw==","phone_number":"255626716766","service":"Kuwasiliana"} 
2024-10-18 23:26:20 Response two :
 {"status":"200","message":"success","result":true} 
2024-10-18 20:26:59 Incomming Request :
 {"api_key":"YTc4YWY3ZWVlZWViODU3YTY5ODUzNTA4ZGU3YzVhYzM1NTdjNjM1MWEyYzA1ODU1ZDhlqA12AjkP0qNTc4ZjU3N2QwMDVmMw==","phone_number":"255626716766","service":"Kuwasiliana"} 
2024-10-18 23:26:59 Response two :
 {"status":"200","message":"success","result":true} 
2024-10-18 21:17:51 Incomming Request :
 {"api_key":"YTc4YWY3ZWVlZWViODU3YTY5ODUzNTA4ZGU3YzVhYzM1NTdjNjM1MWEyYzA1ODU1ZDhlqA12AjkP0qNTc4ZjU3N2QwMDVmMw==","service":"Kupakua:https://www.sheriakiganjani.co.tz/uploads/42597-plaint.pdf","phone_number":"255626716766"} 
2024-10-19 00:17:51 Response two :
 {"status":"200","message":"success","result":true} 
2024-10-18 21:33:58 Incomming Request :
 {"api_key":"YTc4YWY3ZWVlZWViODU3YTY5ODUzNTA4ZGU3YzVhYzM1NTdjNjM1MWEyYzA1ODU1ZDhlqA12AjkP0qNTc4ZjU3N2QwMDVmMw==","phone_number":"255763490688","service":"Kuwasiliana"} 
2024-10-19 00:33:58 Response two :
 {"status":"200","message":"success","result":true} 
2024-10-18 21:36:39 Incomming Request :
 {"api_key":"YTc4YWY3ZWVlZWViODU3YTY5ODUzNTA4ZGU3YzVhYzM1NTdjNjM1MWEyYzA1ODU1ZDhlqA12AjkP0qNTc4ZjU3N2QwMDVmMw==","phone_number":"255763490688","service":"Kuwasiliana"} 
2024-10-19 00:36:39 Response two :
 {"status":"200","message":"success","result":true} 
2024-10-18 23:19:30 Incomming Request :
 {"api_key":"YTc4YWY3ZWVlZWViODU3YTY5ODUzNTA4ZGU3YzVhYzM1NTdjNjM1MWEyYzA1ODU1ZDhlqA12AjkP0qNTc4ZjU3N2QwMDVmMw==","phone_number":"255616380768","service":"Kuwasiliana"} 
2024-10-19 02:19:30 Response two :
 {"status":"200","message":"success","result":true} 
2024-10-18 23:20:25 Incomming Request :
 {"api_key":"YTc4YWY3ZWVlZWViODU3YTY5ODUzNTA4ZGU3YzVhYzM1NTdjNjM1MWEyYzA1ODU1ZDhlqA12AjkP0qNTc4ZjU3N2QwMDVmMw==","phone_number":"255616380768","service":"Kuwasiliana"} 
2024-10-19 02:20:25 Response two :
 {"status":"200","message":"success","result":true} 
2024-10-18 23:41:07 Incomming Request :
 {"api_key":"YTc4YWY3ZWVlZWViODU3YTY5ODUzNTA4ZGU3YzVhYzM1NTdjNjM1MWEyYzA1ODU1ZDhlqA12AjkP0qNTc4ZjU3N2QwMDVmMw==","service":"Kupakua:https://www.sheriakiganjani.co.tz/uploads/56830-affidavit-proof-of-residence.pdf","phone_number":"255616380768"} 
2024-10-19 02:41:07 Response two :
 {"status":"200","message":"success","result":true} 