
2024-10-22 02:00:02 Incomming Request :
 {"api_key":"YTc4YWY3ZWVlZWViODU3YTY5ODUzNTA4ZGU3YzVhYzM1NTdjNjM1MWEyYzA1ODU1ZDhlqA12AjkP0qNTc4ZjU3N2QwMDVmMw==","phone_number":"255752180218","service":"Kuwasiliana"} 
2024-10-22 05:00:02 Response two :
 {"status":"200","message":"success","result":true} 
2024-10-22 02:05:02 Incomming Request :
 {"api_key":"YTc4YWY3ZWVlZWViODU3YTY5ODUzNTA4ZGU3YzVhYzM1NTdjNjM1MWEyYzA1ODU1ZDhlqA12AjkP0qNTc4ZjU3N2QwMDVmMw==","phone_number":"255752180218","service":"Kuwasiliana"} 
2024-10-22 05:05:02 Response two :
 {"status":"200","message":"success","result":true} 
2024-10-22 02:07:12 Incomming Request :
 {"api_key":"YTc4YWY3ZWVlZWViODU3YTY5ODUzNTA4ZGU3YzVhYzM1NTdjNjM1MWEyYzA1ODU1ZDhlqA12AjkP0qNTc4ZjU3N2QwMDVmMw==","service":"Kupakua:https://www.sheriakiganjani.co.tz/uploads/54381-divorce-petition.pdf","phone_number":"255758005488"} 
2024-10-22 05:07:12 Response two :
 {"status":"200","message":"success","result":true} 
2024-10-22 02:08:05 Incomming Request :
 {"api_key":"YTc4YWY3ZWVlZWViODU3YTY5ODUzNTA4ZGU3YzVhYzM1NTdjNjM1MWEyYzA1ODU1ZDhlqA12AjkP0qNTc4ZjU3N2QwMDVmMw==","service":"Kupakua:https://www.sheriakiganjani.co.tz/uploads/54381-divorce-petition.pdf","phone_number":"255758005488"} 
2024-10-22 05:08:05 Response two :
 {"status":"200","message":"success","result":true} 
2024-10-22 02:17:04 Incomming Request :
 {"api_key":"YTc4YWY3ZWVlZWViODU3YTY5ODUzNTA4ZGU3YzVhYzM1NTdjNjM1MWEyYzA1ODU1ZDhlqA12AjkP0qNTc4ZjU3N2QwMDVmMw==","service":"Kupakua:https://www.sheriakiganjani.co.tz/uploads/54381-divorce-petition.pdf","phone_number":"255758005488"} 
2024-10-22 05:17:04 Response two :
 {"status":"200","message":"success","result":true} 
2024-10-22 02:17:19 Incomming Request :
 {"api_key":"YTc4YWY3ZWVlZWViODU3YTY5ODUzNTA4ZGU3YzVhYzM1NTdjNjM1MWEyYzA1ODU1ZDhlqA12AjkP0qNTc4ZjU3N2QwMDVmMw==","service":"Kupakua:https://www.sheriakiganjani.co.tz/uploads/96219-demand-notice.pdf","phone_number":"255758005488"} 
2024-10-22 05:17:19 Response two :
 {"status":"200","message":"success","result":true} 
2024-10-22 02:17:29 Incomming Request :
 {"api_key":"YTc4YWY3ZWVlZWViODU3YTY5ODUzNTA4ZGU3YzVhYzM1NTdjNjM1MWEyYzA1ODU1ZDhlqA12AjkP0qNTc4ZjU3N2QwMDVmMw==","service":"Kupakua:https://www.sheriakiganjani.co.tz/uploads/88398-special-power-of-attorney.pdf","phone_number":"255758005488"} 
2024-10-22 05:17:29 Response two :
 {"status":"200","message":"success","result":true} 
2024-10-22 02:21:14 Incomming Request :
 {"api_key":"YTc4YWY3ZWVlZWViODU3YTY5ODUzNTA4ZGU3YzVhYzM1NTdjNjM1MWEyYzA1ODU1ZDhlqA12AjkP0qNTc4ZjU3N2QwMDVmMw==","phone_number":"255758005488","service":"Kuwasiliana"} 
2024-10-22 05:21:14 Response two :
 {"status":"200","message":"success","result":true} 
2024-10-22 02:25:10 Incomming Request :
 {"api_key":"YTc4YWY3ZWVlZWViODU3YTY5ODUzNTA4ZGU3YzVhYzM1NTdjNjM1MWEyYzA1ODU1ZDhlqA12AjkP0qNTc4ZjU3N2QwMDVmMw==","phone_number":"255758005488","service":"Kuwasiliana"} 
2024-10-22 05:25:10 Response two :
 {"status":"200","message":"success","result":true} 
2024-10-22 03:48:21 Incomming Request :
 {"api_key":"YTc4YWY3ZWVlZWViODU3YTY5ODUzNTA4ZGU3YzVhYzM1NTdjNjM1MWEyYzA1ODU1ZDhlqA12AjkP0qNTc4ZjU3N2QwMDVmMw==","phone_number":"255689781008","service":"Kuwasiliana"} 
2024-10-22 06:48:21 Response two :
 {"status":"200","message":"success","result":true} 
2024-10-22 04:27:21 Incomming Request :
 {"api_key":"YTc4YWY3ZWVlZWViODU3YTY5ODUzNTA4ZGU3YzVhYzM1NTdjNjM1MWEyYzA1ODU1ZDhlqA12AjkP0qNTc4ZjU3N2QwMDVmMw==","service":"Kupakua:https://www.sheriakiganjani.co.tz/uploads/96612-certificate-of-urgency.pdf","phone_number":"255673142941"} 
2024-10-22 07:27:21 Response two :
 {"status":"200","message":"success","result":true} 
2024-10-22 04:27:31 Incomming Request :
 {"api_key":"YTc4YWY3ZWVlZWViODU3YTY5ODUzNTA4ZGU3YzVhYzM1NTdjNjM1MWEyYzA1ODU1ZDhlqA12AjkP0qNTc4ZjU3N2QwMDVmMw==","service":"Kupakua:https://www.sheriakiganjani.co.tz/uploads/29124-general-power-of-attorney.pdf","phone_number":"255673142941"} 
2024-10-22 07:27:31 Response two :
 {"status":"200","message":"success","result":true} 
2024-10-22 04:27:48 Incomming Request :
 {"api_key":"YTc4YWY3ZWVlZWViODU3YTY5ODUzNTA4ZGU3YzVhYzM1NTdjNjM1MWEyYzA1ODU1ZDhlqA12AjkP0qNTc4ZjU3N2QwMDVmMw==","service":"Kupakua:https://www.sheriakiganjani.co.tz/uploads/78386-mkataba-wa-mauziano-ya-kiwanja.pdf","phone_number":"255673142941"} 
2024-10-22 07:27:48 Response two :
 {"status":"200","message":"success","result":true} 
2024-10-22 04:28:08 Incomming Request :
 {"api_key":"YTc4YWY3ZWVlZWViODU3YTY5ODUzNTA4ZGU3YzVhYzM1NTdjNjM1MWEyYzA1ODU1ZDhlqA12AjkP0qNTc4ZjU3N2QwMDVmMw==","service":"Kupakua:https://www.sheriakiganjani.co.tz/uploads/1269-mkataba-wa-upangishaji.pdf","phone_number":"255673142941"} 
2024-10-22 07:28:08 Response two :
 {"status":"200","message":"success","result":true} 
2024-10-22 04:35:39 Incomming Request :
 {"api_key":"YTc4YWY3ZWVlZWViODU3YTY5ODUzNTA4ZGU3YzVhYzM1NTdjNjM1MWEyYzA1ODU1ZDhlqA12AjkP0qNTc4ZjU3N2QwMDVmMw==","service":"Kupakua:https://www.sheriakiganjani.co.tz/uploads/2124-hati-ya-ushirikiano.pdf","phone_number":"255627555628"} 
2024-10-22 07:35:39 Response two :
 {"status":"200","message":"success","result":true} 
2024-10-22 04:43:34 Incomming Request :
 {"api_key":"YTc4YWY3ZWVlZWViODU3YTY5ODUzNTA4ZGU3YzVhYzM1NTdjNjM1MWEyYzA1ODU1ZDhlqA12AjkP0qNTc4ZjU3N2QwMDVmMw==","service":"Kupakua:https://www.sheriakiganjani.co.tz/uploads/97490-employee-non-disclosure-agreement-nda.pdf","phone_number":"255627555628"} 
2024-10-22 07:43:34 Response two :
 {"status":"200","message":"success","result":true} 
2024-10-22 05:20:40 Incomming Request :
 {"api_key":"YTc4YWY3ZWVlZWViODU3YTY5ODUzNTA4ZGU3YzVhYzM1NTdjNjM1MWEyYzA1ODU1ZDhlqA12AjkP0qNTc4ZjU3N2QwMDVmMw==","service":"Kupakua:https://www.sheriakiganjani.co.tz/uploads/2124-hati-ya-ushirikiano.pdf","phone_number":"255762525025"} 
2024-10-22 08:20:40 Response two :
 {"status":"200","message":"success","result":true} 
2024-10-22 05:22:50 Incomming Request :
 {"api_key":"YTc4YWY3ZWVlZWViODU3YTY5ODUzNTA4ZGU3YzVhYzM1NTdjNjM1MWEyYzA1ODU1ZDhlqA12AjkP0qNTc4ZjU3N2QwMDVmMw==","service":"Kupakua:https://www.sheriakiganjani.co.tz/uploads/56830-affidavit-proof-of-residence.pdf","phone_number":"255762525025"} 
2024-10-22 08:22:50 Response two :
 {"status":"200","message":"success","result":true} 
2024-10-22 05:23:20 Incomming Request :
 {"api_key":"YTc4YWY3ZWVlZWViODU3YTY5ODUzNTA4ZGU3YzVhYzM1NTdjNjM1MWEyYzA1ODU1ZDhlqA12AjkP0qNTc4ZjU3N2QwMDVmMw==","service":"Kupakua:https://www.sheriakiganjani.co.tz/uploads/7807-car-sale-agreement.pdf","phone_number":"255762525025"} 
2024-10-22 08:23:20 Response two :
 {"status":"200","message":"success","result":true} 
2024-10-22 05:24:49 Incomming Request :
 {"api_key":"YTc4YWY3ZWVlZWViODU3YTY5ODUzNTA4ZGU3YzVhYzM1NTdjNjM1MWEyYzA1ODU1ZDhlqA12AjkP0qNTc4ZjU3N2QwMDVmMw==","service":"Kupakua:https://www.sheriakiganjani.co.tz/uploads/62423-chamber-summons.pdf","phone_number":"255762525025"} 
2024-10-22 08:24:49 Response two :
 {"status":"200","message":"success","result":true} 
2024-10-22 05:38:12 Incomming Request :
 {"api_key":"YTc4YWY3ZWVlZWViODU3YTY5ODUzNTA4ZGU3YzVhYzM1NTdjNjM1MWEyYzA1ODU1ZDhlqA12AjkP0qNTc4ZjU3N2QwMDVmMw==","service":"Kupakua:https://www.sheriakiganjani.co.tz/uploads/72650-general-citation.pdf","phone_number":"255780871641"} 
2024-10-22 08:38:12 Response two :
 {"status":"200","message":"success","result":true} 
2024-10-22 05:38:27 Incomming Request :
 {"api_key":"YTc4YWY3ZWVlZWViODU3YTY5ODUzNTA4ZGU3YzVhYzM1NTdjNjM1MWEyYzA1ODU1ZDhlqA12AjkP0qNTc4ZjU3N2QwMDVmMw==","service":"Kupakua:https://www.sheriakiganjani.co.tz/uploads/52172-search--report.pdf","phone_number":"255780871641"} 
2024-10-22 08:38:27 Response two :
 {"status":"200","message":"success","result":true} 
2024-10-22 05:39:07 Incomming Request :
 {"api_key":"YTc4YWY3ZWVlZWViODU3YTY5ODUzNTA4ZGU3YzVhYzM1NTdjNjM1MWEyYzA1ODU1ZDhlqA12AjkP0qNTc4ZjU3N2QwMDVmMw==","service":"Kupakua:https://www.sheriakiganjani.co.tz/uploads/28237-cma-f1---referral-letters.pdf","phone_number":"255780871641"} 
2024-10-22 08:39:07 Response two :
 {"status":"200","message":"success","result":true} 
2024-10-22 06:30:57 Incomming Request :
 {"api_key":"YTc4YWY3ZWVlZWViODU3YTY5ODUzNTA4ZGU3YzVhYzM1NTdjNjM1MWEyYzA1ODU1ZDhlqA12AjkP0qNTc4ZjU3N2QwMDVmMw==","phone_number":"255744425411","service":"Kuwasiliana"} 
2024-10-22 09:30:57 Response two :
 {"status":"200","message":"success","result":true} 
2024-10-22 06:42:56 Incomming Request :
 {"api_key":"YTc4YWY3ZWVlZWViODU3YTY5ODUzNTA4ZGU3YzVhYzM1NTdjNjM1MWEyYzA1ODU1ZDhlqA12AjkP0qNTc4ZjU3N2QwMDVmMw==","phone_number":"255762116621","service":"Kuwasiliana"} 
2024-10-22 09:42:56 Response two :
 {"status":"200","message":"success","result":true} 
2024-10-22 06:44:10 Incomming Request :
 {"api_key":"YTc4YWY3ZWVlZWViODU3YTY5ODUzNTA4ZGU3YzVhYzM1NTdjNjM1MWEyYzA1ODU1ZDhlqA12AjkP0qNTc4ZjU3N2QwMDVmMw==","phone_number":"255695551548","service":"Kuwasiliana"} 
2024-10-22 09:44:10 Response two :
 {"status":"200","message":"success","result":true} 
2024-10-22 06:45:03 Incomming Request :
 {"api_key":"YTc4YWY3ZWVlZWViODU3YTY5ODUzNTA4ZGU3YzVhYzM1NTdjNjM1MWEyYzA1ODU1ZDhlqA12AjkP0qNTc4ZjU3N2QwMDVmMw==","phone_number":"255695551548","service":"Kuwasiliana"} 
2024-10-22 09:45:03 Response two :
 {"status":"200","message":"success","result":true} 
2024-10-22 06:56:06 Incomming Request :
 {"api_key":"YTc4YWY3ZWVlZWViODU3YTY5ODUzNTA4ZGU3YzVhYzM1NTdjNjM1MWEyYzA1ODU1ZDhlqA12AjkP0qNTc4ZjU3N2QwMDVmMw==","phone_number":"255715600883","service":"Kuwasiliana"} 
2024-10-22 09:56:06 sql10 :
 SELECT * FROM tbl_newpayment where order_id='1000353' ORDER BY reg_date DESC LIMIT 1 
2024-10-22 09:56:06 code :
  
2024-10-22 09:56:06 result_code :
  
2024-10-22 09:56:06 payment_status :
  
2024-10-22 09:56:06 phone_number :
 255715600883 
2024-10-22 09:56:06 Response one :
 {"status":"200","message":"success","result":true} 
2024-10-22 07:05:30 Incomming Request :
 {"api_key":"YTc4YWY3ZWVlZWViODU3YTY5ODUzNTA4ZGU3YzVhYzM1NTdjNjM1MWEyYzA1ODU1ZDhlqA12AjkP0qNTc4ZjU3N2QwMDVmMw==","phone_number":"255715600883","service":"Kuwasiliana"} 
2024-10-22 10:05:30 sql10 :
 SELECT * FROM tbl_newpayment where order_id='1000353' ORDER BY reg_date DESC LIMIT 1 
2024-10-22 10:05:30 code :
  
2024-10-22 10:05:30 result_code :
  
2024-10-22 10:05:30 payment_status :
  
2024-10-22 10:05:30 phone_number :
 255715600883 
2024-10-22 10:05:30 Response one :
 {"status":"200","message":"success","result":true} 
2024-10-22 07:07:38 Incomming Request :
 {"api_key":"YTc4YWY3ZWVlZWViODU3YTY5ODUzNTA4ZGU3YzVhYzM1NTdjNjM1MWEyYzA1ODU1ZDhlqA12AjkP0qNTc4ZjU3N2QwMDVmMw==","phone_number":"255762546534","service":"Kuwasiliana"} 
2024-10-22 10:07:38 Response two :
 {"status":"200","message":"success","result":true} 
2024-10-22 07:26:50 Incomming Request :
 {"api_key":"YTc4YWY3ZWVlZWViODU3YTY5ODUzNTA4ZGU3YzVhYzM1NTdjNjM1MWEyYzA1ODU1ZDhlqA12AjkP0qNTc4ZjU3N2QwMDVmMw==","phone_number":"255716964757","service":"Kuwasiliana"} 
2024-10-22 10:26:50 Response two :
 {"status":"200","message":"success","result":true} 
2024-10-22 07:41:24 Incomming Request :
 {"api_key":"YTc4YWY3ZWVlZWViODU3YTY5ODUzNTA4ZGU3YzVhYzM1NTdjNjM1MWEyYzA1ODU1ZDhlqA12AjkP0qNTc4ZjU3N2QwMDVmMw==","service":"Kupakua:https://www.sheriakiganjani.co.tz/uploads/37650-affidavit.pdf","phone_number":"255747128476"} 
2024-10-22 10:41:24 Response two :
 {"status":"200","message":"success","result":true} 
2024-10-22 07:41:37 Incomming Request :
 {"api_key":"YTc4YWY3ZWVlZWViODU3YTY5ODUzNTA4ZGU3YzVhYzM1NTdjNjM1MWEyYzA1ODU1ZDhlqA12AjkP0qNTc4ZjU3N2QwMDVmMw==","service":"Kupakua:https://www.sheriakiganjani.co.tz/uploads/96612-certificate-of-urgency.pdf","phone_number":"255747128476"} 
2024-10-22 10:41:37 Response two :
 {"status":"200","message":"success","result":true} 
2024-10-22 07:41:56 Incomming Request :
 {"api_key":"YTc4YWY3ZWVlZWViODU3YTY5ODUzNTA4ZGU3YzVhYzM1NTdjNjM1MWEyYzA1ODU1ZDhlqA12AjkP0qNTc4ZjU3N2QwMDVmMw==","service":"Kupakua:https://www.sheriakiganjani.co.tz/uploads/1269-mkataba-wa-upangishaji.pdf","phone_number":"255747128476"} 
2024-10-22 10:41:56 Response two :
 {"status":"200","message":"success","result":true} 
2024-10-22 07:59:00 Incomming Request :
 {"api_key":"YTc4YWY3ZWVlZWViODU3YTY5ODUzNTA4ZGU3YzVhYzM1NTdjNjM1MWEyYzA1ODU1ZDhlqA12AjkP0qNTc4ZjU3N2QwMDVmMw==","service":"Kupakua:https://www.sheriakiganjani.co.tz/uploads/43177-deed-poll-plain.pdf","phone_number":"255714909302"} 
2024-10-22 10:59:00 Response two :
 {"status":"200","message":"success","result":true} 
2024-10-22 07:59:55 Incomming Request :
 {"api_key":"YTc4YWY3ZWVlZWViODU3YTY5ODUzNTA4ZGU3YzVhYzM1NTdjNjM1MWEyYzA1ODU1ZDhlqA12AjkP0qNTc4ZjU3N2QwMDVmMw==","service":"Kupakua:https://www.sheriakiganjani.co.tz/uploads/1269-mkataba-wa-upangishaji.pdf","phone_number":"255714909302"} 
2024-10-22 10:59:55 Response two :
 {"status":"200","message":"success","result":true} 
2024-10-22 08:00:34 Incomming Request :
 {"api_key":"YTc4YWY3ZWVlZWViODU3YTY5ODUzNTA4ZGU3YzVhYzM1NTdjNjM1MWEyYzA1ODU1ZDhlqA12AjkP0qNTc4ZjU3N2QwMDVmMw==","service":"Kupakua:https://www.sheriakiganjani.co.tz/uploads/78386-mkataba-wa-mauziano-ya-kiwanja.pdf","phone_number":"255714909302"} 
2024-10-22 11:00:34 Response two :
 {"status":"200","message":"success","result":true} 
2024-10-22 08:25:55 Incomming Request :
 {"api_key":"YTc4YWY3ZWVlZWViODU3YTY5ODUzNTA4ZGU3YzVhYzM1NTdjNjM1MWEyYzA1ODU1ZDhlqA12AjkP0qNTc4ZjU3N2QwMDVmMw==","service":"Kupakua:https://www.sheriakiganjani.co.tz/uploads/37650-affidavit.pdf","phone_number":"255746077422"} 
2024-10-22 11:25:55 Response two :
 {"status":"200","message":"success","result":true} 
2024-10-22 08:29:14 Incomming Request :
 {"api_key":"YTc4YWY3ZWVlZWViODU3YTY5ODUzNTA4ZGU3YzVhYzM1NTdjNjM1MWEyYzA1ODU1ZDhlqA12AjkP0qNTc4ZjU3N2QwMDVmMw==","phone_number":"255746077422","service":"Kuwasiliana"} 
2024-10-22 11:29:14 Response two :
 {"status":"200","message":"success","result":true} 
2024-10-22 08:30:16 Incomming Request :
 {"api_key":"YTc4YWY3ZWVlZWViODU3YTY5ODUzNTA4ZGU3YzVhYzM1NTdjNjM1MWEyYzA1ODU1ZDhlqA12AjkP0qNTc4ZjU3N2QwMDVmMw==","phone_number":"255746077422","service":"Kuwasiliana"} 
2024-10-22 11:30:16 Response two :
 {"status":"200","message":"success","result":true} 
2024-10-22 10:37:44 Incomming Request :
 {"api_key":"YTc4YWY3ZWVlZWViODU3YTY5ODUzNTA4ZGU3YzVhYzM1NTdjNjM1MWEyYzA1ODU1ZDhlqA12AjkP0qNTc4ZjU3N2QwMDVmMw==","phone_number":"255763038743","service":"Kuwasiliana"} 
2024-10-22 13:37:44 sql10 :
 SELECT * FROM tbl_newpayment where order_id='1000338' ORDER BY reg_date DESC LIMIT 1 
2024-10-22 13:37:44 code :
  
2024-10-22 13:37:44 result_code :
  
2024-10-22 13:37:44 payment_status :
  
2024-10-22 13:37:44 phone_number :
 255763038743 
2024-10-22 13:37:44 Response one :
 {"status":"200","message":"success","result":true} 
2024-10-22 10:37:44 Incomming Request :
 {"api_key":"YTc4YWY3ZWVlZWViODU3YTY5ODUzNTA4ZGU3YzVhYzM1NTdjNjM1MWEyYzA1ODU1ZDhlqA12AjkP0qNTc4ZjU3N2QwMDVmMw==","phone_number":"255763038743","service":"Kuwasiliana"} 
2024-10-22 13:37:44 sql10 :
 SELECT * FROM tbl_newpayment where order_id='1000338' ORDER BY reg_date DESC LIMIT 1 
2024-10-22 13:37:44 code :
  
2024-10-22 13:37:44 result_code :
  
2024-10-22 13:37:44 payment_status :
  
2024-10-22 13:37:44 phone_number :
 255763038743 
2024-10-22 13:37:44 Response one :
 {"status":"200","message":"success","result":true} 
2024-10-22 11:40:31 Incomming Request :
 {"api_key":"YTc4YWY3ZWVlZWViODU3YTY5ODUzNTA4ZGU3YzVhYzM1NTdjNjM1MWEyYzA1ODU1ZDhlqA12AjkP0qNTc4ZjU3N2QwMDVmMw==","service":"Kupakua:https://www.sheriakiganjani.co.tz/uploads/54381-divorce-petition.pdf","phone_number":"255783528521"} 
2024-10-22 14:40:31 Response two :
 {"status":"200","message":"success","result":true} 
2024-10-22 11:53:11 Incomming Request :
 {"api_key":"YTc4YWY3ZWVlZWViODU3YTY5ODUzNTA4ZGU3YzVhYzM1NTdjNjM1MWEyYzA1ODU1ZDhlqA12AjkP0qNTc4ZjU3N2QwMDVmMw==","phone_number":"255672185051","service":"Kuwasiliana"} 
2024-10-22 14:53:11 Response two :
 {"status":"200","message":"success","result":true} 
2024-10-22 16:14:39 Incomming Request :
 {"api_key":"YTc4YWY3ZWVlZWViODU3YTY5ODUzNTA4ZGU3YzVhYzM1NTdjNjM1MWEyYzA1ODU1ZDhlqA12AjkP0qNTc4ZjU3N2QwMDVmMw==","phone_number":"255622719998","service":"Kuwasiliana"} 
2024-10-22 19:14:39 Response two :
 {"status":"200","message":"success","result":true} 
2024-10-22 16:20:35 Incomming Request :
 {"api_key":"YTc4YWY3ZWVlZWViODU3YTY5ODUzNTA4ZGU3YzVhYzM1NTdjNjM1MWEyYzA1ODU1ZDhlqA12AjkP0qNTc4ZjU3N2QwMDVmMw==","phone_number":"255622719998","service":"Kuwasiliana"} 
2024-10-22 19:20:35 Response two :
 {"status":"200","message":"success","result":true} 
2024-10-22 17:47:03 Incomming Request :
 {"api_key":"YTc4YWY3ZWVlZWViODU3YTY5ODUzNTA4ZGU3YzVhYzM1NTdjNjM1MWEyYzA1ODU1ZDhlqA12AjkP0qNTc4ZjU3N2QwMDVmMw==","phone_number":"255717594936","service":"Kuwasiliana"} 
2024-10-22 20:47:03 Response two :
 {"status":"200","message":"success","result":true} 
2024-10-22 18:08:03 Incomming Request :
 {"api_key":"YTc4YWY3ZWVlZWViODU3YTY5ODUzNTA4ZGU3YzVhYzM1NTdjNjM1MWEyYzA1ODU1ZDhlqA12AjkP0qNTc4ZjU3N2QwMDVmMw==","phone_number":"255717594936","service":"Kuwasiliana"} 
2024-10-22 21:08:03 Response two :
 {"status":"200","message":"success","result":true} 
2024-10-22 18:39:34 Incomming Request :
 {"api_key":"YTc4YWY3ZWVlZWViODU3YTY5ODUzNTA4ZGU3YzVhYzM1NTdjNjM1MWEyYzA1ODU1ZDhlqA12AjkP0qNTc4ZjU3N2QwMDVmMw==","phone_number":"255715436390","service":"Kuwasiliana"} 
2024-10-22 21:39:34 Response two :
 {"status":"200","message":"success","result":true} 
2024-10-22 19:24:31 Incomming Request :
 {"api_key":"YTc4YWY3ZWVlZWViODU3YTY5ODUzNTA4ZGU3YzVhYzM1NTdjNjM1MWEyYzA1ODU1ZDhlqA12AjkP0qNTc4ZjU3N2QwMDVmMw==","phone_number":"255710435879","service":"Kuwasiliana"} 
2024-10-22 22:24:31 Response two :
 {"status":"200","message":"success","result":true} 
2024-10-22 19:27:34 Incomming Request :
 {"api_key":"YTc4YWY3ZWVlZWViODU3YTY5ODUzNTA4ZGU3YzVhYzM1NTdjNjM1MWEyYzA1ODU1ZDhlqA12AjkP0qNTc4ZjU3N2QwMDVmMw==","service":"Kupakua:https://www.sheriakiganjani.co.tz/uploads/37650-affidavit.pdf","phone_number":"255710435879"} 
2024-10-22 22:27:34 Response two :
 {"status":"200","message":"success","result":true} 
2024-10-22 20:00:24 Incomming Request :
 {"api_key":"YTc4YWY3ZWVlZWViODU3YTY5ODUzNTA4ZGU3YzVhYzM1NTdjNjM1MWEyYzA1ODU1ZDhlqA12AjkP0qNTc4ZjU3N2QwMDVmMw==","service":"Kupakua:https://www.sheriakiganjani.co.tz/uploads/54381-divorce-petition.pdf","phone_number":"255743151125"} 
2024-10-22 23:00:24 Response two :
 {"status":"200","message":"success","result":true} 
2024-10-22 20:13:53 Incomming Request :
 {"api_key":"YTc4YWY3ZWVlZWViODU3YTY5ODUzNTA4ZGU3YzVhYzM1NTdjNjM1MWEyYzA1ODU1ZDhlqA12AjkP0qNTc4ZjU3N2QwMDVmMw==","phone_number":"255743151125","service":"Kuwasiliana"} 
2024-10-22 23:13:53 Response two :
 {"status":"200","message":"success","result":true} 