
2024-10-18 06:18:59 Incomming Request :
 {"api_key":"YTc4YWY3ZWVlZWViODU3YTY5ODUzNTA4ZGU3YzVhYzM1NTdjNjM1MWEyYzA1ODU1ZDhlqA12AjkP0qNTc4ZjU3N2QwMDVmMw==","phone_number":"255687335546","full_name":"Calvin Samwel","namba_ya_simu":"255687335546","jinsia":"MALE","type":"USER","region":"Morogoro"} 
2024-10-18 06:18:59 Outgoing Response :
 {"status":"422","statusDesc":"User Registartion Failed Please Contact Administrator"} 
2024-10-18 07:16:02 Incomming Request :
 {"api_key":"YTc4YWY3ZWVlZWViODU3YTY5ODUzNTA4ZGU3YzVhYzM1NTdjNjM1MWEyYzA1ODU1ZDhlqA12AjkP0qNTc4ZjU3N2QwMDVmMw==","phone_number":"255676767423","full_name":"Joseph Alex mkini","namba_ya_simu":"255676767423","jinsia":"FEMALE","type":"USER","region":"Morogoro"} 
2024-10-18 07:16:02 Outgoing Response :
 {"status":"201","statusDesc":"Success"} 
2024-10-18 07:23:05 Incomming Request :
 {"api_key":"YTc4YWY3ZWVlZWViODU3YTY5ODUzNTA4ZGU3YzVhYzM1NTdjNjM1MWEyYzA1ODU1ZDhlqA12AjkP0qNTc4ZjU3N2QwMDVmMw==","phone_number":"255692993219","full_name":"fedrick nnko","namba_ya_simu":"255692993219","jinsia":"MALE","type":"USER","region":"Arusha"} 
2024-10-18 07:23:05 Outgoing Response :
 {"status":"201","statusDesc":"Success"} 
2024-10-18 08:07:56 Incomming Request :
 {"api_key":"YTc4YWY3ZWVlZWViODU3YTY5ODUzNTA4ZGU3YzVhYzM1NTdjNjM1MWEyYzA1ODU1ZDhlqA12AjkP0qNTc4ZjU3N2QwMDVmMw==","phone_number":"+10762883950","full_name":"mwita mhoni","namba_ya_simu":"+10762883950","jinsia":"FEMALE","type":"USER","region":"Mara"} 
2024-10-18 08:07:56 Outgoing Response :
 {"status":"201","statusDesc":"Success"} 
2024-10-18 08:09:01 Incomming Request :
 {"api_key":"YTc4YWY3ZWVlZWViODU3YTY5ODUzNTA4ZGU3YzVhYzM1NTdjNjM1MWEyYzA1ODU1ZDhlqA12AjkP0qNTc4ZjU3N2QwMDVmMw==","phone_number":"255616380768","full_name":"Shaban omary","namba_ya_simu":"255616380768","jinsia":"FEMALE","type":"USER","region":"Mbeya"} 
2024-10-18 08:09:01 Outgoing Response :
 {"status":"201","statusDesc":"Success"} 
2024-10-18 08:42:46 Incomming Request :
 {"api_key":"YTc4YWY3ZWVlZWViODU3YTY5ODUzNTA4ZGU3YzVhYzM1NTdjNjM1MWEyYzA1ODU1ZDhlqA12AjkP0qNTc4ZjU3N2QwMDVmMw==","phone_number":"255674631895","full_name":"peter charlesi malogo","namba_ya_simu":"255674631895","jinsia":"FEMALE","type":"USER","region":"Morogoro"} 
2024-10-18 08:42:46 Outgoing Response :
 {"status":"201","statusDesc":"Success"} 
2024-10-18 09:24:20 Incomming Request :
 {"api_key":"YTc4YWY3ZWVlZWViODU3YTY5ODUzNTA4ZGU3YzVhYzM1NTdjNjM1MWEyYzA1ODU1ZDhlqA12AjkP0qNTc4ZjU3N2QwMDVmMw==","phone_number":"255788632217","full_name":"SHAHANI RASHIDI MTONI","namba_ya_simu":"255788632217","jinsia":"FEMALE","type":"USER","region":"Lindi"} 
2024-10-18 09:24:20 Outgoing Response :
 {"status":"201","statusDesc":"Success"} 
2024-10-18 09:54:10 Incomming Request :
 {"api_key":"YTc4YWY3ZWVlZWViODU3YTY5ODUzNTA4ZGU3YzVhYzM1NTdjNjM1MWEyYzA1ODU1ZDhlqA12AjkP0qNTc4ZjU3N2QwMDVmMw==","phone_number":"255687482688","full_name":"hashimu","namba_ya_simu":"255687482688","jinsia":"FEMALE","type":"USER","region":"Dar es Salaam"} 
2024-10-18 09:54:10 Outgoing Response :
 {"status":"201","statusDesc":"Success"} 
2024-10-18 10:29:10 Incomming Request :
 {"api_key":"YTc4YWY3ZWVlZWViODU3YTY5ODUzNTA4ZGU3YzVhYzM1NTdjNjM1MWEyYzA1ODU1ZDhlqA12AjkP0qNTc4ZjU3N2QwMDVmMw==","phone_number":"255713807218","full_name":"Juma Madeha","namba_ya_simu":"255713807218","jinsia":"MALE","type":"USER","region":"Dar es Salaam"} 
2024-10-18 10:29:10 Outgoing Response :
 {"status":"201","statusDesc":"Success"} 
2024-10-18 10:35:42 Incomming Request :
 {"api_key":"YTc4YWY3ZWVlZWViODU3YTY5ODUzNTA4ZGU3YzVhYzM1NTdjNjM1MWEyYzA1ODU1ZDhlqA12AjkP0qNTc4ZjU3N2QwMDVmMw==","phone_number":"255615842100","full_name":"Joshua Makere","namba_ya_simu":"255615842100","jinsia":"FEMALE","type":"USER","region":"Pwani"} 
2024-10-18 10:35:42 Outgoing Response :
 {"status":"201","statusDesc":"Success"} 
2024-10-18 10:45:51 Incomming Request :
 {"api_key":"YTc4YWY3ZWVlZWViODU3YTY5ODUzNTA4ZGU3YzVhYzM1NTdjNjM1MWEyYzA1ODU1ZDhlqA12AjkP0qNTc4ZjU3N2QwMDVmMw==","phone_number":"255716436306","full_name":"Chrispin Fabian ","namba_ya_simu":"255716436306","jinsia":"MALE","type":"USER","region":"Dar es Salaam"} 
2024-10-18 10:45:51 Outgoing Response :
 {"status":"201","statusDesc":"Success"} 
2024-10-18 11:11:51 Incomming Request :
 {"api_key":"YTc4YWY3ZWVlZWViODU3YTY5ODUzNTA4ZGU3YzVhYzM1NTdjNjM1MWEyYzA1ODU1ZDhlqA12AjkP0qNTc4ZjU3N2QwMDVmMw==","phone_number":"255713807218","full_name":"Juma Madeha","namba_ya_simu":"255713807218","jinsia":"MALE","type":"USER","region":"Dodoma"} 
2024-10-18 11:11:51 Outgoing Response :
 {"status":"201","statusDesc":"Success"} 
2024-10-18 11:25:57 Incomming Request :
 {"api_key":"YTc4YWY3ZWVlZWViODU3YTY5ODUzNTA4ZGU3YzVhYzM1NTdjNjM1MWEyYzA1ODU1ZDhlqA12AjkP0qNTc4ZjU3N2QwMDVmMw==","phone_number":"255623280026","full_name":"Ibrahim juma mohamedi","namba_ya_simu":"255623280026","jinsia":"MALE","type":"USER","region":"Kigoma"} 
2024-10-18 11:25:57 Outgoing Response :
 {"status":"201","statusDesc":"Success"} 
2024-10-18 11:25:57 Incomming Request :
 {"api_key":"YTc4YWY3ZWVlZWViODU3YTY5ODUzNTA4ZGU3YzVhYzM1NTdjNjM1MWEyYzA1ODU1ZDhlqA12AjkP0qNTc4ZjU3N2QwMDVmMw==","phone_number":"255684715945","full_name":"Joseph ","namba_ya_simu":"255684715945","jinsia":"FEMALE","type":"USER","region":"Dar es Salaam"} 
2024-10-18 11:25:57 Outgoing Response :
 {"status":"201","statusDesc":"Success"} 
2024-10-18 12:09:12 Incomming Request :
 {"api_key":"YTc4YWY3ZWVlZWViODU3YTY5ODUzNTA4ZGU3YzVhYzM1NTdjNjM1MWEyYzA1ODU1ZDhlqA12AjkP0qNTc4ZjU3N2QwMDVmMw==","phone_number":"+255713483772","full_name":"Peter ","namba_ya_simu":"+255713483772","jinsia":"MALE","type":"USER","region":"Mwanza"} 
2024-10-18 12:09:12 Outgoing Response :
 {"status":"201","statusDesc":"Success"} 
2024-10-18 12:56:19 Incomming Request :
 {"api_key":"YTc4YWY3ZWVlZWViODU3YTY5ODUzNTA4ZGU3YzVhYzM1NTdjNjM1MWEyYzA1ODU1ZDhlqA12AjkP0qNTc4ZjU3N2QwMDVmMw==","phone_number":"+255687144069","full_name":"Peter Lulanga","namba_ya_simu":"+255687144069","jinsia":"MALE","type":"USER","region":"Shinyanga"} 
2024-10-18 12:56:19 Outgoing Response :
 {"status":"201","statusDesc":"Success"} 
2024-10-18 13:03:47 Incomming Request :
 {"api_key":"YTc4YWY3ZWVlZWViODU3YTY5ODUzNTA4ZGU3YzVhYzM1NTdjNjM1MWEyYzA1ODU1ZDhlqA12AjkP0qNTc4ZjU3N2QwMDVmMw==","phone_number":"255783644429","full_name":"Twahiliissa222 ","namba_ya_simu":"255783644429","jinsia":"FEMALE","type":"USER","region":"Kagera"} 
2024-10-18 13:03:47 Outgoing Response :
 {"status":"201","statusDesc":"Success"} 
2024-10-18 13:18:52 Incomming Request :
 {"api_key":"YTc4YWY3ZWVlZWViODU3YTY5ODUzNTA4ZGU3YzVhYzM1NTdjNjM1MWEyYzA1ODU1ZDhlqA12AjkP0qNTc4ZjU3N2QwMDVmMw==","phone_number":"255713614417","full_name":"wiriamu simoni","namba_ya_simu":"255713614417","jinsia":"FEMALE","type":"USER","region":"Morogoro"} 
2024-10-18 13:18:52 Outgoing Response :
 {"status":"201","statusDesc":"Success"} 
2024-10-18 13:23:50 Incomming Request :
 {"api_key":"YTc4YWY3ZWVlZWViODU3YTY5ODUzNTA4ZGU3YzVhYzM1NTdjNjM1MWEyYzA1ODU1ZDhlqA12AjkP0qNTc4ZjU3N2QwMDVmMw==","phone_number":"255746817224","full_name":"Edgar Richard","namba_ya_simu":"255746817224","jinsia":"FEMALE","type":"USER","region":"Rukwa"} 
2024-10-18 13:23:50 Outgoing Response :
 {"status":"201","statusDesc":"Success"} 
2024-10-18 13:30:32 Incomming Request :
 {"api_key":"YTc4YWY3ZWVlZWViODU3YTY5ODUzNTA4ZGU3YzVhYzM1NTdjNjM1MWEyYzA1ODU1ZDhlqA12AjkP0qNTc4ZjU3N2QwMDVmMw==","phone_number":"255652041560","full_name":"fadhilirobert","namba_ya_simu":"255652041560","jinsia":"FEMALE","type":"USER","region":"Dar es Salaam"} 
2024-10-18 13:30:32 Outgoing Response :
 {"status":"201","statusDesc":"Success"} 
2024-10-18 14:40:57 Incomming Request :
 {"api_key":"YTc4YWY3ZWVlZWViODU3YTY5ODUzNTA4ZGU3YzVhYzM1NTdjNjM1MWEyYzA1ODU1ZDhlqA12AjkP0qNTc4ZjU3N2QwMDVmMw==","phone_number":"255708273376","full_name":"michael muyekho","namba_ya_simu":"255708273376","jinsia":"FEMALE","type":"USER","region":""} 
2024-10-18 14:40:57 Outgoing Response :
 {"status":"201","statusDesc":"Success"} 
2024-10-18 14:46:21 Incomming Request :
 {"api_key":"YTc4YWY3ZWVlZWViODU3YTY5ODUzNTA4ZGU3YzVhYzM1NTdjNjM1MWEyYzA1ODU1ZDhlqA12AjkP0qNTc4ZjU3N2QwMDVmMw==","phone_number":"255615929529","full_name":"zacharia michael zacharia","namba_ya_simu":"255615929529","jinsia":"MALE","type":"USER","region":"Shinyanga"} 
2024-10-18 14:46:21 Outgoing Response :
 {"status":"201","statusDesc":"Success"} 
2024-10-18 15:02:53 Incomming Request :
 {"api_key":"YTc4YWY3ZWVlZWViODU3YTY5ODUzNTA4ZGU3YzVhYzM1NTdjNjM1MWEyYzA1ODU1ZDhlqA12AjkP0qNTc4ZjU3N2QwMDVmMw==","phone_number":"255685308070","full_name":"Assadi chingwalu mussa ","namba_ya_simu":"255685308070","jinsia":"FEMALE","type":"USER","region":"Lindi"} 
2024-10-18 15:02:53 Outgoing Response :
 {"status":"201","statusDesc":"Success"} 
2024-10-18 17:52:30 Incomming Request :
 {"api_key":"YTc4YWY3ZWVlZWViODU3YTY5ODUzNTA4ZGU3YzVhYzM1NTdjNjM1MWEyYzA1ODU1ZDhlqA12AjkP0qNTc4ZjU3N2QwMDVmMw==","phone_number":"255629411898","full_name":"sumun  sumun","namba_ya_simu":"255629411898","jinsia":"MALE","type":"USER","region":"Mwanza"} 
2024-10-18 17:52:30 Outgoing Response :
 {"status":"201","statusDesc":"Success"} 
2024-10-18 18:30:33 Incomming Request :
 {"api_key":"YTc4YWY3ZWVlZWViODU3YTY5ODUzNTA4ZGU3YzVhYzM1NTdjNjM1MWEyYzA1ODU1ZDhlqA12AjkP0qNTc4ZjU3N2QwMDVmMw==","phone_number":"255782879541","full_name":"joshua sumuleki laizer","namba_ya_simu":"255782879541","jinsia":"FEMALE","type":"USER","region":"Arusha"} 
2024-10-18 18:30:33 Outgoing Response :
 {"status":"201","statusDesc":"Success"} 
2024-10-18 18:42:43 Incomming Request :
 {"api_key":"YTc4YWY3ZWVlZWViODU3YTY5ODUzNTA4ZGU3YzVhYzM1NTdjNjM1MWEyYzA1ODU1ZDhlqA12AjkP0qNTc4ZjU3N2QwMDVmMw==","phone_number":"+255765041423","full_name":"kelvin yogen","namba_ya_simu":"+255765041423","jinsia":"FEMALE","type":"USER","region":"Iringa"} 
2024-10-18 18:42:43 Outgoing Response :
 {"status":"201","statusDesc":"Success"} 
2024-10-18 18:43:42 Incomming Request :
 {"api_key":"YTc4YWY3ZWVlZWViODU3YTY5ODUzNTA4ZGU3YzVhYzM1NTdjNjM1MWEyYzA1ODU1ZDhlqA12AjkP0qNTc4ZjU3N2QwMDVmMw==","phone_number":"+255765041423","full_name":"kelvin yogen","namba_ya_simu":"+255765041423","jinsia":"FEMALE","type":"USER","region":"Iringa"} 
2024-10-18 18:43:42 Outgoing Response :
 {"status":"201","statusDesc":"Success"} 
2024-10-18 19:13:07 Incomming Request :
 {"api_key":"YTc4YWY3ZWVlZWViODU3YTY5ODUzNTA4ZGU3YzVhYzM1NTdjNjM1MWEyYzA1ODU1ZDhlqA12AjkP0qNTc4ZjU3N2QwMDVmMw==","phone_number":"255747364990","full_name":"shabani mrisho mkwega","namba_ya_simu":"255747364990","jinsia":"MALE","type":"USER","region":"Dar es Salaam"} 
2024-10-18 19:13:07 Outgoing Response :
 {"status":"201","statusDesc":"Success"} 
2024-10-18 19:25:32 Incomming Request :
 {"api_key":"YTc4YWY3ZWVlZWViODU3YTY5ODUzNTA4ZGU3YzVhYzM1NTdjNjM1MWEyYzA1ODU1ZDhlqA12AjkP0qNTc4ZjU3N2QwMDVmMw==","phone_number":"255764252144","full_name":"DeogratiasiVenasiKimbuli","namba_ya_simu":"255764252144","jinsia":"MALE","type":"USER","region":"Kigoma"} 
2024-10-18 19:25:32 Outgoing Response :
 {"status":"201","statusDesc":"Success"} 
2024-10-18 19:34:32 Incomming Request :
 {"api_key":"YTc4YWY3ZWVlZWViODU3YTY5ODUzNTA4ZGU3YzVhYzM1NTdjNjM1MWEyYzA1ODU1ZDhlqA12AjkP0qNTc4ZjU3N2QwMDVmMw==","phone_number":"255782220240","full_name":"said ","namba_ya_simu":"255782220240","jinsia":"MALE","type":"USER","region":"Dar es Salaam"} 
2024-10-18 19:34:32 Outgoing Response :
 {"status":"201","statusDesc":"Success"} 
2024-10-18 20:10:21 Incomming Request :
 {"api_key":"YTc4YWY3ZWVlZWViODU3YTY5ODUzNTA4ZGU3YzVhYzM1NTdjNjM1MWEyYzA1ODU1ZDhlqA12AjkP0qNTc4ZjU3N2QwMDVmMw==","phone_number":"255973082294","full_name":"Moses Simsokwe ","namba_ya_simu":"255973082294","jinsia":"FEMALE","type":"USER","region":"Tabora"} 
2024-10-18 20:10:21 Outgoing Response :
 {"status":"201","statusDesc":"Success"} 
2024-10-18 20:11:38 Incomming Request :
 {"api_key":"YTc4YWY3ZWVlZWViODU3YTY5ODUzNTA4ZGU3YzVhYzM1NTdjNjM1MWEyYzA1ODU1ZDhlqA12AjkP0qNTc4ZjU3N2QwMDVmMw==","phone_number":"255783614436","full_name":"Rukaiya Iddi","namba_ya_simu":"255783614436","jinsia":"FEMALE","type":"USER","region":"Zanzibar Urban/West"} 
2024-10-18 20:11:38 Outgoing Response :
 {"status":"201","statusDesc":"Success"} 
2024-10-18 20:20:34 Incomming Request :
 {"api_key":"YTc4YWY3ZWVlZWViODU3YTY5ODUzNTA4ZGU3YzVhYzM1NTdjNjM1MWEyYzA1ODU1ZDhlqA12AjkP0qNTc4ZjU3N2QwMDVmMw==","phone_number":"255753418080","full_name":"Ruben ","namba_ya_simu":"255753418080","jinsia":"FEMALE","type":"USER","region":"Mwanza"} 
2024-10-18 20:20:34 Outgoing Response :
 {"status":"201","statusDesc":"Success"} 
2024-10-18 20:49:15 Incomming Request :
 {"api_key":"YTc4YWY3ZWVlZWViODU3YTY5ODUzNTA4ZGU3YzVhYzM1NTdjNjM1MWEyYzA1ODU1ZDhlqA12AjkP0qNTc4ZjU3N2QwMDVmMw==","phone_number":"255748644756","full_name":"jems Agustino mlelwa ","namba_ya_simu":"255748644756","jinsia":"FEMALE","type":"USER","region":"Mbeya"} 
2024-10-18 20:49:15 Outgoing Response :
 {"status":"201","statusDesc":"Success"} 
2024-10-18 21:23:56 Incomming Request :
 {"api_key":"YTc4YWY3ZWVlZWViODU3YTY5ODUzNTA4ZGU3YzVhYzM1NTdjNjM1MWEyYzA1ODU1ZDhlqA12AjkP0qNTc4ZjU3N2QwMDVmMw==","phone_number":"255763490688","full_name":"ATHUMAN","namba_ya_simu":"255763490688","jinsia":"FEMALE","type":"USER","region":"Dar es Salaam"} 
2024-10-18 21:23:56 Outgoing Response :
 {"status":"201","statusDesc":"Success"} 
2024-10-18 21:30:20 Incomming Request :
 {"api_key":"YTc4YWY3ZWVlZWViODU3YTY5ODUzNTA4ZGU3YzVhYzM1NTdjNjM1MWEyYzA1ODU1ZDhlqA12AjkP0qNTc4ZjU3N2QwMDVmMw==","phone_number":"+255767044332","full_name":"Mussa Matondo ","namba_ya_simu":"+255767044332","jinsia":"FEMALE","type":"USER","region":"Shinyanga"} 
2024-10-18 21:30:20 Outgoing Response :
 {"status":"201","statusDesc":"Success"} 
2024-10-18 21:35:30 Incomming Request :
 {"api_key":"YTc4YWY3ZWVlZWViODU3YTY5ODUzNTA4ZGU3YzVhYzM1NTdjNjM1MWEyYzA1ODU1ZDhlqA12AjkP0qNTc4ZjU3N2QwMDVmMw==","phone_number":"+10767695104","full_name":"amanimoyo23@gmail.com","namba_ya_simu":"+10767695104","jinsia":"FEMALE","type":"USER","region":"Mbeya"} 
2024-10-18 21:35:30 Outgoing Response :
 {"status":"201","statusDesc":"Success"} 