
2024-10-18 06:19:16 Incoming Request :
 {"api_key":"YTc4YWY3ZWVlZWViODU3YTY5ODUzNTA4ZGU3YzVhYzM1NTdjNjM1MWEyYzA1ODU1ZDhlqA12AjkP0qNTc4ZjU3N2QwMDVmMw==","msisdn":"255687335546"} 
2024-10-18 06:19:19 Incoming Request :
 {"api_key":"YTc4YWY3ZWVlZWViODU3YTY5ODUzNTA4ZGU3YzVhYzM1NTdjNjM1MWEyYzA1ODU1ZDhlqA12AjkP0qNTc4ZjU3N2QwMDVmMw==","msisdn":"255687335546"} 
2024-10-18 06:19:28 Incoming Request :
 {"api_key":"YTc4YWY3ZWVlZWViODU3YTY5ODUzNTA4ZGU3YzVhYzM1NTdjNjM1MWEyYzA1ODU1ZDhlqA12AjkP0qNTc4ZjU3N2QwMDVmMw==","msisdn":"255687335546"} 
2024-10-18 06:19:30 Incoming Request :
 {"api_key":"YTc4YWY3ZWVlZWViODU3YTY5ODUzNTA4ZGU3YzVhYzM1NTdjNjM1MWEyYzA1ODU1ZDhlqA12AjkP0qNTc4ZjU3N2QwMDVmMw==","msisdn":"255687335546"} 
2024-10-18 06:19:33 Incoming Request :
 {"api_key":"YTc4YWY3ZWVlZWViODU3YTY5ODUzNTA4ZGU3YzVhYzM1NTdjNjM1MWEyYzA1ODU1ZDhlqA12AjkP0qNTc4ZjU3N2QwMDVmMw==","msisdn":"255687335546"} 
2024-10-18 06:19:33 Sent Request :
 {"channel":{"channel":"119234","password":"YTc4YWY3ZWVlZWViODU3YTY5ODUzNTA4ZGU3YzVhYzM1NTdjNjM1MWEyYzA1ODU1ZDhlNTc4ZjU3N2QwMDVmMw=="},"messages":[{"text":"25561","msisdn":"255687335546","source":"IJUE SHERIA"}]} 
2024-10-18 06:19:35 Returned Response :
 {"isSuccessful":true,"reference_id":"65d1b289a7d246a8ae72241756f98465","sms_quota":33200.0,"error_description":"Successfully submitted 1 message(s) to broker.","error_code":0} 
2024-10-18 09:19:35 Response :
 {"status":"200","statusDesc":"success"} 
2024-10-18 07:16:15 Incoming Request :
 {"api_key":"YTc4YWY3ZWVlZWViODU3YTY5ODUzNTA4ZGU3YzVhYzM1NTdjNjM1MWEyYzA1ODU1ZDhlqA12AjkP0qNTc4ZjU3N2QwMDVmMw==","msisdn":"255676767423"} 
2024-10-18 07:16:15 Sent Request :
 {"channel":{"channel":"119234","password":"YTc4YWY3ZWVlZWViODU3YTY5ODUzNTA4ZGU3YzVhYzM1NTdjNjM1MWEyYzA1ODU1ZDhlNTc4ZjU3N2QwMDVmMw=="},"messages":[{"text":"39912","msisdn":"255676767423","source":"IJUE SHERIA"}]} 
2024-10-18 07:16:16 Returned Response :
 {"isSuccessful":true,"reference_id":"7c772fe040b145aa805f04436e1e8694","sms_quota":33198.0,"error_description":"Successfully submitted 1 message(s) to broker.","error_code":0} 
2024-10-18 10:16:16 Response :
 {"status":"200","statusDesc":"success"} 
2024-10-18 07:16:41 Incoming Request :
 {"otp_token":"39912","api_key":"YTc4YWY3ZWVlZWViODU3YTY5ODUzNTA4ZGU3YzVhYzM1NTdjNjM1MWEyYzA1ODU1ZDhlqA12AjkP0qNTc4ZjU3N2QwMDVmMw==","msisdn":"255676767423"} 
2024-10-18 07:16:41 Response :
 {"status":"200","statusDesc":"success","user_id":"26926","full_name":"Joseph Alex mkini","gender":"FEMALE","region":"Morogoro","msisdn":"255676767423","email":""} 
2024-10-18 07:21:41 Incoming Request :
 {"api_key":"YTc4YWY3ZWVlZWViODU3YTY5ODUzNTA4ZGU3YzVhYzM1NTdjNjM1MWEyYzA1ODU1ZDhlqA12AjkP0qNTc4ZjU3N2QwMDVmMw==","msisdn":"255752850285"} 
2024-10-18 07:21:41 Sent Request :
 {"channel":{"channel":"119234","password":"YTc4YWY3ZWVlZWViODU3YTY5ODUzNTA4ZGU3YzVhYzM1NTdjNjM1MWEyYzA1ODU1ZDhlNTc4ZjU3N2QwMDVmMw=="},"messages":[{"text":"71413","msisdn":"255752850285","source":"IJUE SHERIA"}]} 
2024-10-18 07:21:43 Returned Response :
 {"isSuccessful":true,"reference_id":"0274ff3d9bf04deab032601a101283d4","sms_quota":33196.0,"error_description":"Successfully submitted 1 message(s) to broker.","error_code":0} 
2024-10-18 10:21:43 Response :
 {"status":"200","statusDesc":"success"} 
2024-10-18 07:22:16 Incoming Request :
 {"otp_token":"71413","api_key":"YTc4YWY3ZWVlZWViODU3YTY5ODUzNTA4ZGU3YzVhYzM1NTdjNjM1MWEyYzA1ODU1ZDhlqA12AjkP0qNTc4ZjU3N2QwMDVmMw==","msisdn":"255752850285"} 
2024-10-18 07:22:16 Response :
 {"status":"200","statusDesc":"success","user_id":"255752850285","full_name":"","gender":"","region":"","msisdn":"255752850285","email":""} 
2024-10-18 07:23:26 Incoming Request :
 {"api_key":"YTc4YWY3ZWVlZWViODU3YTY5ODUzNTA4ZGU3YzVhYzM1NTdjNjM1MWEyYzA1ODU1ZDhlqA12AjkP0qNTc4ZjU3N2QwMDVmMw==","msisdn":"255692993219"} 
2024-10-18 07:23:26 Sent Request :
 {"channel":{"channel":"119234","password":"YTc4YWY3ZWVlZWViODU3YTY5ODUzNTA4ZGU3YzVhYzM1NTdjNjM1MWEyYzA1ODU1ZDhlNTc4ZjU3N2QwMDVmMw=="},"messages":[{"text":"60619","msisdn":"255692993219","source":"IJUE SHERIA"}]} 
2024-10-18 07:23:27 Returned Response :
 {"isSuccessful":true,"reference_id":"4f260c4a922a4a6e87ec5b4d0c93b661","sms_quota":33194.0,"error_description":"Successfully submitted 1 message(s) to broker.","error_code":0} 
2024-10-18 10:23:27 Response :
 {"status":"200","statusDesc":"success"} 
2024-10-18 07:24:01 Incoming Request :
 {"otp_token":"60619","api_key":"YTc4YWY3ZWVlZWViODU3YTY5ODUzNTA4ZGU3YzVhYzM1NTdjNjM1MWEyYzA1ODU1ZDhlqA12AjkP0qNTc4ZjU3N2QwMDVmMw==","msisdn":"255692993219"} 
2024-10-18 07:24:01 Response :
 {"status":"200","statusDesc":"success","user_id":"26927","full_name":"fedrick nnko","gender":"MALE","region":"Arusha","msisdn":"255692993219","email":""} 
2024-10-18 07:56:49 Incoming Request :
 {"api_key":"YTc4YWY3ZWVlZWViODU3YTY5ODUzNTA4ZGU3YzVhYzM1NTdjNjM1MWEyYzA1ODU1ZDhlqA12AjkP0qNTc4ZjU3N2QwMDVmMw==","msisdn":"255644765418"} 
2024-10-18 07:56:49 Sent Request :
 {"channel":{"channel":"119234","password":"YTc4YWY3ZWVlZWViODU3YTY5ODUzNTA4ZGU3YzVhYzM1NTdjNjM1MWEyYzA1ODU1ZDhlNTc4ZjU3N2QwMDVmMw=="},"messages":[{"text":"12692","msisdn":"255644765418","source":"IJUE SHERIA"}]} 
2024-10-18 07:56:51 Returned Response :
 {"isSuccessful":true,"reference_id":"7a52e3648f304e6898e3a6b2dc203929","sms_quota":33185.0,"error_description":"Successfully submitted 1 message(s) to broker.","error_code":0} 
2024-10-18 10:56:51 Response :
 {"status":"200","statusDesc":"success"} 
2024-10-18 07:57:57 Incoming Request :
 {"api_key":"YTc4YWY3ZWVlZWViODU3YTY5ODUzNTA4ZGU3YzVhYzM1NTdjNjM1MWEyYzA1ODU1ZDhlqA12AjkP0qNTc4ZjU3N2QwMDVmMw==","msisdn":"255764476541"} 
2024-10-18 07:57:57 Sent Request :
 {"channel":{"channel":"119234","password":"YTc4YWY3ZWVlZWViODU3YTY5ODUzNTA4ZGU3YzVhYzM1NTdjNjM1MWEyYzA1ODU1ZDhlNTc4ZjU3N2QwMDVmMw=="},"messages":[{"text":"40765","msisdn":"255764476541","source":"IJUE SHERIA"}]} 
2024-10-18 07:57:59 Returned Response :
 {"isSuccessful":true,"reference_id":"a72819071b1440e98d003e0d7d0c4ab0","sms_quota":33180.0,"error_description":"Successfully submitted 1 message(s) to broker.","error_code":0} 
2024-10-18 10:57:59 Response :
 {"status":"200","statusDesc":"success"} 
2024-10-18 07:58:58 Incoming Request :
 {"api_key":"YTc4YWY3ZWVlZWViODU3YTY5ODUzNTA4ZGU3YzVhYzM1NTdjNjM1MWEyYzA1ODU1ZDhlqA12AjkP0qNTc4ZjU3N2QwMDVmMw==","msisdn":"255764476541"} 
2024-10-18 07:58:58 Sent Request :
 {"channel":{"channel":"119234","password":"YTc4YWY3ZWVlZWViODU3YTY5ODUzNTA4ZGU3YzVhYzM1NTdjNjM1MWEyYzA1ODU1ZDhlNTc4ZjU3N2QwMDVmMw=="},"messages":[{"text":"53670","msisdn":"255764476541","source":"IJUE SHERIA"}]} 
2024-10-18 07:58:59 Returned Response :
 {"isSuccessful":true,"reference_id":"703e902482d94ed0811c455ef33e66b9","sms_quota":33176.0,"error_description":"Successfully submitted 1 message(s) to broker.","error_code":0} 
2024-10-18 10:58:59 Response :
 {"status":"200","statusDesc":"success"} 
2024-10-18 08:00:40 Incoming Request :
 {"otp_token":"40765","api_key":"YTc4YWY3ZWVlZWViODU3YTY5ODUzNTA4ZGU3YzVhYzM1NTdjNjM1MWEyYzA1ODU1ZDhlqA12AjkP0qNTc4ZjU3N2QwMDVmMw==","msisdn":"255764476541"} 
2024-10-18 08:00:40 Response :
 {"status":"200","statusDesc":"success","user_id":"255764476541","full_name":"","gender":"","region":"","msisdn":"255764476541","email":""} 
2024-10-18 08:08:13 Incoming Request :
 {"api_key":"YTc4YWY3ZWVlZWViODU3YTY5ODUzNTA4ZGU3YzVhYzM1NTdjNjM1MWEyYzA1ODU1ZDhlqA12AjkP0qNTc4ZjU3N2QwMDVmMw==","msisdn":"255762883950"} 
2024-10-18 08:08:13 Sent Request :
 {"channel":{"channel":"119234","password":"YTc4YWY3ZWVlZWViODU3YTY5ODUzNTA4ZGU3YzVhYzM1NTdjNjM1MWEyYzA1ODU1ZDhlNTc4ZjU3N2QwMDVmMw=="},"messages":[{"text":"83016","msisdn":"255762883950","source":"IJUE SHERIA"}]} 
2024-10-18 08:08:14 Returned Response :
 {"isSuccessful":true,"reference_id":"84bbb5109cec4344b05288d29c6b1d89","sms_quota":33174.0,"error_description":"Successfully submitted 1 message(s) to broker.","error_code":0} 
2024-10-18 11:08:14 Response :
 {"status":"200","statusDesc":"success"} 
2024-10-18 08:09:20 Incoming Request :
 {"api_key":"YTc4YWY3ZWVlZWViODU3YTY5ODUzNTA4ZGU3YzVhYzM1NTdjNjM1MWEyYzA1ODU1ZDhlqA12AjkP0qNTc4ZjU3N2QwMDVmMw==","msisdn":"255616380768"} 
2024-10-18 08:09:20 Sent Request :
 {"channel":{"channel":"119234","password":"YTc4YWY3ZWVlZWViODU3YTY5ODUzNTA4ZGU3YzVhYzM1NTdjNjM1MWEyYzA1ODU1ZDhlNTc4ZjU3N2QwMDVmMw=="},"messages":[{"text":"86619","msisdn":"255616380768","source":"IJUE SHERIA"}]} 
2024-10-18 08:09:22 Returned Response :
 {"isSuccessful":true,"reference_id":"0ac6cf413441486b8553b4bbe6f0d8a1","sms_quota":33172.0,"error_description":"Successfully submitted 1 message(s) to broker.","error_code":0} 
2024-10-18 11:09:22 Response :
 {"status":"200","statusDesc":"success"} 
2024-10-18 08:09:25 Incoming Request :
 {"otp_token":"83016","api_key":"YTc4YWY3ZWVlZWViODU3YTY5ODUzNTA4ZGU3YzVhYzM1NTdjNjM1MWEyYzA1ODU1ZDhlqA12AjkP0qNTc4ZjU3N2QwMDVmMw==","msisdn":"255762883950"} 
2024-10-18 08:09:25 Response :
 {"status":"200","statusDesc":"success","user_id":"255762883950","full_name":"","gender":"","region":"","msisdn":"255762883950","email":""} 
2024-10-18 08:09:42 Incoming Request :
 {"otp_token":"86619","api_key":"YTc4YWY3ZWVlZWViODU3YTY5ODUzNTA4ZGU3YzVhYzM1NTdjNjM1MWEyYzA1ODU1ZDhlqA12AjkP0qNTc4ZjU3N2QwMDVmMw==","msisdn":"255616380768"} 
2024-10-18 08:09:42 Response :
 {"status":"200","statusDesc":"success","user_id":"26929","full_name":"Shaban omary","gender":"FEMALE","region":"Mbeya","msisdn":"255616380768","email":""} 
2024-10-18 08:42:59 Incoming Request :
 {"api_key":"YTc4YWY3ZWVlZWViODU3YTY5ODUzNTA4ZGU3YzVhYzM1NTdjNjM1MWEyYzA1ODU1ZDhlqA12AjkP0qNTc4ZjU3N2QwMDVmMw==","msisdn":"255674631895"} 
2024-10-18 08:42:59 Sent Request :
 {"channel":{"channel":"119234","password":"YTc4YWY3ZWVlZWViODU3YTY5ODUzNTA4ZGU3YzVhYzM1NTdjNjM1MWEyYzA1ODU1ZDhlNTc4ZjU3N2QwMDVmMw=="},"messages":[{"text":"32515","msisdn":"255674631895","source":"IJUE SHERIA"}]} 
2024-10-18 08:43:01 Returned Response :
 {"isSuccessful":true,"reference_id":"439c94edebda4edd8d816db358ee3e27","sms_quota":33126.0,"error_description":"Successfully submitted 1 message(s) to broker.","error_code":0} 
2024-10-18 11:43:01 Response :
 {"status":"200","statusDesc":"success"} 
2024-10-18 08:43:36 Incoming Request :
 {"otp_token":"32515","api_key":"YTc4YWY3ZWVlZWViODU3YTY5ODUzNTA4ZGU3YzVhYzM1NTdjNjM1MWEyYzA1ODU1ZDhlqA12AjkP0qNTc4ZjU3N2QwMDVmMw==","msisdn":"255674631895"} 
2024-10-18 08:43:36 Response :
 {"status":"200","statusDesc":"success","user_id":"26930","full_name":"peter charlesi malogo","gender":"FEMALE","region":"Morogoro","msisdn":"255674631895","email":""} 
2024-10-18 09:24:31 Incoming Request :
 {"api_key":"YTc4YWY3ZWVlZWViODU3YTY5ODUzNTA4ZGU3YzVhYzM1NTdjNjM1MWEyYzA1ODU1ZDhlqA12AjkP0qNTc4ZjU3N2QwMDVmMw==","msisdn":"255788632217"} 
2024-10-18 09:24:31 Sent Request :
 {"channel":{"channel":"119234","password":"YTc4YWY3ZWVlZWViODU3YTY5ODUzNTA4ZGU3YzVhYzM1NTdjNjM1MWEyYzA1ODU1ZDhlNTc4ZjU3N2QwMDVmMw=="},"messages":[{"text":"79180","msisdn":"255788632217","source":"IJUE SHERIA"}]} 
2024-10-18 09:24:33 Returned Response :
 {"isSuccessful":true,"reference_id":"3d6115d01dff4be98039ca3d87600566","sms_quota":33075.0,"error_description":"Successfully submitted 1 message(s) to broker.","error_code":0} 
2024-10-18 12:24:33 Response :
 {"status":"200","statusDesc":"success"} 
2024-10-18 09:25:21 Incoming Request :
 {"otp_token":"79180","api_key":"YTc4YWY3ZWVlZWViODU3YTY5ODUzNTA4ZGU3YzVhYzM1NTdjNjM1MWEyYzA1ODU1ZDhlqA12AjkP0qNTc4ZjU3N2QwMDVmMw==","msisdn":"255788632217"} 
2024-10-18 09:25:21 Response :
 {"status":"200","statusDesc":"success","user_id":"26931","full_name":"SHAHANI RASHIDI MTONI","gender":"FEMALE","region":"Lindi","msisdn":"255788632217","email":""} 
2024-10-18 09:54:24 Incoming Request :
 {"api_key":"YTc4YWY3ZWVlZWViODU3YTY5ODUzNTA4ZGU3YzVhYzM1NTdjNjM1MWEyYzA1ODU1ZDhlqA12AjkP0qNTc4ZjU3N2QwMDVmMw==","msisdn":"255687482688"} 
2024-10-18 09:54:24 Sent Request :
 {"channel":{"channel":"119234","password":"YTc4YWY3ZWVlZWViODU3YTY5ODUzNTA4ZGU3YzVhYzM1NTdjNjM1MWEyYzA1ODU1ZDhlNTc4ZjU3N2QwMDVmMw=="},"messages":[{"text":"86330","msisdn":"255687482688","source":"IJUE SHERIA"}]} 
2024-10-18 09:54:26 Returned Response :
 {"isSuccessful":true,"reference_id":"a582c5c27b5f4920a43279b4b8a93967","sms_quota":33068.0,"error_description":"Successfully submitted 1 message(s) to broker.","error_code":0} 
2024-10-18 12:54:26 Response :
 {"status":"200","statusDesc":"success"} 
2024-10-18 09:54:40 Incoming Request :
 {"otp_token":"86330","api_key":"YTc4YWY3ZWVlZWViODU3YTY5ODUzNTA4ZGU3YzVhYzM1NTdjNjM1MWEyYzA1ODU1ZDhlqA12AjkP0qNTc4ZjU3N2QwMDVmMw==","msisdn":"255687482688"} 
2024-10-18 09:54:40 Response :
 {"status":"200","statusDesc":"success","user_id":"26932","full_name":"hashimu","gender":"FEMALE","region":"Dar es Salaam","msisdn":"255687482688","email":""} 
2024-10-18 10:29:30 Incoming Request :
 {"api_key":"YTc4YWY3ZWVlZWViODU3YTY5ODUzNTA4ZGU3YzVhYzM1NTdjNjM1MWEyYzA1ODU1ZDhlqA12AjkP0qNTc4ZjU3N2QwMDVmMw==","msisdn":"255713807218"} 
2024-10-18 10:29:30 Sent Request :
 {"channel":{"channel":"119234","password":"YTc4YWY3ZWVlZWViODU3YTY5ODUzNTA4ZGU3YzVhYzM1NTdjNjM1MWEyYzA1ODU1ZDhlNTc4ZjU3N2QwMDVmMw=="},"messages":[{"text":"95519","msisdn":"255713807218","source":"IJUE SHERIA"}]} 
2024-10-18 10:29:32 Returned Response :
 {"isSuccessful":true,"reference_id":"abe242b3d54c40e3bf00797834655e0f","sms_quota":33009.0,"error_description":"Successfully submitted 1 message(s) to broker.","error_code":0} 
2024-10-18 13:29:32 Response :
 {"status":"200","statusDesc":"success"} 
2024-10-18 10:35:56 Incoming Request :
 {"api_key":"YTc4YWY3ZWVlZWViODU3YTY5ODUzNTA4ZGU3YzVhYzM1NTdjNjM1MWEyYzA1ODU1ZDhlqA12AjkP0qNTc4ZjU3N2QwMDVmMw==","msisdn":"255615842100"} 
2024-10-18 10:35:56 Sent Request :
 {"channel":{"channel":"119234","password":"YTc4YWY3ZWVlZWViODU3YTY5ODUzNTA4ZGU3YzVhYzM1NTdjNjM1MWEyYzA1ODU1ZDhlNTc4ZjU3N2QwMDVmMw=="},"messages":[{"text":"53893","msisdn":"255615842100","source":"IJUE SHERIA"}]} 
2024-10-18 10:35:58 Returned Response :
 {"isSuccessful":true,"reference_id":"f949d024f5bf47a589c266ddfef78240","sms_quota":33005.0,"error_description":"Successfully submitted 1 message(s) to broker.","error_code":0} 
2024-10-18 13:35:58 Response :
 {"status":"200","statusDesc":"success"} 
2024-10-18 10:36:51 Incoming Request :
 {"otp_token":"53893","api_key":"YTc4YWY3ZWVlZWViODU3YTY5ODUzNTA4ZGU3YzVhYzM1NTdjNjM1MWEyYzA1ODU1ZDhlqA12AjkP0qNTc4ZjU3N2QwMDVmMw==","msisdn":"255615842100"} 
2024-10-18 10:36:51 Response :
 {"status":"200","statusDesc":"success","user_id":"26934","full_name":"Joshua Makere","gender":"FEMALE","region":"Pwani","msisdn":"255615842100","email":""} 
2024-10-18 10:46:10 Incoming Request :
 {"api_key":"YTc4YWY3ZWVlZWViODU3YTY5ODUzNTA4ZGU3YzVhYzM1NTdjNjM1MWEyYzA1ODU1ZDhlqA12AjkP0qNTc4ZjU3N2QwMDVmMw==","msisdn":"255716436306"} 
2024-10-18 10:46:10 Sent Request :
 {"channel":{"channel":"119234","password":"YTc4YWY3ZWVlZWViODU3YTY5ODUzNTA4ZGU3YzVhYzM1NTdjNjM1MWEyYzA1ODU1ZDhlNTc4ZjU3N2QwMDVmMw=="},"messages":[{"text":"18592","msisdn":"255716436306","source":"IJUE SHERIA"}]} 
2024-10-18 10:46:12 Returned Response :
 {"isSuccessful":true,"reference_id":"0f662daba83d4a279fa5fb931ac41272","sms_quota":33004.0,"error_description":"Successfully submitted 1 message(s) to broker.","error_code":0} 
2024-10-18 13:46:12 Response :
 {"status":"200","statusDesc":"success"} 
2024-10-18 10:47:09 Incoming Request :
 {"api_key":"YTc4YWY3ZWVlZWViODU3YTY5ODUzNTA4ZGU3YzVhYzM1NTdjNjM1MWEyYzA1ODU1ZDhlqA12AjkP0qNTc4ZjU3N2QwMDVmMw==","msisdn":"255716436306"} 
2024-10-18 10:47:09 Sent Request :
 {"channel":{"channel":"119234","password":"YTc4YWY3ZWVlZWViODU3YTY5ODUzNTA4ZGU3YzVhYzM1NTdjNjM1MWEyYzA1ODU1ZDhlNTc4ZjU3N2QwMDVmMw=="},"messages":[{"text":"28871","msisdn":"255716436306","source":"IJUE SHERIA"}]} 
2024-10-18 10:47:10 Returned Response :
 {"isSuccessful":true,"reference_id":"ad5ebee4c8b64ec4b47d98922554fd11","sms_quota":33002.0,"error_description":"Successfully submitted 1 message(s) to broker.","error_code":0} 
2024-10-18 13:47:10 Response :
 {"status":"200","statusDesc":"success"} 
2024-10-18 10:47:51 Incoming Request :
 {"api_key":"YTc4YWY3ZWVlZWViODU3YTY5ODUzNTA4ZGU3YzVhYzM1NTdjNjM1MWEyYzA1ODU1ZDhlqA12AjkP0qNTc4ZjU3N2QwMDVmMw==","msisdn":"255716436306"} 
2024-10-18 10:47:51 Sent Request :
 {"channel":{"channel":"119234","password":"YTc4YWY3ZWVlZWViODU3YTY5ODUzNTA4ZGU3YzVhYzM1NTdjNjM1MWEyYzA1ODU1ZDhlNTc4ZjU3N2QwMDVmMw=="},"messages":[{"text":"36786","msisdn":"255716436306","source":"IJUE SHERIA"}]} 
2024-10-18 10:47:52 Returned Response :
 {"isSuccessful":true,"reference_id":"631c35f0f2644be0833a4f98adbf5877","sms_quota":33000.0,"error_description":"Successfully submitted 1 message(s) to broker.","error_code":0} 
2024-10-18 13:47:52 Response :
 {"status":"200","statusDesc":"success"} 
2024-10-18 10:48:36 Incoming Request :
 {"api_key":"YTc4YWY3ZWVlZWViODU3YTY5ODUzNTA4ZGU3YzVhYzM1NTdjNjM1MWEyYzA1ODU1ZDhlqA12AjkP0qNTc4ZjU3N2QwMDVmMw==","msisdn":"255786670710"} 
2024-10-18 10:48:36 Sent Request :
 {"channel":{"channel":"119234","password":"YTc4YWY3ZWVlZWViODU3YTY5ODUzNTA4ZGU3YzVhYzM1NTdjNjM1MWEyYzA1ODU1ZDhlNTc4ZjU3N2QwMDVmMw=="},"messages":[{"text":"64638","msisdn":"255786670710","source":"IJUE SHERIA"}]} 
2024-10-18 10:48:38 Returned Response :
 {"isSuccessful":true,"reference_id":"d407b07ab9cd48f1ae1d7c6f1a97f350","sms_quota":32998.0,"error_description":"Successfully submitted 1 message(s) to broker.","error_code":0} 
2024-10-18 13:48:38 Response :
 {"status":"200","statusDesc":"success"} 
2024-10-18 10:49:01 Incoming Request :
 {"otp_token":"64638","api_key":"YTc4YWY3ZWVlZWViODU3YTY5ODUzNTA4ZGU3YzVhYzM1NTdjNjM1MWEyYzA1ODU1ZDhlqA12AjkP0qNTc4ZjU3N2QwMDVmMw==","msisdn":"255786670710"} 
2024-10-18 10:49:01 Response :
 {"status":"200","statusDesc":"success","user_id":"255786670710","full_name":"","gender":"","region":"","msisdn":"255786670710","email":""} 
2024-10-18 11:12:03 Incoming Request :
 {"api_key":"YTc4YWY3ZWVlZWViODU3YTY5ODUzNTA4ZGU3YzVhYzM1NTdjNjM1MWEyYzA1ODU1ZDhlqA12AjkP0qNTc4ZjU3N2QwMDVmMw==","msisdn":"255713807218"} 
2024-10-18 11:12:03 Sent Request :
 {"channel":{"channel":"119234","password":"YTc4YWY3ZWVlZWViODU3YTY5ODUzNTA4ZGU3YzVhYzM1NTdjNjM1MWEyYzA1ODU1ZDhlNTc4ZjU3N2QwMDVmMw=="},"messages":[{"text":"51681","msisdn":"255713807218","source":"IJUE SHERIA"}]} 
2024-10-18 11:12:05 Returned Response :
 {"isSuccessful":true,"reference_id":"08f115239f6e4ba59989da6bc108b56a","sms_quota":32996.0,"error_description":"Successfully submitted 1 message(s) to broker.","error_code":0} 
2024-10-18 14:12:05 Response :
 {"status":"200","statusDesc":"success"} 
2024-10-18 11:12:16 Incoming Request :
 {"otp_token":"95519","api_key":"YTc4YWY3ZWVlZWViODU3YTY5ODUzNTA4ZGU3YzVhYzM1NTdjNjM1MWEyYzA1ODU1ZDhlqA12AjkP0qNTc4ZjU3N2QwMDVmMw==","msisdn":"255713807218"} 
2024-10-18 11:12:16 Response :
 {"status":"200","statusDesc":"success","user_id":"26933","full_name":"Juma Madeha","gender":"MALE","region":"Dar es Salaam","msisdn":"255713807218","email":""} 
2024-10-18 11:26:11 Incoming Request :
 {"api_key":"YTc4YWY3ZWVlZWViODU3YTY5ODUzNTA4ZGU3YzVhYzM1NTdjNjM1MWEyYzA1ODU1ZDhlqA12AjkP0qNTc4ZjU3N2QwMDVmMw==","msisdn":"255684715945"} 
2024-10-18 11:26:11 Sent Request :
 {"channel":{"channel":"119234","password":"YTc4YWY3ZWVlZWViODU3YTY5ODUzNTA4ZGU3YzVhYzM1NTdjNjM1MWEyYzA1ODU1ZDhlNTc4ZjU3N2QwMDVmMw=="},"messages":[{"text":"11975","msisdn":"255684715945","source":"IJUE SHERIA"}]} 
2024-10-18 11:26:13 Returned Response :
 {"isSuccessful":true,"reference_id":"46245b60f9414e4a986f702b64c03d99","sms_quota":32989.0,"error_description":"Successfully submitted 1 message(s) to broker.","error_code":0} 
2024-10-18 14:26:13 Response :
 {"status":"200","statusDesc":"success"} 
2024-10-18 11:26:21 Incoming Request :
 {"api_key":"YTc4YWY3ZWVlZWViODU3YTY5ODUzNTA4ZGU3YzVhYzM1NTdjNjM1MWEyYzA1ODU1ZDhlqA12AjkP0qNTc4ZjU3N2QwMDVmMw==","msisdn":"255623280026"} 
2024-10-18 11:26:21 Sent Request :
 {"channel":{"channel":"119234","password":"YTc4YWY3ZWVlZWViODU3YTY5ODUzNTA4ZGU3YzVhYzM1NTdjNjM1MWEyYzA1ODU1ZDhlNTc4ZjU3N2QwMDVmMw=="},"messages":[{"text":"10345","msisdn":"255623280026","source":"IJUE SHERIA"}]} 
2024-10-18 11:26:22 Returned Response :
 {"isSuccessful":true,"reference_id":"58962d2168d14638bcd5f957f561aed5","sms_quota":32987.0,"error_description":"Successfully submitted 1 message(s) to broker.","error_code":0} 
2024-10-18 14:26:22 Response :
 {"status":"200","statusDesc":"success"} 
2024-10-18 11:27:02 Incoming Request :
 {"api_key":"YTc4YWY3ZWVlZWViODU3YTY5ODUzNTA4ZGU3YzVhYzM1NTdjNjM1MWEyYzA1ODU1ZDhlqA12AjkP0qNTc4ZjU3N2QwMDVmMw==","msisdn":"255623280026"} 
2024-10-18 11:27:02 Sent Request :
 {"channel":{"channel":"119234","password":"YTc4YWY3ZWVlZWViODU3YTY5ODUzNTA4ZGU3YzVhYzM1NTdjNjM1MWEyYzA1ODU1ZDhlNTc4ZjU3N2QwMDVmMw=="},"messages":[{"text":"23744","msisdn":"255623280026","source":"IJUE SHERIA"}]} 
2024-10-18 11:27:04 Returned Response :
 {"isSuccessful":true,"reference_id":"dfaa00e83ca44b10a9c843a4f7c0d191","sms_quota":32985.0,"error_description":"Successfully submitted 1 message(s) to broker.","error_code":0} 
2024-10-18 14:27:04 Response :
 {"status":"200","statusDesc":"success"} 
2024-10-18 11:27:12 Incoming Request :
 {"otp_token":"11975","api_key":"YTc4YWY3ZWVlZWViODU3YTY5ODUzNTA4ZGU3YzVhYzM1NTdjNjM1MWEyYzA1ODU1ZDhlqA12AjkP0qNTc4ZjU3N2QwMDVmMw==","msisdn":"255684715945"} 
2024-10-18 11:27:12 Response :
 {"status":"200","statusDesc":"success","user_id":"23557","full_name":"Joseph aquitandajoseph9@gmail.com","gender":"FEMALE","region":"Dar es Salaam","msisdn":"255684715945","email":""} 
2024-10-18 11:28:26 Incoming Request :
 {"otp_token":"10345","api_key":"YTc4YWY3ZWVlZWViODU3YTY5ODUzNTA4ZGU3YzVhYzM1NTdjNjM1MWEyYzA1ODU1ZDhlqA12AjkP0qNTc4ZjU3N2QwMDVmMw==","msisdn":"255623280026"} 
2024-10-18 11:28:26 Response :
 {"status":"200","statusDesc":"success","user_id":"26936","full_name":"Ibrahim juma mohamedi","gender":"MALE","region":"Kigoma","msisdn":"255623280026","email":""} 
2024-10-18 11:29:25 Incoming Request :
 {"api_key":"YTc4YWY3ZWVlZWViODU3YTY5ODUzNTA4ZGU3YzVhYzM1NTdjNjM1MWEyYzA1ODU1ZDhlqA12AjkP0qNTc4ZjU3N2QwMDVmMw==","msisdn":"255711847019"} 
2024-10-18 11:29:25 Sent Request :
 {"channel":{"channel":"119234","password":"YTc4YWY3ZWVlZWViODU3YTY5ODUzNTA4ZGU3YzVhYzM1NTdjNjM1MWEyYzA1ODU1ZDhlNTc4ZjU3N2QwMDVmMw=="},"messages":[{"text":"14321","msisdn":"255711847019","source":"IJUE SHERIA"}]} 
2024-10-18 11:29:27 Returned Response :
 {"isSuccessful":true,"reference_id":"c634dcf25ccc42069a6f9b02d5f5f221","sms_quota":32983.0,"error_description":"Successfully submitted 1 message(s) to broker.","error_code":0} 
2024-10-18 14:29:27 Response :
 {"status":"200","statusDesc":"success"} 
2024-10-18 11:29:58 Incoming Request :
 {"otp_token":"14321","api_key":"YTc4YWY3ZWVlZWViODU3YTY5ODUzNTA4ZGU3YzVhYzM1NTdjNjM1MWEyYzA1ODU1ZDhlqA12AjkP0qNTc4ZjU3N2QwMDVmMw==","msisdn":"255711847019"} 
2024-10-18 11:29:58 Response :
 {"status":"200","statusDesc":"success","user_id":"255711847019","full_name":"","gender":"","region":"","msisdn":"255711847019","email":""} 
2024-10-18 12:09:26 Incoming Request :
 {"api_key":"YTc4YWY3ZWVlZWViODU3YTY5ODUzNTA4ZGU3YzVhYzM1NTdjNjM1MWEyYzA1ODU1ZDhlqA12AjkP0qNTc4ZjU3N2QwMDVmMw==","msisdn":"255713483772"} 
2024-10-18 12:09:26 Sent Request :
 {"channel":{"channel":"119234","password":"YTc4YWY3ZWVlZWViODU3YTY5ODUzNTA4ZGU3YzVhYzM1NTdjNjM1MWEyYzA1ODU1ZDhlNTc4ZjU3N2QwMDVmMw=="},"messages":[{"text":"69526","msisdn":"255713483772","source":"IJUE SHERIA"}]} 
2024-10-18 12:09:29 Returned Response :
 {"isSuccessful":true,"reference_id":"d6f6593db2c94379b13136de525684f9","sms_quota":32982.0,"error_description":"Successfully submitted 1 message(s) to broker.","error_code":0} 
2024-10-18 15:09:29 Response :
 {"status":"200","statusDesc":"success"} 
2024-10-18 12:10:13 Incoming Request :
 {"api_key":"YTc4YWY3ZWVlZWViODU3YTY5ODUzNTA4ZGU3YzVhYzM1NTdjNjM1MWEyYzA1ODU1ZDhlqA12AjkP0qNTc4ZjU3N2QwMDVmMw==","msisdn":"255765061234"} 
2024-10-18 12:10:13 Sent Request :
 {"channel":{"channel":"119234","password":"YTc4YWY3ZWVlZWViODU3YTY5ODUzNTA4ZGU3YzVhYzM1NTdjNjM1MWEyYzA1ODU1ZDhlNTc4ZjU3N2QwMDVmMw=="},"messages":[{"text":"11576","msisdn":"255765061234","source":"IJUE SHERIA"}]} 
2024-10-18 12:10:15 Returned Response :
 {"isSuccessful":true,"reference_id":"40486306286745ce88d9caf51f37a950","sms_quota":32980.0,"error_description":"Successfully submitted 1 message(s) to broker.","error_code":0} 
2024-10-18 15:10:15 Response :
 {"status":"200","statusDesc":"success"} 
2024-10-18 12:10:44 Incoming Request :
 {"otp_token":"11576","api_key":"YTc4YWY3ZWVlZWViODU3YTY5ODUzNTA4ZGU3YzVhYzM1NTdjNjM1MWEyYzA1ODU1ZDhlqA12AjkP0qNTc4ZjU3N2QwMDVmMw==","msisdn":"255765061234"} 
2024-10-18 12:10:44 Response :
 {"status":"200","statusDesc":"success","user_id":"255765061234","full_name":"","gender":"","region":"","msisdn":"255765061234","email":""} 
2024-10-18 12:56:41 Incoming Request :
 {"api_key":"YTc4YWY3ZWVlZWViODU3YTY5ODUzNTA4ZGU3YzVhYzM1NTdjNjM1MWEyYzA1ODU1ZDhlqA12AjkP0qNTc4ZjU3N2QwMDVmMw==","msisdn":"255687144069"} 
2024-10-18 12:56:41 Sent Request :
 {"channel":{"channel":"119234","password":"YTc4YWY3ZWVlZWViODU3YTY5ODUzNTA4ZGU3YzVhYzM1NTdjNjM1MWEyYzA1ODU1ZDhlNTc4ZjU3N2QwMDVmMw=="},"messages":[{"text":"50593","msisdn":"255687144069","source":"IJUE SHERIA"}]} 
2024-10-18 12:56:43 Returned Response :
 {"isSuccessful":true,"reference_id":"e2dc39934ebc435a9cf36bea1b2da30b","sms_quota":32978.0,"error_description":"Successfully submitted 1 message(s) to broker.","error_code":0} 
2024-10-18 15:56:43 Response :
 {"status":"200","statusDesc":"success"} 
2024-10-18 12:57:37 Incoming Request :
 {"otp_token":"50593","api_key":"YTc4YWY3ZWVlZWViODU3YTY5ODUzNTA4ZGU3YzVhYzM1NTdjNjM1MWEyYzA1ODU1ZDhlqA12AjkP0qNTc4ZjU3N2QwMDVmMw==","msisdn":"255687144069"} 
2024-10-18 12:57:37 Response :
 {"status":"200","statusDesc":"success","user_id":"255687144069","full_name":"","gender":"","region":"","msisdn":"255687144069","email":""} 
2024-10-18 13:04:31 Incoming Request :
 {"api_key":"YTc4YWY3ZWVlZWViODU3YTY5ODUzNTA4ZGU3YzVhYzM1NTdjNjM1MWEyYzA1ODU1ZDhlqA12AjkP0qNTc4ZjU3N2QwMDVmMw==","msisdn":"255783644429"} 
2024-10-18 13:04:31 Sent Request :
 {"channel":{"channel":"119234","password":"YTc4YWY3ZWVlZWViODU3YTY5ODUzNTA4ZGU3YzVhYzM1NTdjNjM1MWEyYzA1ODU1ZDhlNTc4ZjU3N2QwMDVmMw=="},"messages":[{"text":"78553","msisdn":"255783644429","source":"IJUE SHERIA"}]} 
2024-10-18 13:04:33 Returned Response :
 {"isSuccessful":true,"reference_id":"f8cb315ea2cd41af98d86165582dad60","sms_quota":32976.0,"error_description":"Successfully submitted 1 message(s) to broker.","error_code":0} 
2024-10-18 16:04:33 Response :
 {"status":"200","statusDesc":"success"} 
2024-10-18 13:05:03 Incoming Request :
 {"otp_token":"78553","api_key":"YTc4YWY3ZWVlZWViODU3YTY5ODUzNTA4ZGU3YzVhYzM1NTdjNjM1MWEyYzA1ODU1ZDhlqA12AjkP0qNTc4ZjU3N2QwMDVmMw==","msisdn":"255783644429"} 
2024-10-18 13:05:03 Response :
 {"status":"200","statusDesc":"success","user_id":"26939","full_name":"Twahiliissa222 ","gender":"FEMALE","region":"Kagera","msisdn":"255783644429","email":""} 
2024-10-18 13:19:31 Incoming Request :
 {"api_key":"YTc4YWY3ZWVlZWViODU3YTY5ODUzNTA4ZGU3YzVhYzM1NTdjNjM1MWEyYzA1ODU1ZDhlqA12AjkP0qNTc4ZjU3N2QwMDVmMw==","msisdn":"255713614417"} 
2024-10-18 13:19:31 Sent Request :
 {"channel":{"channel":"119234","password":"YTc4YWY3ZWVlZWViODU3YTY5ODUzNTA4ZGU3YzVhYzM1NTdjNjM1MWEyYzA1ODU1ZDhlNTc4ZjU3N2QwMDVmMw=="},"messages":[{"text":"61468","msisdn":"255713614417","source":"IJUE SHERIA"}]} 
2024-10-18 13:19:33 Returned Response :
 {"isSuccessful":true,"reference_id":"273227958346498090ad6894aad13a12","sms_quota":32974.0,"error_description":"Successfully submitted 1 message(s) to broker.","error_code":0} 
2024-10-18 16:19:33 Response :
 {"status":"200","statusDesc":"success"} 
2024-10-18 13:22:54 Incoming Request :
 {"api_key":"YTc4YWY3ZWVlZWViODU3YTY5ODUzNTA4ZGU3YzVhYzM1NTdjNjM1MWEyYzA1ODU1ZDhlqA12AjkP0qNTc4ZjU3N2QwMDVmMw==","msisdn":"255713614417"} 
2024-10-18 13:22:54 Sent Request :
 {"channel":{"channel":"119234","password":"YTc4YWY3ZWVlZWViODU3YTY5ODUzNTA4ZGU3YzVhYzM1NTdjNjM1MWEyYzA1ODU1ZDhlNTc4ZjU3N2QwMDVmMw=="},"messages":[{"text":"43554","msisdn":"255713614417","source":"IJUE SHERIA"}]} 
2024-10-18 13:22:56 Returned Response :
 {"isSuccessful":true,"reference_id":"18b60ab248f04e308ab5e44f3eb81159","sms_quota":32972.0,"error_description":"Successfully submitted 1 message(s) to broker.","error_code":0} 
2024-10-18 16:22:56 Response :
 {"status":"200","statusDesc":"success"} 
2024-10-18 13:23:11 Incoming Request :
 {"otp_token":"61468","api_key":"YTc4YWY3ZWVlZWViODU3YTY5ODUzNTA4ZGU3YzVhYzM1NTdjNjM1MWEyYzA1ODU1ZDhlqA12AjkP0qNTc4ZjU3N2QwMDVmMw==","msisdn":"255713614417"} 
2024-10-18 13:23:11 Response :
 {"status":"200","statusDesc":"success","user_id":"26940","full_name":"wiriamu simoni","gender":"FEMALE","region":"Morogoro","msisdn":"255713614417","email":""} 
2024-10-18 13:30:59 Incoming Request :
 {"api_key":"YTc4YWY3ZWVlZWViODU3YTY5ODUzNTA4ZGU3YzVhYzM1NTdjNjM1MWEyYzA1ODU1ZDhlqA12AjkP0qNTc4ZjU3N2QwMDVmMw==","msisdn":"255652041560"} 
2024-10-18 13:30:59 Sent Request :
 {"channel":{"channel":"119234","password":"YTc4YWY3ZWVlZWViODU3YTY5ODUzNTA4ZGU3YzVhYzM1NTdjNjM1MWEyYzA1ODU1ZDhlNTc4ZjU3N2QwMDVmMw=="},"messages":[{"text":"93724","msisdn":"255652041560","source":"IJUE SHERIA"}]} 
2024-10-18 13:31:01 Returned Response :
 {"isSuccessful":true,"reference_id":"d64ebde5ce994a368d2e75640e3341d4","sms_quota":32971.0,"error_description":"Successfully submitted 1 message(s) to broker.","error_code":0} 
2024-10-18 16:31:01 Response :
 {"status":"200","statusDesc":"success"} 
2024-10-18 13:31:55 Incoming Request :
 {"otp_token":"93724","api_key":"YTc4YWY3ZWVlZWViODU3YTY5ODUzNTA4ZGU3YzVhYzM1NTdjNjM1MWEyYzA1ODU1ZDhlqA12AjkP0qNTc4ZjU3N2QwMDVmMw==","msisdn":"255652041560"} 
2024-10-18 13:31:55 Response :
 {"status":"200","statusDesc":"success","user_id":"26942","full_name":"fadhilirobert","gender":"FEMALE","region":"Dar es Salaam","msisdn":"255652041560","email":""} 
2024-10-18 14:41:10 Incoming Request :
 {"api_key":"YTc4YWY3ZWVlZWViODU3YTY5ODUzNTA4ZGU3YzVhYzM1NTdjNjM1MWEyYzA1ODU1ZDhlqA12AjkP0qNTc4ZjU3N2QwMDVmMw==","msisdn":"255708273376"} 
2024-10-18 14:41:10 Sent Request :
 {"channel":{"channel":"119234","password":"YTc4YWY3ZWVlZWViODU3YTY5ODUzNTA4ZGU3YzVhYzM1NTdjNjM1MWEyYzA1ODU1ZDhlNTc4ZjU3N2QwMDVmMw=="},"messages":[{"text":"52603","msisdn":"255708273376","source":"IJUE SHERIA"}]} 
2024-10-18 14:41:18 Returned Response :
 {"isSuccessful":true,"reference_id":"0f0f503a8e28430c95ef401be720f43a","sms_quota":32969.0,"error_description":"Successfully submitted 1 message(s) to broker.","error_code":0} 
2024-10-18 17:41:18 Response :
 {"status":"200","statusDesc":"success"} 
2024-10-18 14:46:34 Incoming Request :
 {"api_key":"YTc4YWY3ZWVlZWViODU3YTY5ODUzNTA4ZGU3YzVhYzM1NTdjNjM1MWEyYzA1ODU1ZDhlqA12AjkP0qNTc4ZjU3N2QwMDVmMw==","msisdn":"255615929529"} 
2024-10-18 14:46:34 Sent Request :
 {"channel":{"channel":"119234","password":"YTc4YWY3ZWVlZWViODU3YTY5ODUzNTA4ZGU3YzVhYzM1NTdjNjM1MWEyYzA1ODU1ZDhlNTc4ZjU3N2QwMDVmMw=="},"messages":[{"text":"43712","msisdn":"255615929529","source":"IJUE SHERIA"}]} 
2024-10-18 14:46:35 Returned Response :
 {"isSuccessful":true,"reference_id":"3a113ab6176242b4b49bd302188ed40f","sms_quota":32969.0,"error_description":"Successfully submitted 1 message(s) to broker.","error_code":0} 
2024-10-18 17:46:35 Response :
 {"status":"200","statusDesc":"success"} 
2024-10-18 14:47:16 Incoming Request :
 {"otp_token":"43712","api_key":"YTc4YWY3ZWVlZWViODU3YTY5ODUzNTA4ZGU3YzVhYzM1NTdjNjM1MWEyYzA1ODU1ZDhlqA12AjkP0qNTc4ZjU3N2QwMDVmMw==","msisdn":"255615929529"} 
2024-10-18 14:47:16 Response :
 {"status":"200","statusDesc":"success","user_id":"26944","full_name":"zacharia michael zacharia","gender":"MALE","region":"Shinyanga","msisdn":"255615929529","email":""} 
2024-10-18 15:03:04 Incoming Request :
 {"api_key":"YTc4YWY3ZWVlZWViODU3YTY5ODUzNTA4ZGU3YzVhYzM1NTdjNjM1MWEyYzA1ODU1ZDhlqA12AjkP0qNTc4ZjU3N2QwMDVmMw==","msisdn":"255685308070"} 
2024-10-18 15:03:04 Sent Request :
 {"channel":{"channel":"119234","password":"YTc4YWY3ZWVlZWViODU3YTY5ODUzNTA4ZGU3YzVhYzM1NTdjNjM1MWEyYzA1ODU1ZDhlNTc4ZjU3N2QwMDVmMw=="},"messages":[{"text":"19060","msisdn":"255685308070","source":"IJUE SHERIA"}]} 
2024-10-18 15:03:05 Returned Response :
 {"isSuccessful":true,"reference_id":"a61fdca4ceca45158f26d5c6402174a2","sms_quota":32967.0,"error_description":"Successfully submitted 1 message(s) to broker.","error_code":0} 
2024-10-18 18:03:05 Response :
 {"status":"200","statusDesc":"success"} 
2024-10-18 15:03:31 Incoming Request :
 {"otp_token":"19060","api_key":"YTc4YWY3ZWVlZWViODU3YTY5ODUzNTA4ZGU3YzVhYzM1NTdjNjM1MWEyYzA1ODU1ZDhlqA12AjkP0qNTc4ZjU3N2QwMDVmMw==","msisdn":"255685308070"} 
2024-10-18 15:03:31 Response :
 {"status":"200","statusDesc":"success","user_id":"26945","full_name":"Assadi chingwalu mussa ","gender":"FEMALE","region":"Lindi","msisdn":"255685308070","email":""} 
2024-10-18 17:20:11 Incoming Request :
 {"api_key":"YTc4YWY3ZWVlZWViODU3YTY5ODUzNTA4ZGU3YzVhYzM1NTdjNjM1MWEyYzA1ODU1ZDhlqA12AjkP0qNTc4ZjU3N2QwMDVmMw==","msisdn":"255676441663"} 
2024-10-18 17:20:11 Sent Request :
 {"channel":{"channel":"119234","password":"YTc4YWY3ZWVlZWViODU3YTY5ODUzNTA4ZGU3YzVhYzM1NTdjNjM1MWEyYzA1ODU1ZDhlNTc4ZjU3N2QwMDVmMw=="},"messages":[{"text":"57148","msisdn":"255676441663","source":"IJUE SHERIA"}]} 
2024-10-18 17:20:13 Returned Response :
 {"isSuccessful":true,"reference_id":"f8bbd18cac56447e8d4c4717195d9400","sms_quota":32965.0,"error_description":"Successfully submitted 1 message(s) to broker.","error_code":0} 
2024-10-18 20:20:13 Response :
 {"status":"200","statusDesc":"success"} 
2024-10-18 17:20:26 Incoming Request :
 {"otp_token":"57148","api_key":"YTc4YWY3ZWVlZWViODU3YTY5ODUzNTA4ZGU3YzVhYzM1NTdjNjM1MWEyYzA1ODU1ZDhlqA12AjkP0qNTc4ZjU3N2QwMDVmMw==","msisdn":"255676441663"} 
2024-10-18 17:20:26 Response :
 {"status":"200","statusDesc":"success","user_id":"255676441663","full_name":"","gender":"","region":"","msisdn":"255676441663","email":""} 
2024-10-18 17:53:09 Incoming Request :
 {"api_key":"YTc4YWY3ZWVlZWViODU3YTY5ODUzNTA4ZGU3YzVhYzM1NTdjNjM1MWEyYzA1ODU1ZDhlqA12AjkP0qNTc4ZjU3N2QwMDVmMw==","msisdn":"255629411898"} 
2024-10-18 17:53:09 Sent Request :
 {"channel":{"channel":"119234","password":"YTc4YWY3ZWVlZWViODU3YTY5ODUzNTA4ZGU3YzVhYzM1NTdjNjM1MWEyYzA1ODU1ZDhlNTc4ZjU3N2QwMDVmMw=="},"messages":[{"text":"36413","msisdn":"255629411898","source":"IJUE SHERIA"}]} 
2024-10-18 17:53:11 Returned Response :
 {"isSuccessful":true,"reference_id":"48d07610be464f95a2c006ea611a452b","sms_quota":32963.0,"error_description":"Successfully submitted 1 message(s) to broker.","error_code":0} 
2024-10-18 20:53:11 Response :
 {"status":"200","statusDesc":"success"} 
2024-10-18 17:54:36 Incoming Request :
 {"otp_token":"19934","api_key":"YTc4YWY3ZWVlZWViODU3YTY5ODUzNTA4ZGU3YzVhYzM1NTdjNjM1MWEyYzA1ODU1ZDhlqA12AjkP0qNTc4ZjU3N2QwMDVmMw==","msisdn":"255629411898"} 
2024-10-18 17:54:36 Response :
 {"status":"200","statusDesc":"success","user_id":"255629411898","full_name":"","gender":"","region":"","msisdn":"255629411898","email":""} 
2024-10-18 18:21:12 Incoming Request :
 {"api_key":"YTc4YWY3ZWVlZWViODU3YTY5ODUzNTA4ZGU3YzVhYzM1NTdjNjM1MWEyYzA1ODU1ZDhlqA12AjkP0qNTc4ZjU3N2QwMDVmMw==","msisdn":"255688838268"} 
2024-10-18 18:21:12 Sent Request :
 {"channel":{"channel":"119234","password":"YTc4YWY3ZWVlZWViODU3YTY5ODUzNTA4ZGU3YzVhYzM1NTdjNjM1MWEyYzA1ODU1ZDhlNTc4ZjU3N2QwMDVmMw=="},"messages":[{"text":"98312","msisdn":"255688838268","source":"IJUE SHERIA"}]} 
2024-10-18 18:21:14 Returned Response :
 {"isSuccessful":true,"reference_id":"6235d496ee7541cc8f761ac0003f9cd0","sms_quota":32961.0,"error_description":"Successfully submitted 1 message(s) to broker.","error_code":0} 
2024-10-18 21:21:14 Response :
 {"status":"200","statusDesc":"success"} 
2024-10-18 18:23:49 Incoming Request :
 {"api_key":"YTc4YWY3ZWVlZWViODU3YTY5ODUzNTA4ZGU3YzVhYzM1NTdjNjM1MWEyYzA1ODU1ZDhlqA12AjkP0qNTc4ZjU3N2QwMDVmMw==","msisdn":"255688838268"} 
2024-10-18 18:23:49 Sent Request :
 {"channel":{"channel":"119234","password":"YTc4YWY3ZWVlZWViODU3YTY5ODUzNTA4ZGU3YzVhYzM1NTdjNjM1MWEyYzA1ODU1ZDhlNTc4ZjU3N2QwMDVmMw=="},"messages":[{"text":"69273","msisdn":"255688838268","source":"IJUE SHERIA"}]} 
2024-10-18 18:23:51 Returned Response :
 {"isSuccessful":true,"reference_id":"16895adbfa304681b83eefa7237d05bf","sms_quota":32960.0,"error_description":"Successfully submitted 1 message(s) to broker.","error_code":0} 
2024-10-18 21:23:51 Response :
 {"status":"200","statusDesc":"success"} 
2024-10-18 18:24:37 Incoming Request :
 {"otp_token":"69273","api_key":"YTc4YWY3ZWVlZWViODU3YTY5ODUzNTA4ZGU3YzVhYzM1NTdjNjM1MWEyYzA1ODU1ZDhlqA12AjkP0qNTc4ZjU3N2QwMDVmMw==","msisdn":"255688838268"} 
2024-10-18 18:24:37 Response :
 {"status":"200","statusDesc":"success","user_id":"255688838268","full_name":"","gender":"","region":"","msisdn":"255688838268","email":""} 
2024-10-18 18:34:46 Incoming Request :
 {"api_key":"YTc4YWY3ZWVlZWViODU3YTY5ODUzNTA4ZGU3YzVhYzM1NTdjNjM1MWEyYzA1ODU1ZDhlqA12AjkP0qNTc4ZjU3N2QwMDVmMw==","msisdn":"255782879541"} 
2024-10-18 18:34:46 Sent Request :
 {"channel":{"channel":"119234","password":"YTc4YWY3ZWVlZWViODU3YTY5ODUzNTA4ZGU3YzVhYzM1NTdjNjM1MWEyYzA1ODU1ZDhlNTc4ZjU3N2QwMDVmMw=="},"messages":[{"text":"33878","msisdn":"255782879541","source":"IJUE SHERIA"}]} 
2024-10-18 18:34:47 Returned Response :
 {"isSuccessful":true,"reference_id":"a4bba6e0998648d99c1aec0ae9f1071d","sms_quota":32958.0,"error_description":"Successfully submitted 1 message(s) to broker.","error_code":0} 
2024-10-18 21:34:47 Response :
 {"status":"200","statusDesc":"success"} 
2024-10-18 18:35:24 Incoming Request :
 {"otp_token":"33878","api_key":"YTc4YWY3ZWVlZWViODU3YTY5ODUzNTA4ZGU3YzVhYzM1NTdjNjM1MWEyYzA1ODU1ZDhlqA12AjkP0qNTc4ZjU3N2QwMDVmMw==","msisdn":"255782879541"} 
2024-10-18 18:35:24 Response :
 {"status":"200","statusDesc":"success","user_id":"26947","full_name":"joshua sumuleki laizer","gender":"FEMALE","region":"Arusha","msisdn":"255782879541","email":""} 
2024-10-18 18:42:52 Incoming Request :
 {"api_key":"YTc4YWY3ZWVlZWViODU3YTY5ODUzNTA4ZGU3YzVhYzM1NTdjNjM1MWEyYzA1ODU1ZDhlqA12AjkP0qNTc4ZjU3N2QwMDVmMw==","msisdn":"+255765041423"} 
2024-10-18 18:42:52 Response :
 {"status":"422","statusDesc":"Invalid Phone Number"} 
2024-10-18 18:42:59 Incoming Request :
 {"api_key":"YTc4YWY3ZWVlZWViODU3YTY5ODUzNTA4ZGU3YzVhYzM1NTdjNjM1MWEyYzA1ODU1ZDhlqA12AjkP0qNTc4ZjU3N2QwMDVmMw==","msisdn":"+255765041423"} 
2024-10-18 18:42:59 Response :
 {"status":"422","statusDesc":"Invalid Phone Number"} 
2024-10-18 18:43:14 Incoming Request :
 {"api_key":"YTc4YWY3ZWVlZWViODU3YTY5ODUzNTA4ZGU3YzVhYzM1NTdjNjM1MWEyYzA1ODU1ZDhlqA12AjkP0qNTc4ZjU3N2QwMDVmMw==","msisdn":"+255765041423"} 
2024-10-18 18:43:14 Response :
 {"status":"422","statusDesc":"Invalid Phone Number"} 
2024-10-18 18:43:24 Incoming Request :
 {"api_key":"YTc4YWY3ZWVlZWViODU3YTY5ODUzNTA4ZGU3YzVhYzM1NTdjNjM1MWEyYzA1ODU1ZDhlqA12AjkP0qNTc4ZjU3N2QwMDVmMw==","msisdn":"+255765041423"} 
2024-10-18 18:43:24 Response :
 {"status":"422","statusDesc":"Invalid Phone Number"} 
2024-10-18 18:44:03 Incoming Request :
 {"api_key":"YTc4YWY3ZWVlZWViODU3YTY5ODUzNTA4ZGU3YzVhYzM1NTdjNjM1MWEyYzA1ODU1ZDhlqA12AjkP0qNTc4ZjU3N2QwMDVmMw==","msisdn":"255765041423"} 
2024-10-18 18:44:03 Sent Request :
 {"channel":{"channel":"119234","password":"YTc4YWY3ZWVlZWViODU3YTY5ODUzNTA4ZGU3YzVhYzM1NTdjNjM1MWEyYzA1ODU1ZDhlNTc4ZjU3N2QwMDVmMw=="},"messages":[{"text":"61161","msisdn":"255765041423","source":"IJUE SHERIA"}]} 
2024-10-18 18:44:04 Returned Response :
 {"isSuccessful":true,"reference_id":"a79bfc461556446c86c83758ad164b80","sms_quota":32956.0,"error_description":"Successfully submitted 1 message(s) to broker.","error_code":0} 
2024-10-18 21:44:04 Response :
 {"status":"200","statusDesc":"success"} 
2024-10-18 18:44:27 Incoming Request :
 {"otp_token":"61161","api_key":"YTc4YWY3ZWVlZWViODU3YTY5ODUzNTA4ZGU3YzVhYzM1NTdjNjM1MWEyYzA1ODU1ZDhlqA12AjkP0qNTc4ZjU3N2QwMDVmMw==","msisdn":"255765041423"} 
2024-10-18 18:44:27 Response :
 {"status":"200","statusDesc":"success","user_id":"255765041423","full_name":"","gender":"","region":"","msisdn":"255765041423","email":""} 
2024-10-18 19:13:35 Incoming Request :
 {"api_key":"YTc4YWY3ZWVlZWViODU3YTY5ODUzNTA4ZGU3YzVhYzM1NTdjNjM1MWEyYzA1ODU1ZDhlqA12AjkP0qNTc4ZjU3N2QwMDVmMw==","msisdn":"255747364990"} 
2024-10-18 19:13:35 Sent Request :
 {"channel":{"channel":"119234","password":"YTc4YWY3ZWVlZWViODU3YTY5ODUzNTA4ZGU3YzVhYzM1NTdjNjM1MWEyYzA1ODU1ZDhlNTc4ZjU3N2QwMDVmMw=="},"messages":[{"text":"88497","msisdn":"255747364990","source":"IJUE SHERIA"}]} 
2024-10-18 19:13:37 Returned Response :
 {"isSuccessful":true,"reference_id":"00d72c2f5d944e11ba73b22f4f358280","sms_quota":32954.0,"error_description":"Successfully submitted 1 message(s) to broker.","error_code":0} 
2024-10-18 22:13:37 Response :
 {"status":"200","statusDesc":"success"} 
2024-10-18 19:16:44 Incoming Request :
 {"otp_token":"88497","api_key":"YTc4YWY3ZWVlZWViODU3YTY5ODUzNTA4ZGU3YzVhYzM1NTdjNjM1MWEyYzA1ODU1ZDhlqA12AjkP0qNTc4ZjU3N2QwMDVmMw==","msisdn":"255747364990"} 
2024-10-18 19:16:44 Response :
 {"status":"200","statusDesc":"success","user_id":"26949","full_name":"shabani mrisho mkwega","gender":"MALE","region":"Dar es Salaam","msisdn":"255747364990","email":""} 
2024-10-18 19:25:51 Incoming Request :
 {"api_key":"YTc4YWY3ZWVlZWViODU3YTY5ODUzNTA4ZGU3YzVhYzM1NTdjNjM1MWEyYzA1ODU1ZDhlqA12AjkP0qNTc4ZjU3N2QwMDVmMw==","msisdn":"255764252144"} 
2024-10-18 19:25:51 Sent Request :
 {"channel":{"channel":"119234","password":"YTc4YWY3ZWVlZWViODU3YTY5ODUzNTA4ZGU3YzVhYzM1NTdjNjM1MWEyYzA1ODU1ZDhlNTc4ZjU3N2QwMDVmMw=="},"messages":[{"text":"72616","msisdn":"255764252144","source":"IJUE SHERIA"}]} 
2024-10-18 19:25:53 Returned Response :
 {"isSuccessful":true,"reference_id":"0fe6ac316ab4462fb83a1720b314e585","sms_quota":32952.0,"error_description":"Successfully submitted 1 message(s) to broker.","error_code":0} 
2024-10-18 22:25:53 Response :
 {"status":"200","statusDesc":"success"} 
2024-10-18 19:26:25 Incoming Request :
 {"otp_token":"72616","api_key":"YTc4YWY3ZWVlZWViODU3YTY5ODUzNTA4ZGU3YzVhYzM1NTdjNjM1MWEyYzA1ODU1ZDhlqA12AjkP0qNTc4ZjU3N2QwMDVmMw==","msisdn":"255764252144"} 
2024-10-18 19:26:25 Response :
 {"status":"200","statusDesc":"success","user_id":"26950","full_name":"DeogratiasiVenasiKimbuli","gender":"MALE","region":"Kigoma","msisdn":"255764252144","email":""} 
2024-10-18 19:34:48 Incoming Request :
 {"api_key":"YTc4YWY3ZWVlZWViODU3YTY5ODUzNTA4ZGU3YzVhYzM1NTdjNjM1MWEyYzA1ODU1ZDhlqA12AjkP0qNTc4ZjU3N2QwMDVmMw==","msisdn":"255782220240"} 
2024-10-18 19:34:48 Sent Request :
 {"channel":{"channel":"119234","password":"YTc4YWY3ZWVlZWViODU3YTY5ODUzNTA4ZGU3YzVhYzM1NTdjNjM1MWEyYzA1ODU1ZDhlNTc4ZjU3N2QwMDVmMw=="},"messages":[{"text":"59316","msisdn":"255782220240","source":"IJUE SHERIA"}]} 
2024-10-18 19:34:50 Returned Response :
 {"isSuccessful":true,"reference_id":"51e332646fa7455ba0274aca6e05802e","sms_quota":32950.0,"error_description":"Successfully submitted 1 message(s) to broker.","error_code":0} 
2024-10-18 22:34:50 Response :
 {"status":"200","statusDesc":"success"} 
2024-10-18 19:35:48 Incoming Request :
 {"otp_token":"59316","api_key":"YTc4YWY3ZWVlZWViODU3YTY5ODUzNTA4ZGU3YzVhYzM1NTdjNjM1MWEyYzA1ODU1ZDhlqA12AjkP0qNTc4ZjU3N2QwMDVmMw==","msisdn":"255782220240"} 
2024-10-18 19:35:48 Response :
 {"status":"200","statusDesc":"success","user_id":"26951","full_name":"said ","gender":"MALE","region":"Dar es Salaam","msisdn":"255782220240","email":""} 
2024-10-18 20:10:49 Incoming Request :
 {"api_key":"YTc4YWY3ZWVlZWViODU3YTY5ODUzNTA4ZGU3YzVhYzM1NTdjNjM1MWEyYzA1ODU1ZDhlqA12AjkP0qNTc4ZjU3N2QwMDVmMw==","msisdn":"255973082294"} 
2024-10-18 20:10:49 Sent Request :
 {"channel":{"channel":"119234","password":"YTc4YWY3ZWVlZWViODU3YTY5ODUzNTA4ZGU3YzVhYzM1NTdjNjM1MWEyYzA1ODU1ZDhlNTc4ZjU3N2QwMDVmMw=="},"messages":[{"text":"26420","msisdn":"255973082294","source":"IJUE SHERIA"}]} 
2024-10-18 20:10:50 Returned Response :
 {"isSuccessful":true,"reference_id":"ef83db118da243809c6070a9a1682bda","sms_quota":32949.0,"error_description":"Successfully submitted 1 message(s) to broker.","error_code":0} 
2024-10-18 23:10:50 Response :
 {"status":"200","statusDesc":"success"} 
2024-10-18 20:11:06 Incoming Request :
 {"otp_token":"20056","api_key":"YTc4YWY3ZWVlZWViODU3YTY5ODUzNTA4ZGU3YzVhYzM1NTdjNjM1MWEyYzA1ODU1ZDhlqA12AjkP0qNTc4ZjU3N2QwMDVmMw==","msisdn":"255973082294"} 
2024-10-18 20:11:07 Response :
 {"status":"200","statusDesc":"success","user_id":"255973082294","full_name":"","gender":"","region":"","msisdn":"255973082294","email":""} 
2024-10-18 20:12:06 Incoming Request :
 {"api_key":"YTc4YWY3ZWVlZWViODU3YTY5ODUzNTA4ZGU3YzVhYzM1NTdjNjM1MWEyYzA1ODU1ZDhlqA12AjkP0qNTc4ZjU3N2QwMDVmMw==","msisdn":"255783614436"} 
2024-10-18 20:12:06 Sent Request :
 {"channel":{"channel":"119234","password":"YTc4YWY3ZWVlZWViODU3YTY5ODUzNTA4ZGU3YzVhYzM1NTdjNjM1MWEyYzA1ODU1ZDhlNTc4ZjU3N2QwMDVmMw=="},"messages":[{"text":"12010","msisdn":"255783614436","source":"IJUE SHERIA"}]} 
2024-10-18 20:12:07 Returned Response :
 {"isSuccessful":true,"reference_id":"4c4e57f9712947b28daae4473cf78186","sms_quota":32949.0,"error_description":"Successfully submitted 1 message(s) to broker.","error_code":0} 
2024-10-18 23:12:07 Response :
 {"status":"200","statusDesc":"success"} 
2024-10-18 20:12:35 Incoming Request :
 {"otp_token":"12010","api_key":"YTc4YWY3ZWVlZWViODU3YTY5ODUzNTA4ZGU3YzVhYzM1NTdjNjM1MWEyYzA1ODU1ZDhlqA12AjkP0qNTc4ZjU3N2QwMDVmMw==","msisdn":"255783614436"} 
2024-10-18 20:12:35 Response :
 {"status":"200","statusDesc":"success","user_id":"26953","full_name":"Rukaiya Iddi","gender":"FEMALE","region":"Zanzibar Urban\/West","msisdn":"255783614436","email":""} 
2024-10-18 20:20:46 Incoming Request :
 {"api_key":"YTc4YWY3ZWVlZWViODU3YTY5ODUzNTA4ZGU3YzVhYzM1NTdjNjM1MWEyYzA1ODU1ZDhlqA12AjkP0qNTc4ZjU3N2QwMDVmMw==","msisdn":"255753418080"} 
2024-10-18 20:20:46 Sent Request :
 {"channel":{"channel":"119234","password":"YTc4YWY3ZWVlZWViODU3YTY5ODUzNTA4ZGU3YzVhYzM1NTdjNjM1MWEyYzA1ODU1ZDhlNTc4ZjU3N2QwMDVmMw=="},"messages":[{"text":"34966","msisdn":"255753418080","source":"IJUE SHERIA"}]} 
2024-10-18 20:20:48 Returned Response :
 {"isSuccessful":true,"reference_id":"b7bb77616c6643a8846762e56f36e465","sms_quota":32947.0,"error_description":"Successfully submitted 1 message(s) to broker.","error_code":0} 
2024-10-18 23:20:48 Response :
 {"status":"200","statusDesc":"success"} 
2024-10-18 20:21:13 Incoming Request :
 {"otp_token":"34966","api_key":"YTc4YWY3ZWVlZWViODU3YTY5ODUzNTA4ZGU3YzVhYzM1NTdjNjM1MWEyYzA1ODU1ZDhlqA12AjkP0qNTc4ZjU3N2QwMDVmMw==","msisdn":"255753418080"} 
2024-10-18 20:21:13 Response :
 {"status":"200","statusDesc":"success","user_id":"18129","full_name":"Ruben james","gender":"FEMALE","region":"Mwanza","msisdn":"255753418080","email":""} 
2024-10-18 20:49:40 Incoming Request :
 {"api_key":"YTc4YWY3ZWVlZWViODU3YTY5ODUzNTA4ZGU3YzVhYzM1NTdjNjM1MWEyYzA1ODU1ZDhlqA12AjkP0qNTc4ZjU3N2QwMDVmMw==","msisdn":"255748644756"} 
2024-10-18 20:49:40 Sent Request :
 {"channel":{"channel":"119234","password":"YTc4YWY3ZWVlZWViODU3YTY5ODUzNTA4ZGU3YzVhYzM1NTdjNjM1MWEyYzA1ODU1ZDhlNTc4ZjU3N2QwMDVmMw=="},"messages":[{"text":"22661","msisdn":"255748644756","source":"IJUE SHERIA"}]} 
2024-10-18 20:49:42 Returned Response :
 {"isSuccessful":true,"reference_id":"b8675c9581264ff7ac5c2cffa7bb5104","sms_quota":32945.0,"error_description":"Successfully submitted 1 message(s) to broker.","error_code":0} 
2024-10-18 23:49:42 Response :
 {"status":"200","statusDesc":"success"} 
2024-10-18 20:50:20 Incoming Request :
 {"otp_token":"22661","api_key":"YTc4YWY3ZWVlZWViODU3YTY5ODUzNTA4ZGU3YzVhYzM1NTdjNjM1MWEyYzA1ODU1ZDhlqA12AjkP0qNTc4ZjU3N2QwMDVmMw==","msisdn":"255748644756"} 
2024-10-18 20:50:20 Response :
 {"status":"200","statusDesc":"success","user_id":"26954","full_name":"jems Agustino mlelwa ","gender":"FEMALE","region":"Mbeya","msisdn":"255748644756","email":""} 
2024-10-18 21:24:16 Incoming Request :
 {"api_key":"YTc4YWY3ZWVlZWViODU3YTY5ODUzNTA4ZGU3YzVhYzM1NTdjNjM1MWEyYzA1ODU1ZDhlqA12AjkP0qNTc4ZjU3N2QwMDVmMw==","msisdn":"255763490688"} 
2024-10-18 21:24:16 Sent Request :
 {"channel":{"channel":"119234","password":"YTc4YWY3ZWVlZWViODU3YTY5ODUzNTA4ZGU3YzVhYzM1NTdjNjM1MWEyYzA1ODU1ZDhlNTc4ZjU3N2QwMDVmMw=="},"messages":[{"text":"48464","msisdn":"255763490688","source":"IJUE SHERIA"}]} 
2024-10-18 21:24:19 Returned Response :
 {"isSuccessful":true,"reference_id":"d168ce6aa06e40169634f112b0cec5fd","sms_quota":32943.0,"error_description":"Successfully submitted 1 message(s) to broker.","error_code":0} 
2024-10-19 00:24:19 Response :
 {"status":"200","statusDesc":"success"} 
2024-10-18 21:24:46 Incoming Request :
 {"otp_token":"48464","api_key":"YTc4YWY3ZWVlZWViODU3YTY5ODUzNTA4ZGU3YzVhYzM1NTdjNjM1MWEyYzA1ODU1ZDhlqA12AjkP0qNTc4ZjU3N2QwMDVmMw==","msisdn":"255763490688"} 
2024-10-18 21:24:46 Response :
 {"status":"200","statusDesc":"success","user_id":"26955","full_name":"ATHUMAN","gender":"FEMALE","region":"Dar es Salaam","msisdn":"255763490688","email":""} 
2024-10-18 21:30:34 Incoming Request :
 {"api_key":"YTc4YWY3ZWVlZWViODU3YTY5ODUzNTA4ZGU3YzVhYzM1NTdjNjM1MWEyYzA1ODU1ZDhlqA12AjkP0qNTc4ZjU3N2QwMDVmMw==","msisdn":"+255767044332"} 
2024-10-18 21:30:34 Response :
 {"status":"422","statusDesc":"Invalid Phone Number"} 
2024-10-18 21:35:59 Incoming Request :
 {"api_key":"YTc4YWY3ZWVlZWViODU3YTY5ODUzNTA4ZGU3YzVhYzM1NTdjNjM1MWEyYzA1ODU1ZDhlqA12AjkP0qNTc4ZjU3N2QwMDVmMw==","msisdn":"255767695104"} 
2024-10-18 21:35:59 Sent Request :
 {"channel":{"channel":"119234","password":"YTc4YWY3ZWVlZWViODU3YTY5ODUzNTA4ZGU3YzVhYzM1NTdjNjM1MWEyYzA1ODU1ZDhlNTc4ZjU3N2QwMDVmMw=="},"messages":[{"text":"40855","msisdn":"255767695104","source":"IJUE SHERIA"}]} 
2024-10-18 21:36:01 Returned Response :
 {"isSuccessful":true,"reference_id":"3221dc7c08f448f79e7e06f7e0f5a638","sms_quota":32941.0,"error_description":"Successfully submitted 1 message(s) to broker.","error_code":0} 
2024-10-19 00:36:01 Response :
 {"status":"200","statusDesc":"success"} 
2024-10-18 21:37:36 Incoming Request :
 {"otp_token":"19086","api_key":"YTc4YWY3ZWVlZWViODU3YTY5ODUzNTA4ZGU3YzVhYzM1NTdjNjM1MWEyYzA1ODU1ZDhlqA12AjkP0qNTc4ZjU3N2QwMDVmMw==","msisdn":"255767695104"} 
2024-10-18 21:37:36 Response :
 {"status":"200","statusDesc":"success","user_id":"255767695104","full_name":"","gender":"","region":"","msisdn":"255767695104","email":""} 