
2024-10-20 05:18:26 Incomming Request :
 {"api_key":"YTc4YWY3ZWVlZWViODU3YTY5ODUzNTA4ZGU3YzVhYzM1NTdjNjM1MWEyYzA1ODU1ZDhlqA12AjkP0qNTc4ZjU3N2QwMDVmMw==","phone_number":"255769272892","full_name":"Elisante mahu","namba_ya_simu":"255769272892","jinsia":"FEMALE","type":"USER","region":"Arusha"} 
2024-10-20 05:18:26 Outgoing Response :
 {"status":"201","statusDesc":"Success"} 
2024-10-20 07:11:14 Incomming Request :
 {"api_key":"YTc4YWY3ZWVlZWViODU3YTY5ODUzNTA4ZGU3YzVhYzM1NTdjNjM1MWEyYzA1ODU1ZDhlqA12AjkP0qNTc4ZjU3N2QwMDVmMw==","phone_number":"255694978481","full_name":"Francis Masanja","namba_ya_simu":"255694978481","jinsia":"FEMALE","type":"USER","region":"Dar es Salaam"} 
2024-10-20 07:11:14 Outgoing Response :
 {"status":"201","statusDesc":"Success"} 
2024-10-20 07:41:06 Incomming Request :
 {"api_key":"YTc4YWY3ZWVlZWViODU3YTY5ODUzNTA4ZGU3YzVhYzM1NTdjNjM1MWEyYzA1ODU1ZDhlqA12AjkP0qNTc4ZjU3N2QwMDVmMw==","phone_number":"255753532244","full_name":"Rehani Omari Abuu ","namba_ya_simu":"255753532244","jinsia":"FEMALE","type":"USER","region":"Dar es Salaam"} 
2024-10-20 07:41:06 Outgoing Response :
 {"status":"201","statusDesc":"Success"} 
2024-10-20 08:01:09 Incomming Request :
 {"api_key":"YTc4YWY3ZWVlZWViODU3YTY5ODUzNTA4ZGU3YzVhYzM1NTdjNjM1MWEyYzA1ODU1ZDhlqA12AjkP0qNTc4ZjU3N2QwMDVmMw==","phone_number":"255762116621","full_name":"vedasto ","namba_ya_simu":"255762116621","jinsia":"FEMALE","type":"USER","region":"Kagera"} 
2024-10-20 08:01:09 Outgoing Response :
 {"status":"201","statusDesc":"Success"} 
2024-10-20 09:27:32 Incomming Request :
 {"api_key":"YTc4YWY3ZWVlZWViODU3YTY5ODUzNTA4ZGU3YzVhYzM1NTdjNjM1MWEyYzA1ODU1ZDhlqA12AjkP0qNTc4ZjU3N2QwMDVmMw==","phone_number":"255764149817","full_name":"Sospeter Mlilwansi ","namba_ya_simu":"255764149817","jinsia":"MALE","type":"USER","region":"Pwani"} 
2024-10-20 09:27:32 Outgoing Response :
 {"status":"201","statusDesc":"Success"} 
2024-10-20 11:05:58 Incomming Request :
 {"api_key":"YTc4YWY3ZWVlZWViODU3YTY5ODUzNTA4ZGU3YzVhYzM1NTdjNjM1MWEyYzA1ODU1ZDhlqA12AjkP0qNTc4ZjU3N2QwMDVmMw==","phone_number":"255683681110","full_name":"paulo","namba_ya_simu":"255683681110","jinsia":"FEMALE","type":"USER","region":"Singida"} 
2024-10-20 11:05:58 Outgoing Response :
 {"status":"201","statusDesc":"Success"} 
2024-10-20 11:09:45 Incomming Request :
 {"api_key":"YTc4YWY3ZWVlZWViODU3YTY5ODUzNTA4ZGU3YzVhYzM1NTdjNjM1MWEyYzA1ODU1ZDhlqA12AjkP0qNTc4ZjU3N2QwMDVmMw==","phone_number":"255752949569","full_name":"kulwa zabron jilala","namba_ya_simu":"255752949569","jinsia":"MALE","type":"USER","region":"Mwanza"} 
2024-10-20 11:09:45 Outgoing Response :
 {"status":"201","statusDesc":"Success"} 
2024-10-20 12:16:35 Incomming Request :
 {"api_key":"YTc4YWY3ZWVlZWViODU3YTY5ODUzNTA4ZGU3YzVhYzM1NTdjNjM1MWEyYzA1ODU1ZDhlqA12AjkP0qNTc4ZjU3N2QwMDVmMw==","phone_number":"255645678511","full_name":"Hamza Nasibu","namba_ya_simu":"255645678511","jinsia":"FEMALE","type":"USER","region":"Pwani"} 
2024-10-20 12:16:35 Outgoing Response :
 {"status":"201","statusDesc":"Success"} 
2024-10-20 14:17:33 Incomming Request :
 {"api_key":"YTc4YWY3ZWVlZWViODU3YTY5ODUzNTA4ZGU3YzVhYzM1NTdjNjM1MWEyYzA1ODU1ZDhlqA12AjkP0qNTc4ZjU3N2QwMDVmMw==","phone_number":"+255693991179","full_name":"samsonjulius972@gmail.com","namba_ya_simu":"+255693991179","jinsia":"FEMALE","type":"USER","region":"Kagera"} 
2024-10-20 14:17:33 Outgoing Response :
 {"status":"201","statusDesc":"Success"} 
2024-10-20 14:18:24 Incomming Request :
 {"api_key":"YTc4YWY3ZWVlZWViODU3YTY5ODUzNTA4ZGU3YzVhYzM1NTdjNjM1MWEyYzA1ODU1ZDhlqA12AjkP0qNTc4ZjU3N2QwMDVmMw==","phone_number":"+255693991179","full_name":"samson ","namba_ya_simu":"+255693991179","jinsia":"FEMALE","type":"USER","region":"Mara"} 
2024-10-20 14:18:24 Outgoing Response :
 {"status":"201","statusDesc":"Success"} 
2024-10-20 14:32:35 Incomming Request :
 {"api_key":"YTc4YWY3ZWVlZWViODU3YTY5ODUzNTA4ZGU3YzVhYzM1NTdjNjM1MWEyYzA1ODU1ZDhlqA12AjkP0qNTc4ZjU3N2QwMDVmMw==","phone_number":"255676524810","full_name":"Martin George ","namba_ya_simu":"255676524810","jinsia":"MALE","type":"USER","region":"Dar es Salaam"} 
2024-10-20 14:32:35 Outgoing Response :
 {"status":"201","statusDesc":"Success"} 
2024-10-20 14:37:30 Incomming Request :
 {"api_key":"YTc4YWY3ZWVlZWViODU3YTY5ODUzNTA4ZGU3YzVhYzM1NTdjNjM1MWEyYzA1ODU1ZDhlqA12AjkP0qNTc4ZjU3N2QwMDVmMw==","phone_number":"255684468581","full_name":"malima e tongeji","namba_ya_simu":"255684468581","jinsia":"FEMALE","type":"USER","region":"Dar es Salaam"} 
2024-10-20 14:37:30 Outgoing Response :
 {"status":"201","statusDesc":"Success"} 
2024-10-20 15:21:28 Incomming Request :
 {"api_key":"YTc4YWY3ZWVlZWViODU3YTY5ODUzNTA4ZGU3YzVhYzM1NTdjNjM1MWEyYzA1ODU1ZDhlqA12AjkP0qNTc4ZjU3N2QwMDVmMw==","phone_number":"255628079565","full_name":"mussaloserianmwaipan@gmail.com","namba_ya_simu":"255628079565","jinsia":"MALE","type":"USER","region":"Manyara"} 
2024-10-20 15:21:28 Outgoing Response :
 {"status":"201","statusDesc":"Success"} 
2024-10-20 15:30:24 Incomming Request :
 {"api_key":"YTc4YWY3ZWVlZWViODU3YTY5ODUzNTA4ZGU3YzVhYzM1NTdjNjM1MWEyYzA1ODU1ZDhlqA12AjkP0qNTc4ZjU3N2QwMDVmMw==","phone_number":"255691716241","full_name":"Mariasoledad Pérez alunda","namba_ya_simu":"255691716241","jinsia":"FEMALE","type":"USER","region":"Mbeya"} 
2024-10-20 15:30:24 Outgoing Response :
 {"status":"201","statusDesc":"Success"} 
2024-10-20 15:38:43 Incomming Request :
 {"api_key":"YTc4YWY3ZWVlZWViODU3YTY5ODUzNTA4ZGU3YzVhYzM1NTdjNjM1MWEyYzA1ODU1ZDhlqA12AjkP0qNTc4ZjU3N2QwMDVmMw==","phone_number":"255756312185","full_name":"JOHN CHONYA","namba_ya_simu":"255756312185","jinsia":"FEMALE","type":"USER","region":"Iringa"} 
2024-10-20 15:38:43 Outgoing Response :
 {"status":"201","statusDesc":"Success"} 
2024-10-20 15:45:07 Incomming Request :
 {"api_key":"YTc4YWY3ZWVlZWViODU3YTY5ODUzNTA4ZGU3YzVhYzM1NTdjNjM1MWEyYzA1ODU1ZDhlqA12AjkP0qNTc4ZjU3N2QwMDVmMw==","phone_number":"255699612591","full_name":"Kibebeti Wahika Mwikwabe ","namba_ya_simu":"255699612591","jinsia":"FEMALE","type":"USER","region":"Mwanza"} 
2024-10-20 15:45:07 Outgoing Response :
 {"status":"201","statusDesc":"Success"} 
2024-10-20 16:27:46 Incomming Request :
 {"api_key":"YTc4YWY3ZWVlZWViODU3YTY5ODUzNTA4ZGU3YzVhYzM1NTdjNjM1MWEyYzA1ODU1ZDhlqA12AjkP0qNTc4ZjU3N2QwMDVmMw==","phone_number":"255624824285","full_name":"mfungo maiga","namba_ya_simu":"255624824285","jinsia":"FEMALE","type":"USER","region":"Mara"} 
2024-10-20 16:27:46 Outgoing Response :
 {"status":"201","statusDesc":"Success"} 
2024-10-20 17:05:24 Incomming Request :
 {"api_key":"YTc4YWY3ZWVlZWViODU3YTY5ODUzNTA4ZGU3YzVhYzM1NTdjNjM1MWEyYzA1ODU1ZDhlqA12AjkP0qNTc4ZjU3N2QwMDVmMw==","phone_number":"255657869427","full_name":"husseni","namba_ya_simu":"255657869427","jinsia":"MALE","type":"USER","region":"Tanga"} 
2024-10-20 17:05:24 Outgoing Response :
 {"status":"201","statusDesc":"Success"} 
2024-10-20 18:10:36 Incomming Request :
 {"api_key":"YTc4YWY3ZWVlZWViODU3YTY5ODUzNTA4ZGU3YzVhYzM1NTdjNjM1MWEyYzA1ODU1ZDhlqA12AjkP0qNTc4ZjU3N2QwMDVmMw==","phone_number":"255748827416","full_name":"Isack Kone","namba_ya_simu":"255748827416","jinsia":"MALE","type":"USER","region":"Arusha"} 
2024-10-20 18:10:36 Outgoing Response :
 {"status":"201","statusDesc":"Success"} 
2024-10-20 19:49:58 Incomming Request :
 {"api_key":"YTc4YWY3ZWVlZWViODU3YTY5ODUzNTA4ZGU3YzVhYzM1NTdjNjM1MWEyYzA1ODU1ZDhlqA12AjkP0qNTc4ZjU3N2QwMDVmMw==","phone_number":"255626242975","full_name":"UHEMBA JOSEPH","namba_ya_simu":"255626242975","jinsia":"FEMALE","type":"USER","region":"Kagera"} 
2024-10-20 19:49:58 Outgoing Response :
 {"status":"201","statusDesc":"Success"} 
2024-10-20 21:39:17 Incomming Request :
 {"api_key":"YTc4YWY3ZWVlZWViODU3YTY5ODUzNTA4ZGU3YzVhYzM1NTdjNjM1MWEyYzA1ODU1ZDhlqA12AjkP0qNTc4ZjU3N2QwMDVmMw==","phone_number":"255622007505","full_name":"idrisa","namba_ya_simu":"255622007505","jinsia":"FEMALE","type":"USER","region":"Dodoma"} 
2024-10-20 21:39:17 Outgoing Response :
 {"status":"201","statusDesc":"Success"} 
2024-10-20 21:56:00 Incomming Request :
 {"api_key":"YTc4YWY3ZWVlZWViODU3YTY5ODUzNTA4ZGU3YzVhYzM1NTdjNjM1MWEyYzA1ODU1ZDhlqA12AjkP0qNTc4ZjU3N2QwMDVmMw==","phone_number":"255714488137","full_name":"fadhilishamte33@gmail.com","namba_ya_simu":"255714488137","jinsia":"FEMALE","type":"USER","region":"Dar es Salaam"} 
2024-10-20 21:56:00 Outgoing Response :
 {"status":"201","statusDesc":"Success"} 