
2024-10-22 04:24:01 Incomming Request :
 {"api_key":"YTc4YWY3ZWVlZWViODU3YTY5ODUzNTA4ZGU3YzVhYzM1NTdjNjM1MWEyYzA1ODU1ZDhlqA12AjkP0qNTc4ZjU3N2QwMDVmMw==","phone_number":"255627555628","full_name":"Edward Joseph ","namba_ya_simu":"255627555628","jinsia":"FEMALE","type":"USER","region":"Dar es Salaam"} 
2024-10-22 04:24:01 Outgoing Response :
 {"status":"201","statusDesc":"Success"} 
2024-10-22 05:34:48 Incomming Request :
 {"api_key":"YTc4YWY3ZWVlZWViODU3YTY5ODUzNTA4ZGU3YzVhYzM1NTdjNjM1MWEyYzA1ODU1ZDhlqA12AjkP0qNTc4ZjU3N2QwMDVmMw==","phone_number":"255780871641","full_name":"Sam Mwakasanqa ","namba_ya_simu":"255780871641","jinsia":"MALE","type":"USER","region":"Mbeya"} 
2024-10-22 05:34:48 Outgoing Response :
 {"status":"201","statusDesc":"Success"} 
2024-10-22 05:35:36 Incomming Request :
 {"api_key":"YTc4YWY3ZWVlZWViODU3YTY5ODUzNTA4ZGU3YzVhYzM1NTdjNjM1MWEyYzA1ODU1ZDhlqA12AjkP0qNTc4ZjU3N2QwMDVmMw==","phone_number":"255658644622","full_name":"SHANGWE MBIMBI","namba_ya_simu":"255658644622","jinsia":"FEMALE","type":"USER","region":"Iringa"} 
2024-10-22 05:35:36 Outgoing Response :
 {"status":"201","statusDesc":"Success"} 
2024-10-22 06:28:56 Incomming Request :
 {"api_key":"YTc4YWY3ZWVlZWViODU3YTY5ODUzNTA4ZGU3YzVhYzM1NTdjNjM1MWEyYzA1ODU1ZDhlqA12AjkP0qNTc4ZjU3N2QwMDVmMw==","phone_number":"255743787741","full_name":"EMANUEL RICHARD PANJA ","namba_ya_simu":"255743787741","jinsia":"MALE","type":"USER","region":"Rukwa"} 
2024-10-22 06:28:56 Outgoing Response :
 {"status":"201","statusDesc":"Success"} 
2024-10-22 06:34:10 Incomming Request :
 {"api_key":"YTc4YWY3ZWVlZWViODU3YTY5ODUzNTA4ZGU3YzVhYzM1NTdjNjM1MWEyYzA1ODU1ZDhlqA12AjkP0qNTc4ZjU3N2QwMDVmMw==","phone_number":"255675088893","full_name":"taus stephano mvuyekule","namba_ya_simu":"255675088893","jinsia":"MALE","type":"USER","region":"Lindi"} 
2024-10-22 06:34:10 Outgoing Response :
 {"status":"201","statusDesc":"Success"} 
2024-10-22 06:38:50 Incomming Request :
 {"api_key":"YTc4YWY3ZWVlZWViODU3YTY5ODUzNTA4ZGU3YzVhYzM1NTdjNjM1MWEyYzA1ODU1ZDhlqA12AjkP0qNTc4ZjU3N2QwMDVmMw==","phone_number":"255695551548","full_name":"prosper kafuka","namba_ya_simu":"255695551548","jinsia":"FEMALE","type":"USER","region":"Iringa"} 
2024-10-22 06:38:50 Outgoing Response :
 {"status":"201","statusDesc":"Success"} 
2024-10-22 07:23:02 Incomming Request :
 {"api_key":"YTc4YWY3ZWVlZWViODU3YTY5ODUzNTA4ZGU3YzVhYzM1NTdjNjM1MWEyYzA1ODU1ZDhlqA12AjkP0qNTc4ZjU3N2QwMDVmMw==","phone_number":"255716964757","full_name":"Felix ","namba_ya_simu":"255716964757","jinsia":"FEMALE","type":"USER","region":"Dar es Salaam"} 
2024-10-22 07:23:02 Outgoing Response :
 {"status":"201","statusDesc":"Success"} 
2024-10-22 07:50:13 Incomming Request :
 {"api_key":"YTc4YWY3ZWVlZWViODU3YTY5ODUzNTA4ZGU3YzVhYzM1NTdjNjM1MWEyYzA1ODU1ZDhlqA12AjkP0qNTc4ZjU3N2QwMDVmMw==","phone_number":"255769186779","full_name":"coach","namba_ya_simu":"255769186779","jinsia":"FEMALE","type":"USER","region":"Dar es Salaam"} 
2024-10-22 07:50:13 Outgoing Response :
 {"status":"201","statusDesc":"Success"} 
2024-10-22 08:21:34 Incomming Request :
 {"api_key":"YTc4YWY3ZWVlZWViODU3YTY5ODUzNTA4ZGU3YzVhYzM1NTdjNjM1MWEyYzA1ODU1ZDhlqA12AjkP0qNTc4ZjU3N2QwMDVmMw==","phone_number":"255746077422","full_name":"james Sunday robert","namba_ya_simu":"255746077422","jinsia":"MALE","type":"USER","region":"Dodoma"} 
2024-10-22 08:21:34 Outgoing Response :
 {"status":"201","statusDesc":"Success"} 
2024-10-22 08:27:07 Incomming Request :
 {"api_key":"YTc4YWY3ZWVlZWViODU3YTY5ODUzNTA4ZGU3YzVhYzM1NTdjNjM1MWEyYzA1ODU1ZDhlqA12AjkP0qNTc4ZjU3N2QwMDVmMw==","phone_number":"85953696","full_name":"tgigg","namba_ya_simu":"85953696","jinsia":"FEMALE","type":"USER","region":"Dar es Salaam"} 
2024-10-22 08:27:07 Outgoing Response :
 {"status":"201","statusDesc":"Success"} 
2024-10-22 08:52:01 Incomming Request :
 {"api_key":"YTc4YWY3ZWVlZWViODU3YTY5ODUzNTA4ZGU3YzVhYzM1NTdjNjM1MWEyYzA1ODU1ZDhlqA12AjkP0qNTc4ZjU3N2QwMDVmMw==","phone_number":"+255762426935","full_name":"Mohamad Abdallah Bilali ","namba_ya_simu":"+255762426935","jinsia":"FEMALE","type":"USER","region":"Dar es Salaam"} 
2024-10-22 08:52:01 Outgoing Response :
 {"status":"201","statusDesc":"Success"} 
2024-10-22 09:16:05 Incomming Request :
 {"api_key":"YTc4YWY3ZWVlZWViODU3YTY5ODUzNTA4ZGU3YzVhYzM1NTdjNjM1MWEyYzA1ODU1ZDhlqA12AjkP0qNTc4ZjU3N2QwMDVmMw==","phone_number":"255743310418","full_name":"erick maghata tumain","namba_ya_simu":"255743310418","jinsia":"FEMALE","type":"USER","region":"Kagera"} 
2024-10-22 09:16:05 Outgoing Response :
 {"status":"201","statusDesc":"Success"} 
2024-10-22 09:38:13 Incomming Request :
 {"api_key":"YTc4YWY3ZWVlZWViODU3YTY5ODUzNTA4ZGU3YzVhYzM1NTdjNjM1MWEyYzA1ODU1ZDhlqA12AjkP0qNTc4ZjU3N2QwMDVmMw==","phone_number":"255682776663","full_name":"richard","namba_ya_simu":"255682776663","jinsia":"FEMALE","type":"USER","region":"Kagera"} 
2024-10-22 09:38:13 Outgoing Response :
 {"status":"201","statusDesc":"Success"} 
2024-10-22 09:54:08 Incomming Request :
 {"api_key":"YTc4YWY3ZWVlZWViODU3YTY5ODUzNTA4ZGU3YzVhYzM1NTdjNjM1MWEyYzA1ODU1ZDhlqA12AjkP0qNTc4ZjU3N2QwMDVmMw==","phone_number":"255616776188","full_name":"Maige Aselemi ","namba_ya_simu":"255616776188","jinsia":"FEMALE","type":"USER","region":"Mwanza"} 
2024-10-22 09:54:08 Outgoing Response :
 {"status":"201","statusDesc":"Success"} 
2024-10-22 09:58:50 Incomming Request :
 {"api_key":"YTc4YWY3ZWVlZWViODU3YTY5ODUzNTA4ZGU3YzVhYzM1NTdjNjM1MWEyYzA1ODU1ZDhlqA12AjkP0qNTc4ZjU3N2QwMDVmMw==","phone_number":"255675107253","full_name":"Richard Mtyana","namba_ya_simu":"255675107253","jinsia":"MALE","type":"USER","region":"Kagera"} 
2024-10-22 09:58:50 Outgoing Response :
 {"status":"201","statusDesc":"Success"} 
2024-10-22 11:14:46 Incomming Request :
 {"api_key":"YTc4YWY3ZWVlZWViODU3YTY5ODUzNTA4ZGU3YzVhYzM1NTdjNjM1MWEyYzA1ODU1ZDhlqA12AjkP0qNTc4ZjU3N2QwMDVmMw==","phone_number":"+255656222272","full_name":"Kasote Edphonce","namba_ya_simu":"+255656222272","jinsia":"MALE","type":"USER","region":"Dodoma"} 
2024-10-22 11:14:46 Outgoing Response :
 {"status":"201","statusDesc":"Success"} 
2024-10-22 12:17:25 Incomming Request :
 {"api_key":"YTc4YWY3ZWVlZWViODU3YTY5ODUzNTA4ZGU3YzVhYzM1NTdjNjM1MWEyYzA1ODU1ZDhlqA12AjkP0qNTc4ZjU3N2QwMDVmMw==","phone_number":"+255768180301","full_name":"Mazengo chakoma","namba_ya_simu":"+255768180301","jinsia":"MALE","type":"USER","region":"Mara"} 
2024-10-22 12:17:25 Outgoing Response :
 {"status":"201","statusDesc":"Success"} 
2024-10-22 13:58:42 Incomming Request :
 {"api_key":"YTc4YWY3ZWVlZWViODU3YTY5ODUzNTA4ZGU3YzVhYzM1NTdjNjM1MWEyYzA1ODU1ZDhlqA12AjkP0qNTc4ZjU3N2QwMDVmMw==","phone_number":"255787739613","full_name":"Happy Leclwa","namba_ya_simu":"255787739613","jinsia":"FEMALE","type":"USER","region":"Dodoma"} 
2024-10-22 13:58:42 Outgoing Response :
 {"status":"201","statusDesc":"Success"} 
2024-10-22 14:33:27 Incomming Request :
 {"api_key":"YTc4YWY3ZWVlZWViODU3YTY5ODUzNTA4ZGU3YzVhYzM1NTdjNjM1MWEyYzA1ODU1ZDhlqA12AjkP0qNTc4ZjU3N2QwMDVmMw==","phone_number":"255676766132","full_name":"Goodluck Dumagoodluck@gmail.com ","namba_ya_simu":"255676766132","jinsia":"MALE","type":"USER","region":"Iringa"} 
2024-10-22 14:33:27 Outgoing Response :
 {"status":"201","statusDesc":"Success"} 
2024-10-22 14:49:03 Incomming Request :
 {"api_key":"YTc4YWY3ZWVlZWViODU3YTY5ODUzNTA4ZGU3YzVhYzM1NTdjNjM1MWEyYzA1ODU1ZDhlqA12AjkP0qNTc4ZjU3N2QwMDVmMw==","phone_number":"255621694186","full_name":"generally Isack ","namba_ya_simu":"255621694186","jinsia":"MALE","type":"USER","region":"Mwanza"} 
2024-10-22 14:49:03 Outgoing Response :
 {"status":"201","statusDesc":"Success"} 
2024-10-22 16:11:58 Incomming Request :
 {"api_key":"YTc4YWY3ZWVlZWViODU3YTY5ODUzNTA4ZGU3YzVhYzM1NTdjNjM1MWEyYzA1ODU1ZDhlqA12AjkP0qNTc4ZjU3N2QwMDVmMw==","phone_number":"255622719998","full_name":"Flowin Aidan","namba_ya_simu":"255622719998","jinsia":"MALE","type":"USER","region":"Arusha"} 
2024-10-22 16:11:58 Outgoing Response :
 {"status":"201","statusDesc":"Success"} 
2024-10-22 19:13:18 Incomming Request :
 {"api_key":"YTc4YWY3ZWVlZWViODU3YTY5ODUzNTA4ZGU3YzVhYzM1NTdjNjM1MWEyYzA1ODU1ZDhlqA12AjkP0qNTc4ZjU3N2QwMDVmMw==","phone_number":"255717627284","full_name":"wiltrudice Israel mwiyola ","namba_ya_simu":"255717627284","jinsia":"MALE","type":"USER","region":"Dar es Salaam"} 
2024-10-22 19:13:18 Outgoing Response :
 {"status":"201","statusDesc":"Success"} 
2024-10-22 19:13:52 Incomming Request :
 {"api_key":"YTc4YWY3ZWVlZWViODU3YTY5ODUzNTA4ZGU3YzVhYzM1NTdjNjM1MWEyYzA1ODU1ZDhlqA12AjkP0qNTc4ZjU3N2QwMDVmMw==","phone_number":"255710435879","full_name":"Aroni philimoni mote ","namba_ya_simu":"255710435879","jinsia":"FEMALE","type":"USER","region":"Tanga"} 
2024-10-22 19:13:52 Outgoing Response :
 {"status":"201","statusDesc":"Success"} 
2024-10-22 19:27:43 Incomming Request :
 {"api_key":"YTc4YWY3ZWVlZWViODU3YTY5ODUzNTA4ZGU3YzVhYzM1NTdjNjM1MWEyYzA1ODU1ZDhlqA12AjkP0qNTc4ZjU3N2QwMDVmMw==","phone_number":"255743151125","full_name":"Hassan iddi hassani","namba_ya_simu":"255743151125","jinsia":"FEMALE","type":"USER","region":"Mwanza"} 
2024-10-22 19:27:43 Outgoing Response :
 {"status":"201","statusDesc":"Success"} 
2024-10-22 19:39:15 Incomming Request :
 {"api_key":"YTc4YWY3ZWVlZWViODU3YTY5ODUzNTA4ZGU3YzVhYzM1NTdjNjM1MWEyYzA1ODU1ZDhlqA12AjkP0qNTc4ZjU3N2QwMDVmMw==","phone_number":"255718376312","full_name":"Mika Nkwabi","namba_ya_simu":"255718376312","jinsia":"FEMALE","type":"USER","region":"Dar es Salaam"} 
2024-10-22 19:39:15 Outgoing Response :
 {"status":"201","statusDesc":"Success"} 