
2024-10-21 00:19:32 Incoming Request :
 {"api_key":"YTc4YWY3ZWVlZWViODU3YTY5ODUzNTA4ZGU3YzVhYzM1NTdjNjM1MWEyYzA1ODU1ZDhlqA12AjkP0qNTc4ZjU3N2QwMDVmMw==","msisdn":"255768481105"} 
2024-10-21 00:19:32 Sent Request :
 {"channel":{"channel":"119234","password":"YTc4YWY3ZWVlZWViODU3YTY5ODUzNTA4ZGU3YzVhYzM1NTdjNjM1MWEyYzA1ODU1ZDhlNTc4ZjU3N2QwMDVmMw=="},"messages":[{"text":"95035","msisdn":"255768481105","source":"IJUE SHERIA"}]} 
2024-10-21 00:19:34 Returned Response :
 {"isSuccessful":true,"reference_id":"12e8f272705c4e9ab494f60a6dfbd4e5","sms_quota":32815.0,"error_description":"Successfully submitted 1 message(s) to broker.","error_code":0} 
2024-10-21 03:19:34 Response :
 {"status":"200","statusDesc":"success"} 
2024-10-21 00:20:21 Incoming Request :
 {"api_key":"YTc4YWY3ZWVlZWViODU3YTY5ODUzNTA4ZGU3YzVhYzM1NTdjNjM1MWEyYzA1ODU1ZDhlqA12AjkP0qNTc4ZjU3N2QwMDVmMw==","msisdn":"255768481105"} 
2024-10-21 00:20:21 Sent Request :
 {"channel":{"channel":"119234","password":"YTc4YWY3ZWVlZWViODU3YTY5ODUzNTA4ZGU3YzVhYzM1NTdjNjM1MWEyYzA1ODU1ZDhlNTc4ZjU3N2QwMDVmMw=="},"messages":[{"text":"29396","msisdn":"255768481105","source":"IJUE SHERIA"}]} 
2024-10-21 00:20:22 Returned Response :
 {"isSuccessful":true,"reference_id":"defec21178144227ae6c9888a193eaa5","sms_quota":32813.0,"error_description":"Successfully submitted 1 message(s) to broker.","error_code":0} 
2024-10-21 03:20:22 Response :
 {"status":"200","statusDesc":"success"} 
2024-10-21 00:22:25 Incoming Request :
 {"api_key":"YTc4YWY3ZWVlZWViODU3YTY5ODUzNTA4ZGU3YzVhYzM1NTdjNjM1MWEyYzA1ODU1ZDhlqA12AjkP0qNTc4ZjU3N2QwMDVmMw==","msisdn":"255714282182"} 
2024-10-21 00:22:25 Sent Request :
 {"channel":{"channel":"119234","password":"YTc4YWY3ZWVlZWViODU3YTY5ODUzNTA4ZGU3YzVhYzM1NTdjNjM1MWEyYzA1ODU1ZDhlNTc4ZjU3N2QwMDVmMw=="},"messages":[{"text":"31359","msisdn":"255714282182","source":"IJUE SHERIA"}]} 
2024-10-21 00:22:27 Returned Response :
 {"isSuccessful":true,"reference_id":"d5337d52bf02472e8f99ea9b50a49e51","sms_quota":32811.0,"error_description":"Successfully submitted 1 message(s) to broker.","error_code":0} 
2024-10-21 03:22:27 Response :
 {"status":"200","statusDesc":"success"} 
2024-10-21 00:22:43 Incoming Request :
 {"otp_token":"31359","api_key":"YTc4YWY3ZWVlZWViODU3YTY5ODUzNTA4ZGU3YzVhYzM1NTdjNjM1MWEyYzA1ODU1ZDhlqA12AjkP0qNTc4ZjU3N2QwMDVmMw==","msisdn":"255714282182"} 
2024-10-21 00:22:43 Response :
 {"status":"200","statusDesc":"success","user_id":"27000","full_name":"sawia yahya","gender":"MALE","region":"Dar es Salaam","msisdn":"255714282182","email":""} 
2024-10-21 03:11:03 Incoming Request :
 {"api_key":"YTc4YWY3ZWVlZWViODU3YTY5ODUzNTA4ZGU3YzVhYzM1NTdjNjM1MWEyYzA1ODU1ZDhlqA12AjkP0qNTc4ZjU3N2QwMDVmMw==","msisdn":"255768572661"} 
2024-10-21 03:11:03 Sent Request :
 {"channel":{"channel":"119234","password":"YTc4YWY3ZWVlZWViODU3YTY5ODUzNTA4ZGU3YzVhYzM1NTdjNjM1MWEyYzA1ODU1ZDhlNTc4ZjU3N2QwMDVmMw=="},"messages":[{"text":"22184","msisdn":"255768572661","source":"IJUE SHERIA"}]} 
2024-10-21 03:11:04 Returned Response :
 {"isSuccessful":true,"reference_id":"ad0e7e87d4954c7c96020d43fe861e50","sms_quota":32809.0,"error_description":"Successfully submitted 1 message(s) to broker.","error_code":0} 
2024-10-21 06:11:04 Response :
 {"status":"200","statusDesc":"success"} 
2024-10-21 03:11:22 Incoming Request :
 {"api_key":"YTc4YWY3ZWVlZWViODU3YTY5ODUzNTA4ZGU3YzVhYzM1NTdjNjM1MWEyYzA1ODU1ZDhlqA12AjkP0qNTc4ZjU3N2QwMDVmMw==","msisdn":"255768572661"} 
2024-10-21 03:11:22 Sent Request :
 {"channel":{"channel":"119234","password":"YTc4YWY3ZWVlZWViODU3YTY5ODUzNTA4ZGU3YzVhYzM1NTdjNjM1MWEyYzA1ODU1ZDhlNTc4ZjU3N2QwMDVmMw=="},"messages":[{"text":"10041","msisdn":"255768572661","source":"IJUE SHERIA"}]} 
2024-10-21 03:11:24 Returned Response :
 {"isSuccessful":true,"reference_id":"e45c8d0492204b8699e062469ec27f02","sms_quota":32807.0,"error_description":"Successfully submitted 1 message(s) to broker.","error_code":0} 
2024-10-21 06:11:24 Response :
 {"status":"200","statusDesc":"success"} 
2024-10-21 03:12:12 Incoming Request :
 {"otp_token":"11234","api_key":"YTc4YWY3ZWVlZWViODU3YTY5ODUzNTA4ZGU3YzVhYzM1NTdjNjM1MWEyYzA1ODU1ZDhlqA12AjkP0qNTc4ZjU3N2QwMDVmMw==","msisdn":"255768572661"} 
2024-10-21 03:12:12 Response :
 {"status":"200","statusDesc":"success","user_id":"255768572661","full_name":"","gender":"","region":"","msisdn":"255768572661","email":""} 
2024-10-21 03:46:50 Incoming Request :
 {"api_key":"YTc4YWY3ZWVlZWViODU3YTY5ODUzNTA4ZGU3YzVhYzM1NTdjNjM1MWEyYzA1ODU1ZDhlqA12AjkP0qNTc4ZjU3N2QwMDVmMw==","msisdn":"255684035623"} 
2024-10-21 03:46:50 Sent Request :
 {"channel":{"channel":"119234","password":"YTc4YWY3ZWVlZWViODU3YTY5ODUzNTA4ZGU3YzVhYzM1NTdjNjM1MWEyYzA1ODU1ZDhlNTc4ZjU3N2QwMDVmMw=="},"messages":[{"text":"82763","msisdn":"255684035623","source":"IJUE SHERIA"}]} 
2024-10-21 03:46:52 Returned Response :
 {"isSuccessful":true,"reference_id":"10858185354e4a21a94689b3740cb14d","sms_quota":32806.0,"error_description":"Successfully submitted 1 message(s) to broker.","error_code":0} 
2024-10-21 06:46:52 Response :
 {"status":"200","statusDesc":"success"} 
2024-10-21 03:49:12 Incoming Request :
 {"otp_token":"82763","api_key":"YTc4YWY3ZWVlZWViODU3YTY5ODUzNTA4ZGU3YzVhYzM1NTdjNjM1MWEyYzA1ODU1ZDhlqA12AjkP0qNTc4ZjU3N2QwMDVmMw==","msisdn":"255684035623"} 
2024-10-21 03:49:12 Response :
 {"status":"200","statusDesc":"success","user_id":"27001","full_name":"maua kalutu shabani","gender":"FEMALE","region":"Kilimanjaro","msisdn":"255684035623","email":""} 
2024-10-21 03:55:20 Incoming Request :
 {"api_key":"YTc4YWY3ZWVlZWViODU3YTY5ODUzNTA4ZGU3YzVhYzM1NTdjNjM1MWEyYzA1ODU1ZDhlqA12AjkP0qNTc4ZjU3N2QwMDVmMw==","msisdn":"255614831210","maelezo":"Signed Document","barua_pepe":"","doc_name":"Kupakua:https://www.sheriakiganjani.co.tz/uploads/52172-search--report.pdf","je_anahitaji_mhuri":"ndio"} 
2024-10-21 03:55:20 Response :
 {"status":"200","statusDesc":"success"} 
2024-10-21 03:56:25 Incoming Request :
 {"api_key":"YTc4YWY3ZWVlZWViODU3YTY5ODUzNTA4ZGU3YzVhYzM1NTdjNjM1MWEyYzA1ODU1ZDhlqA12AjkP0qNTc4ZjU3N2QwMDVmMw==","msisdn":"255614831210","maelezo":"Signed Document","barua_pepe":"","doc_name":"Kupakua:https://www.sheriakiganjani.co.tz/uploads/52172-search--report.pdf","je_anahitaji_mhuri":"ndio"} 
2024-10-21 03:56:25 Response :
 {"status":"200","statusDesc":"success"} 
2024-10-21 06:25:55 Incoming Request :
 {"api_key":"YTc4YWY3ZWVlZWViODU3YTY5ODUzNTA4ZGU3YzVhYzM1NTdjNjM1MWEyYzA1ODU1ZDhlqA12AjkP0qNTc4ZjU3N2QwMDVmMw==","msisdn":"255652102571"} 
2024-10-21 06:25:55 Sent Request :
 {"channel":{"channel":"119234","password":"YTc4YWY3ZWVlZWViODU3YTY5ODUzNTA4ZGU3YzVhYzM1NTdjNjM1MWEyYzA1ODU1ZDhlNTc4ZjU3N2QwMDVmMw=="},"messages":[{"text":"46157","msisdn":"255652102571","source":"IJUE SHERIA"}]} 
2024-10-21 06:25:57 Returned Response :
 {"isSuccessful":true,"reference_id":"601f6dcce84643e2a4be877f88974c44","sms_quota":32804.0,"error_description":"Successfully submitted 1 message(s) to broker.","error_code":0} 
2024-10-21 09:25:57 Response :
 {"status":"200","statusDesc":"success"} 
2024-10-21 06:26:14 Incoming Request :
 {"otp_token":"46157","api_key":"YTc4YWY3ZWVlZWViODU3YTY5ODUzNTA4ZGU3YzVhYzM1NTdjNjM1MWEyYzA1ODU1ZDhlqA12AjkP0qNTc4ZjU3N2QwMDVmMw==","msisdn":"255652102571"} 
2024-10-21 06:26:14 Response :
 {"status":"200","statusDesc":"success","user_id":"27002","full_name":"francis mshanga","gender":"FEMALE","region":"Dar es Salaam","msisdn":"255652102571","email":""} 
2024-10-21 07:32:10 Incoming Request :
 {"api_key":"YTc4YWY3ZWVlZWViODU3YTY5ODUzNTA4ZGU3YzVhYzM1NTdjNjM1MWEyYzA1ODU1ZDhlqA12AjkP0qNTc4ZjU3N2QwMDVmMw==","msisdn":"255764872531"} 
2024-10-21 07:32:10 Sent Request :
 {"channel":{"channel":"119234","password":"YTc4YWY3ZWVlZWViODU3YTY5ODUzNTA4ZGU3YzVhYzM1NTdjNjM1MWEyYzA1ODU1ZDhlNTc4ZjU3N2QwMDVmMw=="},"messages":[{"text":"88906","msisdn":"255764872531","source":"IJUE SHERIA"}]} 
2024-10-21 07:32:12 Returned Response :
 {"isSuccessful":true,"reference_id":"9b8f25d167c34f50b19c4841f1e76485","sms_quota":32795.0,"error_description":"Successfully submitted 1 message(s) to broker.","error_code":0} 
2024-10-21 10:32:12 Response :
 {"status":"200","statusDesc":"success"} 
2024-10-21 07:32:30 Incoming Request :
 {"otp_token":"88906","api_key":"YTc4YWY3ZWVlZWViODU3YTY5ODUzNTA4ZGU3YzVhYzM1NTdjNjM1MWEyYzA1ODU1ZDhlqA12AjkP0qNTc4ZjU3N2QwMDVmMw==","msisdn":"255764872531"} 
2024-10-21 07:32:30 Response :
 {"status":"200","statusDesc":"success","user_id":"27003","full_name":"Eda yohana sinzile ","gender":"MALE","region":"Dar es Salaam","msisdn":"255764872531","email":""} 
2024-10-21 08:07:07 Incoming Request :
 {"api_key":"YTc4YWY3ZWVlZWViODU3YTY5ODUzNTA4ZGU3YzVhYzM1NTdjNjM1MWEyYzA1ODU1ZDhlqA12AjkP0qNTc4ZjU3N2QwMDVmMw==","msisdn":"+255754978285"} 
2024-10-21 08:07:07 Response :
 {"status":"422","statusDesc":"Invalid Phone Number"} 
2024-10-21 08:07:14 Incoming Request :
 {"api_key":"YTc4YWY3ZWVlZWViODU3YTY5ODUzNTA4ZGU3YzVhYzM1NTdjNjM1MWEyYzA1ODU1ZDhlqA12AjkP0qNTc4ZjU3N2QwMDVmMw==","msisdn":"+255754978285"} 
2024-10-21 08:07:14 Response :
 {"status":"422","statusDesc":"Invalid Phone Number"} 
2024-10-21 08:07:37 Incoming Request :
 {"api_key":"YTc4YWY3ZWVlZWViODU3YTY5ODUzNTA4ZGU3YzVhYzM1NTdjNjM1MWEyYzA1ODU1ZDhlqA12AjkP0qNTc4ZjU3N2QwMDVmMw==","msisdn":"+255754978285"} 
2024-10-21 08:07:37 Response :
 {"status":"422","statusDesc":"Invalid Phone Number"} 
2024-10-21 08:08:36 Incoming Request :
 {"api_key":"YTc4YWY3ZWVlZWViODU3YTY5ODUzNTA4ZGU3YzVhYzM1NTdjNjM1MWEyYzA1ODU1ZDhlqA12AjkP0qNTc4ZjU3N2QwMDVmMw==","msisdn":"+255754978285"} 
2024-10-21 08:08:36 Response :
 {"status":"422","statusDesc":"Invalid Phone Number"} 
2024-10-21 08:14:09 Incoming Request :
 {"api_key":"YTc4YWY3ZWVlZWViODU3YTY5ODUzNTA4ZGU3YzVhYzM1NTdjNjM1MWEyYzA1ODU1ZDhlqA12AjkP0qNTc4ZjU3N2QwMDVmMw==","msisdn":"255755474105"} 
2024-10-21 08:14:09 Sent Request :
 {"channel":{"channel":"119234","password":"YTc4YWY3ZWVlZWViODU3YTY5ODUzNTA4ZGU3YzVhYzM1NTdjNjM1MWEyYzA1ODU1ZDhlNTc4ZjU3N2QwMDVmMw=="},"messages":[{"text":"52384","msisdn":"255755474105","source":"IJUE SHERIA"}]} 
2024-10-21 08:14:11 Returned Response :
 {"isSuccessful":true,"reference_id":"569e498b004646a4b3c3a34aa695b525","sms_quota":32762.0,"error_description":"Successfully submitted 1 message(s) to broker.","error_code":0} 
2024-10-21 11:14:11 Response :
 {"status":"200","statusDesc":"success"} 
2024-10-21 08:17:02 Incoming Request :
 {"api_key":"YTc4YWY3ZWVlZWViODU3YTY5ODUzNTA4ZGU3YzVhYzM1NTdjNjM1MWEyYzA1ODU1ZDhlqA12AjkP0qNTc4ZjU3N2QwMDVmMw==","msisdn":"255755474105"} 
2024-10-21 08:17:02 Sent Request :
 {"channel":{"channel":"119234","password":"YTc4YWY3ZWVlZWViODU3YTY5ODUzNTA4ZGU3YzVhYzM1NTdjNjM1MWEyYzA1ODU1ZDhlNTc4ZjU3N2QwMDVmMw=="},"messages":[{"text":"58330","msisdn":"255755474105","source":"IJUE SHERIA"}]} 
2024-10-21 08:17:04 Returned Response :
 {"isSuccessful":true,"reference_id":"da0e3b107529480fb3b0df56c32eef7a","sms_quota":32758.0,"error_description":"Successfully submitted 1 message(s) to broker.","error_code":0} 
2024-10-21 11:17:04 Response :
 {"status":"200","statusDesc":"success"} 
2024-10-21 08:23:48 Incoming Request :
 {"api_key":"YTc4YWY3ZWVlZWViODU3YTY5ODUzNTA4ZGU3YzVhYzM1NTdjNjM1MWEyYzA1ODU1ZDhlqA12AjkP0qNTc4ZjU3N2QwMDVmMw==","msisdn":"255755474105"} 
2024-10-21 08:23:48 Sent Request :
 {"channel":{"channel":"119234","password":"YTc4YWY3ZWVlZWViODU3YTY5ODUzNTA4ZGU3YzVhYzM1NTdjNjM1MWEyYzA1ODU1ZDhlNTc4ZjU3N2QwMDVmMw=="},"messages":[{"text":"23057","msisdn":"255755474105","source":"IJUE SHERIA"}]} 
2024-10-21 08:23:49 Returned Response :
 {"isSuccessful":true,"reference_id":"c4b14c83863a4f48bc6ebff7668b23f3","sms_quota":32756.0,"error_description":"Successfully submitted 1 message(s) to broker.","error_code":0} 
2024-10-21 11:23:49 Response :
 {"status":"200","statusDesc":"success"} 
2024-10-21 08:24:14 Incoming Request :
 {"otp_token":"23057","api_key":"YTc4YWY3ZWVlZWViODU3YTY5ODUzNTA4ZGU3YzVhYzM1NTdjNjM1MWEyYzA1ODU1ZDhlqA12AjkP0qNTc4ZjU3N2QwMDVmMw==","msisdn":"255755474105"} 
2024-10-21 08:24:14 Response :
 {"status":"200","statusDesc":"success","user_id":"27006","full_name":"Paul Mbwama","gender":"MALE","region":"Mbeya","msisdn":"255755474105","email":""} 
2024-10-21 08:53:38 Incoming Request :
 {"api_key":"YTc4YWY3ZWVlZWViODU3YTY5ODUzNTA4ZGU3YzVhYzM1NTdjNjM1MWEyYzA1ODU1ZDhlqA12AjkP0qNTc4ZjU3N2QwMDVmMw==","msisdn":"255715159521"} 
2024-10-21 08:53:38 Sent Request :
 {"channel":{"channel":"119234","password":"YTc4YWY3ZWVlZWViODU3YTY5ODUzNTA4ZGU3YzVhYzM1NTdjNjM1MWEyYzA1ODU1ZDhlNTc4ZjU3N2QwMDVmMw=="},"messages":[{"text":"98709","msisdn":"255715159521","source":"IJUE SHERIA"}]} 
2024-10-21 08:53:40 Returned Response :
 {"isSuccessful":true,"reference_id":"ee77ef07591c414d998f5955e4af63b2","sms_quota":32754.0,"error_description":"Successfully submitted 1 message(s) to broker.","error_code":0} 
2024-10-21 11:53:40 Response :
 {"status":"200","statusDesc":"success"} 
2024-10-21 08:54:13 Incoming Request :
 {"otp_token":"98709","api_key":"YTc4YWY3ZWVlZWViODU3YTY5ODUzNTA4ZGU3YzVhYzM1NTdjNjM1MWEyYzA1ODU1ZDhlqA12AjkP0qNTc4ZjU3N2QwMDVmMw==","msisdn":"255715159521"} 
2024-10-21 08:54:13 Response :
 {"status":"200","statusDesc":"success","user_id":"255715159521","full_name":"","gender":"","region":"","msisdn":"255715159521","email":""} 
2024-10-21 09:25:49 Incoming Request :
 {"api_key":"YTc4YWY3ZWVlZWViODU3YTY5ODUzNTA4ZGU3YzVhYzM1NTdjNjM1MWEyYzA1ODU1ZDhlqA12AjkP0qNTc4ZjU3N2QwMDVmMw==","msisdn":"255747128476"} 
2024-10-21 09:25:49 Sent Request :
 {"channel":{"channel":"119234","password":"YTc4YWY3ZWVlZWViODU3YTY5ODUzNTA4ZGU3YzVhYzM1NTdjNjM1MWEyYzA1ODU1ZDhlNTc4ZjU3N2QwMDVmMw=="},"messages":[{"text":"81396","msisdn":"255747128476","source":"IJUE SHERIA"}]} 
2024-10-21 09:25:51 Returned Response :
 {"isSuccessful":true,"reference_id":"2fd32fe8be994a488c9dad4d6bd62414","sms_quota":32718.0,"error_description":"Successfully submitted 1 message(s) to broker.","error_code":0} 
2024-10-21 12:25:51 Response :
 {"status":"200","statusDesc":"success"} 
2024-10-21 09:26:20 Incoming Request :
 {"otp_token":"81396","api_key":"YTc4YWY3ZWVlZWViODU3YTY5ODUzNTA4ZGU3YzVhYzM1NTdjNjM1MWEyYzA1ODU1ZDhlqA12AjkP0qNTc4ZjU3N2QwMDVmMw==","msisdn":"255747128476"} 
2024-10-21 09:26:20 Response :
 {"status":"200","statusDesc":"success","user_id":"27007","full_name":"Baracka","gender":"FEMALE","region":"Mwanza","msisdn":"255747128476","email":""} 
2024-10-21 09:32:55 Incoming Request :
 {"api_key":"YTc4YWY3ZWVlZWViODU3YTY5ODUzNTA4ZGU3YzVhYzM1NTdjNjM1MWEyYzA1ODU1ZDhlqA12AjkP0qNTc4ZjU3N2QwMDVmMw==","msisdn":"255745121036"} 
2024-10-21 09:32:55 Sent Request :
 {"channel":{"channel":"119234","password":"YTc4YWY3ZWVlZWViODU3YTY5ODUzNTA4ZGU3YzVhYzM1NTdjNjM1MWEyYzA1ODU1ZDhlNTc4ZjU3N2QwMDVmMw=="},"messages":[{"text":"96527","msisdn":"255745121036","source":"IJUE SHERIA"}]} 
2024-10-21 09:32:57 Returned Response :
 {"isSuccessful":true,"reference_id":"0d416e9c21d74fcd8c406316da6a4636","sms_quota":32710.0,"error_description":"Successfully submitted 1 message(s) to broker.","error_code":0} 
2024-10-21 12:32:57 Response :
 {"status":"200","statusDesc":"success"} 
2024-10-21 09:33:30 Incoming Request :
 {"otp_token":"96527","api_key":"YTc4YWY3ZWVlZWViODU3YTY5ODUzNTA4ZGU3YzVhYzM1NTdjNjM1MWEyYzA1ODU1ZDhlqA12AjkP0qNTc4ZjU3N2QwMDVmMw==","msisdn":"255745121036"} 
2024-10-21 09:33:30 Response :
 {"status":"200","statusDesc":"success","user_id":"25369","full_name":"selestine","gender":"FEMALE","region":"Mwanza","msisdn":"255745121036","email":""} 
2024-10-21 10:12:03 Incoming Request :
 {"api_key":"YTc4YWY3ZWVlZWViODU3YTY5ODUzNTA4ZGU3YzVhYzM1NTdjNjM1MWEyYzA1ODU1ZDhlqA12AjkP0qNTc4ZjU3N2QwMDVmMw==","msisdn":"+255766874908"} 
2024-10-21 10:12:03 Response :
 {"status":"422","statusDesc":"Invalid Phone Number"} 
2024-10-21 10:12:23 Incoming Request :
 {"api_key":"YTc4YWY3ZWVlZWViODU3YTY5ODUzNTA4ZGU3YzVhYzM1NTdjNjM1MWEyYzA1ODU1ZDhlqA12AjkP0qNTc4ZjU3N2QwMDVmMw==","msisdn":"255766874908"} 
2024-10-21 10:12:23 Sent Request :
 {"channel":{"channel":"119234","password":"YTc4YWY3ZWVlZWViODU3YTY5ODUzNTA4ZGU3YzVhYzM1NTdjNjM1MWEyYzA1ODU1ZDhlNTc4ZjU3N2QwMDVmMw=="},"messages":[{"text":"34960","msisdn":"255766874908","source":"IJUE SHERIA"}]} 
2024-10-21 10:12:25 Returned Response :
 {"isSuccessful":true,"reference_id":"e651e8ca73b949b4954081b4b5c13b22","sms_quota":32664.0,"error_description":"Successfully submitted 1 message(s) to broker.","error_code":0} 
2024-10-21 13:12:25 Response :
 {"status":"200","statusDesc":"success"} 
2024-10-21 10:12:46 Incoming Request :
 {"otp_token":"34966","api_key":"YTc4YWY3ZWVlZWViODU3YTY5ODUzNTA4ZGU3YzVhYzM1NTdjNjM1MWEyYzA1ODU1ZDhlqA12AjkP0qNTc4ZjU3N2QwMDVmMw==","msisdn":"255766874908"} 
2024-10-21 10:12:46 Response :
 {"status":"200","statusDesc":"success","user_id":"255766874908","full_name":"","gender":"","region":"","msisdn":"255766874908","email":""} 
2024-10-21 10:31:30 Incoming Request :
 {"api_key":"YTc4YWY3ZWVlZWViODU3YTY5ODUzNTA4ZGU3YzVhYzM1NTdjNjM1MWEyYzA1ODU1ZDhlqA12AjkP0qNTc4ZjU3N2QwMDVmMw==","msisdn":"255688283936"} 
2024-10-21 10:31:30 Sent Request :
 {"channel":{"channel":"119234","password":"YTc4YWY3ZWVlZWViODU3YTY5ODUzNTA4ZGU3YzVhYzM1NTdjNjM1MWEyYzA1ODU1ZDhlNTc4ZjU3N2QwMDVmMw=="},"messages":[{"text":"22161","msisdn":"255688283936","source":"IJUE SHERIA"}]} 
2024-10-21 10:31:31 Returned Response :
 {"isSuccessful":true,"reference_id":"dc5389acb7f84a0a839efcd122b82dd9","sms_quota":32646.0,"error_description":"Successfully submitted 1 message(s) to broker.","error_code":0} 
2024-10-21 13:31:31 Response :
 {"status":"200","statusDesc":"success"} 
2024-10-21 11:05:40 Incoming Request :
 {"api_key":"YTc4YWY3ZWVlZWViODU3YTY5ODUzNTA4ZGU3YzVhYzM1NTdjNjM1MWEyYzA1ODU1ZDhlqA12AjkP0qNTc4ZjU3N2QwMDVmMw==","msisdn":"255625516901"} 
2024-10-21 11:05:40 Sent Request :
 {"channel":{"channel":"119234","password":"YTc4YWY3ZWVlZWViODU3YTY5ODUzNTA4ZGU3YzVhYzM1NTdjNjM1MWEyYzA1ODU1ZDhlNTc4ZjU3N2QwMDVmMw=="},"messages":[{"text":"21429","msisdn":"255625516901","source":"IJUE SHERIA"}]} 
2024-10-21 11:05:42 Returned Response :
 {"isSuccessful":true,"reference_id":"c519cec5f55047848cc9af850e2183c7","sms_quota":32630.0,"error_description":"Successfully submitted 1 message(s) to broker.","error_code":0} 
2024-10-21 14:05:42 Response :
 {"status":"200","statusDesc":"success"} 
2024-10-21 11:06:06 Incoming Request :
 {"otp_token":"13211","api_key":"YTc4YWY3ZWVlZWViODU3YTY5ODUzNTA4ZGU3YzVhYzM1NTdjNjM1MWEyYzA1ODU1ZDhlqA12AjkP0qNTc4ZjU3N2QwMDVmMw==","msisdn":"255625516901"} 
2024-10-21 11:06:06 Response :
 {"status":"200","statusDesc":"success","user_id":"255625516901","full_name":"","gender":"","region":"","msisdn":"255625516901","email":""} 
2024-10-21 11:30:52 Incoming Request :
 {"api_key":"YTc4YWY3ZWVlZWViODU3YTY5ODUzNTA4ZGU3YzVhYzM1NTdjNjM1MWEyYzA1ODU1ZDhlqA12AjkP0qNTc4ZjU3N2QwMDVmMw==","msisdn":"255692161088"} 
2024-10-21 11:30:52 Sent Request :
 {"channel":{"channel":"119234","password":"YTc4YWY3ZWVlZWViODU3YTY5ODUzNTA4ZGU3YzVhYzM1NTdjNjM1MWEyYzA1ODU1ZDhlNTc4ZjU3N2QwMDVmMw=="},"messages":[{"text":"50634","msisdn":"255692161088","source":"IJUE SHERIA"}]} 
2024-10-21 11:30:54 Returned Response :
 {"isSuccessful":true,"reference_id":"0332b680d88c451a9fe9a1b5eab49424","sms_quota":32591.0,"error_description":"Successfully submitted 1 message(s) to broker.","error_code":0} 
2024-10-21 14:30:54 Response :
 {"status":"200","statusDesc":"success"} 
2024-10-21 11:31:35 Incoming Request :
 {"otp_token":"50634","api_key":"YTc4YWY3ZWVlZWViODU3YTY5ODUzNTA4ZGU3YzVhYzM1NTdjNjM1MWEyYzA1ODU1ZDhlqA12AjkP0qNTc4ZjU3N2QwMDVmMw==","msisdn":"255692161088"} 
2024-10-21 11:31:35 Response :
 {"status":"200","statusDesc":"success","user_id":"27009","full_name":"kenesi","gender":"FEMALE","region":"Tabora","msisdn":"255692161088","email":""} 
2024-10-21 11:39:46 Incoming Request :
 {"api_key":"YTc4YWY3ZWVlZWViODU3YTY5ODUzNTA4ZGU3YzVhYzM1NTdjNjM1MWEyYzA1ODU1ZDhlqA12AjkP0qNTc4ZjU3N2QwMDVmMw==","msisdn":"+255694593487"} 
2024-10-21 11:39:46 Response :
 {"status":"422","statusDesc":"Invalid Phone Number"} 
2024-10-21 11:40:04 Incoming Request :
 {"api_key":"YTc4YWY3ZWVlZWViODU3YTY5ODUzNTA4ZGU3YzVhYzM1NTdjNjM1MWEyYzA1ODU1ZDhlqA12AjkP0qNTc4ZjU3N2QwMDVmMw==","msisdn":"255694593487"} 
2024-10-21 11:40:04 Sent Request :
 {"channel":{"channel":"119234","password":"YTc4YWY3ZWVlZWViODU3YTY5ODUzNTA4ZGU3YzVhYzM1NTdjNjM1MWEyYzA1ODU1ZDhlNTc4ZjU3N2QwMDVmMw=="},"messages":[{"text":"34366","msisdn":"255694593487","source":"IJUE SHERIA"}]} 
2024-10-21 11:40:06 Returned Response :
 {"isSuccessful":true,"reference_id":"e10076fe4b434166bea2035a1cd7195c","sms_quota":32575.0,"error_description":"Successfully submitted 1 message(s) to broker.","error_code":0} 
2024-10-21 14:40:06 Response :
 {"status":"200","statusDesc":"success"} 
2024-10-21 11:40:20 Incoming Request :
 {"otp_token":"34366","api_key":"YTc4YWY3ZWVlZWViODU3YTY5ODUzNTA4ZGU3YzVhYzM1NTdjNjM1MWEyYzA1ODU1ZDhlqA12AjkP0qNTc4ZjU3N2QwMDVmMw==","msisdn":"255694593487"} 
2024-10-21 11:40:20 Response :
 {"status":"200","statusDesc":"success","user_id":"255694593487","full_name":"","gender":"","region":"","msisdn":"255694593487","email":""} 
2024-10-21 12:09:12 Incoming Request :
 {"api_key":"YTc4YWY3ZWVlZWViODU3YTY5ODUzNTA4ZGU3YzVhYzM1NTdjNjM1MWEyYzA1ODU1ZDhlqA12AjkP0qNTc4ZjU3N2QwMDVmMw==","msisdn":"255762924497"} 
2024-10-21 12:09:12 Sent Request :
 {"channel":{"channel":"119234","password":"YTc4YWY3ZWVlZWViODU3YTY5ODUzNTA4ZGU3YzVhYzM1NTdjNjM1MWEyYzA1ODU1ZDhlNTc4ZjU3N2QwMDVmMw=="},"messages":[{"text":"59646","msisdn":"255762924497","source":"IJUE SHERIA"}]} 
2024-10-21 12:09:14 Returned Response :
 {"isSuccessful":true,"reference_id":"a1865d9887e047b1b9ac8d7378296c6f","sms_quota":32562.0,"error_description":"Successfully submitted 1 message(s) to broker.","error_code":0} 
2024-10-21 15:09:14 Response :
 {"status":"200","statusDesc":"success"} 
2024-10-21 12:34:14 Incoming Request :
 {"api_key":"YTc4YWY3ZWVlZWViODU3YTY5ODUzNTA4ZGU3YzVhYzM1NTdjNjM1MWEyYzA1ODU1ZDhlqA12AjkP0qNTc4ZjU3N2QwMDVmMw==","msisdn":"255762924497"} 
2024-10-21 12:34:14 Sent Request :
 {"channel":{"channel":"119234","password":"YTc4YWY3ZWVlZWViODU3YTY5ODUzNTA4ZGU3YzVhYzM1NTdjNjM1MWEyYzA1ODU1ZDhlNTc4ZjU3N2QwMDVmMw=="},"messages":[{"text":"99145","msisdn":"255762924497","source":"IJUE SHERIA"}]} 
2024-10-21 12:34:16 Returned Response :
 {"isSuccessful":true,"reference_id":"3851c9d75c164e939e946d3ac829663f","sms_quota":32560.0,"error_description":"Successfully submitted 1 message(s) to broker.","error_code":0} 
2024-10-21 15:34:16 Response :
 {"status":"200","statusDesc":"success"} 
2024-10-21 12:37:33 Incoming Request :
 {"api_key":"YTc4YWY3ZWVlZWViODU3YTY5ODUzNTA4ZGU3YzVhYzM1NTdjNjM1MWEyYzA1ODU1ZDhlqA12AjkP0qNTc4ZjU3N2QwMDVmMw==","msisdn":"255762924497"} 
2024-10-21 12:37:33 Sent Request :
 {"channel":{"channel":"119234","password":"YTc4YWY3ZWVlZWViODU3YTY5ODUzNTA4ZGU3YzVhYzM1NTdjNjM1MWEyYzA1ODU1ZDhlNTc4ZjU3N2QwMDVmMw=="},"messages":[{"text":"42114","msisdn":"255762924497","source":"IJUE SHERIA"}]} 
2024-10-21 12:37:35 Returned Response :
 {"isSuccessful":true,"reference_id":"73d965cbb8bd459785fcfcc1cda741f7","sms_quota":32558.0,"error_description":"Successfully submitted 1 message(s) to broker.","error_code":0} 
2024-10-21 15:37:35 Response :
 {"status":"200","statusDesc":"success"} 
2024-10-21 12:37:58 Incoming Request :
 {"otp_token":"42114","api_key":"YTc4YWY3ZWVlZWViODU3YTY5ODUzNTA4ZGU3YzVhYzM1NTdjNjM1MWEyYzA1ODU1ZDhlqA12AjkP0qNTc4ZjU3N2QwMDVmMw==","msisdn":"255762924497"} 
2024-10-21 12:37:58 Response :
 {"status":"200","statusDesc":"success","user_id":"27011","full_name":"emmanuel  elias  mtonyi","gender":"FEMALE","region":"Dodoma","msisdn":"255762924497","email":""} 
2024-10-21 12:38:02 Incoming Request :
 {"api_key":"YTc4YWY3ZWVlZWViODU3YTY5ODUzNTA4ZGU3YzVhYzM1NTdjNjM1MWEyYzA1ODU1ZDhlqA12AjkP0qNTc4ZjU3N2QwMDVmMw==","msisdn":"255687133342"} 
2024-10-21 12:38:02 Sent Request :
 {"channel":{"channel":"119234","password":"YTc4YWY3ZWVlZWViODU3YTY5ODUzNTA4ZGU3YzVhYzM1NTdjNjM1MWEyYzA1ODU1ZDhlNTc4ZjU3N2QwMDVmMw=="},"messages":[{"text":"62679","msisdn":"255687133342","source":"IJUE SHERIA"}]} 
2024-10-21 12:38:04 Returned Response :
 {"isSuccessful":true,"reference_id":"9959879aa41d4529b81ea074de6d5ab5","sms_quota":32556.0,"error_description":"Successfully submitted 1 message(s) to broker.","error_code":0} 
2024-10-21 15:38:04 Response :
 {"status":"200","statusDesc":"success"} 
2024-10-21 12:38:29 Incoming Request :
 {"otp_token":"62679","api_key":"YTc4YWY3ZWVlZWViODU3YTY5ODUzNTA4ZGU3YzVhYzM1NTdjNjM1MWEyYzA1ODU1ZDhlqA12AjkP0qNTc4ZjU3N2QwMDVmMw==","msisdn":"255687133342"} 
2024-10-21 12:38:29 Response :
 {"status":"200","statusDesc":"success","user_id":"25699","full_name":"DR KAGWE","gender":"FEMALE","region":"Dar es Salaam","msisdn":"255687133342","email":""} 
2024-10-21 13:14:53 Incoming Request :
 {"api_key":"YTc4YWY3ZWVlZWViODU3YTY5ODUzNTA4ZGU3YzVhYzM1NTdjNjM1MWEyYzA1ODU1ZDhlqA12AjkP0qNTc4ZjU3N2QwMDVmMw==","msisdn":"255775651205"} 
2024-10-21 13:14:53 Sent Request :
 {"channel":{"channel":"119234","password":"YTc4YWY3ZWVlZWViODU3YTY5ODUzNTA4ZGU3YzVhYzM1NTdjNjM1MWEyYzA1ODU1ZDhlNTc4ZjU3N2QwMDVmMw=="},"messages":[{"text":"22680","msisdn":"255775651205","source":"IJUE SHERIA"}]} 
2024-10-21 13:14:54 Returned Response :
 {"isSuccessful":true,"reference_id":"7ec73a13d3054f2ebcf2cbfa43b4dff7","sms_quota":32554.0,"error_description":"Successfully submitted 1 message(s) to broker.","error_code":0} 
2024-10-21 16:14:54 Response :
 {"status":"200","statusDesc":"success"} 
2024-10-21 13:15:26 Incoming Request :
 {"otp_token":"22680","api_key":"YTc4YWY3ZWVlZWViODU3YTY5ODUzNTA4ZGU3YzVhYzM1NTdjNjM1MWEyYzA1ODU1ZDhlqA12AjkP0qNTc4ZjU3N2QwMDVmMw==","msisdn":"255775651205"} 
2024-10-21 13:15:26 Response :
 {"status":"200","statusDesc":"success","user_id":"27012","full_name":"ABDALLAH YUSUPH ","gender":"FEMALE","region":"Kigoma","msisdn":"255775651205","email":""} 
2024-10-21 13:29:55 Incoming Request :
 {"api_key":"YTc4YWY3ZWVlZWViODU3YTY5ODUzNTA4ZGU3YzVhYzM1NTdjNjM1MWEyYzA1ODU1ZDhlqA12AjkP0qNTc4ZjU3N2QwMDVmMw==","msisdn":"255782800905"} 
2024-10-21 13:29:55 Sent Request :
 {"channel":{"channel":"119234","password":"YTc4YWY3ZWVlZWViODU3YTY5ODUzNTA4ZGU3YzVhYzM1NTdjNjM1MWEyYzA1ODU1ZDhlNTc4ZjU3N2QwMDVmMw=="},"messages":[{"text":"71911","msisdn":"255782800905","source":"IJUE SHERIA"}]} 
2024-10-21 13:29:57 Returned Response :
 {"isSuccessful":true,"reference_id":"3f7a19d6a094465cac8d330e99b0a6b7","sms_quota":32553.0,"error_description":"Successfully submitted 1 message(s) to broker.","error_code":0} 
2024-10-21 16:29:57 Response :
 {"status":"200","statusDesc":"success"} 
2024-10-21 13:30:23 Incoming Request :
 {"otp_token":"71911","api_key":"YTc4YWY3ZWVlZWViODU3YTY5ODUzNTA4ZGU3YzVhYzM1NTdjNjM1MWEyYzA1ODU1ZDhlqA12AjkP0qNTc4ZjU3N2QwMDVmMw==","msisdn":"255782800905"} 
2024-10-21 13:30:23 Response :
 {"status":"200","statusDesc":"success","user_id":"255782800905","full_name":"","gender":"","region":"","msisdn":"255782800905","email":""} 
2024-10-21 13:33:42 Incoming Request :
 {"api_key":"YTc4YWY3ZWVlZWViODU3YTY5ODUzNTA4ZGU3YzVhYzM1NTdjNjM1MWEyYzA1ODU1ZDhlqA12AjkP0qNTc4ZjU3N2QwMDVmMw==","msisdn":"255659988833"} 
2024-10-21 13:33:42 Sent Request :
 {"channel":{"channel":"119234","password":"YTc4YWY3ZWVlZWViODU3YTY5ODUzNTA4ZGU3YzVhYzM1NTdjNjM1MWEyYzA1ODU1ZDhlNTc4ZjU3N2QwMDVmMw=="},"messages":[{"text":"24554","msisdn":"255659988833","source":"IJUE SHERIA"}]} 
2024-10-21 13:33:43 Returned Response :
 {"isSuccessful":true,"reference_id":"be99e46c0ae34c9e8201ccf15c9ccd9d","sms_quota":32551.0,"error_description":"Successfully submitted 1 message(s) to broker.","error_code":0} 
2024-10-21 16:33:43 Response :
 {"status":"200","statusDesc":"success"} 
2024-10-21 13:34:25 Incoming Request :
 {"otp_token":"24554","api_key":"YTc4YWY3ZWVlZWViODU3YTY5ODUzNTA4ZGU3YzVhYzM1NTdjNjM1MWEyYzA1ODU1ZDhlqA12AjkP0qNTc4ZjU3N2QwMDVmMw==","msisdn":"255659988833"} 
2024-10-21 13:34:25 Response :
 {"status":"200","statusDesc":"success","user_id":"27014","full_name":"ERICK DOMISHENI KAMUNGILAO ","gender":"FEMALE","region":"Dar es Salaam","msisdn":"255659988833","email":""} 
2024-10-21 13:48:46 Incoming Request :
 {"api_key":"YTc4YWY3ZWVlZWViODU3YTY5ODUzNTA4ZGU3YzVhYzM1NTdjNjM1MWEyYzA1ODU1ZDhlqA12AjkP0qNTc4ZjU3N2QwMDVmMw==","msisdn":"255676197336"} 
2024-10-21 13:48:46 Sent Request :
 {"channel":{"channel":"119234","password":"YTc4YWY3ZWVlZWViODU3YTY5ODUzNTA4ZGU3YzVhYzM1NTdjNjM1MWEyYzA1ODU1ZDhlNTc4ZjU3N2QwMDVmMw=="},"messages":[{"text":"13051","msisdn":"255676197336","source":"IJUE SHERIA"}]} 
2024-10-21 13:48:48 Returned Response :
 {"isSuccessful":true,"reference_id":"a68a2af76937452abd24999790bdeeb8","sms_quota":32549.0,"error_description":"Successfully submitted 1 message(s) to broker.","error_code":0} 
2024-10-21 16:48:48 Response :
 {"status":"200","statusDesc":"success"} 
2024-10-21 13:49:05 Incoming Request :
 {"otp_token":"13051","api_key":"YTc4YWY3ZWVlZWViODU3YTY5ODUzNTA4ZGU3YzVhYzM1NTdjNjM1MWEyYzA1ODU1ZDhlqA12AjkP0qNTc4ZjU3N2QwMDVmMw==","msisdn":"255676197336"} 
2024-10-21 13:49:05 Response :
 {"status":"200","statusDesc":"success","user_id":"27015","full_name":"PHILIPO ROBERT ELIKANA ","gender":"FEMALE","region":"Dar es Salaam","msisdn":"255676197336","email":""} 
2024-10-21 14:17:15 Incoming Request :
 {"api_key":"YTc4YWY3ZWVlZWViODU3YTY5ODUzNTA4ZGU3YzVhYzM1NTdjNjM1MWEyYzA1ODU1ZDhlqA12AjkP0qNTc4ZjU3N2QwMDVmMw==","msisdn":"255615983978"} 
2024-10-21 14:17:15 Sent Request :
 {"channel":{"channel":"119234","password":"YTc4YWY3ZWVlZWViODU3YTY5ODUzNTA4ZGU3YzVhYzM1NTdjNjM1MWEyYzA1ODU1ZDhlNTc4ZjU3N2QwMDVmMw=="},"messages":[{"text":"77037","msisdn":"255615983978","source":"IJUE SHERIA"}]} 
2024-10-21 14:17:22 Returned Response :
 {"isSuccessful":true,"reference_id":"62f3d95bd69a45189472aa417591bcc7","sms_quota":32547.0,"error_description":"Successfully submitted 1 message(s) to broker.","error_code":0} 
2024-10-21 17:17:22 Response :
 {"status":"200","statusDesc":"success"} 
2024-10-21 14:17:43 Incoming Request :
 {"otp_token":"77037","api_key":"YTc4YWY3ZWVlZWViODU3YTY5ODUzNTA4ZGU3YzVhYzM1NTdjNjM1MWEyYzA1ODU1ZDhlqA12AjkP0qNTc4ZjU3N2QwMDVmMw==","msisdn":"255615983978"} 
2024-10-21 14:17:43 Response :
 {"status":"200","statusDesc":"success","user_id":"255615983978","full_name":"","gender":"","region":"","msisdn":"255615983978","email":""} 
2024-10-21 14:19:33 Incoming Request :
 {"api_key":"YTc4YWY3ZWVlZWViODU3YTY5ODUzNTA4ZGU3YzVhYzM1NTdjNjM1MWEyYzA1ODU1ZDhlqA12AjkP0qNTc4ZjU3N2QwMDVmMw==","msisdn":"255753162746"} 
2024-10-21 14:19:33 Sent Request :
 {"channel":{"channel":"119234","password":"YTc4YWY3ZWVlZWViODU3YTY5ODUzNTA4ZGU3YzVhYzM1NTdjNjM1MWEyYzA1ODU1ZDhlNTc4ZjU3N2QwMDVmMw=="},"messages":[{"text":"76153","msisdn":"255753162746","source":"IJUE SHERIA"}]} 
2024-10-21 14:19:34 Returned Response :
 {"isSuccessful":true,"reference_id":"9ad9b45c5cb3455396939b2ec018183b","sms_quota":32545.0,"error_description":"Successfully submitted 1 message(s) to broker.","error_code":0} 
2024-10-21 17:19:34 Response :
 {"status":"200","statusDesc":"success"} 
2024-10-21 14:19:56 Incoming Request :
 {"otp_token":"76153","api_key":"YTc4YWY3ZWVlZWViODU3YTY5ODUzNTA4ZGU3YzVhYzM1NTdjNjM1MWEyYzA1ODU1ZDhlqA12AjkP0qNTc4ZjU3N2QwMDVmMw==","msisdn":"255753162746"} 
2024-10-21 14:19:56 Response :
 {"status":"200","statusDesc":"success","user_id":"27016","full_name":"\u00b9Flavius","gender":"FEMALE","region":"Mara","msisdn":"255753162746","email":""} 
2024-10-21 14:28:44 Incoming Request :
 {"api_key":"YTc4YWY3ZWVlZWViODU3YTY5ODUzNTA4ZGU3YzVhYzM1NTdjNjM1MWEyYzA1ODU1ZDhlqA12AjkP0qNTc4ZjU3N2QwMDVmMw==","msisdn":"255747304769"} 
2024-10-21 14:28:44 Sent Request :
 {"channel":{"channel":"119234","password":"YTc4YWY3ZWVlZWViODU3YTY5ODUzNTA4ZGU3YzVhYzM1NTdjNjM1MWEyYzA1ODU1ZDhlNTc4ZjU3N2QwMDVmMw=="},"messages":[{"text":"30503","msisdn":"255747304769","source":"IJUE SHERIA"}]} 
2024-10-21 14:28:46 Returned Response :
 {"isSuccessful":true,"reference_id":"46a17155750b4407a91477fde1df9dc3","sms_quota":32543.0,"error_description":"Successfully submitted 1 message(s) to broker.","error_code":0} 
2024-10-21 17:28:46 Response :
 {"status":"200","statusDesc":"success"} 
2024-10-21 14:29:51 Incoming Request :
 {"otp_token":"30503","api_key":"YTc4YWY3ZWVlZWViODU3YTY5ODUzNTA4ZGU3YzVhYzM1NTdjNjM1MWEyYzA1ODU1ZDhlqA12AjkP0qNTc4ZjU3N2QwMDVmMw==","msisdn":"255747304769"} 
2024-10-21 14:29:51 Response :
 {"status":"200","statusDesc":"success","user_id":"27017","full_name":"Pontianus","gender":"FEMALE","region":"Iringa","msisdn":"255747304769","email":""} 
2024-10-21 14:38:52 Incoming Request :
 {"api_key":"YTc4YWY3ZWVlZWViODU3YTY5ODUzNTA4ZGU3YzVhYzM1NTdjNjM1MWEyYzA1ODU1ZDhlqA12AjkP0qNTc4ZjU3N2QwMDVmMw==","msisdn":"255754978285"} 
2024-10-21 14:38:52 Sent Request :
 {"channel":{"channel":"119234","password":"YTc4YWY3ZWVlZWViODU3YTY5ODUzNTA4ZGU3YzVhYzM1NTdjNjM1MWEyYzA1ODU1ZDhlNTc4ZjU3N2QwMDVmMw=="},"messages":[{"text":"84717","msisdn":"255754978285","source":"IJUE SHERIA"}]} 
2024-10-21 14:38:54 Returned Response :
 {"isSuccessful":true,"reference_id":"ddd7fd956f3d4c2ea459a63b54149b25","sms_quota":32542.0,"error_description":"Successfully submitted 1 message(s) to broker.","error_code":0} 
2024-10-21 17:38:54 Response :
 {"status":"200","statusDesc":"success"} 
2024-10-21 14:39:17 Incoming Request :
 {"otp_token":"84717","api_key":"YTc4YWY3ZWVlZWViODU3YTY5ODUzNTA4ZGU3YzVhYzM1NTdjNjM1MWEyYzA1ODU1ZDhlqA12AjkP0qNTc4ZjU3N2QwMDVmMw==","msisdn":"255754978285"} 
2024-10-21 14:39:17 Response :
 {"status":"200","statusDesc":"success","user_id":"27004","full_name":"Aron","gender":"FEMALE","region":"","msisdn":"255754978285","email":""} 
2024-10-21 15:36:37 Incoming Request :
 {"api_key":"YTc4YWY3ZWVlZWViODU3YTY5ODUzNTA4ZGU3YzVhYzM1NTdjNjM1MWEyYzA1ODU1ZDhlqA12AjkP0qNTc4ZjU3N2QwMDVmMw==","msisdn":"255686516669"} 
2024-10-21 15:36:37 Sent Request :
 {"channel":{"channel":"119234","password":"YTc4YWY3ZWVlZWViODU3YTY5ODUzNTA4ZGU3YzVhYzM1NTdjNjM1MWEyYzA1ODU1ZDhlNTc4ZjU3N2QwMDVmMw=="},"messages":[{"text":"57348","msisdn":"255686516669","source":"IJUE SHERIA"}]} 
2024-10-21 15:36:39 Returned Response :
 {"isSuccessful":true,"reference_id":"7c95509f90e24226bfdce53a2435618c","sms_quota":32540.0,"error_description":"Successfully submitted 1 message(s) to broker.","error_code":0} 
2024-10-21 18:36:39 Response :
 {"status":"200","statusDesc":"success"} 
2024-10-21 15:36:51 Incoming Request :
 {"otp_token":"57348","api_key":"YTc4YWY3ZWVlZWViODU3YTY5ODUzNTA4ZGU3YzVhYzM1NTdjNjM1MWEyYzA1ODU1ZDhlqA12AjkP0qNTc4ZjU3N2QwMDVmMw==","msisdn":"255686516669"} 
2024-10-21 15:36:51 Response :
 {"status":"200","statusDesc":"success","user_id":"27018","full_name":"Suzana Jacob","gender":"MALE","region":"Dodoma","msisdn":"255686516669","email":""} 
2024-10-21 15:54:18 Incoming Request :
 {"api_key":"YTc4YWY3ZWVlZWViODU3YTY5ODUzNTA4ZGU3YzVhYzM1NTdjNjM1MWEyYzA1ODU1ZDhlqA12AjkP0qNTc4ZjU3N2QwMDVmMw==","msisdn":"+255759242064"} 
2024-10-21 15:54:18 Response :
 {"status":"422","statusDesc":"Invalid Phone Number"} 
2024-10-21 15:54:27 Incoming Request :
 {"api_key":"YTc4YWY3ZWVlZWViODU3YTY5ODUzNTA4ZGU3YzVhYzM1NTdjNjM1MWEyYzA1ODU1ZDhlqA12AjkP0qNTc4ZjU3N2QwMDVmMw==","msisdn":"255759242064"} 
2024-10-21 15:54:27 Sent Request :
 {"channel":{"channel":"119234","password":"YTc4YWY3ZWVlZWViODU3YTY5ODUzNTA4ZGU3YzVhYzM1NTdjNjM1MWEyYzA1ODU1ZDhlNTc4ZjU3N2QwMDVmMw=="},"messages":[{"text":"86609","msisdn":"255759242064","source":"IJUE SHERIA"}]} 
2024-10-21 15:54:29 Returned Response :
 {"isSuccessful":true,"reference_id":"3ae3a7ceb8654aeb984246c25bc93371","sms_quota":32538.0,"error_description":"Successfully submitted 1 message(s) to broker.","error_code":0} 
2024-10-21 18:54:29 Response :
 {"status":"200","statusDesc":"success"} 
2024-10-21 15:54:52 Incoming Request :
 {"otp_token":"86609","api_key":"YTc4YWY3ZWVlZWViODU3YTY5ODUzNTA4ZGU3YzVhYzM1NTdjNjM1MWEyYzA1ODU1ZDhlqA12AjkP0qNTc4ZjU3N2QwMDVmMw==","msisdn":"255759242064"} 
2024-10-21 15:54:52 Response :
 {"status":"200","statusDesc":"success","user_id":"255759242064","full_name":"","gender":"","region":"","msisdn":"255759242064","email":""} 
2024-10-21 16:02:16 Incoming Request :
 {"api_key":"YTc4YWY3ZWVlZWViODU3YTY5ODUzNTA4ZGU3YzVhYzM1NTdjNjM1MWEyYzA1ODU1ZDhlqA12AjkP0qNTc4ZjU3N2QwMDVmMw==","msisdn":"255767898900"} 
2024-10-21 16:02:16 Sent Request :
 {"channel":{"channel":"119234","password":"YTc4YWY3ZWVlZWViODU3YTY5ODUzNTA4ZGU3YzVhYzM1NTdjNjM1MWEyYzA1ODU1ZDhlNTc4ZjU3N2QwMDVmMw=="},"messages":[{"text":"24149","msisdn":"255767898900","source":"IJUE SHERIA"}]} 
2024-10-21 16:02:18 Returned Response :
 {"isSuccessful":true,"reference_id":"737d92e16c564d9d8f0e4b99418dbcc4","sms_quota":32536.0,"error_description":"Successfully submitted 1 message(s) to broker.","error_code":0} 
2024-10-21 19:02:18 Response :
 {"status":"200","statusDesc":"success"} 
2024-10-21 16:03:02 Incoming Request :
 {"otp_token":"24149","api_key":"YTc4YWY3ZWVlZWViODU3YTY5ODUzNTA4ZGU3YzVhYzM1NTdjNjM1MWEyYzA1ODU1ZDhlqA12AjkP0qNTc4ZjU3N2QwMDVmMw==","msisdn":"255767898900"} 
2024-10-21 16:03:02 Response :
 {"status":"200","statusDesc":"success","user_id":"255767898900","full_name":"","gender":"","region":"","msisdn":"255767898900","email":""} 
2024-10-21 16:14:44 Incoming Request :
 {"api_key":"YTc4YWY3ZWVlZWViODU3YTY5ODUzNTA4ZGU3YzVhYzM1NTdjNjM1MWEyYzA1ODU1ZDhlqA12AjkP0qNTc4ZjU3N2QwMDVmMw==","msisdn":"255717594936"} 
2024-10-21 16:14:44 Sent Request :
 {"channel":{"channel":"119234","password":"YTc4YWY3ZWVlZWViODU3YTY5ODUzNTA4ZGU3YzVhYzM1NTdjNjM1MWEyYzA1ODU1ZDhlNTc4ZjU3N2QwMDVmMw=="},"messages":[{"text":"70463","msisdn":"255717594936","source":"IJUE SHERIA"}]} 
2024-10-21 16:14:45 Returned Response :
 {"isSuccessful":true,"reference_id":"81184430392344929826bc1d7aab39ae","sms_quota":32534.0,"error_description":"Successfully submitted 1 message(s) to broker.","error_code":0} 
2024-10-21 19:14:45 Response :
 {"status":"200","statusDesc":"success"} 
2024-10-21 16:15:31 Incoming Request :
 {"api_key":"YTc4YWY3ZWVlZWViODU3YTY5ODUzNTA4ZGU3YzVhYzM1NTdjNjM1MWEyYzA1ODU1ZDhlqA12AjkP0qNTc4ZjU3N2QwMDVmMw==","msisdn":"255623924327"} 
2024-10-21 16:15:31 Sent Request :
 {"channel":{"channel":"119234","password":"YTc4YWY3ZWVlZWViODU3YTY5ODUzNTA4ZGU3YzVhYzM1NTdjNjM1MWEyYzA1ODU1ZDhlNTc4ZjU3N2QwMDVmMw=="},"messages":[{"text":"92910","msisdn":"255623924327","source":"IJUE SHERIA"}]} 
2024-10-21 16:15:33 Returned Response :
 {"isSuccessful":true,"reference_id":"dc8d31fa6ad4487cbcba52984103ee98","sms_quota":32532.0,"error_description":"Successfully submitted 1 message(s) to broker.","error_code":0} 
2024-10-21 19:15:33 Response :
 {"status":"200","statusDesc":"success"} 
2024-10-21 16:16:09 Incoming Request :
 {"otp_token":"70463","api_key":"YTc4YWY3ZWVlZWViODU3YTY5ODUzNTA4ZGU3YzVhYzM1NTdjNjM1MWEyYzA1ODU1ZDhlqA12AjkP0qNTc4ZjU3N2QwMDVmMw==","msisdn":"255717594936"} 
2024-10-21 16:16:09 Response :
 {"status":"200","statusDesc":"success","user_id":"27021","full_name":"WILLIAM","gender":"FEMALE","region":"Dar es Salaam","msisdn":"255717594936","email":""} 
2024-10-21 16:16:27 Incoming Request :
 {"api_key":"YTc4YWY3ZWVlZWViODU3YTY5ODUzNTA4ZGU3YzVhYzM1NTdjNjM1MWEyYzA1ODU1ZDhlqA12AjkP0qNTc4ZjU3N2QwMDVmMw==","msisdn":"255623924327"} 
2024-10-21 16:16:27 Sent Request :
 {"channel":{"channel":"119234","password":"YTc4YWY3ZWVlZWViODU3YTY5ODUzNTA4ZGU3YzVhYzM1NTdjNjM1MWEyYzA1ODU1ZDhlNTc4ZjU3N2QwMDVmMw=="},"messages":[{"text":"85904","msisdn":"255623924327","source":"IJUE SHERIA"}]} 
2024-10-21 16:16:29 Returned Response :
 {"isSuccessful":true,"reference_id":"513f2e72daf74488ae87f9f04979de11","sms_quota":32531.0,"error_description":"Successfully submitted 1 message(s) to broker.","error_code":0} 
2024-10-21 19:16:29 Response :
 {"status":"200","statusDesc":"success"} 
2024-10-21 16:17:06 Incoming Request :
 {"otp_token":"85904","api_key":"YTc4YWY3ZWVlZWViODU3YTY5ODUzNTA4ZGU3YzVhYzM1NTdjNjM1MWEyYzA1ODU1ZDhlqA12AjkP0qNTc4ZjU3N2QwMDVmMw==","msisdn":"255623924327"} 
2024-10-21 16:17:06 Response :
 {"status":"200","statusDesc":"success","user_id":"14603","full_name":"thadeo serestine ","gender":"FEMALE","region":"Dar Es Salaam","msisdn":"255623924327","email":""} 
2024-10-21 16:39:23 Incoming Request :
 {"api_key":"YTc4YWY3ZWVlZWViODU3YTY5ODUzNTA4ZGU3YzVhYzM1NTdjNjM1MWEyYzA1ODU1ZDhlqA12AjkP0qNTc4ZjU3N2QwMDVmMw==","msisdn":"255698606079"} 
2024-10-21 16:39:23 Sent Request :
 {"channel":{"channel":"119234","password":"YTc4YWY3ZWVlZWViODU3YTY5ODUzNTA4ZGU3YzVhYzM1NTdjNjM1MWEyYzA1ODU1ZDhlNTc4ZjU3N2QwMDVmMw=="},"messages":[{"text":"86148","msisdn":"255698606079","source":"IJUE SHERIA"}]} 
2024-10-21 16:39:25 Returned Response :
 {"isSuccessful":true,"reference_id":"0148257b644f4d3c9dad44fa1d11f823","sms_quota":32529.0,"error_description":"Successfully submitted 1 message(s) to broker.","error_code":0} 
2024-10-21 19:39:25 Response :
 {"status":"200","statusDesc":"success"} 
2024-10-21 16:42:29 Incoming Request :
 {"api_key":"YTc4YWY3ZWVlZWViODU3YTY5ODUzNTA4ZGU3YzVhYzM1NTdjNjM1MWEyYzA1ODU1ZDhlqA12AjkP0qNTc4ZjU3N2QwMDVmMw==","msisdn":"255698606079"} 
2024-10-21 16:42:29 Sent Request :
 {"channel":{"channel":"119234","password":"YTc4YWY3ZWVlZWViODU3YTY5ODUzNTA4ZGU3YzVhYzM1NTdjNjM1MWEyYzA1ODU1ZDhlNTc4ZjU3N2QwMDVmMw=="},"messages":[{"text":"60824","msisdn":"255698606079","source":"IJUE SHERIA"}]} 
2024-10-21 16:42:31 Returned Response :
 {"isSuccessful":true,"reference_id":"ab08abd6e27c4c458aee534bb4365f0a","sms_quota":32527.0,"error_description":"Successfully submitted 1 message(s) to broker.","error_code":0} 
2024-10-21 19:42:31 Response :
 {"status":"200","statusDesc":"success"} 
2024-10-21 16:43:04 Incoming Request :
 {"otp_token":"60824","api_key":"YTc4YWY3ZWVlZWViODU3YTY5ODUzNTA4ZGU3YzVhYzM1NTdjNjM1MWEyYzA1ODU1ZDhlqA12AjkP0qNTc4ZjU3N2QwMDVmMw==","msisdn":"255698606079"} 
2024-10-21 16:43:04 Response :
 {"status":"200","statusDesc":"success","user_id":"255698606079","full_name":"","gender":"","region":"","msisdn":"255698606079","email":""} 
2024-10-21 16:54:07 Incoming Request :
 {"api_key":"YTc4YWY3ZWVlZWViODU3YTY5ODUzNTA4ZGU3YzVhYzM1NTdjNjM1MWEyYzA1ODU1ZDhlqA12AjkP0qNTc4ZjU3N2QwMDVmMw==","msisdn":"255755247373"} 
2024-10-21 16:54:07 Sent Request :
 {"channel":{"channel":"119234","password":"YTc4YWY3ZWVlZWViODU3YTY5ODUzNTA4ZGU3YzVhYzM1NTdjNjM1MWEyYzA1ODU1ZDhlNTc4ZjU3N2QwMDVmMw=="},"messages":[{"text":"75904","msisdn":"255755247373","source":"IJUE SHERIA"}]} 
2024-10-21 16:54:09 Returned Response :
 {"isSuccessful":true,"reference_id":"f582e2ec72194f629deed5041b03e0ab","sms_quota":32525.0,"error_description":"Successfully submitted 1 message(s) to broker.","error_code":0} 
2024-10-21 19:54:09 Response :
 {"status":"200","statusDesc":"success"} 
2024-10-21 16:54:45 Incoming Request :
 {"otp_token":"75904","api_key":"YTc4YWY3ZWVlZWViODU3YTY5ODUzNTA4ZGU3YzVhYzM1NTdjNjM1MWEyYzA1ODU1ZDhlqA12AjkP0qNTc4ZjU3N2QwMDVmMw==","msisdn":"255755247373"} 
2024-10-21 16:54:45 Response :
 {"status":"200","statusDesc":"success","user_id":"27022","full_name":"Ibrahim Adam ","gender":"FEMALE","region":"Mwanza","msisdn":"255755247373","email":""} 
2024-10-21 17:20:16 Incoming Request :
 {"api_key":"YTc4YWY3ZWVlZWViODU3YTY5ODUzNTA4ZGU3YzVhYzM1NTdjNjM1MWEyYzA1ODU1ZDhlqA12AjkP0qNTc4ZjU3N2QwMDVmMw==","msisdn":"255745488657"} 
2024-10-21 17:20:16 Sent Request :
 {"channel":{"channel":"119234","password":"YTc4YWY3ZWVlZWViODU3YTY5ODUzNTA4ZGU3YzVhYzM1NTdjNjM1MWEyYzA1ODU1ZDhlNTc4ZjU3N2QwMDVmMw=="},"messages":[{"text":"61977","msisdn":"255745488657","source":"IJUE SHERIA"}]} 
2024-10-21 17:20:18 Returned Response :
 {"isSuccessful":true,"reference_id":"4fc79581b4a34e9bb17205fa3b0b012b","sms_quota":32523.0,"error_description":"Successfully submitted 1 message(s) to broker.","error_code":0} 
2024-10-21 20:20:18 Response :
 {"status":"200","statusDesc":"success"} 
2024-10-21 17:24:52 Incoming Request :
 {"api_key":"YTc4YWY3ZWVlZWViODU3YTY5ODUzNTA4ZGU3YzVhYzM1NTdjNjM1MWEyYzA1ODU1ZDhlqA12AjkP0qNTc4ZjU3N2QwMDVmMw==","msisdn":"255745488657"} 
2024-10-21 17:24:52 Sent Request :
 {"channel":{"channel":"119234","password":"YTc4YWY3ZWVlZWViODU3YTY5ODUzNTA4ZGU3YzVhYzM1NTdjNjM1MWEyYzA1ODU1ZDhlNTc4ZjU3N2QwMDVmMw=="},"messages":[{"text":"85435","msisdn":"255745488657","source":"IJUE SHERIA"}]} 
2024-10-21 17:24:54 Returned Response :
 {"isSuccessful":true,"reference_id":"4068f0df975f477ca95230c7b0196b20","sms_quota":32521.0,"error_description":"Successfully submitted 1 message(s) to broker.","error_code":0} 
2024-10-21 20:24:54 Response :
 {"status":"200","statusDesc":"success"} 
2024-10-21 17:25:18 Incoming Request :
 {"otp_token":"61977","api_key":"YTc4YWY3ZWVlZWViODU3YTY5ODUzNTA4ZGU3YzVhYzM1NTdjNjM1MWEyYzA1ODU1ZDhlqA12AjkP0qNTc4ZjU3N2QwMDVmMw==","msisdn":"255745488657"} 
2024-10-21 17:25:18 Response :
 {"status":"200","statusDesc":"success","user_id":"27023","full_name":"Tumaini Charles Ngowi","gender":"FEMALE","region":"Morogoro","msisdn":"255745488657","email":""} 
2024-10-21 17:39:52 Incoming Request :
 {"api_key":"YTc4YWY3ZWVlZWViODU3YTY5ODUzNTA4ZGU3YzVhYzM1NTdjNjM1MWEyYzA1ODU1ZDhlqA12AjkP0qNTc4ZjU3N2QwMDVmMw==","msisdn":"255628814935"} 
2024-10-21 17:39:52 Sent Request :
 {"channel":{"channel":"119234","password":"YTc4YWY3ZWVlZWViODU3YTY5ODUzNTA4ZGU3YzVhYzM1NTdjNjM1MWEyYzA1ODU1ZDhlNTc4ZjU3N2QwMDVmMw=="},"messages":[{"text":"19164","msisdn":"255628814935","source":"IJUE SHERIA"}]} 
2024-10-21 17:39:54 Returned Response :
 {"isSuccessful":true,"reference_id":"afd83173d1ef469cb5e43dfbccb0ab4f","sms_quota":32520.0,"error_description":"Successfully submitted 1 message(s) to broker.","error_code":0} 
2024-10-21 20:39:54 Response :
 {"status":"200","statusDesc":"success"} 
2024-10-21 17:40:20 Incoming Request :
 {"otp_token":"19164","api_key":"YTc4YWY3ZWVlZWViODU3YTY5ODUzNTA4ZGU3YzVhYzM1NTdjNjM1MWEyYzA1ODU1ZDhlqA12AjkP0qNTc4ZjU3N2QwMDVmMw==","msisdn":"255628814935"} 
2024-10-21 17:40:20 Response :
 {"status":"200","statusDesc":"success","user_id":"27024","full_name":"Christopher Kana","gender":"FEMALE","region":"Mwanza","msisdn":"255628814935","email":""} 
2024-10-21 19:00:17 Incoming Request :
 {"api_key":"YTc4YWY3ZWVlZWViODU3YTY5ODUzNTA4ZGU3YzVhYzM1NTdjNjM1MWEyYzA1ODU1ZDhlqA12AjkP0qNTc4ZjU3N2QwMDVmMw==","msisdn":"255717173801"} 
2024-10-21 19:00:17 Sent Request :
 {"channel":{"channel":"119234","password":"YTc4YWY3ZWVlZWViODU3YTY5ODUzNTA4ZGU3YzVhYzM1NTdjNjM1MWEyYzA1ODU1ZDhlNTc4ZjU3N2QwMDVmMw=="},"messages":[{"text":"28509","msisdn":"255717173801","source":"IJUE SHERIA"}]} 
2024-10-21 19:00:19 Returned Response :
 {"isSuccessful":true,"reference_id":"b6091cc4ad3842ae8cdde9f8ddc5fe20","sms_quota":32518.0,"error_description":"Successfully submitted 1 message(s) to broker.","error_code":0} 
2024-10-21 22:00:19 Response :
 {"status":"200","statusDesc":"success"} 
2024-10-21 19:01:23 Incoming Request :
 {"otp_token":"28509","api_key":"YTc4YWY3ZWVlZWViODU3YTY5ODUzNTA4ZGU3YzVhYzM1NTdjNjM1MWEyYzA1ODU1ZDhlqA12AjkP0qNTc4ZjU3N2QwMDVmMw==","msisdn":"255717173801"} 
2024-10-21 19:01:23 Response :
 {"status":"200","statusDesc":"success","user_id":"27025","full_name":"ALLY","gender":"FEMALE","region":"Mbeya","msisdn":"255717173801","email":""} 
2024-10-21 19:26:36 Incoming Request :
 {"api_key":"YTc4YWY3ZWVlZWViODU3YTY5ODUzNTA4ZGU3YzVhYzM1NTdjNjM1MWEyYzA1ODU1ZDhlqA12AjkP0qNTc4ZjU3N2QwMDVmMw==","msisdn":"255788645500"} 
2024-10-21 19:26:36 Sent Request :
 {"channel":{"channel":"119234","password":"YTc4YWY3ZWVlZWViODU3YTY5ODUzNTA4ZGU3YzVhYzM1NTdjNjM1MWEyYzA1ODU1ZDhlNTc4ZjU3N2QwMDVmMw=="},"messages":[{"text":"28433","msisdn":"255788645500","source":"IJUE SHERIA"}]} 
2024-10-21 19:26:37 Returned Response :
 {"isSuccessful":true,"reference_id":"3b09b84323314870b6b803b093d915bb","sms_quota":32516.0,"error_description":"Successfully submitted 1 message(s) to broker.","error_code":0} 
2024-10-21 22:26:37 Response :
 {"status":"200","statusDesc":"success"} 
2024-10-21 19:27:13 Incoming Request :
 {"otp_token":"28433","api_key":"YTc4YWY3ZWVlZWViODU3YTY5ODUzNTA4ZGU3YzVhYzM1NTdjNjM1MWEyYzA1ODU1ZDhlqA12AjkP0qNTc4ZjU3N2QwMDVmMw==","msisdn":"255788645500"} 
2024-10-21 19:27:13 Response :
 {"status":"200","statusDesc":"success","user_id":"27026","full_name":"Ahmad Solokoto ","gender":"MALE","region":"Tabora","msisdn":"255788645500","email":""} 
2024-10-21 21:00:01 Incoming Request :
 {"api_key":"YTc4YWY3ZWVlZWViODU3YTY5ODUzNTA4ZGU3YzVhYzM1NTdjNjM1MWEyYzA1ODU1ZDhlqA12AjkP0qNTc4ZjU3N2QwMDVmMw==","msisdn":"255692602212"} 
2024-10-21 21:00:01 Sent Request :
 {"channel":{"channel":"119234","password":"YTc4YWY3ZWVlZWViODU3YTY5ODUzNTA4ZGU3YzVhYzM1NTdjNjM1MWEyYzA1ODU1ZDhlNTc4ZjU3N2QwMDVmMw=="},"messages":[{"text":"11405","msisdn":"255692602212","source":"IJUE SHERIA"}]} 
2024-10-21 21:00:03 Returned Response :
 {"isSuccessful":true,"reference_id":"55e9e86385004519ae51961a2ab5cbef","sms_quota":32514.0,"error_description":"Successfully submitted 1 message(s) to broker.","error_code":0} 
2024-10-22 00:00:03 Response :
 {"status":"200","statusDesc":"success"} 
2024-10-21 21:00:39 Incoming Request :
 {"otp_token":"11405","api_key":"YTc4YWY3ZWVlZWViODU3YTY5ODUzNTA4ZGU3YzVhYzM1NTdjNjM1MWEyYzA1ODU1ZDhlqA12AjkP0qNTc4ZjU3N2QwMDVmMw==","msisdn":"255692602212"} 
2024-10-21 21:00:39 Response :
 {"status":"200","statusDesc":"success","user_id":"255692602212","full_name":"","gender":"","region":"","msisdn":"255692602212","email":""} 
2024-10-21 21:03:38 Incoming Request :
 {"api_key":"YTc4YWY3ZWVlZWViODU3YTY5ODUzNTA4ZGU3YzVhYzM1NTdjNjM1MWEyYzA1ODU1ZDhlqA12AjkP0qNTc4ZjU3N2QwMDVmMw==","msisdn":"255658529492"} 
2024-10-21 21:03:38 Sent Request :
 {"channel":{"channel":"119234","password":"YTc4YWY3ZWVlZWViODU3YTY5ODUzNTA4ZGU3YzVhYzM1NTdjNjM1MWEyYzA1ODU1ZDhlNTc4ZjU3N2QwMDVmMw=="},"messages":[{"text":"47370","msisdn":"255658529492","source":"IJUE SHERIA"}]} 
2024-10-21 21:03:40 Returned Response :
 {"isSuccessful":true,"reference_id":"493c138b61af46cea260e1ccfe877f12","sms_quota":32512.0,"error_description":"Successfully submitted 1 message(s) to broker.","error_code":0} 
2024-10-22 00:03:40 Response :
 {"status":"200","statusDesc":"success"} 
2024-10-21 21:05:18 Incoming Request :
 {"otp_token":"47370","api_key":"YTc4YWY3ZWVlZWViODU3YTY5ODUzNTA4ZGU3YzVhYzM1NTdjNjM1MWEyYzA1ODU1ZDhlqA12AjkP0qNTc4ZjU3N2QwMDVmMw==","msisdn":"255658529492"} 
2024-10-21 21:05:18 Response :
 {"status":"200","statusDesc":"success","user_id":"255658529492","full_name":"","gender":"","region":"","msisdn":"255658529492","email":""} 
2024-10-21 21:19:49 Incoming Request :
 {"api_key":"YTc4YWY3ZWVlZWViODU3YTY5ODUzNTA4ZGU3YzVhYzM1NTdjNjM1MWEyYzA1ODU1ZDhlqA12AjkP0qNTc4ZjU3N2QwMDVmMw==","msisdn":"255688883033"} 
2024-10-21 21:19:49 Sent Request :
 {"channel":{"channel":"119234","password":"YTc4YWY3ZWVlZWViODU3YTY5ODUzNTA4ZGU3YzVhYzM1NTdjNjM1MWEyYzA1ODU1ZDhlNTc4ZjU3N2QwMDVmMw=="},"messages":[{"text":"11614","msisdn":"255688883033","source":"IJUE SHERIA"}]} 
2024-10-21 21:19:50 Returned Response :
 {"isSuccessful":true,"reference_id":"dc5e2380cae1481eb9479ca2befa9865","sms_quota":32510.0,"error_description":"Successfully submitted 1 message(s) to broker.","error_code":0} 
2024-10-22 00:19:50 Response :
 {"status":"200","statusDesc":"success"} 
2024-10-21 21:20:41 Incoming Request :
 {"otp_token":"11614","api_key":"YTc4YWY3ZWVlZWViODU3YTY5ODUzNTA4ZGU3YzVhYzM1NTdjNjM1MWEyYzA1ODU1ZDhlqA12AjkP0qNTc4ZjU3N2QwMDVmMw==","msisdn":"255688883033"} 
2024-10-21 21:20:41 Response :
 {"status":"200","statusDesc":"success","user_id":"255688883033","full_name":"","gender":"","region":"","msisdn":"255688883033","email":""} 
2024-10-21 21:24:07 Incoming Request :
 {"api_key":"YTc4YWY3ZWVlZWViODU3YTY5ODUzNTA4ZGU3YzVhYzM1NTdjNjM1MWEyYzA1ODU1ZDhlqA12AjkP0qNTc4ZjU3N2QwMDVmMw==","msisdn":"76179267"} 
2024-10-21 21:24:07 Response :
 {"status":"422","statusDesc":"Invalid Phone Number"} 
2024-10-21 21:24:10 Incoming Request :
 {"api_key":"YTc4YWY3ZWVlZWViODU3YTY5ODUzNTA4ZGU3YzVhYzM1NTdjNjM1MWEyYzA1ODU1ZDhlqA12AjkP0qNTc4ZjU3N2QwMDVmMw==","msisdn":"76179267"} 
2024-10-21 21:24:10 Response :
 {"status":"422","statusDesc":"Invalid Phone Number"} 
2024-10-21 21:24:28 Incoming Request :
 {"api_key":"YTc4YWY3ZWVlZWViODU3YTY5ODUzNTA4ZGU3YzVhYzM1NTdjNjM1MWEyYzA1ODU1ZDhlqA12AjkP0qNTc4ZjU3N2QwMDVmMw==","msisdn":"255761792679"} 
2024-10-21 21:24:28 Sent Request :
 {"channel":{"channel":"119234","password":"YTc4YWY3ZWVlZWViODU3YTY5ODUzNTA4ZGU3YzVhYzM1NTdjNjM1MWEyYzA1ODU1ZDhlNTc4ZjU3N2QwMDVmMw=="},"messages":[{"text":"44102","msisdn":"255761792679","source":"IJUE SHERIA"}]} 
2024-10-21 21:24:29 Returned Response :
 {"isSuccessful":true,"reference_id":"445970eb72f1482a90e1929365ea89f7","sms_quota":32509.0,"error_description":"Successfully submitted 1 message(s) to broker.","error_code":0} 
2024-10-22 00:24:29 Response :
 {"status":"200","statusDesc":"success"} 
2024-10-21 21:24:50 Incoming Request :
 {"otp_token":"44102","api_key":"YTc4YWY3ZWVlZWViODU3YTY5ODUzNTA4ZGU3YzVhYzM1NTdjNjM1MWEyYzA1ODU1ZDhlqA12AjkP0qNTc4ZjU3N2QwMDVmMw==","msisdn":"255761792679"} 
2024-10-21 21:24:50 Response :
 {"status":"200","statusDesc":"success","user_id":"27027","full_name":"Steve ne ","gender":"MALE","region":"Mbeya","msisdn":"255761792679","email":""} 
2024-10-21 21:39:14 Incoming Request :
 {"api_key":"YTc4YWY3ZWVlZWViODU3YTY5ODUzNTA4ZGU3YzVhYzM1NTdjNjM1MWEyYzA1ODU1ZDhlqA12AjkP0qNTc4ZjU3N2QwMDVmMw==","msisdn":"255684374694"} 
2024-10-21 21:39:14 Sent Request :
 {"channel":{"channel":"119234","password":"YTc4YWY3ZWVlZWViODU3YTY5ODUzNTA4ZGU3YzVhYzM1NTdjNjM1MWEyYzA1ODU1ZDhlNTc4ZjU3N2QwMDVmMw=="},"messages":[{"text":"16330","msisdn":"255684374694","source":"IJUE SHERIA"}]} 
2024-10-21 21:39:16 Returned Response :
 {"isSuccessful":true,"reference_id":"59beb02e31d344d5a9840cd7088237a0","sms_quota":32507.0,"error_description":"Successfully submitted 1 message(s) to broker.","error_code":0} 
2024-10-22 00:39:16 Response :
 {"status":"200","statusDesc":"success"} 
2024-10-21 21:39:47 Incoming Request :
 {"otp_token":"16330","api_key":"YTc4YWY3ZWVlZWViODU3YTY5ODUzNTA4ZGU3YzVhYzM1NTdjNjM1MWEyYzA1ODU1ZDhlqA12AjkP0qNTc4ZjU3N2QwMDVmMw==","msisdn":"255684374694"} 
2024-10-21 21:39:47 Response :
 {"status":"200","statusDesc":"success","user_id":"27028","full_name":"HAnifu Ally","gender":"FEMALE","region":"Arusha","msisdn":"255684374694","email":""} 
2024-10-21 22:27:07 Incoming Request :
 {"api_key":"YTc4YWY3ZWVlZWViODU3YTY5ODUzNTA4ZGU3YzVhYzM1NTdjNjM1MWEyYzA1ODU1ZDhlqA12AjkP0qNTc4ZjU3N2QwMDVmMw==","msisdn":"255458255820"} 
2024-10-21 22:27:07 Sent Request :
 {"channel":{"channel":"119234","password":"YTc4YWY3ZWVlZWViODU3YTY5ODUzNTA4ZGU3YzVhYzM1NTdjNjM1MWEyYzA1ODU1ZDhlNTc4ZjU3N2QwMDVmMw=="},"messages":[{"text":"78801","msisdn":"255458255820","source":"IJUE SHERIA"}]} 
2024-10-21 22:27:09 Returned Response :
 {"isSuccessful":true,"reference_id":"fa82b70fb269476b8a5c9b94e7a7b9ef","sms_quota":32505.0,"error_description":"Successfully submitted 1 message(s) to broker.","error_code":0} 
2024-10-22 01:27:09 Response :
 {"status":"200","statusDesc":"success"} 