
2024-10-24 02:03:42 Incoming Request :
 {"api_key":"YTc4YWY3ZWVlZWViODU3YTY5ODUzNTA4ZGU3YzVhYzM1NTdjNjM1MWEyYzA1ODU1ZDhlqA12AjkP0qNTc4ZjU3N2QwMDVmMw==","msisdn":"255679186834"} 
2024-10-24 02:03:42 Sent Request :
 {"channel":{"channel":"119234","password":"YTc4YWY3ZWVlZWViODU3YTY5ODUzNTA4ZGU3YzVhYzM1NTdjNjM1MWEyYzA1ODU1ZDhlNTc4ZjU3N2QwMDVmMw=="},"messages":[{"text":"73903","msisdn":"255679186834","source":"IJUE SHERIA"}]} 
2024-10-24 02:03:44 Returned Response :
 {"isSuccessful":true,"reference_id":"4cbf2bb4e71748d68642ddb587fa357a","sms_quota":32118.0,"error_description":"Successfully submitted 1 message(s) to broker.","error_code":0} 
2024-10-24 05:03:44 Response :
 {"status":"200","statusDesc":"success"} 
2024-10-24 02:04:07 Incoming Request :
 {"otp_token":"73903","api_key":"YTc4YWY3ZWVlZWViODU3YTY5ODUzNTA4ZGU3YzVhYzM1NTdjNjM1MWEyYzA1ODU1ZDhlqA12AjkP0qNTc4ZjU3N2QwMDVmMw==","msisdn":"255679186834"} 
2024-10-24 02:04:07 Response :
 {"status":"200","statusDesc":"success","user_id":"12068","full_name":"William ","gender":"female","region":"Dar Es Salaam","msisdn":"255679186834","email":""} 
2024-10-24 02:46:43 Incoming Request :
 {"api_key":"YTc4YWY3ZWVlZWViODU3YTY5ODUzNTA4ZGU3YzVhYzM1NTdjNjM1MWEyYzA1ODU1ZDhlqA12AjkP0qNTc4ZjU3N2QwMDVmMw==","msisdn":"255679317999"} 
2024-10-24 02:46:43 Sent Request :
 {"channel":{"channel":"119234","password":"YTc4YWY3ZWVlZWViODU3YTY5ODUzNTA4ZGU3YzVhYzM1NTdjNjM1MWEyYzA1ODU1ZDhlNTc4ZjU3N2QwMDVmMw=="},"messages":[{"text":"54886","msisdn":"255679317999","source":"IJUE SHERIA"}]} 
2024-10-24 02:46:45 Returned Response :
 {"isSuccessful":true,"reference_id":"61cbf0903b614cfa8e2604811c4864b9","sms_quota":32116.0,"error_description":"Successfully submitted 1 message(s) to broker.","error_code":0} 
2024-10-24 05:46:45 Response :
 {"status":"200","statusDesc":"success"} 
2024-10-24 02:47:05 Incoming Request :
 {"otp_token":"54886","api_key":"YTc4YWY3ZWVlZWViODU3YTY5ODUzNTA4ZGU3YzVhYzM1NTdjNjM1MWEyYzA1ODU1ZDhlqA12AjkP0qNTc4ZjU3N2QwMDVmMw==","msisdn":"255679317999"} 
2024-10-24 02:47:05 Response :
 {"status":"200","statusDesc":"success","user_id":"27080","full_name":"Jayden Fancy","gender":"MALE","region":"Dar es Salaam","msisdn":"255679317999","email":""} 
2024-10-24 03:01:37 Incoming Request :
 {"api_key":"YTc4YWY3ZWVlZWViODU3YTY5ODUzNTA4ZGU3YzVhYzM1NTdjNjM1MWEyYzA1ODU1ZDhlqA12AjkP0qNTc4ZjU3N2QwMDVmMw==","msisdn":"255747737491"} 
2024-10-24 03:01:37 Sent Request :
 {"channel":{"channel":"119234","password":"YTc4YWY3ZWVlZWViODU3YTY5ODUzNTA4ZGU3YzVhYzM1NTdjNjM1MWEyYzA1ODU1ZDhlNTc4ZjU3N2QwMDVmMw=="},"messages":[{"text":"51525","msisdn":"255747737491","source":"IJUE SHERIA"}]} 
2024-10-24 03:01:39 Returned Response :
 {"isSuccessful":true,"reference_id":"2fe5bb5ae3b24c1f967be9a38b89f593","sms_quota":32114.0,"error_description":"Successfully submitted 1 message(s) to broker.","error_code":0} 
2024-10-24 06:01:39 Response :
 {"status":"200","statusDesc":"success"} 
2024-10-24 03:02:29 Incoming Request :
 {"api_key":"YTc4YWY3ZWVlZWViODU3YTY5ODUzNTA4ZGU3YzVhYzM1NTdjNjM1MWEyYzA1ODU1ZDhlqA12AjkP0qNTc4ZjU3N2QwMDVmMw==","msisdn":"255747737491"} 
2024-10-24 03:02:29 Sent Request :
 {"channel":{"channel":"119234","password":"YTc4YWY3ZWVlZWViODU3YTY5ODUzNTA4ZGU3YzVhYzM1NTdjNjM1MWEyYzA1ODU1ZDhlNTc4ZjU3N2QwMDVmMw=="},"messages":[{"text":"48063","msisdn":"255747737491","source":"IJUE SHERIA"}]} 
2024-10-24 03:02:31 Returned Response :
 {"isSuccessful":true,"reference_id":"a27b9f97cbe6463b8b4e09c8a6c8b3a3","sms_quota":32113.0,"error_description":"Successfully submitted 1 message(s) to broker.","error_code":0} 
2024-10-24 06:02:31 Response :
 {"status":"200","statusDesc":"success"} 
2024-10-24 03:03:03 Incoming Request :
 {"otp_token":"48063","api_key":"YTc4YWY3ZWVlZWViODU3YTY5ODUzNTA4ZGU3YzVhYzM1NTdjNjM1MWEyYzA1ODU1ZDhlqA12AjkP0qNTc4ZjU3N2QwMDVmMw==","msisdn":"255747737491"} 
2024-10-24 03:03:03 Response :
 {"status":"200","statusDesc":"success","user_id":"255747737491","full_name":"","gender":"","region":"","msisdn":"255747737491","email":""} 
2024-10-24 04:57:25 Incoming Request :
 {"api_key":"YTc4YWY3ZWVlZWViODU3YTY5ODUzNTA4ZGU3YzVhYzM1NTdjNjM1MWEyYzA1ODU1ZDhlqA12AjkP0qNTc4ZjU3N2QwMDVmMw==","msisdn":"255744755890"} 
2024-10-24 04:57:25 Sent Request :
 {"channel":{"channel":"119234","password":"YTc4YWY3ZWVlZWViODU3YTY5ODUzNTA4ZGU3YzVhYzM1NTdjNjM1MWEyYzA1ODU1ZDhlNTc4ZjU3N2QwMDVmMw=="},"messages":[{"text":"31321","msisdn":"255744755890","source":"IJUE SHERIA"}]} 
2024-10-24 04:57:26 Returned Response :
 {"isSuccessful":true,"reference_id":"2d3220eb2637456f846e88f2c7319ca7","sms_quota":32111.0,"error_description":"Successfully submitted 1 message(s) to broker.","error_code":0} 
2024-10-24 07:57:26 Response :
 {"status":"200","statusDesc":"success"} 
2024-10-24 04:57:46 Incoming Request :
 {"otp_token":"31321","api_key":"YTc4YWY3ZWVlZWViODU3YTY5ODUzNTA4ZGU3YzVhYzM1NTdjNjM1MWEyYzA1ODU1ZDhlqA12AjkP0qNTc4ZjU3N2QwMDVmMw==","msisdn":"255744755890"} 
2024-10-24 04:57:46 Response :
 {"status":"200","statusDesc":"success","user_id":"27081","full_name":"Lucas kahitila","gender":"FEMALE","region":"Tabora","msisdn":"255744755890","email":""} 
2024-10-24 05:59:38 Incoming Request :
 {"api_key":"YTc4YWY3ZWVlZWViODU3YTY5ODUzNTA4ZGU3YzVhYzM1NTdjNjM1MWEyYzA1ODU1ZDhlqA12AjkP0qNTc4ZjU3N2QwMDVmMw==","msisdn":"255758749233"} 
2024-10-24 05:59:38 Sent Request :
 {"channel":{"channel":"119234","password":"YTc4YWY3ZWVlZWViODU3YTY5ODUzNTA4ZGU3YzVhYzM1NTdjNjM1MWEyYzA1ODU1ZDhlNTc4ZjU3N2QwMDVmMw=="},"messages":[{"text":"47746","msisdn":"255758749233","source":"IJUE SHERIA"}]} 
2024-10-24 05:59:39 Returned Response :
 {"isSuccessful":true,"reference_id":"855cc792d1484d70900f637e93be61e8","sms_quota":32109.0,"error_description":"Successfully submitted 1 message(s) to broker.","error_code":0} 
2024-10-24 08:59:39 Response :
 {"status":"200","statusDesc":"success"} 
2024-10-24 06:00:17 Incoming Request :
 {"otp_token":"47746","api_key":"YTc4YWY3ZWVlZWViODU3YTY5ODUzNTA4ZGU3YzVhYzM1NTdjNjM1MWEyYzA1ODU1ZDhlqA12AjkP0qNTc4ZjU3N2QwMDVmMw==","msisdn":"255758749233"} 
2024-10-24 06:00:17 Response :
 {"status":"200","statusDesc":"success","user_id":"255758749233","full_name":"","gender":"","region":"","msisdn":"255758749233","email":""} 
2024-10-24 06:01:28 Incoming Request :
 {"api_key":"YTc4YWY3ZWVlZWViODU3YTY5ODUzNTA4ZGU3YzVhYzM1NTdjNjM1MWEyYzA1ODU1ZDhlqA12AjkP0qNTc4ZjU3N2QwMDVmMw==","msisdn":"255754016774"} 
2024-10-24 06:01:28 Sent Request :
 {"channel":{"channel":"119234","password":"YTc4YWY3ZWVlZWViODU3YTY5ODUzNTA4ZGU3YzVhYzM1NTdjNjM1MWEyYzA1ODU1ZDhlNTc4ZjU3N2QwMDVmMw=="},"messages":[{"text":"79910","msisdn":"255754016774","source":"IJUE SHERIA"}]} 
2024-10-24 06:01:30 Returned Response :
 {"isSuccessful":true,"reference_id":"18dd580416454041aa26b55dcc3c0c18","sms_quota":32107.0,"error_description":"Successfully submitted 1 message(s) to broker.","error_code":0} 
2024-10-24 09:01:30 Response :
 {"status":"200","statusDesc":"success"} 
2024-10-24 06:01:54 Incoming Request :
 {"otp_token":"79910","api_key":"YTc4YWY3ZWVlZWViODU3YTY5ODUzNTA4ZGU3YzVhYzM1NTdjNjM1MWEyYzA1ODU1ZDhlqA12AjkP0qNTc4ZjU3N2QwMDVmMw==","msisdn":"255754016774"} 
2024-10-24 06:01:54 Response :
 {"status":"200","statusDesc":"success","user_id":"27082","full_name":"hamis","gender":"FEMALE","region":"Singida","msisdn":"255754016774","email":""} 
2024-10-24 08:53:10 Incoming Request :
 {"api_key":"YTc4YWY3ZWVlZWViODU3YTY5ODUzNTA4ZGU3YzVhYzM1NTdjNjM1MWEyYzA1ODU1ZDhlqA12AjkP0qNTc4ZjU3N2QwMDVmMw==","msisdn":"255672606586"} 
2024-10-24 08:53:10 Sent Request :
 {"channel":{"channel":"119234","password":"YTc4YWY3ZWVlZWViODU3YTY5ODUzNTA4ZGU3YzVhYzM1NTdjNjM1MWEyYzA1ODU1ZDhlNTc4ZjU3N2QwMDVmMw=="},"messages":[{"text":"44219","msisdn":"255672606586","source":"IJUE SHERIA"}]} 
2024-10-24 08:53:12 Returned Response :
 {"isSuccessful":true,"reference_id":"d2f31fa578284ecabe9e2505377e0185","sms_quota":32105.0,"error_description":"Successfully submitted 1 message(s) to broker.","error_code":0} 
2024-10-24 11:53:12 Response :
 {"status":"200","statusDesc":"success"} 
2024-10-24 08:53:39 Incoming Request :
 {"otp_token":"44219","api_key":"YTc4YWY3ZWVlZWViODU3YTY5ODUzNTA4ZGU3YzVhYzM1NTdjNjM1MWEyYzA1ODU1ZDhlqA12AjkP0qNTc4ZjU3N2QwMDVmMw==","msisdn":"255672606586"} 
2024-10-24 08:53:39 Response :
 {"status":"200","statusDesc":"success","user_id":"255672606586","full_name":"","gender":"","region":"","msisdn":"255672606586","email":""} 
2024-10-24 10:04:14 Incoming Request :
 {"api_key":"YTc4YWY3ZWVlZWViODU3YTY5ODUzNTA4ZGU3YzVhYzM1NTdjNjM1MWEyYzA1ODU1ZDhlqA12AjkP0qNTc4ZjU3N2QwMDVmMw==","msisdn":"255712273620"} 
2024-10-24 10:04:14 Response :
 {"status":"422","statusDesc":"Innsuficient SMS Balance"} 
2024-10-24 10:04:21 Incoming Request :
 {"api_key":"YTc4YWY3ZWVlZWViODU3YTY5ODUzNTA4ZGU3YzVhYzM1NTdjNjM1MWEyYzA1ODU1ZDhlqA12AjkP0qNTc4ZjU3N2QwMDVmMw==","msisdn":"255712273620"} 
2024-10-24 10:04:21 Response :
 {"status":"422","statusDesc":"Innsuficient SMS Balance"} 
2024-10-24 10:04:29 Incoming Request :
 {"api_key":"YTc4YWY3ZWVlZWViODU3YTY5ODUzNTA4ZGU3YzVhYzM1NTdjNjM1MWEyYzA1ODU1ZDhlqA12AjkP0qNTc4ZjU3N2QwMDVmMw==","msisdn":"255712273620"} 
2024-10-24 10:04:29 Response :
 {"status":"422","statusDesc":"Innsuficient SMS Balance"} 
2024-10-24 10:05:08 Incoming Request :
 {"api_key":"YTc4YWY3ZWVlZWViODU3YTY5ODUzNTA4ZGU3YzVhYzM1NTdjNjM1MWEyYzA1ODU1ZDhlqA12AjkP0qNTc4ZjU3N2QwMDVmMw==","msisdn":"255712273620"} 
2024-10-24 10:05:08 Response :
 {"status":"422","statusDesc":"Innsuficient SMS Balance"} 
2024-10-24 10:05:34 Incoming Request :
 {"api_key":"YTc4YWY3ZWVlZWViODU3YTY5ODUzNTA4ZGU3YzVhYzM1NTdjNjM1MWEyYzA1ODU1ZDhlqA12AjkP0qNTc4ZjU3N2QwMDVmMw==","msisdn":"255712273620"} 
2024-10-24 10:05:34 Response :
 {"status":"422","statusDesc":"Innsuficient SMS Balance"} 
2024-10-24 10:06:28 Incoming Request :
 {"api_key":"YTc4YWY3ZWVlZWViODU3YTY5ODUzNTA4ZGU3YzVhYzM1NTdjNjM1MWEyYzA1ODU1ZDhlqA12AjkP0qNTc4ZjU3N2QwMDVmMw==","msisdn":"255712273620"} 
2024-10-24 10:06:28 Response :
 {"status":"422","statusDesc":"Innsuficient SMS Balance"} 
2024-10-24 10:06:47 Incoming Request :
 {"api_key":"YTc4YWY3ZWVlZWViODU3YTY5ODUzNTA4ZGU3YzVhYzM1NTdjNjM1MWEyYzA1ODU1ZDhlqA12AjkP0qNTc4ZjU3N2QwMDVmMw==","msisdn":"255716651464"} 
2024-10-24 10:06:47 Response :
 {"status":"422","statusDesc":"Innsuficient SMS Balance"} 
2024-10-24 10:06:55 Incoming Request :
 {"api_key":"YTc4YWY3ZWVlZWViODU3YTY5ODUzNTA4ZGU3YzVhYzM1NTdjNjM1MWEyYzA1ODU1ZDhlqA12AjkP0qNTc4ZjU3N2QwMDVmMw==","msisdn":"255712273620"} 
2024-10-24 10:06:55 Response :
 {"status":"422","statusDesc":"Innsuficient SMS Balance"} 
2024-10-24 10:07:08 Incoming Request :
 {"api_key":"YTc4YWY3ZWVlZWViODU3YTY5ODUzNTA4ZGU3YzVhYzM1NTdjNjM1MWEyYzA1ODU1ZDhlqA12AjkP0qNTc4ZjU3N2QwMDVmMw==","msisdn":"255716651464"} 
2024-10-24 10:07:08 Response :
 {"status":"422","statusDesc":"Innsuficient SMS Balance"} 
2024-10-24 10:07:10 Incoming Request :
 {"api_key":"YTc4YWY3ZWVlZWViODU3YTY5ODUzNTA4ZGU3YzVhYzM1NTdjNjM1MWEyYzA1ODU1ZDhlqA12AjkP0qNTc4ZjU3N2QwMDVmMw==","msisdn":"255712273620"} 
2024-10-24 10:07:10 Response :
 {"status":"422","statusDesc":"Innsuficient SMS Balance"} 
2024-10-24 10:07:18 Incoming Request :
 {"api_key":"YTc4YWY3ZWVlZWViODU3YTY5ODUzNTA4ZGU3YzVhYzM1NTdjNjM1MWEyYzA1ODU1ZDhlqA12AjkP0qNTc4ZjU3N2QwMDVmMw==","msisdn":"255712273620"} 
2024-10-24 10:07:18 Response :
 {"status":"422","statusDesc":"Innsuficient SMS Balance"} 
2024-10-24 10:11:09 Incoming Request :
 {"api_key":"YTc4YWY3ZWVlZWViODU3YTY5ODUzNTA4ZGU3YzVhYzM1NTdjNjM1MWEyYzA1ODU1ZDhlqA12AjkP0qNTc4ZjU3N2QwMDVmMw==","msisdn":"255716651464"} 
2024-10-24 10:11:09 Response :
 {"status":"422","statusDesc":"Innsuficient SMS Balance"} 
2024-10-24 10:25:46 Incoming Request :
 {"api_key":"YTc4YWY3ZWVlZWViODU3YTY5ODUzNTA4ZGU3YzVhYzM1NTdjNjM1MWEyYzA1ODU1ZDhlqA12AjkP0qNTc4ZjU3N2QwMDVmMw==","msisdn":"255712419999"} 
2024-10-24 10:25:46 Response :
 {"status":"422","statusDesc":"Innsuficient SMS Balance"} 
2024-10-24 10:26:10 Incoming Request :
 {"api_key":"YTc4YWY3ZWVlZWViODU3YTY5ODUzNTA4ZGU3YzVhYzM1NTdjNjM1MWEyYzA1ODU1ZDhlqA12AjkP0qNTc4ZjU3N2QwMDVmMw==","msisdn":"255712419999"} 
2024-10-24 10:26:10 Response :
 {"status":"422","statusDesc":"Innsuficient SMS Balance"} 
2024-10-24 10:26:27 Incoming Request :
 {"api_key":"YTc4YWY3ZWVlZWViODU3YTY5ODUzNTA4ZGU3YzVhYzM1NTdjNjM1MWEyYzA1ODU1ZDhlqA12AjkP0qNTc4ZjU3N2QwMDVmMw==","msisdn":"255712419999"} 
2024-10-24 10:26:27 Response :
 {"status":"422","statusDesc":"Innsuficient SMS Balance"} 
2024-10-24 10:27:51 Incoming Request :
 {"api_key":"YTc4YWY3ZWVlZWViODU3YTY5ODUzNTA4ZGU3YzVhYzM1NTdjNjM1MWEyYzA1ODU1ZDhlqA12AjkP0qNTc4ZjU3N2QwMDVmMw==","msisdn":"255772070720"} 
2024-10-24 10:27:51 Response :
 {"status":"422","statusDesc":"Innsuficient SMS Balance"} 
2024-10-24 10:50:13 Incoming Request :
 {"api_key":"YTc4YWY3ZWVlZWViODU3YTY5ODUzNTA4ZGU3YzVhYzM1NTdjNjM1MWEyYzA1ODU1ZDhlqA12AjkP0qNTc4ZjU3N2QwMDVmMw==","msisdn":"255765445269"} 
2024-10-24 10:50:13 Response :
 {"status":"422","statusDesc":"Innsuficient SMS Balance"} 
2024-10-24 10:50:35 Incoming Request :
 {"api_key":"YTc4YWY3ZWVlZWViODU3YTY5ODUzNTA4ZGU3YzVhYzM1NTdjNjM1MWEyYzA1ODU1ZDhlqA12AjkP0qNTc4ZjU3N2QwMDVmMw==","msisdn":"255765445269"} 
2024-10-24 10:50:35 Response :
 {"status":"422","statusDesc":"Innsuficient SMS Balance"} 
2024-10-24 10:51:03 Incoming Request :
 {"api_key":"YTc4YWY3ZWVlZWViODU3YTY5ODUzNTA4ZGU3YzVhYzM1NTdjNjM1MWEyYzA1ODU1ZDhlqA12AjkP0qNTc4ZjU3N2QwMDVmMw==","msisdn":"255765445269"} 
2024-10-24 10:51:03 Response :
 {"status":"422","statusDesc":"Innsuficient SMS Balance"} 
2024-10-24 11:03:28 Incoming Request :
 {"api_key":"YTc4YWY3ZWVlZWViODU3YTY5ODUzNTA4ZGU3YzVhYzM1NTdjNjM1MWEyYzA1ODU1ZDhlqA12AjkP0qNTc4ZjU3N2QwMDVmMw==","msisdn":"255783840917"} 
2024-10-24 11:03:28 Response :
 {"status":"422","statusDesc":"Innsuficient SMS Balance"} 
2024-10-24 11:03:40 Incoming Request :
 {"api_key":"YTc4YWY3ZWVlZWViODU3YTY5ODUzNTA4ZGU3YzVhYzM1NTdjNjM1MWEyYzA1ODU1ZDhlqA12AjkP0qNTc4ZjU3N2QwMDVmMw==","msisdn":"255783840917"} 
2024-10-24 11:03:40 Response :
 {"status":"422","statusDesc":"Innsuficient SMS Balance"} 
2024-10-24 11:03:46 Incoming Request :
 {"api_key":"YTc4YWY3ZWVlZWViODU3YTY5ODUzNTA4ZGU3YzVhYzM1NTdjNjM1MWEyYzA1ODU1ZDhlqA12AjkP0qNTc4ZjU3N2QwMDVmMw==","msisdn":"255838409172"} 
2024-10-24 11:03:46 Response :
 {"status":"422","statusDesc":"Innsuficient SMS Balance"} 
2024-10-24 11:04:05 Incoming Request :
 {"api_key":"YTc4YWY3ZWVlZWViODU3YTY5ODUzNTA4ZGU3YzVhYzM1NTdjNjM1MWEyYzA1ODU1ZDhlqA12AjkP0qNTc4ZjU3N2QwMDVmMw==","msisdn":"255783840917"} 
2024-10-24 11:04:05 Response :
 {"status":"422","statusDesc":"Innsuficient SMS Balance"} 
2024-10-24 11:04:23 Incoming Request :
 {"api_key":"YTc4YWY3ZWVlZWViODU3YTY5ODUzNTA4ZGU3YzVhYzM1NTdjNjM1MWEyYzA1ODU1ZDhlqA12AjkP0qNTc4ZjU3N2QwMDVmMw==","msisdn":"255783840917"} 
2024-10-24 11:04:23 Response :
 {"status":"422","statusDesc":"Innsuficient SMS Balance"} 
2024-10-24 11:04:31 Incoming Request :
 {"api_key":"YTc4YWY3ZWVlZWViODU3YTY5ODUzNTA4ZGU3YzVhYzM1NTdjNjM1MWEyYzA1ODU1ZDhlqA12AjkP0qNTc4ZjU3N2QwMDVmMw==","msisdn":"255783840917"} 
2024-10-24 11:04:31 Response :
 {"status":"422","statusDesc":"Innsuficient SMS Balance"} 
2024-10-24 11:04:46 Incoming Request :
 {"api_key":"YTc4YWY3ZWVlZWViODU3YTY5ODUzNTA4ZGU3YzVhYzM1NTdjNjM1MWEyYzA1ODU1ZDhlqA12AjkP0qNTc4ZjU3N2QwMDVmMw==","msisdn":"83840917"} 
2024-10-24 11:04:46 Response :
 {"status":"422","statusDesc":"Invalid Phone Number"} 
2024-10-24 11:04:53 Incoming Request :
 {"api_key":"YTc4YWY3ZWVlZWViODU3YTY5ODUzNTA4ZGU3YzVhYzM1NTdjNjM1MWEyYzA1ODU1ZDhlqA12AjkP0qNTc4ZjU3N2QwMDVmMw==","msisdn":"83840917"} 
2024-10-24 11:04:53 Response :
 {"status":"422","statusDesc":"Invalid Phone Number"} 
2024-10-24 11:05:01 Incoming Request :
 {"api_key":"YTc4YWY3ZWVlZWViODU3YTY5ODUzNTA4ZGU3YzVhYzM1NTdjNjM1MWEyYzA1ODU1ZDhlqA12AjkP0qNTc4ZjU3N2QwMDVmMw==","msisdn":"83840917"} 
2024-10-24 11:05:01 Response :
 {"status":"422","statusDesc":"Invalid Phone Number"} 
2024-10-24 11:07:03 Incoming Request :
 {"api_key":"YTc4YWY3ZWVlZWViODU3YTY5ODUzNTA4ZGU3YzVhYzM1NTdjNjM1MWEyYzA1ODU1ZDhlqA12AjkP0qNTc4ZjU3N2QwMDVmMw==","msisdn":"255783840917"} 
2024-10-24 11:07:03 Response :
 {"status":"422","statusDesc":"Innsuficient SMS Balance"} 
2024-10-24 11:16:49 Incoming Request :
 {
 "api_key": "YTc4YWY3ZWVlZWViODU3YTY5ODUzNTA4ZGU3YzVhYzM1NTdjNjM1MWEyYzA1ODU1ZDhlqA12AjkP0qNTc4ZjU3N2QwMDVmMw==",
 "msisdn":"255712419999",
 "otp_token":"56560"
} 
2024-10-24 11:16:49 Response :
 {"status":"200","statusDesc":"success","user_id":"255712419999","full_name":"","gender":"","region":"","msisdn":"","email":""} 
2024-10-24 11:31:35 Incoming Request :
 {"api_key":"YTc4YWY3ZWVlZWViODU3YTY5ODUzNTA4ZGU3YzVhYzM1NTdjNjM1MWEyYzA1ODU1ZDhlqA12AjkP0qNTc4ZjU3N2QwMDVmMw==","msisdn":"255677662054"} 
2024-10-24 11:31:35 Response :
 {"status":"422","statusDesc":"Innsuficient SMS Balance"} 
2024-10-24 11:31:45 Incoming Request :
 {"api_key":"YTc4YWY3ZWVlZWViODU3YTY5ODUzNTA4ZGU3YzVhYzM1NTdjNjM1MWEyYzA1ODU1ZDhlqA12AjkP0qNTc4ZjU3N2QwMDVmMw==","msisdn":"255677662054"} 
2024-10-24 11:31:45 Response :
 {"status":"422","statusDesc":"Innsuficient SMS Balance"} 
2024-10-24 11:31:54 Incoming Request :
 {"api_key":"YTc4YWY3ZWVlZWViODU3YTY5ODUzNTA4ZGU3YzVhYzM1NTdjNjM1MWEyYzA1ODU1ZDhlqA12AjkP0qNTc4ZjU3N2QwMDVmMw==","msisdn":"255677662054"} 
2024-10-24 11:31:54 Response :
 {"status":"422","statusDesc":"Innsuficient SMS Balance"} 
2024-10-24 11:32:32 Incoming Request :
 {"api_key":"YTc4YWY3ZWVlZWViODU3YTY5ODUzNTA4ZGU3YzVhYzM1NTdjNjM1MWEyYzA1ODU1ZDhlqA12AjkP0qNTc4ZjU3N2QwMDVmMw==","msisdn":"255677662054"} 
2024-10-24 11:32:32 Response :
 {"status":"422","statusDesc":"Innsuficient SMS Balance"} 
2024-10-24 11:44:36 Incoming Request :
 {"api_key":"YTc4YWY3ZWVlZWViODU3YTY5ODUzNTA4ZGU3YzVhYzM1NTdjNjM1MWEyYzA1ODU1ZDhlqA12AjkP0qNTc4ZjU3N2QwMDVmMw==","msisdn":"255717551190"} 
2024-10-24 11:44:36 Response :
 {"status":"422","statusDesc":"Innsuficient SMS Balance"} 
2024-10-24 11:44:52 Incoming Request :
 {"api_key":"YTc4YWY3ZWVlZWViODU3YTY5ODUzNTA4ZGU3YzVhYzM1NTdjNjM1MWEyYzA1ODU1ZDhlqA12AjkP0qNTc4ZjU3N2QwMDVmMw==","msisdn":"255717551190"} 
2024-10-24 11:44:52 Response :
 {"status":"422","statusDesc":"Innsuficient SMS Balance"} 
2024-10-24 11:45:32 Incoming Request :
 {"api_key":"YTc4YWY3ZWVlZWViODU3YTY5ODUzNTA4ZGU3YzVhYzM1NTdjNjM1MWEyYzA1ODU1ZDhlqA12AjkP0qNTc4ZjU3N2QwMDVmMw==","msisdn":"255717551190"} 
2024-10-24 11:45:32 Response :
 {"status":"422","statusDesc":"Innsuficient SMS Balance"} 
2024-10-24 11:58:43 Incoming Request :
 {"api_key":"YTc4YWY3ZWVlZWViODU3YTY5ODUzNTA4ZGU3YzVhYzM1NTdjNjM1MWEyYzA1ODU1ZDhlqA12AjkP0qNTc4ZjU3N2QwMDVmMw==","msisdn":"255774404611"} 
2024-10-24 11:58:43 Response :
 {"status":"422","statusDesc":"Innsuficient SMS Balance"} 
2024-10-24 11:58:50 Incoming Request :
 {"api_key":"YTc4YWY3ZWVlZWViODU3YTY5ODUzNTA4ZGU3YzVhYzM1NTdjNjM1MWEyYzA1ODU1ZDhlqA12AjkP0qNTc4ZjU3N2QwMDVmMw==","msisdn":"255774404611"} 
2024-10-24 11:58:50 Response :
 {"status":"422","statusDesc":"Innsuficient SMS Balance"} 
2024-10-24 12:54:25 Incoming Request :
 {"api_key":"YTc4YWY3ZWVlZWViODU3YTY5ODUzNTA4ZGU3YzVhYzM1NTdjNjM1MWEyYzA1ODU1ZDhlqA12AjkP0qNTc4ZjU3N2QwMDVmMw==","msisdn":"255767744745"} 
2024-10-24 12:54:25 Response :
 {"status":"422","statusDesc":"Innsuficient SMS Balance"} 
2024-10-24 12:54:35 Incoming Request :
 {"api_key":"YTc4YWY3ZWVlZWViODU3YTY5ODUzNTA4ZGU3YzVhYzM1NTdjNjM1MWEyYzA1ODU1ZDhlqA12AjkP0qNTc4ZjU3N2QwMDVmMw==","msisdn":"255767744745"} 
2024-10-24 12:54:35 Response :
 {"status":"422","statusDesc":"Innsuficient SMS Balance"} 
2024-10-24 12:55:08 Incoming Request :
 {"api_key":"YTc4YWY3ZWVlZWViODU3YTY5ODUzNTA4ZGU3YzVhYzM1NTdjNjM1MWEyYzA1ODU1ZDhlqA12AjkP0qNTc4ZjU3N2QwMDVmMw==","msisdn":"255767744745"} 
2024-10-24 12:55:08 Response :
 {"status":"422","statusDesc":"Innsuficient SMS Balance"} 
2024-10-24 12:55:58 Incoming Request :
 {"api_key":"YTc4YWY3ZWVlZWViODU3YTY5ODUzNTA4ZGU3YzVhYzM1NTdjNjM1MWEyYzA1ODU1ZDhlqA12AjkP0qNTc4ZjU3N2QwMDVmMw==","msisdn":"255767744745"} 
2024-10-24 12:55:58 Response :
 {"status":"422","statusDesc":"Innsuficient SMS Balance"} 
2024-10-24 12:57:33 Incoming Request :
 {"api_key":"YTc4YWY3ZWVlZWViODU3YTY5ODUzNTA4ZGU3YzVhYzM1NTdjNjM1MWEyYzA1ODU1ZDhlqA12AjkP0qNTc4ZjU3N2QwMDVmMw==","msisdn":"255767744745"} 
2024-10-24 12:57:33 Response :
 {"status":"422","statusDesc":"Innsuficient SMS Balance"} 
2024-10-24 14:06:25 Incoming Request :
 {"api_key":"YTc4YWY3ZWVlZWViODU3YTY5ODUzNTA4ZGU3YzVhYzM1NTdjNjM1MWEyYzA1ODU1ZDhlqA12AjkP0qNTc4ZjU3N2QwMDVmMw==","msisdn":"255766813076"} 
2024-10-24 14:06:25 Response :
 {"status":"422","statusDesc":"Innsuficient SMS Balance"} 
2024-10-24 14:07:50 Incoming Request :
 {"api_key":"YTc4YWY3ZWVlZWViODU3YTY5ODUzNTA4ZGU3YzVhYzM1NTdjNjM1MWEyYzA1ODU1ZDhlqA12AjkP0qNTc4ZjU3N2QwMDVmMw==","msisdn":"255766813076"} 
2024-10-24 14:07:50 Response :
 {"status":"422","statusDesc":"Innsuficient SMS Balance"} 
2024-10-24 14:07:58 Incoming Request :
 {"api_key":"YTc4YWY3ZWVlZWViODU3YTY5ODUzNTA4ZGU3YzVhYzM1NTdjNjM1MWEyYzA1ODU1ZDhlqA12AjkP0qNTc4ZjU3N2QwMDVmMw==","msisdn":"255766813076"} 
2024-10-24 14:07:58 Response :
 {"status":"422","statusDesc":"Innsuficient SMS Balance"} 
2024-10-24 14:20:49 Incoming Request :
 {"api_key":"YTc4YWY3ZWVlZWViODU3YTY5ODUzNTA4ZGU3YzVhYzM1NTdjNjM1MWEyYzA1ODU1ZDhlqA12AjkP0qNTc4ZjU3N2QwMDVmMw==","msisdn":"255760967595"} 
2024-10-24 14:20:49 Response :
 {"status":"422","statusDesc":"Innsuficient SMS Balance"} 
2024-10-24 14:20:56 Incoming Request :
 {"api_key":"YTc4YWY3ZWVlZWViODU3YTY5ODUzNTA4ZGU3YzVhYzM1NTdjNjM1MWEyYzA1ODU1ZDhlqA12AjkP0qNTc4ZjU3N2QwMDVmMw==","msisdn":"255760967595"} 
2024-10-24 14:20:56 Response :
 {"status":"422","statusDesc":"Innsuficient SMS Balance"} 
2024-10-24 14:21:09 Incoming Request :
 {"api_key":"YTc4YWY3ZWVlZWViODU3YTY5ODUzNTA4ZGU3YzVhYzM1NTdjNjM1MWEyYzA1ODU1ZDhlqA12AjkP0qNTc4ZjU3N2QwMDVmMw==","msisdn":"255760967595"} 
2024-10-24 14:21:09 Response :
 {"status":"422","statusDesc":"Innsuficient SMS Balance"} 
2024-10-24 14:21:29 Incoming Request :
 {"api_key":"YTc4YWY3ZWVlZWViODU3YTY5ODUzNTA4ZGU3YzVhYzM1NTdjNjM1MWEyYzA1ODU1ZDhlqA12AjkP0qNTc4ZjU3N2QwMDVmMw==","msisdn":"255760967595"} 
2024-10-24 14:21:29 Response :
 {"status":"422","statusDesc":"Innsuficient SMS Balance"} 
2024-10-24 14:21:54 Incoming Request :
 {"api_key":"YTc4YWY3ZWVlZWViODU3YTY5ODUzNTA4ZGU3YzVhYzM1NTdjNjM1MWEyYzA1ODU1ZDhlqA12AjkP0qNTc4ZjU3N2QwMDVmMw==","msisdn":"255760967595"} 
2024-10-24 14:21:54 Response :
 {"status":"422","statusDesc":"Innsuficient SMS Balance"} 
2024-10-24 14:23:05 Incoming Request :
 {"api_key":"YTc4YWY3ZWVlZWViODU3YTY5ODUzNTA4ZGU3YzVhYzM1NTdjNjM1MWEyYzA1ODU1ZDhlqA12AjkP0qNTc4ZjU3N2QwMDVmMw==","msisdn":"255760967595"} 
2024-10-24 14:23:05 Response :
 {"status":"422","statusDesc":"Innsuficient SMS Balance"} 
2024-10-24 14:23:15 Incoming Request :
 {"api_key":"YTc4YWY3ZWVlZWViODU3YTY5ODUzNTA4ZGU3YzVhYzM1NTdjNjM1MWEyYzA1ODU1ZDhlqA12AjkP0qNTc4ZjU3N2QwMDVmMw==","msisdn":"255760967595"} 
2024-10-24 14:23:15 Response :
 {"status":"422","statusDesc":"Innsuficient SMS Balance"} 
2024-10-24 15:03:11 Incoming Request :
 {"api_key":"YTc4YWY3ZWVlZWViODU3YTY5ODUzNTA4ZGU3YzVhYzM1NTdjNjM1MWEyYzA1ODU1ZDhlqA12AjkP0qNTc4ZjU3N2QwMDVmMw==","msisdn":"255627424913"} 
2024-10-24 15:03:11 Response :
 {"status":"422","statusDesc":"Innsuficient SMS Balance"} 
2024-10-24 15:18:51 Incoming Request :
 {"api_key":"YTc4YWY3ZWVlZWViODU3YTY5ODUzNTA4ZGU3YzVhYzM1NTdjNjM1MWEyYzA1ODU1ZDhlqA12AjkP0qNTc4ZjU3N2QwMDVmMw==","msisdn":"255656572731"} 
2024-10-24 15:18:51 Response :
 {"status":"422","statusDesc":"Innsuficient SMS Balance"} 
2024-10-24 15:18:58 Incoming Request :
 {"api_key":"YTc4YWY3ZWVlZWViODU3YTY5ODUzNTA4ZGU3YzVhYzM1NTdjNjM1MWEyYzA1ODU1ZDhlqA12AjkP0qNTc4ZjU3N2QwMDVmMw==","msisdn":"255656572731"} 
2024-10-24 15:18:58 Response :
 {"status":"422","statusDesc":"Innsuficient SMS Balance"} 
2024-10-24 15:19:17 Incoming Request :
 {"api_key":"YTc4YWY3ZWVlZWViODU3YTY5ODUzNTA4ZGU3YzVhYzM1NTdjNjM1MWEyYzA1ODU1ZDhlqA12AjkP0qNTc4ZjU3N2QwMDVmMw==","msisdn":"255656572731"} 
2024-10-24 15:19:17 Response :
 {"status":"422","statusDesc":"Innsuficient SMS Balance"} 
2024-10-24 15:19:30 Incoming Request :
 {"api_key":"YTc4YWY3ZWVlZWViODU3YTY5ODUzNTA4ZGU3YzVhYzM1NTdjNjM1MWEyYzA1ODU1ZDhlqA12AjkP0qNTc4ZjU3N2QwMDVmMw==","msisdn":"255656572731"} 
2024-10-24 15:19:30 Response :
 {"status":"422","statusDesc":"Innsuficient SMS Balance"} 
2024-10-24 15:22:48 Incoming Request :
 {"api_key":"YTc4YWY3ZWVlZWViODU3YTY5ODUzNTA4ZGU3YzVhYzM1NTdjNjM1MWEyYzA1ODU1ZDhlqA12AjkP0qNTc4ZjU3N2QwMDVmMw==","msisdn":"255717351999"} 
2024-10-24 15:22:48 Response :
 {"status":"422","statusDesc":"Innsuficient SMS Balance"} 
2024-10-24 15:23:08 Incoming Request :
 {"api_key":"YTc4YWY3ZWVlZWViODU3YTY5ODUzNTA4ZGU3YzVhYzM1NTdjNjM1MWEyYzA1ODU1ZDhlqA12AjkP0qNTc4ZjU3N2QwMDVmMw==","msisdn":"255717351999"} 
2024-10-24 15:23:08 Response :
 {"status":"422","statusDesc":"Innsuficient SMS Balance"} 
2024-10-24 15:32:21 Incoming Request :
 {"api_key":"YTc4YWY3ZWVlZWViODU3YTY5ODUzNTA4ZGU3YzVhYzM1NTdjNjM1MWEyYzA1ODU1ZDhlqA12AjkP0qNTc4ZjU3N2QwMDVmMw==","msisdn":"255717351999"} 
2024-10-24 15:32:21 Response :
 {"status":"422","statusDesc":"Innsuficient SMS Balance"} 
2024-10-24 15:32:56 Incoming Request :
 {"api_key":"YTc4YWY3ZWVlZWViODU3YTY5ODUzNTA4ZGU3YzVhYzM1NTdjNjM1MWEyYzA1ODU1ZDhlqA12AjkP0qNTc4ZjU3N2QwMDVmMw==","msisdn":"255717351999"} 
2024-10-24 15:32:56 Response :
 {"status":"422","statusDesc":"Innsuficient SMS Balance"} 
2024-10-24 15:39:16 Incoming Request :
 {"api_key":"YTc4YWY3ZWVlZWViODU3YTY5ODUzNTA4ZGU3YzVhYzM1NTdjNjM1MWEyYzA1ODU1ZDhlqA12AjkP0qNTc4ZjU3N2QwMDVmMw==","msisdn":"255717351999"} 
2024-10-24 15:39:16 Response :
 {"status":"422","statusDesc":"Innsuficient SMS Balance"} 
2024-10-24 15:42:08 Incoming Request :
 {"api_key":"YTc4YWY3ZWVlZWViODU3YTY5ODUzNTA4ZGU3YzVhYzM1NTdjNjM1MWEyYzA1ODU1ZDhlqA12AjkP0qNTc4ZjU3N2QwMDVmMw==","msisdn":"255710521556"} 
2024-10-24 15:42:08 Response :
 {"status":"422","statusDesc":"Innsuficient SMS Balance"} 
2024-10-24 15:42:39 Incoming Request :
 {"api_key":"YTc4YWY3ZWVlZWViODU3YTY5ODUzNTA4ZGU3YzVhYzM1NTdjNjM1MWEyYzA1ODU1ZDhlqA12AjkP0qNTc4ZjU3N2QwMDVmMw==","msisdn":"+255766897264"} 
2024-10-24 15:42:39 Response :
 {"status":"422","statusDesc":"Invalid Phone Number"} 
2024-10-24 15:44:07 Incoming Request :
 {"api_key":"YTc4YWY3ZWVlZWViODU3YTY5ODUzNTA4ZGU3YzVhYzM1NTdjNjM1MWEyYzA1ODU1ZDhlqA12AjkP0qNTc4ZjU3N2QwMDVmMw==","msisdn":"+255766897264"} 
2024-10-24 15:44:07 Response :
 {"status":"422","statusDesc":"Invalid Phone Number"} 
2024-10-24 15:44:43 Incoming Request :
 {"api_key":"YTc4YWY3ZWVlZWViODU3YTY5ODUzNTA4ZGU3YzVhYzM1NTdjNjM1MWEyYzA1ODU1ZDhlqA12AjkP0qNTc4ZjU3N2QwMDVmMw==","msisdn":"255766897264"} 
2024-10-24 15:44:43 Response :
 {"status":"422","statusDesc":"Innsuficient SMS Balance"} 
2024-10-24 15:45:02 Incoming Request :
 {"api_key":"YTc4YWY3ZWVlZWViODU3YTY5ODUzNTA4ZGU3YzVhYzM1NTdjNjM1MWEyYzA1ODU1ZDhlqA12AjkP0qNTc4ZjU3N2QwMDVmMw==","msisdn":"255766897264"} 
2024-10-24 15:45:02 Response :
 {"status":"422","statusDesc":"Innsuficient SMS Balance"} 
2024-10-24 15:45:28 Incoming Request :
 {"api_key":"YTc4YWY3ZWVlZWViODU3YTY5ODUzNTA4ZGU3YzVhYzM1NTdjNjM1MWEyYzA1ODU1ZDhlqA12AjkP0qNTc4ZjU3N2QwMDVmMw==","msisdn":"255710521556"} 
2024-10-24 15:45:28 Response :
 {"status":"422","statusDesc":"Innsuficient SMS Balance"} 
2024-10-24 15:45:42 Incoming Request :
 {"api_key":"YTc4YWY3ZWVlZWViODU3YTY5ODUzNTA4ZGU3YzVhYzM1NTdjNjM1MWEyYzA1ODU1ZDhlqA12AjkP0qNTc4ZjU3N2QwMDVmMw==","msisdn":"255710521556"} 
2024-10-24 15:45:42 Response :
 {"status":"422","statusDesc":"Innsuficient SMS Balance"} 
2024-10-24 15:47:31 Incoming Request :
 {"api_key":"YTc4YWY3ZWVlZWViODU3YTY5ODUzNTA4ZGU3YzVhYzM1NTdjNjM1MWEyYzA1ODU1ZDhlqA12AjkP0qNTc4ZjU3N2QwMDVmMw==","msisdn":"255710521556"} 
2024-10-24 15:47:31 Response :
 {"status":"422","statusDesc":"Innsuficient SMS Balance"} 
2024-10-24 15:48:02 Incoming Request :
 {"api_key":"YTc4YWY3ZWVlZWViODU3YTY5ODUzNTA4ZGU3YzVhYzM1NTdjNjM1MWEyYzA1ODU1ZDhlqA12AjkP0qNTc4ZjU3N2QwMDVmMw==","msisdn":"255710521556"} 
2024-10-24 15:48:02 Response :
 {"status":"422","statusDesc":"Innsuficient SMS Balance"} 
2024-10-24 16:13:29 Incoming Request :
 {"api_key":"YTc4YWY3ZWVlZWViODU3YTY5ODUzNTA4ZGU3YzVhYzM1NTdjNjM1MWEyYzA1ODU1ZDhlqA12AjkP0qNTc4ZjU3N2QwMDVmMw==","msisdn":"255717351999"} 
2024-10-24 16:13:29 Response :
 {"status":"422","statusDesc":"Innsuficient SMS Balance"} 
2024-10-24 16:13:40 Incoming Request :
 {"api_key":"YTc4YWY3ZWVlZWViODU3YTY5ODUzNTA4ZGU3YzVhYzM1NTdjNjM1MWEyYzA1ODU1ZDhlqA12AjkP0qNTc4ZjU3N2QwMDVmMw==","msisdn":"255717351999"} 
2024-10-24 16:13:40 Response :
 {"status":"422","statusDesc":"Innsuficient SMS Balance"} 
2024-10-24 16:14:18 Incoming Request :
 {"api_key":"YTc4YWY3ZWVlZWViODU3YTY5ODUzNTA4ZGU3YzVhYzM1NTdjNjM1MWEyYzA1ODU1ZDhlqA12AjkP0qNTc4ZjU3N2QwMDVmMw==","msisdn":"255717351999"} 
2024-10-24 16:14:18 Response :
 {"status":"422","statusDesc":"Innsuficient SMS Balance"} 
2024-10-24 16:15:31 Incoming Request :
 {"api_key":"YTc4YWY3ZWVlZWViODU3YTY5ODUzNTA4ZGU3YzVhYzM1NTdjNjM1MWEyYzA1ODU1ZDhlqA12AjkP0qNTc4ZjU3N2QwMDVmMw==","msisdn":"255717351999"} 
2024-10-24 16:15:31 Response :
 {"status":"422","statusDesc":"Innsuficient SMS Balance"} 
2024-10-24 16:16:46 Incoming Request :
 {"api_key":"YTc4YWY3ZWVlZWViODU3YTY5ODUzNTA4ZGU3YzVhYzM1NTdjNjM1MWEyYzA1ODU1ZDhlqA12AjkP0qNTc4ZjU3N2QwMDVmMw==","msisdn":"255717351999"} 
2024-10-24 16:16:46 Response :
 {"status":"422","statusDesc":"Innsuficient SMS Balance"} 
2024-10-24 16:17:04 Incoming Request :
 {"api_key":"YTc4YWY3ZWVlZWViODU3YTY5ODUzNTA4ZGU3YzVhYzM1NTdjNjM1MWEyYzA1ODU1ZDhlqA12AjkP0qNTc4ZjU3N2QwMDVmMw==","msisdn":"255717351999"} 
2024-10-24 16:17:04 Response :
 {"status":"422","statusDesc":"Innsuficient SMS Balance"} 
2024-10-24 16:17:07 Incoming Request :
 {"api_key":"YTc4YWY3ZWVlZWViODU3YTY5ODUzNTA4ZGU3YzVhYzM1NTdjNjM1MWEyYzA1ODU1ZDhlqA12AjkP0qNTc4ZjU3N2QwMDVmMw==","msisdn":"255717351999"} 
2024-10-24 16:17:07 Response :
 {"status":"422","statusDesc":"Innsuficient SMS Balance"} 
2024-10-24 16:17:11 Incoming Request :
 {"api_key":"YTc4YWY3ZWVlZWViODU3YTY5ODUzNTA4ZGU3YzVhYzM1NTdjNjM1MWEyYzA1ODU1ZDhlqA12AjkP0qNTc4ZjU3N2QwMDVmMw==","msisdn":"255717351999"} 
2024-10-24 16:17:11 Response :
 {"status":"422","statusDesc":"Innsuficient SMS Balance"} 
2024-10-24 16:18:55 Incoming Request :
 {"api_key":"YTc4YWY3ZWVlZWViODU3YTY5ODUzNTA4ZGU3YzVhYzM1NTdjNjM1MWEyYzA1ODU1ZDhlqA12AjkP0qNTc4ZjU3N2QwMDVmMw==","msisdn":"255711379596"} 
2024-10-24 16:18:55 Response :
 {"status":"422","statusDesc":"Innsuficient SMS Balance"} 
2024-10-24 16:19:37 Incoming Request :
 {"api_key":"YTc4YWY3ZWVlZWViODU3YTY5ODUzNTA4ZGU3YzVhYzM1NTdjNjM1MWEyYzA1ODU1ZDhlqA12AjkP0qNTc4ZjU3N2QwMDVmMw==","msisdn":"255711379596"} 
2024-10-24 16:19:37 Response :
 {"status":"422","statusDesc":"Innsuficient SMS Balance"} 
2024-10-24 16:20:04 Incoming Request :
 {"api_key":"YTc4YWY3ZWVlZWViODU3YTY5ODUzNTA4ZGU3YzVhYzM1NTdjNjM1MWEyYzA1ODU1ZDhlqA12AjkP0qNTc4ZjU3N2QwMDVmMw==","msisdn":"255717351999"} 
2024-10-24 16:20:04 Response :
 {"status":"422","statusDesc":"Innsuficient SMS Balance"} 
2024-10-24 16:44:31 Incoming Request :
 {"api_key":"YTc4YWY3ZWVlZWViODU3YTY5ODUzNTA4ZGU3YzVhYzM1NTdjNjM1MWEyYzA1ODU1ZDhlqA12AjkP0qNTc4ZjU3N2QwMDVmMw==","msisdn":"+255752068360"} 
2024-10-24 16:44:31 Response :
 {"status":"422","statusDesc":"Invalid Phone Number"} 
2024-10-24 16:44:52 Incoming Request :
 {"api_key":"YTc4YWY3ZWVlZWViODU3YTY5ODUzNTA4ZGU3YzVhYzM1NTdjNjM1MWEyYzA1ODU1ZDhlqA12AjkP0qNTc4ZjU3N2QwMDVmMw==","msisdn":"255752068360"} 
2024-10-24 16:44:52 Response :
 {"status":"422","statusDesc":"Innsuficient SMS Balance"} 
2024-10-24 16:45:11 Incoming Request :
 {"api_key":"YTc4YWY3ZWVlZWViODU3YTY5ODUzNTA4ZGU3YzVhYzM1NTdjNjM1MWEyYzA1ODU1ZDhlqA12AjkP0qNTc4ZjU3N2QwMDVmMw==","msisdn":"255752068360"} 
2024-10-24 16:45:11 Response :
 {"status":"422","statusDesc":"Innsuficient SMS Balance"} 
2024-10-24 16:45:27 Incoming Request :
 {"api_key":"YTc4YWY3ZWVlZWViODU3YTY5ODUzNTA4ZGU3YzVhYzM1NTdjNjM1MWEyYzA1ODU1ZDhlqA12AjkP0qNTc4ZjU3N2QwMDVmMw==","msisdn":"+255752068360"} 
2024-10-24 16:45:27 Response :
 {"status":"422","statusDesc":"Invalid Phone Number"} 
2024-10-24 16:47:24 Incoming Request :
 {"api_key":"YTc4YWY3ZWVlZWViODU3YTY5ODUzNTA4ZGU3YzVhYzM1NTdjNjM1MWEyYzA1ODU1ZDhlqA12AjkP0qNTc4ZjU3N2QwMDVmMw==","msisdn":"255743178291"} 
2024-10-24 16:47:24 Response :
 {"status":"422","statusDesc":"Innsuficient SMS Balance"} 
2024-10-24 16:47:31 Incoming Request :
 {"api_key":"YTc4YWY3ZWVlZWViODU3YTY5ODUzNTA4ZGU3YzVhYzM1NTdjNjM1MWEyYzA1ODU1ZDhlqA12AjkP0qNTc4ZjU3N2QwMDVmMw==","msisdn":"255743178291"} 
2024-10-24 16:47:31 Response :
 {"status":"422","statusDesc":"Innsuficient SMS Balance"} 
2024-10-24 16:47:50 Incoming Request :
 {"api_key":"YTc4YWY3ZWVlZWViODU3YTY5ODUzNTA4ZGU3YzVhYzM1NTdjNjM1MWEyYzA1ODU1ZDhlqA12AjkP0qNTc4ZjU3N2QwMDVmMw==","msisdn":"255743178291"} 
2024-10-24 16:47:50 Response :
 {"status":"422","statusDesc":"Innsuficient SMS Balance"} 
2024-10-24 16:47:57 Incoming Request :
 {"api_key":"YTc4YWY3ZWVlZWViODU3YTY5ODUzNTA4ZGU3YzVhYzM1NTdjNjM1MWEyYzA1ODU1ZDhlqA12AjkP0qNTc4ZjU3N2QwMDVmMw==","msisdn":"255743178291"} 
2024-10-24 16:47:57 Response :
 {"status":"422","statusDesc":"Innsuficient SMS Balance"} 
2024-10-24 16:48:25 Incoming Request :
 {"api_key":"YTc4YWY3ZWVlZWViODU3YTY5ODUzNTA4ZGU3YzVhYzM1NTdjNjM1MWEyYzA1ODU1ZDhlqA12AjkP0qNTc4ZjU3N2QwMDVmMw==","msisdn":"255743178291"} 
2024-10-24 16:48:25 Response :
 {"status":"422","statusDesc":"Innsuficient SMS Balance"} 
2024-10-24 16:49:01 Incoming Request :
 {"api_key":"YTc4YWY3ZWVlZWViODU3YTY5ODUzNTA4ZGU3YzVhYzM1NTdjNjM1MWEyYzA1ODU1ZDhlqA12AjkP0qNTc4ZjU3N2QwMDVmMw==","msisdn":"255743178291"} 
2024-10-24 16:49:01 Response :
 {"status":"422","statusDesc":"Innsuficient SMS Balance"} 
2024-10-24 16:49:11 Incoming Request :
 {"api_key":"YTc4YWY3ZWVlZWViODU3YTY5ODUzNTA4ZGU3YzVhYzM1NTdjNjM1MWEyYzA1ODU1ZDhlqA12AjkP0qNTc4ZjU3N2QwMDVmMw==","msisdn":"255743178291"} 
2024-10-24 16:49:11 Response :
 {"status":"422","statusDesc":"Innsuficient SMS Balance"} 
2024-10-24 16:50:12 Incoming Request :
 {"api_key":"YTc4YWY3ZWVlZWViODU3YTY5ODUzNTA4ZGU3YzVhYzM1NTdjNjM1MWEyYzA1ODU1ZDhlqA12AjkP0qNTc4ZjU3N2QwMDVmMw==","msisdn":"255743178291"} 
2024-10-24 16:50:12 Response :
 {"status":"422","statusDesc":"Innsuficient SMS Balance"} 
2024-10-24 16:51:47 Incoming Request :
 {"api_key":"YTc4YWY3ZWVlZWViODU3YTY5ODUzNTA4ZGU3YzVhYzM1NTdjNjM1MWEyYzA1ODU1ZDhlqA12AjkP0qNTc4ZjU3N2QwMDVmMw==","msisdn":"255743178291"} 
2024-10-24 16:51:47 Response :
 {"status":"422","statusDesc":"Innsuficient SMS Balance"} 
2024-10-24 16:52:44 Incoming Request :
 {"api_key":"YTc4YWY3ZWVlZWViODU3YTY5ODUzNTA4ZGU3YzVhYzM1NTdjNjM1MWEyYzA1ODU1ZDhlqA12AjkP0qNTc4ZjU3N2QwMDVmMw==","msisdn":"255743178291"} 
2024-10-24 16:52:44 Response :
 {"status":"422","statusDesc":"Innsuficient SMS Balance"} 
2024-10-24 17:03:14 Incoming Request :
 {"api_key":"YTc4YWY3ZWVlZWViODU3YTY5ODUzNTA4ZGU3YzVhYzM1NTdjNjM1MWEyYzA1ODU1ZDhlqA12AjkP0qNTc4ZjU3N2QwMDVmMw==","msisdn":"255743178291"} 
2024-10-24 17:03:14 Response :
 {"status":"422","statusDesc":"Innsuficient SMS Balance"} 
2024-10-24 17:08:39 Incoming Request :
 {"api_key":"YTc4YWY3ZWVlZWViODU3YTY5ODUzNTA4ZGU3YzVhYzM1NTdjNjM1MWEyYzA1ODU1ZDhlqA12AjkP0qNTc4ZjU3N2QwMDVmMw==","msisdn":"255676528978"} 
2024-10-24 17:08:39 Response :
 {"status":"422","statusDesc":"Innsuficient SMS Balance"} 
2024-10-24 18:17:32 Incoming Request :
 {"api_key":"YTc4YWY3ZWVlZWViODU3YTY5ODUzNTA4ZGU3YzVhYzM1NTdjNjM1MWEyYzA1ODU1ZDhlqA12AjkP0qNTc4ZjU3N2QwMDVmMw==","msisdn":"255784364242"} 
2024-10-24 18:17:32 Response :
 {"status":"422","statusDesc":"Innsuficient SMS Balance"} 
2024-10-24 18:17:54 Incoming Request :
 {"api_key":"YTc4YWY3ZWVlZWViODU3YTY5ODUzNTA4ZGU3YzVhYzM1NTdjNjM1MWEyYzA1ODU1ZDhlqA12AjkP0qNTc4ZjU3N2QwMDVmMw==","msisdn":"255784364242"} 
2024-10-24 18:17:54 Response :
 {"status":"422","statusDesc":"Innsuficient SMS Balance"} 
2024-10-24 18:19:39 Incoming Request :
 {"api_key":"YTc4YWY3ZWVlZWViODU3YTY5ODUzNTA4ZGU3YzVhYzM1NTdjNjM1MWEyYzA1ODU1ZDhlqA12AjkP0qNTc4ZjU3N2QwMDVmMw==","msisdn":"255784364242"} 
2024-10-24 18:19:39 Response :
 {"status":"422","statusDesc":"Innsuficient SMS Balance"} 
2024-10-24 18:22:19 Incoming Request :
 {"api_key":"YTc4YWY3ZWVlZWViODU3YTY5ODUzNTA4ZGU3YzVhYzM1NTdjNjM1MWEyYzA1ODU1ZDhlqA12AjkP0qNTc4ZjU3N2QwMDVmMw==","msisdn":"255784364242"} 
2024-10-24 18:22:19 Response :
 {"status":"422","statusDesc":"Innsuficient SMS Balance"} 
2024-10-24 18:32:44 Incoming Request :
 {"api_key":"YTc4YWY3ZWVlZWViODU3YTY5ODUzNTA4ZGU3YzVhYzM1NTdjNjM1MWEyYzA1ODU1ZDhlqA12AjkP0qNTc4ZjU3N2QwMDVmMw==","msisdn":"255754382177"} 
2024-10-24 18:32:44 Response :
 {"status":"422","statusDesc":"Innsuficient SMS Balance"} 
2024-10-24 19:20:04 Incoming Request :
 {"api_key":"YTc4YWY3ZWVlZWViODU3YTY5ODUzNTA4ZGU3YzVhYzM1NTdjNjM1MWEyYzA1ODU1ZDhlqA12AjkP0qNTc4ZjU3N2QwMDVmMw==","msisdn":"255772824407"} 
2024-10-24 19:20:04 Response :
 {"status":"422","statusDesc":"Innsuficient SMS Balance"} 
2024-10-24 19:20:56 Incoming Request :
 {"api_key":"YTc4YWY3ZWVlZWViODU3YTY5ODUzNTA4ZGU3YzVhYzM1NTdjNjM1MWEyYzA1ODU1ZDhlqA12AjkP0qNTc4ZjU3N2QwMDVmMw==","msisdn":"255772824407"} 
2024-10-24 19:20:56 Response :
 {"status":"422","statusDesc":"Innsuficient SMS Balance"} 
2024-10-24 19:21:47 Incoming Request :
 {"api_key":"YTc4YWY3ZWVlZWViODU3YTY5ODUzNTA4ZGU3YzVhYzM1NTdjNjM1MWEyYzA1ODU1ZDhlqA12AjkP0qNTc4ZjU3N2QwMDVmMw==","msisdn":"255772824407"} 
2024-10-24 19:21:47 Response :
 {"status":"422","statusDesc":"Innsuficient SMS Balance"} 
2024-10-24 19:22:21 Incoming Request :
 {"api_key":"YTc4YWY3ZWVlZWViODU3YTY5ODUzNTA4ZGU3YzVhYzM1NTdjNjM1MWEyYzA1ODU1ZDhlqA12AjkP0qNTc4ZjU3N2QwMDVmMw==","msisdn":"255772824407"} 
2024-10-24 19:22:21 Response :
 {"status":"422","statusDesc":"Innsuficient SMS Balance"} 
2024-10-24 19:38:52 Incoming Request :
 {"api_key":"YTc4YWY3ZWVlZWViODU3YTY5ODUzNTA4ZGU3YzVhYzM1NTdjNjM1MWEyYzA1ODU1ZDhlqA12AjkP0qNTc4ZjU3N2QwMDVmMw==","msisdn":"255718099129"} 
2024-10-24 19:38:52 Response :
 {"status":"422","statusDesc":"Innsuficient SMS Balance"} 
2024-10-24 19:39:09 Incoming Request :
 {"api_key":"YTc4YWY3ZWVlZWViODU3YTY5ODUzNTA4ZGU3YzVhYzM1NTdjNjM1MWEyYzA1ODU1ZDhlqA12AjkP0qNTc4ZjU3N2QwMDVmMw==","msisdn":"255718099129"} 
2024-10-24 19:39:09 Response :
 {"status":"422","statusDesc":"Innsuficient SMS Balance"} 
2024-10-24 19:39:46 Incoming Request :
 {"api_key":"YTc4YWY3ZWVlZWViODU3YTY5ODUzNTA4ZGU3YzVhYzM1NTdjNjM1MWEyYzA1ODU1ZDhlqA12AjkP0qNTc4ZjU3N2QwMDVmMw==","msisdn":"255755140890"} 
2024-10-24 19:39:46 Response :
 {"status":"422","statusDesc":"Innsuficient SMS Balance"} 
2024-10-24 19:39:49 Incoming Request :
 {"api_key":"YTc4YWY3ZWVlZWViODU3YTY5ODUzNTA4ZGU3YzVhYzM1NTdjNjM1MWEyYzA1ODU1ZDhlqA12AjkP0qNTc4ZjU3N2QwMDVmMw==","msisdn":"255718099129"} 
2024-10-24 19:39:49 Response :
 {"status":"422","statusDesc":"Innsuficient SMS Balance"} 
2024-10-24 19:39:58 Incoming Request :
 {"api_key":"YTc4YWY3ZWVlZWViODU3YTY5ODUzNTA4ZGU3YzVhYzM1NTdjNjM1MWEyYzA1ODU1ZDhlqA12AjkP0qNTc4ZjU3N2QwMDVmMw==","msisdn":"255755140890"} 
2024-10-24 19:39:58 Response :
 {"status":"422","statusDesc":"Innsuficient SMS Balance"} 
2024-10-24 19:40:21 Incoming Request :
 {"api_key":"YTc4YWY3ZWVlZWViODU3YTY5ODUzNTA4ZGU3YzVhYzM1NTdjNjM1MWEyYzA1ODU1ZDhlqA12AjkP0qNTc4ZjU3N2QwMDVmMw==","msisdn":"255755140890"} 
2024-10-24 19:40:21 Response :
 {"status":"422","statusDesc":"Innsuficient SMS Balance"} 
2024-10-24 19:40:48 Incoming Request :
 {"api_key":"YTc4YWY3ZWVlZWViODU3YTY5ODUzNTA4ZGU3YzVhYzM1NTdjNjM1MWEyYzA1ODU1ZDhlqA12AjkP0qNTc4ZjU3N2QwMDVmMw==","msisdn":"255755140890"} 
2024-10-24 19:40:48 Response :
 {"status":"422","statusDesc":"Innsuficient SMS Balance"} 
2024-10-24 19:40:56 Incoming Request :
 {"api_key":"YTc4YWY3ZWVlZWViODU3YTY5ODUzNTA4ZGU3YzVhYzM1NTdjNjM1MWEyYzA1ODU1ZDhlqA12AjkP0qNTc4ZjU3N2QwMDVmMw==","msisdn":"255755140890"} 
2024-10-24 19:40:56 Response :
 {"status":"422","statusDesc":"Innsuficient SMS Balance"} 
2024-10-24 19:41:22 Incoming Request :
 {"api_key":"YTc4YWY3ZWVlZWViODU3YTY5ODUzNTA4ZGU3YzVhYzM1NTdjNjM1MWEyYzA1ODU1ZDhlqA12AjkP0qNTc4ZjU3N2QwMDVmMw==","msisdn":"255755140890"} 
2024-10-24 19:41:22 Response :
 {"status":"422","statusDesc":"Innsuficient SMS Balance"} 
2024-10-24 19:41:34 Incoming Request :
 {"api_key":"YTc4YWY3ZWVlZWViODU3YTY5ODUzNTA4ZGU3YzVhYzM1NTdjNjM1MWEyYzA1ODU1ZDhlqA12AjkP0qNTc4ZjU3N2QwMDVmMw==","msisdn":"255755140890"} 
2024-10-24 19:41:34 Response :
 {"status":"422","statusDesc":"Innsuficient SMS Balance"} 
2024-10-24 19:41:46 Incoming Request :
 {"api_key":"YTc4YWY3ZWVlZWViODU3YTY5ODUzNTA4ZGU3YzVhYzM1NTdjNjM1MWEyYzA1ODU1ZDhlqA12AjkP0qNTc4ZjU3N2QwMDVmMw==","msisdn":"255755140890"} 
2024-10-24 19:41:46 Response :
 {"status":"422","statusDesc":"Innsuficient SMS Balance"} 
2024-10-24 20:48:40 Incoming Request :
 {"api_key":"YTc4YWY3ZWVlZWViODU3YTY5ODUzNTA4ZGU3YzVhYzM1NTdjNjM1MWEyYzA1ODU1ZDhlqA12AjkP0qNTc4ZjU3N2QwMDVmMw==","msisdn":"255676558971"} 
2024-10-24 20:48:40 Response :
 {"status":"422","statusDesc":"Innsuficient SMS Balance"} 
2024-10-24 21:43:57 Incoming Request :
 {"api_key":"YTc4YWY3ZWVlZWViODU3YTY5ODUzNTA4ZGU3YzVhYzM1NTdjNjM1MWEyYzA1ODU1ZDhlqA12AjkP0qNTc4ZjU3N2QwMDVmMw==","msisdn":"255796155006"} 
2024-10-24 21:43:57 Response :
 {"status":"422","statusDesc":"Innsuficient SMS Balance"} 
2024-10-24 21:54:54 Incoming Request :
 {"api_key":"YTc4YWY3ZWVlZWViODU3YTY5ODUzNTA4ZGU3YzVhYzM1NTdjNjM1MWEyYzA1ODU1ZDhlqA12AjkP0qNTc4ZjU3N2QwMDVmMw==","msisdn":"69973438"} 
2024-10-24 21:54:54 Response :
 {"status":"422","statusDesc":"Invalid Phone Number"} 
2024-10-24 21:55:15 Incoming Request :
 {"api_key":"YTc4YWY3ZWVlZWViODU3YTY5ODUzNTA4ZGU3YzVhYzM1NTdjNjM1MWEyYzA1ODU1ZDhlqA12AjkP0qNTc4ZjU3N2QwMDVmMw==","msisdn":"255769973438"} 
2024-10-24 21:55:15 Response :
 {"status":"422","statusDesc":"Innsuficient SMS Balance"} 
2024-10-24 21:55:46 Incoming Request :
 {"api_key":"YTc4YWY3ZWVlZWViODU3YTY5ODUzNTA4ZGU3YzVhYzM1NTdjNjM1MWEyYzA1ODU1ZDhlqA12AjkP0qNTc4ZjU3N2QwMDVmMw==","msisdn":"255769973438"} 
2024-10-24 21:55:46 Response :
 {"status":"422","statusDesc":"Innsuficient SMS Balance"} 
2024-10-24 21:56:30 Incoming Request :
 {"api_key":"YTc4YWY3ZWVlZWViODU3YTY5ODUzNTA4ZGU3YzVhYzM1NTdjNjM1MWEyYzA1ODU1ZDhlqA12AjkP0qNTc4ZjU3N2QwMDVmMw==","msisdn":"255769973438"} 
2024-10-24 21:56:30 Response :
 {"status":"422","statusDesc":"Innsuficient SMS Balance"} 
2024-10-24 22:10:45 Incoming Request :
 {"api_key":"YTc4YWY3ZWVlZWViODU3YTY5ODUzNTA4ZGU3YzVhYzM1NTdjNjM1MWEyYzA1ODU1ZDhlqA12AjkP0qNTc4ZjU3N2QwMDVmMw==","msisdn":"255738554293"} 
2024-10-24 22:10:45 Response :
 {"status":"422","statusDesc":"Innsuficient SMS Balance"} 
2024-10-24 22:11:19 Incoming Request :
 {"api_key":"YTc4YWY3ZWVlZWViODU3YTY5ODUzNTA4ZGU3YzVhYzM1NTdjNjM1MWEyYzA1ODU1ZDhlqA12AjkP0qNTc4ZjU3N2QwMDVmMw==","msisdn":"255738554293"} 
2024-10-24 22:11:19 Response :
 {"status":"422","statusDesc":"Innsuficient SMS Balance"} 