
2024-10-24 02:03:14 Incomming Request :
 {"api_key":"YTc4YWY3ZWVlZWViODU3YTY5ODUzNTA4ZGU3YzVhYzM1NTdjNjM1MWEyYzA1ODU1ZDhlqA12AjkP0qNTc4ZjU3N2QwMDVmMw==","phone_number":"255679186834","full_name":"william panga","namba_ya_simu":"255679186834","jinsia":"FEMALE","type":"USER","region":"Manyara"} 
2024-10-24 02:03:14 Outgoing Response :
 {"status":"201","statusDesc":"Success"} 
2024-10-24 02:46:24 Incomming Request :
 {"api_key":"YTc4YWY3ZWVlZWViODU3YTY5ODUzNTA4ZGU3YzVhYzM1NTdjNjM1MWEyYzA1ODU1ZDhlqA12AjkP0qNTc4ZjU3N2QwMDVmMw==","phone_number":"255679317999","full_name":"Jayden Fancy","namba_ya_simu":"255679317999","jinsia":"MALE","type":"USER","region":"Dar es Salaam"} 
2024-10-24 02:46:24 Outgoing Response :
 {"status":"201","statusDesc":"Success"} 
2024-10-24 04:56:56 Incomming Request :
 {"api_key":"YTc4YWY3ZWVlZWViODU3YTY5ODUzNTA4ZGU3YzVhYzM1NTdjNjM1MWEyYzA1ODU1ZDhlqA12AjkP0qNTc4ZjU3N2QwMDVmMw==","phone_number":"255744755890","full_name":"Lucas kahitila","namba_ya_simu":"255744755890","jinsia":"FEMALE","type":"USER","region":"Tabora"} 
2024-10-24 04:56:56 Outgoing Response :
 {"status":"201","statusDesc":"Success"} 
2024-10-24 06:01:09 Incomming Request :
 {"api_key":"YTc4YWY3ZWVlZWViODU3YTY5ODUzNTA4ZGU3YzVhYzM1NTdjNjM1MWEyYzA1ODU1ZDhlqA12AjkP0qNTc4ZjU3N2QwMDVmMw==","phone_number":"255754016774","full_name":"hamis","namba_ya_simu":"255754016774","jinsia":"FEMALE","type":"USER","region":"Singida"} 
2024-10-24 06:01:09 Outgoing Response :
 {"status":"201","statusDesc":"Success"} 
2024-10-24 08:52:53 Incomming Request :
 {"api_key":"YTc4YWY3ZWVlZWViODU3YTY5ODUzNTA4ZGU3YzVhYzM1NTdjNjM1MWEyYzA1ODU1ZDhlqA12AjkP0qNTc4ZjU3N2QwMDVmMw==","phone_number":"255774071588","full_name":"juma","namba_ya_simu":"255774071588","jinsia":"MALE","type":"USER","region":"Dar es Salaam"} 
2024-10-24 08:52:53 Outgoing Response :
 {"status":"201","statusDesc":"Success"} 
2024-10-24 10:03:57 Incomming Request :
 {"api_key":"YTc4YWY3ZWVlZWViODU3YTY5ODUzNTA4ZGU3YzVhYzM1NTdjNjM1MWEyYzA1ODU1ZDhlqA12AjkP0qNTc4ZjU3N2QwMDVmMw==","phone_number":"255712273620","full_name":"Rhoda ","namba_ya_simu":"255712273620","jinsia":"FEMALE","type":"USER","region":"Dar es Salaam"} 
2024-10-24 10:03:57 Outgoing Response :
 {"status":"201","statusDesc":"Success"} 
2024-10-24 10:05:16 Incomming Request :
 {"api_key":"YTc4YWY3ZWVlZWViODU3YTY5ODUzNTA4ZGU3YzVhYzM1NTdjNjM1MWEyYzA1ODU1ZDhlqA12AjkP0qNTc4ZjU3N2QwMDVmMw==","phone_number":"255712273620","full_name":"Rhoda ","namba_ya_simu":"255712273620","jinsia":"FEMALE","type":"USER","region":"Dar es Salaam"} 
2024-10-24 10:05:16 Outgoing Response :
 {"status":"201","statusDesc":"Success"} 
2024-10-24 10:06:21 Incomming Request :
 {"api_key":"YTc4YWY3ZWVlZWViODU3YTY5ODUzNTA4ZGU3YzVhYzM1NTdjNjM1MWEyYzA1ODU1ZDhlqA12AjkP0qNTc4ZjU3N2QwMDVmMw==","phone_number":"255716651464","full_name":"zakia","namba_ya_simu":"255716651464","jinsia":"MALE","type":"USER","region":"Dar es Salaam"} 
2024-10-24 10:06:21 Outgoing Response :
 {"status":"201","statusDesc":"Success"} 
2024-10-24 10:25:33 Incomming Request :
 {"api_key":"YTc4YWY3ZWVlZWViODU3YTY5ODUzNTA4ZGU3YzVhYzM1NTdjNjM1MWEyYzA1ODU1ZDhlqA12AjkP0qNTc4ZjU3N2QwMDVmMw==","phone_number":"255716651464","full_name":"Zakia Msangi","namba_ya_simu":"255716651464","jinsia":"FEMALE","type":"USER","region":"Dar es Salaam"} 
2024-10-24 10:25:33 Outgoing Response :
 {"status":"201","statusDesc":"Success"} 
2024-10-24 11:31:17 Incomming Request :
 {"api_key":"YTc4YWY3ZWVlZWViODU3YTY5ODUzNTA4ZGU3YzVhYzM1NTdjNjM1MWEyYzA1ODU1ZDhlqA12AjkP0qNTc4ZjU3N2QwMDVmMw==","phone_number":"255677662054","full_name":"Arnold nziku ","namba_ya_simu":"255677662054","jinsia":"FEMALE","type":"USER","region":"Iringa"} 
2024-10-24 11:31:17 Outgoing Response :
 {"status":"201","statusDesc":"Success"} 
2024-10-24 11:44:27 Incomming Request :
 {"api_key":"YTc4YWY3ZWVlZWViODU3YTY5ODUzNTA4ZGU3YzVhYzM1NTdjNjM1MWEyYzA1ODU1ZDhlqA12AjkP0qNTc4ZjU3N2QwMDVmMw==","phone_number":"255717551190","full_name":"rahim","namba_ya_simu":"255717551190","jinsia":"MALE","type":"USER","region":"Tanga"} 
2024-10-24 11:44:27 Outgoing Response :
 {"status":"201","statusDesc":"Success"} 
2024-10-24 11:44:43 Incomming Request :
 {"api_key":"YTc4YWY3ZWVlZWViODU3YTY5ODUzNTA4ZGU3YzVhYzM1NTdjNjM1MWEyYzA1ODU1ZDhlqA12AjkP0qNTc4ZjU3N2QwMDVmMw==","phone_number":"255717551190","full_name":"rahim","namba_ya_simu":"255717551190","jinsia":"MALE","type":"USER","region":"Tanga"} 
2024-10-24 11:44:43 Outgoing Response :
 {"status":"201","statusDesc":"Success"} 
2024-10-24 11:45:24 Incomming Request :
 {"api_key":"YTc4YWY3ZWVlZWViODU3YTY5ODUzNTA4ZGU3YzVhYzM1NTdjNjM1MWEyYzA1ODU1ZDhlqA12AjkP0qNTc4ZjU3N2QwMDVmMw==","phone_number":"255717551190","full_name":"rahim karsan","namba_ya_simu":"255717551190","jinsia":"MALE","type":"USER","region":"Tanga"} 
2024-10-24 11:45:24 Outgoing Response :
 {"status":"201","statusDesc":"Success"} 
2024-10-24 11:58:24 Incomming Request :
 {"api_key":"YTc4YWY3ZWVlZWViODU3YTY5ODUzNTA4ZGU3YzVhYzM1NTdjNjM1MWEyYzA1ODU1ZDhlqA12AjkP0qNTc4ZjU3N2QwMDVmMw==","phone_number":"255774404611","full_name":"eriudi","namba_ya_simu":"255774404611","jinsia":"FEMALE","type":"USER","region":"Kagera"} 
2024-10-24 11:58:24 Outgoing Response :
 {"status":"201","statusDesc":"Success"} 
2024-10-24 12:53:54 Incomming Request :
 {"api_key":"YTc4YWY3ZWVlZWViODU3YTY5ODUzNTA4ZGU3YzVhYzM1NTdjNjM1MWEyYzA1ODU1ZDhlqA12AjkP0qNTc4ZjU3N2QwMDVmMw==","phone_number":"255767744745","full_name":"wile zakayo kikwembe","namba_ya_simu":"255767744745","jinsia":"FEMALE","type":"USER","region":"Mbeya"} 
2024-10-24 12:53:54 Outgoing Response :
 {"status":"201","statusDesc":"Success"} 
2024-10-24 12:57:10 Incomming Request :
 {"api_key":"YTc4YWY3ZWVlZWViODU3YTY5ODUzNTA4ZGU3YzVhYzM1NTdjNjM1MWEyYzA1ODU1ZDhlqA12AjkP0qNTc4ZjU3N2QwMDVmMw==","phone_number":"255767744745","full_name":"wile zakayo kikwembe","namba_ya_simu":"255767744745","jinsia":"FEMALE","type":"USER","region":"Mbeya"} 
2024-10-24 12:57:10 Outgoing Response :
 {"status":"201","statusDesc":"Success"} 
2024-10-24 14:06:10 Incomming Request :
 {"api_key":"YTc4YWY3ZWVlZWViODU3YTY5ODUzNTA4ZGU3YzVhYzM1NTdjNjM1MWEyYzA1ODU1ZDhlqA12AjkP0qNTc4ZjU3N2QwMDVmMw==","phone_number":"255766813076","full_name":"edson","namba_ya_simu":"255766813076","jinsia":"FEMALE","type":"USER","region":"Iringa"} 
2024-10-24 14:06:10 Outgoing Response :
 {"status":"201","statusDesc":"Success"} 
2024-10-24 14:20:34 Incomming Request :
 {"api_key":"YTc4YWY3ZWVlZWViODU3YTY5ODUzNTA4ZGU3YzVhYzM1NTdjNjM1MWEyYzA1ODU1ZDhlqA12AjkP0qNTc4ZjU3N2QwMDVmMw==","phone_number":"255760967595","full_name":"joseph","namba_ya_simu":"255760967595","jinsia":"FEMALE","type":"USER","region":"Iringa"} 
2024-10-24 14:20:34 Outgoing Response :
 {"status":"201","statusDesc":"Success"} 
2024-10-24 15:18:42 Incomming Request :
 {"api_key":"YTc4YWY3ZWVlZWViODU3YTY5ODUzNTA4ZGU3YzVhYzM1NTdjNjM1MWEyYzA1ODU1ZDhlqA12AjkP0qNTc4ZjU3N2QwMDVmMw==","phone_number":"255656572731","full_name":"juma","namba_ya_simu":"255656572731","jinsia":"FEMALE","type":"USER","region":"Zanzibar Urban/West"} 
2024-10-24 15:18:42 Outgoing Response :
 {"status":"201","statusDesc":"Success"} 
2024-10-24 15:22:23 Incomming Request :
 {"api_key":"YTc4YWY3ZWVlZWViODU3YTY5ODUzNTA4ZGU3YzVhYzM1NTdjNjM1MWEyYzA1ODU1ZDhlqA12AjkP0qNTc4ZjU3N2QwMDVmMw==","phone_number":"255717351999","full_name":"sospeter laurent mloka","namba_ya_simu":"255717351999","jinsia":"FEMALE","type":"USER","region":"Tanga"} 
2024-10-24 15:22:23 Outgoing Response :
 {"status":"201","statusDesc":"Success"} 
2024-10-24 15:41:44 Incomming Request :
 {"api_key":"YTc4YWY3ZWVlZWViODU3YTY5ODUzNTA4ZGU3YzVhYzM1NTdjNjM1MWEyYzA1ODU1ZDhlqA12AjkP0qNTc4ZjU3N2QwMDVmMw==","phone_number":"255710521556","full_name":"happynes","namba_ya_simu":"255710521556","jinsia":"MALE","type":"USER","region":"Morogoro"} 
2024-10-24 15:41:44 Outgoing Response :
 {"status":"201","statusDesc":"Success"} 
2024-10-24 15:42:28 Incomming Request :
 {"api_key":"YTc4YWY3ZWVlZWViODU3YTY5ODUzNTA4ZGU3YzVhYzM1NTdjNjM1MWEyYzA1ODU1ZDhlqA12AjkP0qNTc4ZjU3N2QwMDVmMw==","phone_number":"255710521556","full_name":"happynes","namba_ya_simu":"255710521556","jinsia":"MALE","type":"USER","region":"Morogoro"} 
2024-10-24 15:42:28 Outgoing Response :
 {"status":"201","statusDesc":"Success"} 
2024-10-24 15:43:49 Incomming Request :
 {"api_key":"YTc4YWY3ZWVlZWViODU3YTY5ODUzNTA4ZGU3YzVhYzM1NTdjNjM1MWEyYzA1ODU1ZDhlqA12AjkP0qNTc4ZjU3N2QwMDVmMw==","phone_number":"255766897264","full_name":"happynes","namba_ya_simu":"255766897264","jinsia":"MALE","type":"USER","region":"Shinyanga"} 
2024-10-24 15:43:49 Outgoing Response :
 {"status":"201","statusDesc":"Success"} 
2024-10-24 15:47:10 Incomming Request :
 {"api_key":"YTc4YWY3ZWVlZWViODU3YTY5ODUzNTA4ZGU3YzVhYzM1NTdjNjM1MWEyYzA1ODU1ZDhlqA12AjkP0qNTc4ZjU3N2QwMDVmMw==","phone_number":"255710521556","full_name":"happynes paulo","namba_ya_simu":"255710521556","jinsia":"FEMALE","type":"USER","region":"Shinyanga"} 
2024-10-24 15:47:10 Outgoing Response :
 {"status":"201","statusDesc":"Success"} 
2024-10-24 15:47:41 Incomming Request :
 {"api_key":"YTc4YWY3ZWVlZWViODU3YTY5ODUzNTA4ZGU3YzVhYzM1NTdjNjM1MWEyYzA1ODU1ZDhlqA12AjkP0qNTc4ZjU3N2QwMDVmMw==","phone_number":"255710521556","full_name":"happynes paulo","namba_ya_simu":"255710521556","jinsia":"FEMALE","type":"USER","region":"Shinyanga"} 
2024-10-24 15:47:41 Outgoing Response :
 {"status":"201","statusDesc":"Success"} 
2024-10-24 16:13:06 Incomming Request :
 {"api_key":"YTc4YWY3ZWVlZWViODU3YTY5ODUzNTA4ZGU3YzVhYzM1NTdjNjM1MWEyYzA1ODU1ZDhlqA12AjkP0qNTc4ZjU3N2QwMDVmMw==","phone_number":"255717351999","full_name":"Sospeter Mloka","namba_ya_simu":"255717351999","jinsia":"FEMALE","type":"USER","region":"Tanga"} 
2024-10-24 16:13:06 Outgoing Response :
 {"status":"201","statusDesc":"Success"} 
2024-10-24 16:16:34 Incomming Request :
 {"api_key":"YTc4YWY3ZWVlZWViODU3YTY5ODUzNTA4ZGU3YzVhYzM1NTdjNjM1MWEyYzA1ODU1ZDhlqA12AjkP0qNTc4ZjU3N2QwMDVmMw==","phone_number":"255717351999","full_name":"Sospeter Mloka","namba_ya_simu":"255717351999","jinsia":"FEMALE","type":"USER","region":"Tanga"} 
2024-10-24 16:16:34 Outgoing Response :
 {"status":"201","statusDesc":"Success"} 
2024-10-24 16:44:18 Incomming Request :
 {"api_key":"YTc4YWY3ZWVlZWViODU3YTY5ODUzNTA4ZGU3YzVhYzM1NTdjNjM1MWEyYzA1ODU1ZDhlqA12AjkP0qNTc4ZjU3N2QwMDVmMw==","phone_number":"+255752068360","full_name":"baraka Michael ","namba_ya_simu":"+255752068360","jinsia":"FEMALE","type":"USER","region":"Arusha"} 
2024-10-24 16:44:18 Outgoing Response :
 {"status":"201","statusDesc":"Success"} 
2024-10-24 16:49:57 Incomming Request :
 {"api_key":"YTc4YWY3ZWVlZWViODU3YTY5ODUzNTA4ZGU3YzVhYzM1NTdjNjM1MWEyYzA1ODU1ZDhlqA12AjkP0qNTc4ZjU3N2QwMDVmMw==","phone_number":"255743178291","full_name":"Samson Isaya Said ","namba_ya_simu":"255743178291","jinsia":"FEMALE","type":"USER","region":"Arusha"} 
2024-10-24 16:49:57 Outgoing Response :
 {"status":"201","statusDesc":"Success"} 
2024-10-24 16:51:33 Incomming Request :
 {"api_key":"YTc4YWY3ZWVlZWViODU3YTY5ODUzNTA4ZGU3YzVhYzM1NTdjNjM1MWEyYzA1ODU1ZDhlqA12AjkP0qNTc4ZjU3N2QwMDVmMw==","phone_number":"255743178291","full_name":"Samson Isaya Said ","namba_ya_simu":"255743178291","jinsia":"FEMALE","type":"USER","region":"Arusha"} 
2024-10-24 16:51:33 Outgoing Response :
 {"status":"201","statusDesc":"Success"} 
2024-10-24 17:03:02 Incomming Request :
 {"api_key":"YTc4YWY3ZWVlZWViODU3YTY5ODUzNTA4ZGU3YzVhYzM1NTdjNjM1MWEyYzA1ODU1ZDhlqA12AjkP0qNTc4ZjU3N2QwMDVmMw==","phone_number":"+255743178291","full_name":"Samson Isaya Said ","namba_ya_simu":"+255743178291","jinsia":"FEMALE","type":"USER","region":"Arusha"} 
2024-10-24 17:03:02 Outgoing Response :
 {"status":"201","statusDesc":"Success"} 
2024-10-24 17:08:19 Incomming Request :
 {"api_key":"YTc4YWY3ZWVlZWViODU3YTY5ODUzNTA4ZGU3YzVhYzM1NTdjNjM1MWEyYzA1ODU1ZDhlqA12AjkP0qNTc4ZjU3N2QwMDVmMw==","phone_number":"255676528978","full_name":"bilali","namba_ya_simu":"255676528978","jinsia":"FEMALE","type":"USER","region":"Kagera"} 
2024-10-24 17:08:19 Outgoing Response :
 {"status":"201","statusDesc":"Success"} 
2024-10-24 18:16:55 Incomming Request :
 {"api_key":"YTc4YWY3ZWVlZWViODU3YTY5ODUzNTA4ZGU3YzVhYzM1NTdjNjM1MWEyYzA1ODU1ZDhlqA12AjkP0qNTc4ZjU3N2QwMDVmMw==","phone_number":"255784364242","full_name":"Halvin Mlay","namba_ya_simu":"255784364242","jinsia":"FEMALE","type":"USER","region":"Singida"} 
2024-10-24 18:16:55 Outgoing Response :
 {"status":"201","statusDesc":"Success"} 
2024-10-24 18:19:01 Incomming Request :
 {"api_key":"YTc4YWY3ZWVlZWViODU3YTY5ODUzNTA4ZGU3YzVhYzM1NTdjNjM1MWEyYzA1ODU1ZDhlqA12AjkP0qNTc4ZjU3N2QwMDVmMw==","phone_number":"255784364242","full_name":"Halvin  Sofari Mlay","namba_ya_simu":"255784364242","jinsia":"FEMALE","type":"USER","region":"Singida"} 
2024-10-24 18:19:01 Outgoing Response :
 {"status":"201","statusDesc":"Success"} 
2024-10-24 18:21:48 Incomming Request :
 {"api_key":"YTc4YWY3ZWVlZWViODU3YTY5ODUzNTA4ZGU3YzVhYzM1NTdjNjM1MWEyYzA1ODU1ZDhlqA12AjkP0qNTc4ZjU3N2QwMDVmMw==","phone_number":"+255784364242","full_name":"Halvin Sofari Mlay ","namba_ya_simu":"+255784364242","jinsia":"FEMALE","type":"USER","region":"Singida"} 
2024-10-24 18:21:48 Outgoing Response :
 {"status":"201","statusDesc":"Success"} 
2024-10-24 19:19:43 Incomming Request :
 {"api_key":"YTc4YWY3ZWVlZWViODU3YTY5ODUzNTA4ZGU3YzVhYzM1NTdjNjM1MWEyYzA1ODU1ZDhlqA12AjkP0qNTc4ZjU3N2QwMDVmMw==","phone_number":"255772824407","full_name":"Elias ","namba_ya_simu":"255772824407","jinsia":"FEMALE","type":"USER","region":"Dar es Salaam"} 
2024-10-24 19:19:43 Outgoing Response :
 {"status":"201","statusDesc":"Success"} 
2024-10-24 19:38:14 Incomming Request :
 {"api_key":"YTc4YWY3ZWVlZWViODU3YTY5ODUzNTA4ZGU3YzVhYzM1NTdjNjM1MWEyYzA1ODU1ZDhlqA12AjkP0qNTc4ZjU3N2QwMDVmMw==","phone_number":"255718099129","full_name":"Chile Chilewa","namba_ya_simu":"255718099129","jinsia":"MALE","type":"USER","region":"Dodoma"} 
2024-10-24 19:38:14 Outgoing Response :
 {"status":"201","statusDesc":"Success"} 
2024-10-24 19:39:14 Incomming Request :
 {"api_key":"YTc4YWY3ZWVlZWViODU3YTY5ODUzNTA4ZGU3YzVhYzM1NTdjNjM1MWEyYzA1ODU1ZDhlqA12AjkP0qNTc4ZjU3N2QwMDVmMw==","phone_number":"255755140890","full_name":"musa mashauri","namba_ya_simu":"255755140890","jinsia":"FEMALE","type":"USER","region":"Mwanza"} 
2024-10-24 19:39:14 Outgoing Response :
 {"status":"201","statusDesc":"Success"} 
2024-10-24 20:48:03 Incomming Request :
 {"api_key":"YTc4YWY3ZWVlZWViODU3YTY5ODUzNTA4ZGU3YzVhYzM1NTdjNjM1MWEyYzA1ODU1ZDhlqA12AjkP0qNTc4ZjU3N2QwMDVmMw==","phone_number":"255676558971","full_name":"salum","namba_ya_simu":"255676558971","jinsia":"FEMALE","type":"USER","region":"Dar es Salaam"} 
2024-10-24 20:48:03 Outgoing Response :
 {"status":"201","statusDesc":"Success"} 
2024-10-24 21:43:36 Incomming Request :
 {"api_key":"YTc4YWY3ZWVlZWViODU3YTY5ODUzNTA4ZGU3YzVhYzM1NTdjNjM1MWEyYzA1ODU1ZDhlqA12AjkP0qNTc4ZjU3N2QwMDVmMw==","phone_number":"255796155006","full_name":"Michael mwadime","namba_ya_simu":"255796155006","jinsia":"FEMALE","type":"USER","region":"Pwani"} 
2024-10-24 21:43:36 Outgoing Response :
 {"status":"201","statusDesc":"Success"} 
2024-10-24 21:54:35 Incomming Request :
 {"api_key":"YTc4YWY3ZWVlZWViODU3YTY5ODUzNTA4ZGU3YzVhYzM1NTdjNjM1MWEyYzA1ODU1ZDhlqA12AjkP0qNTc4ZjU3N2QwMDVmMw==","phone_number":"255769973438","full_name":"sabida","namba_ya_simu":"255769973438","jinsia":"FEMALE","type":"USER","region":"Arusha"} 
2024-10-24 21:54:35 Outgoing Response :
 {"status":"201","statusDesc":"Success"} 
2024-10-24 21:56:03 Incomming Request :
 {"api_key":"YTc4YWY3ZWVlZWViODU3YTY5ODUzNTA4ZGU3YzVhYzM1NTdjNjM1MWEyYzA1ODU1ZDhlqA12AjkP0qNTc4ZjU3N2QwMDVmMw==","phone_number":"255769973438","full_name":"sabida","namba_ya_simu":"255769973438","jinsia":"FEMALE","type":"USER","region":"Arusha"} 
2024-10-24 21:56:03 Outgoing Response :
 {"status":"201","statusDesc":"Success"} 