
2024-10-20 05:18:39 Incoming Request :
 {"api_key":"YTc4YWY3ZWVlZWViODU3YTY5ODUzNTA4ZGU3YzVhYzM1NTdjNjM1MWEyYzA1ODU1ZDhlqA12AjkP0qNTc4ZjU3N2QwMDVmMw==","msisdn":"255769272892"} 
2024-10-20 05:18:39 Sent Request :
 {"channel":{"channel":"119234","password":"YTc4YWY3ZWVlZWViODU3YTY5ODUzNTA4ZGU3YzVhYzM1NTdjNjM1MWEyYzA1ODU1ZDhlNTc4ZjU3N2QwMDVmMw=="},"messages":[{"text":"40644","msisdn":"255769272892","source":"IJUE SHERIA"}]} 
2024-10-20 05:18:41 Returned Response :
 {"isSuccessful":true,"reference_id":"d7b940bd95764d6da3b6eb9d9cb45813","sms_quota":32870.0,"error_description":"Successfully submitted 1 message(s) to broker.","error_code":0} 
2024-10-20 08:18:41 Response :
 {"status":"200","statusDesc":"success"} 
2024-10-20 05:19:06 Incoming Request :
 {"otp_token":"40644","api_key":"YTc4YWY3ZWVlZWViODU3YTY5ODUzNTA4ZGU3YzVhYzM1NTdjNjM1MWEyYzA1ODU1ZDhlqA12AjkP0qNTc4ZjU3N2QwMDVmMw==","msisdn":"255769272892"} 
2024-10-20 05:19:06 Response :
 {"status":"200","statusDesc":"success","user_id":"26978","full_name":"Elisante mahu","gender":"FEMALE","region":"Arusha","msisdn":"255769272892","email":""} 
2024-10-20 06:45:27 Incoming Request :
 {"api_key":"YTc4YWY3ZWVlZWViODU3YTY5ODUzNTA4ZGU3YzVhYzM1NTdjNjM1MWEyYzA1ODU1ZDhlqA12AjkP0qNTc4ZjU3N2QwMDVmMw==","msisdn":"255754082177"} 
2024-10-20 06:45:27 Sent Request :
 {"channel":{"channel":"119234","password":"YTc4YWY3ZWVlZWViODU3YTY5ODUzNTA4ZGU3YzVhYzM1NTdjNjM1MWEyYzA1ODU1ZDhlNTc4ZjU3N2QwMDVmMw=="},"messages":[{"text":"45524","msisdn":"255754082177","source":"IJUE SHERIA"}]} 
2024-10-20 06:45:29 Returned Response :
 {"isSuccessful":true,"reference_id":"558c041f222742a69b2ae4c934fb768f","sms_quota":32868.0,"error_description":"Successfully submitted 1 message(s) to broker.","error_code":0} 
2024-10-20 09:45:29 Response :
 {"status":"200","statusDesc":"success"} 
2024-10-20 06:45:52 Incoming Request :
 {"otp_token":"45524","api_key":"YTc4YWY3ZWVlZWViODU3YTY5ODUzNTA4ZGU3YzVhYzM1NTdjNjM1MWEyYzA1ODU1ZDhlqA12AjkP0qNTc4ZjU3N2QwMDVmMw==","msisdn":"255754082177"} 
2024-10-20 06:45:52 Response :
 {"status":"200","statusDesc":"success","user_id":"255754082177","full_name":"","gender":"","region":"","msisdn":"255754082177","email":""} 
2024-10-20 07:11:24 Incoming Request :
 {"api_key":"YTc4YWY3ZWVlZWViODU3YTY5ODUzNTA4ZGU3YzVhYzM1NTdjNjM1MWEyYzA1ODU1ZDhlqA12AjkP0qNTc4ZjU3N2QwMDVmMw==","msisdn":"255694978481"} 
2024-10-20 07:11:24 Sent Request :
 {"channel":{"channel":"119234","password":"YTc4YWY3ZWVlZWViODU3YTY5ODUzNTA4ZGU3YzVhYzM1NTdjNjM1MWEyYzA1ODU1ZDhlNTc4ZjU3N2QwMDVmMw=="},"messages":[{"text":"32512","msisdn":"255694978481","source":"IJUE SHERIA"}]} 
2024-10-20 07:11:25 Returned Response :
 {"isSuccessful":true,"reference_id":"5a60db4a6fd04e50b39e28e81be01d7b","sms_quota":32866.0,"error_description":"Successfully submitted 1 message(s) to broker.","error_code":0} 
2024-10-20 10:11:25 Response :
 {"status":"200","statusDesc":"success"} 
2024-10-20 07:11:36 Incoming Request :
 {"otp_token":"32512","api_key":"YTc4YWY3ZWVlZWViODU3YTY5ODUzNTA4ZGU3YzVhYzM1NTdjNjM1MWEyYzA1ODU1ZDhlqA12AjkP0qNTc4ZjU3N2QwMDVmMw==","msisdn":"255694978481"} 
2024-10-20 07:11:36 Response :
 {"status":"200","statusDesc":"success","user_id":"26979","full_name":"Francis Masanja","gender":"FEMALE","region":"Dar es Salaam","msisdn":"255694978481","email":""} 
2024-10-20 07:41:18 Incoming Request :
 {"api_key":"YTc4YWY3ZWVlZWViODU3YTY5ODUzNTA4ZGU3YzVhYzM1NTdjNjM1MWEyYzA1ODU1ZDhlqA12AjkP0qNTc4ZjU3N2QwMDVmMw==","msisdn":"255753532244"} 
2024-10-20 07:41:18 Sent Request :
 {"channel":{"channel":"119234","password":"YTc4YWY3ZWVlZWViODU3YTY5ODUzNTA4ZGU3YzVhYzM1NTdjNjM1MWEyYzA1ODU1ZDhlNTc4ZjU3N2QwMDVmMw=="},"messages":[{"text":"59447","msisdn":"255753532244","source":"IJUE SHERIA"}]} 
2024-10-20 07:41:20 Returned Response :
 {"isSuccessful":true,"reference_id":"e8ee252d11af4c1195be13b4f7c444ab","sms_quota":32864.0,"error_description":"Successfully submitted 1 message(s) to broker.","error_code":0} 
2024-10-20 10:41:20 Response :
 {"status":"200","statusDesc":"success"} 
2024-10-20 07:41:38 Incoming Request :
 {"otp_token":"59447","api_key":"YTc4YWY3ZWVlZWViODU3YTY5ODUzNTA4ZGU3YzVhYzM1NTdjNjM1MWEyYzA1ODU1ZDhlqA12AjkP0qNTc4ZjU3N2QwMDVmMw==","msisdn":"255753532244"} 
2024-10-20 07:41:38 Response :
 {"status":"200","statusDesc":"success","user_id":"26980","full_name":"Rehani Omari Abuu ","gender":"FEMALE","region":"Dar es Salaam","msisdn":"255753532244","email":""} 
2024-10-20 08:05:42 Incoming Request :
 {"api_key":"YTc4YWY3ZWVlZWViODU3YTY5ODUzNTA4ZGU3YzVhYzM1NTdjNjM1MWEyYzA1ODU1ZDhlqA12AjkP0qNTc4ZjU3N2QwMDVmMw==","msisdn":"255762116621"} 
2024-10-20 08:05:42 Sent Request :
 {"channel":{"channel":"119234","password":"YTc4YWY3ZWVlZWViODU3YTY5ODUzNTA4ZGU3YzVhYzM1NTdjNjM1MWEyYzA1ODU1ZDhlNTc4ZjU3N2QwMDVmMw=="},"messages":[{"text":"44625","msisdn":"255762116621","source":"IJUE SHERIA"}]} 
2024-10-20 08:05:44 Returned Response :
 {"isSuccessful":true,"reference_id":"1bf6158d17c54b84ac5d21966d750ea6","sms_quota":32862.0,"error_description":"Successfully submitted 1 message(s) to broker.","error_code":0} 
2024-10-20 11:05:44 Response :
 {"status":"200","statusDesc":"success"} 
2024-10-20 08:06:27 Incoming Request :
 {"otp_token":"44625","api_key":"YTc4YWY3ZWVlZWViODU3YTY5ODUzNTA4ZGU3YzVhYzM1NTdjNjM1MWEyYzA1ODU1ZDhlqA12AjkP0qNTc4ZjU3N2QwMDVmMw==","msisdn":"255762116621"} 
2024-10-20 08:06:27 Response :
 {"status":"200","statusDesc":"success","user_id":"26981","full_name":"vedasto ","gender":"FEMALE","region":"Kagera","msisdn":"255762116621","email":""} 
2024-10-20 08:19:47 Incoming Request :
 {"api_key":"YTc4YWY3ZWVlZWViODU3YTY5ODUzNTA4ZGU3YzVhYzM1NTdjNjM1MWEyYzA1ODU1ZDhlqA12AjkP0qNTc4ZjU3N2QwMDVmMw==","msisdn":"255683212021"} 
2024-10-20 08:19:47 Sent Request :
 {"channel":{"channel":"119234","password":"YTc4YWY3ZWVlZWViODU3YTY5ODUzNTA4ZGU3YzVhYzM1NTdjNjM1MWEyYzA1ODU1ZDhlNTc4ZjU3N2QwMDVmMw=="},"messages":[{"text":"86566","msisdn":"255683212021","source":"IJUE SHERIA"}]} 
2024-10-20 08:19:49 Returned Response :
 {"isSuccessful":true,"reference_id":"8dd156cf086842ddbb7cb2a7f8f2146e","sms_quota":32861.0,"error_description":"Successfully submitted 1 message(s) to broker.","error_code":0} 
2024-10-20 11:19:49 Response :
 {"status":"200","statusDesc":"success"} 
2024-10-20 08:23:01 Incoming Request :
 {"api_key":"YTc4YWY3ZWVlZWViODU3YTY5ODUzNTA4ZGU3YzVhYzM1NTdjNjM1MWEyYzA1ODU1ZDhlqA12AjkP0qNTc4ZjU3N2QwMDVmMw==","msisdn":"255683212021"} 
2024-10-20 08:23:01 Sent Request :
 {"channel":{"channel":"119234","password":"YTc4YWY3ZWVlZWViODU3YTY5ODUzNTA4ZGU3YzVhYzM1NTdjNjM1MWEyYzA1ODU1ZDhlNTc4ZjU3N2QwMDVmMw=="},"messages":[{"text":"89985","msisdn":"255683212021","source":"IJUE SHERIA"}]} 
2024-10-20 08:23:03 Returned Response :
 {"isSuccessful":true,"reference_id":"15a055d3cb754e7fa25ebe171865f1b4","sms_quota":32859.0,"error_description":"Successfully submitted 1 message(s) to broker.","error_code":0} 
2024-10-20 11:23:03 Response :
 {"status":"200","statusDesc":"success"} 
2024-10-20 08:23:32 Incoming Request :
 {"otp_token":"86566","api_key":"YTc4YWY3ZWVlZWViODU3YTY5ODUzNTA4ZGU3YzVhYzM1NTdjNjM1MWEyYzA1ODU1ZDhlqA12AjkP0qNTc4ZjU3N2QwMDVmMw==","msisdn":"255683212021"} 
2024-10-20 08:23:32 Response :
 {"status":"200","statusDesc":"success","user_id":"255683212021","full_name":"","gender":"","region":"","msisdn":"255683212021","email":""} 
2024-10-20 09:27:44 Incoming Request :
 {"api_key":"YTc4YWY3ZWVlZWViODU3YTY5ODUzNTA4ZGU3YzVhYzM1NTdjNjM1MWEyYzA1ODU1ZDhlqA12AjkP0qNTc4ZjU3N2QwMDVmMw==","msisdn":"255764149817"} 
2024-10-20 09:27:44 Sent Request :
 {"channel":{"channel":"119234","password":"YTc4YWY3ZWVlZWViODU3YTY5ODUzNTA4ZGU3YzVhYzM1NTdjNjM1MWEyYzA1ODU1ZDhlNTc4ZjU3N2QwMDVmMw=="},"messages":[{"text":"69770","msisdn":"255764149817","source":"IJUE SHERIA"}]} 
2024-10-20 09:27:46 Returned Response :
 {"isSuccessful":true,"reference_id":"d794497dc6294fd3acc98cac6c85d101","sms_quota":32857.0,"error_description":"Successfully submitted 1 message(s) to broker.","error_code":0} 
2024-10-20 12:27:46 Response :
 {"status":"200","statusDesc":"success"} 
2024-10-20 09:28:10 Incoming Request :
 {"otp_token":"69770","api_key":"YTc4YWY3ZWVlZWViODU3YTY5ODUzNTA4ZGU3YzVhYzM1NTdjNjM1MWEyYzA1ODU1ZDhlqA12AjkP0qNTc4ZjU3N2QwMDVmMw==","msisdn":"255764149817"} 
2024-10-20 09:28:10 Response :
 {"status":"200","statusDesc":"success","user_id":"26982","full_name":"Sospeter Mlilwansi ","gender":"MALE","region":"Pwani","msisdn":"255764149817","email":""} 
2024-10-20 09:48:23 Incoming Request :
 {"api_key":"YTc4YWY3ZWVlZWViODU3YTY5ODUzNTA4ZGU3YzVhYzM1NTdjNjM1MWEyYzA1ODU1ZDhlqA12AjkP0qNTc4ZjU3N2QwMDVmMw==","msisdn":"255657398877"} 
2024-10-20 09:48:23 Sent Request :
 {"channel":{"channel":"119234","password":"YTc4YWY3ZWVlZWViODU3YTY5ODUzNTA4ZGU3YzVhYzM1NTdjNjM1MWEyYzA1ODU1ZDhlNTc4ZjU3N2QwMDVmMw=="},"messages":[{"text":"40521","msisdn":"255657398877","source":"IJUE SHERIA"}]} 
2024-10-20 09:48:25 Returned Response :
 {"isSuccessful":true,"reference_id":"a8aeffe633cb4cb3b2469fc51a9436f9","sms_quota":32855.0,"error_description":"Successfully submitted 1 message(s) to broker.","error_code":0} 
2024-10-20 12:48:25 Response :
 {"status":"200","statusDesc":"success"} 
2024-10-20 09:51:31 Incoming Request :
 {"otp_token":"40521","api_key":"YTc4YWY3ZWVlZWViODU3YTY5ODUzNTA4ZGU3YzVhYzM1NTdjNjM1MWEyYzA1ODU1ZDhlqA12AjkP0qNTc4ZjU3N2QwMDVmMw==","msisdn":"255657398877"} 
2024-10-20 09:51:31 Response :
 {"status":"200","statusDesc":"success","user_id":"255657398877","full_name":"","gender":"","region":"","msisdn":"255657398877","email":""} 
2024-10-20 09:57:12 Incoming Request :
 {"api_key":"YTc4YWY3ZWVlZWViODU3YTY5ODUzNTA4ZGU3YzVhYzM1NTdjNjM1MWEyYzA1ODU1ZDhlqA12AjkP0qNTc4ZjU3N2QwMDVmMw==","msisdn":"255746523638"} 
2024-10-20 09:57:12 Sent Request :
 {"channel":{"channel":"119234","password":"YTc4YWY3ZWVlZWViODU3YTY5ODUzNTA4ZGU3YzVhYzM1NTdjNjM1MWEyYzA1ODU1ZDhlNTc4ZjU3N2QwMDVmMw=="},"messages":[{"text":"19363","msisdn":"255746523638","source":"IJUE SHERIA"}]} 
2024-10-20 09:57:13 Returned Response :
 {"isSuccessful":true,"reference_id":"4af047f5c78944aebd659979e5e3e808","sms_quota":32853.0,"error_description":"Successfully submitted 1 message(s) to broker.","error_code":0} 
2024-10-20 12:57:13 Response :
 {"status":"200","statusDesc":"success"} 
2024-10-20 09:57:31 Incoming Request :
 {"otp_token":"19363","api_key":"YTc4YWY3ZWVlZWViODU3YTY5ODUzNTA4ZGU3YzVhYzM1NTdjNjM1MWEyYzA1ODU1ZDhlqA12AjkP0qNTc4ZjU3N2QwMDVmMw==","msisdn":"255746523638"} 
2024-10-20 09:57:31 Response :
 {"status":"200","statusDesc":"success","user_id":"255746523638","full_name":"","gender":"","region":"","msisdn":"255746523638","email":""} 
2024-10-20 10:53:23 Incoming Request :
 {"api_key":"YTc4YWY3ZWVlZWViODU3YTY5ODUzNTA4ZGU3YzVhYzM1NTdjNjM1MWEyYzA1ODU1ZDhlqA12AjkP0qNTc4ZjU3N2QwMDVmMw==","msisdn":"255655128225"} 
2024-10-20 10:53:23 Sent Request :
 {"channel":{"channel":"119234","password":"YTc4YWY3ZWVlZWViODU3YTY5ODUzNTA4ZGU3YzVhYzM1NTdjNjM1MWEyYzA1ODU1ZDhlNTc4ZjU3N2QwMDVmMw=="},"messages":[{"text":"59466","msisdn":"255655128225","source":"IJUE SHERIA"}]} 
2024-10-20 10:53:25 Returned Response :
 {"isSuccessful":true,"reference_id":"3c1c406672dc47db9514c16fbac74605","sms_quota":32851.0,"error_description":"Successfully submitted 1 message(s) to broker.","error_code":0} 
2024-10-20 13:53:25 Response :
 {"status":"200","statusDesc":"success"} 
2024-10-20 10:53:47 Incoming Request :
 {"otp_token":"59466","api_key":"YTc4YWY3ZWVlZWViODU3YTY5ODUzNTA4ZGU3YzVhYzM1NTdjNjM1MWEyYzA1ODU1ZDhlqA12AjkP0qNTc4ZjU3N2QwMDVmMw==","msisdn":"255655128225"} 
2024-10-20 10:53:47 Response :
 {"status":"200","statusDesc":"success","user_id":"255655128225","full_name":"","gender":"","region":"","msisdn":"255655128225","email":""} 
2024-10-20 11:06:22 Incoming Request :
 {"api_key":"YTc4YWY3ZWVlZWViODU3YTY5ODUzNTA4ZGU3YzVhYzM1NTdjNjM1MWEyYzA1ODU1ZDhlqA12AjkP0qNTc4ZjU3N2QwMDVmMw==","msisdn":"255683681110"} 
2024-10-20 11:06:22 Sent Request :
 {"channel":{"channel":"119234","password":"YTc4YWY3ZWVlZWViODU3YTY5ODUzNTA4ZGU3YzVhYzM1NTdjNjM1MWEyYzA1ODU1ZDhlNTc4ZjU3N2QwMDVmMw=="},"messages":[{"text":"93578","msisdn":"255683681110","source":"IJUE SHERIA"}]} 
2024-10-20 11:06:24 Returned Response :
 {"isSuccessful":true,"reference_id":"58b8967efe1c4b87b18961c240e4f07b","sms_quota":32850.0,"error_description":"Successfully submitted 1 message(s) to broker.","error_code":0} 
2024-10-20 14:06:24 Response :
 {"status":"200","statusDesc":"success"} 
2024-10-20 11:06:47 Incoming Request :
 {"otp_token":"93578","api_key":"YTc4YWY3ZWVlZWViODU3YTY5ODUzNTA4ZGU3YzVhYzM1NTdjNjM1MWEyYzA1ODU1ZDhlqA12AjkP0qNTc4ZjU3N2QwMDVmMw==","msisdn":"255683681110"} 
2024-10-20 11:06:47 Response :
 {"status":"200","statusDesc":"success","user_id":"26983","full_name":"paulo","gender":"FEMALE","region":"Singida","msisdn":"255683681110","email":""} 
2024-10-20 11:10:03 Incoming Request :
 {"api_key":"YTc4YWY3ZWVlZWViODU3YTY5ODUzNTA4ZGU3YzVhYzM1NTdjNjM1MWEyYzA1ODU1ZDhlqA12AjkP0qNTc4ZjU3N2QwMDVmMw==","msisdn":"255752949569"} 
2024-10-20 11:10:03 Sent Request :
 {"channel":{"channel":"119234","password":"YTc4YWY3ZWVlZWViODU3YTY5ODUzNTA4ZGU3YzVhYzM1NTdjNjM1MWEyYzA1ODU1ZDhlNTc4ZjU3N2QwMDVmMw=="},"messages":[{"text":"92256","msisdn":"255752949569","source":"IJUE SHERIA"}]} 
2024-10-20 11:10:05 Returned Response :
 {"isSuccessful":true,"reference_id":"5f690538c0a647159100b305bce45b3c","sms_quota":32848.0,"error_description":"Successfully submitted 1 message(s) to broker.","error_code":0} 
2024-10-20 14:10:05 Response :
 {"status":"200","statusDesc":"success"} 
2024-10-20 11:11:03 Incoming Request :
 {"otp_token":"92256","api_key":"YTc4YWY3ZWVlZWViODU3YTY5ODUzNTA4ZGU3YzVhYzM1NTdjNjM1MWEyYzA1ODU1ZDhlqA12AjkP0qNTc4ZjU3N2QwMDVmMw==","msisdn":"255752949569"} 
2024-10-20 11:11:03 Response :
 {"status":"200","statusDesc":"success","user_id":"26984","full_name":"kulwa zabron jilala","gender":"MALE","region":"Mwanza","msisdn":"255752949569","email":""} 
2024-10-20 12:16:45 Incoming Request :
 {"api_key":"YTc4YWY3ZWVlZWViODU3YTY5ODUzNTA4ZGU3YzVhYzM1NTdjNjM1MWEyYzA1ODU1ZDhlqA12AjkP0qNTc4ZjU3N2QwMDVmMw==","msisdn":"255675678511"} 
2024-10-20 12:16:45 Sent Request :
 {"channel":{"channel":"119234","password":"YTc4YWY3ZWVlZWViODU3YTY5ODUzNTA4ZGU3YzVhYzM1NTdjNjM1MWEyYzA1ODU1ZDhlNTc4ZjU3N2QwMDVmMw=="},"messages":[{"text":"24935","msisdn":"255675678511","source":"IJUE SHERIA"}]} 
2024-10-20 12:16:46 Returned Response :
 {"isSuccessful":true,"reference_id":"733499f71e7b4c00b01d74a5b85f1364","sms_quota":32846.0,"error_description":"Successfully submitted 1 message(s) to broker.","error_code":0} 
2024-10-20 15:16:46 Response :
 {"status":"200","statusDesc":"success"} 
2024-10-20 12:17:03 Incoming Request :
 {"otp_token":"24935","api_key":"YTc4YWY3ZWVlZWViODU3YTY5ODUzNTA4ZGU3YzVhYzM1NTdjNjM1MWEyYzA1ODU1ZDhlqA12AjkP0qNTc4ZjU3N2QwMDVmMw==","msisdn":"255675678511"} 
2024-10-20 12:17:03 Response :
 {"status":"200","statusDesc":"success","user_id":"12087","full_name":"Hamza Nasibu Maulid","gender":"female","region":"Dar Es Salaam","msisdn":"255675678511","email":""} 
2024-10-20 14:17:41 Incoming Request :
 {"api_key":"YTc4YWY3ZWVlZWViODU3YTY5ODUzNTA4ZGU3YzVhYzM1NTdjNjM1MWEyYzA1ODU1ZDhlqA12AjkP0qNTc4ZjU3N2QwMDVmMw==","msisdn":"+255693991179"} 
2024-10-20 14:17:41 Response :
 {"status":"422","statusDesc":"Invalid Phone Number"} 
2024-10-20 14:17:50 Incoming Request :
 {"api_key":"YTc4YWY3ZWVlZWViODU3YTY5ODUzNTA4ZGU3YzVhYzM1NTdjNjM1MWEyYzA1ODU1ZDhlqA12AjkP0qNTc4ZjU3N2QwMDVmMw==","msisdn":"+255693991179"} 
2024-10-20 14:17:50 Response :
 {"status":"422","statusDesc":"Invalid Phone Number"} 
2024-10-20 14:18:32 Incoming Request :
 {"api_key":"YTc4YWY3ZWVlZWViODU3YTY5ODUzNTA4ZGU3YzVhYzM1NTdjNjM1MWEyYzA1ODU1ZDhlqA12AjkP0qNTc4ZjU3N2QwMDVmMw==","msisdn":"+255693991179"} 
2024-10-20 14:18:32 Response :
 {"status":"422","statusDesc":"Invalid Phone Number"} 
2024-10-20 14:32:56 Incoming Request :
 {"api_key":"YTc4YWY3ZWVlZWViODU3YTY5ODUzNTA4ZGU3YzVhYzM1NTdjNjM1MWEyYzA1ODU1ZDhlqA12AjkP0qNTc4ZjU3N2QwMDVmMw==","msisdn":"255676524810"} 
2024-10-20 14:32:56 Sent Request :
 {"channel":{"channel":"119234","password":"YTc4YWY3ZWVlZWViODU3YTY5ODUzNTA4ZGU3YzVhYzM1NTdjNjM1MWEyYzA1ODU1ZDhlNTc4ZjU3N2QwMDVmMw=="},"messages":[{"text":"51418","msisdn":"255676524810","source":"IJUE SHERIA"}]} 
2024-10-20 14:32:58 Returned Response :
 {"isSuccessful":true,"reference_id":"e9817b0bd0f643bcaadf7529c076d492","sms_quota":32844.0,"error_description":"Successfully submitted 1 message(s) to broker.","error_code":0} 
2024-10-20 17:32:58 Response :
 {"status":"200","statusDesc":"success"} 
2024-10-20 14:33:12 Incoming Request :
 {"otp_token":"51418","api_key":"YTc4YWY3ZWVlZWViODU3YTY5ODUzNTA4ZGU3YzVhYzM1NTdjNjM1MWEyYzA1ODU1ZDhlqA12AjkP0qNTc4ZjU3N2QwMDVmMw==","msisdn":"255676524810"} 
2024-10-20 14:33:12 Response :
 {"status":"200","statusDesc":"success","user_id":"26987","full_name":"Martin George ","gender":"MALE","region":"Dar es Salaam","msisdn":"255676524810","email":""} 
2024-10-20 14:42:17 Incoming Request :
 {"api_key":"YTc4YWY3ZWVlZWViODU3YTY5ODUzNTA4ZGU3YzVhYzM1NTdjNjM1MWEyYzA1ODU1ZDhlqA12AjkP0qNTc4ZjU3N2QwMDVmMw==","msisdn":"255684468581"} 
2024-10-20 14:42:17 Sent Request :
 {"channel":{"channel":"119234","password":"YTc4YWY3ZWVlZWViODU3YTY5ODUzNTA4ZGU3YzVhYzM1NTdjNjM1MWEyYzA1ODU1ZDhlNTc4ZjU3N2QwMDVmMw=="},"messages":[{"text":"63729","msisdn":"255684468581","source":"IJUE SHERIA"}]} 
2024-10-20 14:42:19 Returned Response :
 {"isSuccessful":true,"reference_id":"46d708e24eaf40f6bcae58594569183e","sms_quota":32842.0,"error_description":"Successfully submitted 1 message(s) to broker.","error_code":0} 
2024-10-20 17:42:19 Response :
 {"status":"200","statusDesc":"success"} 
2024-10-20 14:42:50 Incoming Request :
 {"otp_token":"66372","api_key":"YTc4YWY3ZWVlZWViODU3YTY5ODUzNTA4ZGU3YzVhYzM1NTdjNjM1MWEyYzA1ODU1ZDhlqA12AjkP0qNTc4ZjU3N2QwMDVmMw==","msisdn":"255684468581"} 
2024-10-20 14:42:50 Response :
 {"status":"200","statusDesc":"success","user_id":"255684468581","full_name":"","gender":"","region":"","msisdn":"255684468581","email":""} 
2024-10-20 15:21:49 Incoming Request :
 {"api_key":"YTc4YWY3ZWVlZWViODU3YTY5ODUzNTA4ZGU3YzVhYzM1NTdjNjM1MWEyYzA1ODU1ZDhlqA12AjkP0qNTc4ZjU3N2QwMDVmMw==","msisdn":"255628079565"} 
2024-10-20 15:21:49 Sent Request :
 {"channel":{"channel":"119234","password":"YTc4YWY3ZWVlZWViODU3YTY5ODUzNTA4ZGU3YzVhYzM1NTdjNjM1MWEyYzA1ODU1ZDhlNTc4ZjU3N2QwMDVmMw=="},"messages":[{"text":"39494","msisdn":"255628079565","source":"IJUE SHERIA"}]} 
2024-10-20 15:21:50 Returned Response :
 {"isSuccessful":true,"reference_id":"f7813660474b4305be889b7ebc6b7005","sms_quota":32840.0,"error_description":"Successfully submitted 1 message(s) to broker.","error_code":0} 
2024-10-20 18:21:50 Response :
 {"status":"200","statusDesc":"success"} 
2024-10-20 15:22:36 Incoming Request :
 {"otp_token":"39494","api_key":"YTc4YWY3ZWVlZWViODU3YTY5ODUzNTA4ZGU3YzVhYzM1NTdjNjM1MWEyYzA1ODU1ZDhlqA12AjkP0qNTc4ZjU3N2QwMDVmMw==","msisdn":"255628079565"} 
2024-10-20 15:22:36 Response :
 {"status":"200","statusDesc":"success","user_id":"26989","full_name":"mussaloserianmwaipan@gmail.com","gender":"MALE","region":"Manyara","msisdn":"255628079565","email":""} 
2024-10-20 15:30:40 Incoming Request :
 {"api_key":"YTc4YWY3ZWVlZWViODU3YTY5ODUzNTA4ZGU3YzVhYzM1NTdjNjM1MWEyYzA1ODU1ZDhlqA12AjkP0qNTc4ZjU3N2QwMDVmMw==","msisdn":"255691716241"} 
2024-10-20 15:30:40 Sent Request :
 {"channel":{"channel":"119234","password":"YTc4YWY3ZWVlZWViODU3YTY5ODUzNTA4ZGU3YzVhYzM1NTdjNjM1MWEyYzA1ODU1ZDhlNTc4ZjU3N2QwMDVmMw=="},"messages":[{"text":"50687","msisdn":"255691716241","source":"IJUE SHERIA"}]} 
2024-10-20 15:30:41 Returned Response :
 {"isSuccessful":true,"reference_id":"2e2c9150a05e477dadcf3461584c2c40","sms_quota":32839.0,"error_description":"Successfully submitted 1 message(s) to broker.","error_code":0} 
2024-10-20 18:30:41 Response :
 {"status":"200","statusDesc":"success"} 
2024-10-20 15:31:02 Incoming Request :
 {"otp_token":"69171","api_key":"YTc4YWY3ZWVlZWViODU3YTY5ODUzNTA4ZGU3YzVhYzM1NTdjNjM1MWEyYzA1ODU1ZDhlqA12AjkP0qNTc4ZjU3N2QwMDVmMw==","msisdn":"255691716241"} 
2024-10-20 15:31:02 Response :
 {"status":"200","statusDesc":"success","user_id":"255691716241","full_name":"","gender":"","region":"","msisdn":"255691716241","email":""} 
2024-10-20 15:38:53 Incoming Request :
 {"api_key":"YTc4YWY3ZWVlZWViODU3YTY5ODUzNTA4ZGU3YzVhYzM1NTdjNjM1MWEyYzA1ODU1ZDhlqA12AjkP0qNTc4ZjU3N2QwMDVmMw==","msisdn":"255756312185"} 
2024-10-20 15:38:53 Sent Request :
 {"channel":{"channel":"119234","password":"YTc4YWY3ZWVlZWViODU3YTY5ODUzNTA4ZGU3YzVhYzM1NTdjNjM1MWEyYzA1ODU1ZDhlNTc4ZjU3N2QwMDVmMw=="},"messages":[{"text":"67967","msisdn":"255756312185","source":"IJUE SHERIA"}]} 
2024-10-20 15:38:55 Returned Response :
 {"isSuccessful":true,"reference_id":"4c4e255be26849e99ee723b96db729e7","sms_quota":32837.0,"error_description":"Successfully submitted 1 message(s) to broker.","error_code":0} 
2024-10-20 18:38:55 Response :
 {"status":"200","statusDesc":"success"} 
2024-10-20 15:39:27 Incoming Request :
 {"otp_token":"67967","api_key":"YTc4YWY3ZWVlZWViODU3YTY5ODUzNTA4ZGU3YzVhYzM1NTdjNjM1MWEyYzA1ODU1ZDhlqA12AjkP0qNTc4ZjU3N2QwMDVmMw==","msisdn":"255756312185"} 
2024-10-20 15:39:27 Response :
 {"status":"200","statusDesc":"success","user_id":"26991","full_name":"JOHN CHONYA","gender":"FEMALE","region":"Iringa","msisdn":"255756312185","email":""} 
2024-10-20 15:45:23 Incoming Request :
 {"api_key":"YTc4YWY3ZWVlZWViODU3YTY5ODUzNTA4ZGU3YzVhYzM1NTdjNjM1MWEyYzA1ODU1ZDhlqA12AjkP0qNTc4ZjU3N2QwMDVmMw==","msisdn":"255699612591"} 
2024-10-20 15:45:23 Sent Request :
 {"channel":{"channel":"119234","password":"YTc4YWY3ZWVlZWViODU3YTY5ODUzNTA4ZGU3YzVhYzM1NTdjNjM1MWEyYzA1ODU1ZDhlNTc4ZjU3N2QwMDVmMw=="},"messages":[{"text":"45622","msisdn":"255699612591","source":"IJUE SHERIA"}]} 
2024-10-20 15:45:24 Returned Response :
 {"isSuccessful":true,"reference_id":"d7475e6a034444b6be0b88f061cd0bb8","sms_quota":32835.0,"error_description":"Successfully submitted 1 message(s) to broker.","error_code":0} 
2024-10-20 18:45:24 Response :
 {"status":"200","statusDesc":"success"} 
2024-10-20 15:45:43 Incoming Request :
 {"otp_token":"45622","api_key":"YTc4YWY3ZWVlZWViODU3YTY5ODUzNTA4ZGU3YzVhYzM1NTdjNjM1MWEyYzA1ODU1ZDhlqA12AjkP0qNTc4ZjU3N2QwMDVmMw==","msisdn":"255699612591"} 
2024-10-20 15:45:43 Response :
 {"status":"200","statusDesc":"success","user_id":"26992","full_name":"Kibebeti Wahika Mwikwabe ","gender":"FEMALE","region":"Mwanza","msisdn":"255699612591","email":""} 
2024-10-20 16:28:01 Incoming Request :
 {"api_key":"YTc4YWY3ZWVlZWViODU3YTY5ODUzNTA4ZGU3YzVhYzM1NTdjNjM1MWEyYzA1ODU1ZDhlqA12AjkP0qNTc4ZjU3N2QwMDVmMw==","msisdn":"255624824285"} 
2024-10-20 16:28:01 Sent Request :
 {"channel":{"channel":"119234","password":"YTc4YWY3ZWVlZWViODU3YTY5ODUzNTA4ZGU3YzVhYzM1NTdjNjM1MWEyYzA1ODU1ZDhlNTc4ZjU3N2QwMDVmMw=="},"messages":[{"text":"41334","msisdn":"255624824285","source":"IJUE SHERIA"}]} 
2024-10-20 16:28:03 Returned Response :
 {"isSuccessful":true,"reference_id":"911d0f78d11e45f188e878728bd7e4eb","sms_quota":32833.0,"error_description":"Successfully submitted 1 message(s) to broker.","error_code":0} 
2024-10-20 19:28:03 Response :
 {"status":"200","statusDesc":"success"} 
2024-10-20 16:28:22 Incoming Request :
 {"otp_token":"41334","api_key":"YTc4YWY3ZWVlZWViODU3YTY5ODUzNTA4ZGU3YzVhYzM1NTdjNjM1MWEyYzA1ODU1ZDhlqA12AjkP0qNTc4ZjU3N2QwMDVmMw==","msisdn":"255624824285"} 
2024-10-20 16:28:22 Response :
 {"status":"200","statusDesc":"success","user_id":"26993","full_name":"mfungo maiga","gender":"FEMALE","region":"Mara","msisdn":"255624824285","email":""} 
2024-10-20 17:05:44 Incoming Request :
 {"api_key":"YTc4YWY3ZWVlZWViODU3YTY5ODUzNTA4ZGU3YzVhYzM1NTdjNjM1MWEyYzA1ODU1ZDhlqA12AjkP0qNTc4ZjU3N2QwMDVmMw==","msisdn":"255657869427"} 
2024-10-20 17:05:44 Sent Request :
 {"channel":{"channel":"119234","password":"YTc4YWY3ZWVlZWViODU3YTY5ODUzNTA4ZGU3YzVhYzM1NTdjNjM1MWEyYzA1ODU1ZDhlNTc4ZjU3N2QwMDVmMw=="},"messages":[{"text":"21026","msisdn":"255657869427","source":"IJUE SHERIA"}]} 
2024-10-20 17:05:46 Returned Response :
 {"isSuccessful":true,"reference_id":"3e20510cc8644f1989213ee2f2b7449a","sms_quota":32831.0,"error_description":"Successfully submitted 1 message(s) to broker.","error_code":0} 
2024-10-20 20:05:46 Response :
 {"status":"200","statusDesc":"success"} 
2024-10-20 17:06:11 Incoming Request :
 {"otp_token":"20088","api_key":"YTc4YWY3ZWVlZWViODU3YTY5ODUzNTA4ZGU3YzVhYzM1NTdjNjM1MWEyYzA1ODU1ZDhlqA12AjkP0qNTc4ZjU3N2QwMDVmMw==","msisdn":"255657869427"} 
2024-10-20 17:06:11 Response :
 {"status":"200","statusDesc":"success","user_id":"255657869427","full_name":"","gender":"","region":"","msisdn":"255657869427","email":""} 
2024-10-20 18:10:52 Incoming Request :
 {"api_key":"YTc4YWY3ZWVlZWViODU3YTY5ODUzNTA4ZGU3YzVhYzM1NTdjNjM1MWEyYzA1ODU1ZDhlqA12AjkP0qNTc4ZjU3N2QwMDVmMw==","msisdn":"255748827416"} 
2024-10-20 18:10:52 Sent Request :
 {"channel":{"channel":"119234","password":"YTc4YWY3ZWVlZWViODU3YTY5ODUzNTA4ZGU3YzVhYzM1NTdjNjM1MWEyYzA1ODU1ZDhlNTc4ZjU3N2QwMDVmMw=="},"messages":[{"text":"99709","msisdn":"255748827416","source":"IJUE SHERIA"}]} 
2024-10-20 18:10:54 Returned Response :
 {"isSuccessful":true,"reference_id":"a736a3d3175845c4943d589c5f085600","sms_quota":32829.0,"error_description":"Successfully submitted 1 message(s) to broker.","error_code":0} 
2024-10-20 21:10:54 Response :
 {"status":"200","statusDesc":"success"} 
2024-10-20 18:11:30 Incoming Request :
 {"otp_token":"25541","api_key":"YTc4YWY3ZWVlZWViODU3YTY5ODUzNTA4ZGU3YzVhYzM1NTdjNjM1MWEyYzA1ODU1ZDhlqA12AjkP0qNTc4ZjU3N2QwMDVmMw==","msisdn":"255748827416"} 
2024-10-20 18:11:30 Response :
 {"status":"200","statusDesc":"success","user_id":"255748827416","full_name":"","gender":"","region":"","msisdn":"255748827416","email":""} 
2024-10-20 19:31:39 Incoming Request :
 {"api_key":"YTc4YWY3ZWVlZWViODU3YTY5ODUzNTA4ZGU3YzVhYzM1NTdjNjM1MWEyYzA1ODU1ZDhlqA12AjkP0qNTc4ZjU3N2QwMDVmMw==","msisdn":"255676552323"} 
2024-10-20 19:31:39 Sent Request :
 {"channel":{"channel":"119234","password":"YTc4YWY3ZWVlZWViODU3YTY5ODUzNTA4ZGU3YzVhYzM1NTdjNjM1MWEyYzA1ODU1ZDhlNTc4ZjU3N2QwMDVmMw=="},"messages":[{"text":"92052","msisdn":"255676552323","source":"IJUE SHERIA"}]} 
2024-10-20 19:31:40 Returned Response :
 {"isSuccessful":true,"reference_id":"59848529b2d3455391987999fa86367f","sms_quota":32828.0,"error_description":"Successfully submitted 1 message(s) to broker.","error_code":0} 
2024-10-20 22:31:40 Response :
 {"status":"200","statusDesc":"success"} 
2024-10-20 19:32:10 Incoming Request :
 {"otp_token":"92052","api_key":"YTc4YWY3ZWVlZWViODU3YTY5ODUzNTA4ZGU3YzVhYzM1NTdjNjM1MWEyYzA1ODU1ZDhlqA12AjkP0qNTc4ZjU3N2QwMDVmMw==","msisdn":"255676552323"} 
2024-10-20 19:32:10 Response :
 {"status":"200","statusDesc":"success","user_id":"255676552323","full_name":"","gender":"","region":"","msisdn":"255676552323","email":""} 
2024-10-20 19:45:48 Incoming Request :
 {"api_key":"YTc4YWY3ZWVlZWViODU3YTY5ODUzNTA4ZGU3YzVhYzM1NTdjNjM1MWEyYzA1ODU1ZDhlqA12AjkP0qNTc4ZjU3N2QwMDVmMw==","msisdn":"255614831210"} 
2024-10-20 19:45:48 Sent Request :
 {"channel":{"channel":"119234","password":"YTc4YWY3ZWVlZWViODU3YTY5ODUzNTA4ZGU3YzVhYzM1NTdjNjM1MWEyYzA1ODU1ZDhlNTc4ZjU3N2QwMDVmMw=="},"messages":[{"text":"49308","msisdn":"255614831210","source":"IJUE SHERIA"}]} 
2024-10-20 19:45:49 Returned Response :
 {"isSuccessful":true,"reference_id":"701c4b3e61724b7eb42324771505ab80","sms_quota":32826.0,"error_description":"Successfully submitted 1 message(s) to broker.","error_code":0} 
2024-10-20 22:45:49 Response :
 {"status":"200","statusDesc":"success"} 
2024-10-20 19:46:35 Incoming Request :
 {"otp_token":"03080","api_key":"YTc4YWY3ZWVlZWViODU3YTY5ODUzNTA4ZGU3YzVhYzM1NTdjNjM1MWEyYzA1ODU1ZDhlqA12AjkP0qNTc4ZjU3N2QwMDVmMw==","msisdn":"255614831210"} 
2024-10-20 19:46:35 Response :
 {"status":"200","statusDesc":"success","user_id":"255614831210","full_name":"","gender":"","region":"","msisdn":"255614831210","email":""} 
2024-10-20 19:50:18 Incoming Request :
 {"api_key":"YTc4YWY3ZWVlZWViODU3YTY5ODUzNTA4ZGU3YzVhYzM1NTdjNjM1MWEyYzA1ODU1ZDhlqA12AjkP0qNTc4ZjU3N2QwMDVmMw==","msisdn":"255626242975"} 
2024-10-20 19:50:18 Sent Request :
 {"channel":{"channel":"119234","password":"YTc4YWY3ZWVlZWViODU3YTY5ODUzNTA4ZGU3YzVhYzM1NTdjNjM1MWEyYzA1ODU1ZDhlNTc4ZjU3N2QwMDVmMw=="},"messages":[{"text":"31344","msisdn":"255626242975","source":"IJUE SHERIA"}]} 
2024-10-20 19:50:19 Returned Response :
 {"isSuccessful":true,"reference_id":"952788c8a782419c8ada02d6ec3659e3","sms_quota":32824.0,"error_description":"Successfully submitted 1 message(s) to broker.","error_code":0} 
2024-10-20 22:50:19 Response :
 {"status":"200","statusDesc":"success"} 
2024-10-20 19:50:47 Incoming Request :
 {"otp_token":"31344","api_key":"YTc4YWY3ZWVlZWViODU3YTY5ODUzNTA4ZGU3YzVhYzM1NTdjNjM1MWEyYzA1ODU1ZDhlqA12AjkP0qNTc4ZjU3N2QwMDVmMw==","msisdn":"255626242975"} 
2024-10-20 19:50:47 Response :
 {"status":"200","statusDesc":"success","user_id":"26996","full_name":"UHEMBA JOSEPH","gender":"FEMALE","region":"Kagera","msisdn":"255626242975","email":""} 
2024-10-20 21:39:31 Incoming Request :
 {"api_key":"YTc4YWY3ZWVlZWViODU3YTY5ODUzNTA4ZGU3YzVhYzM1NTdjNjM1MWEyYzA1ODU1ZDhlqA12AjkP0qNTc4ZjU3N2QwMDVmMw==","msisdn":"255622007505"} 
2024-10-20 21:39:31 Sent Request :
 {"channel":{"channel":"119234","password":"YTc4YWY3ZWVlZWViODU3YTY5ODUzNTA4ZGU3YzVhYzM1NTdjNjM1MWEyYzA1ODU1ZDhlNTc4ZjU3N2QwMDVmMw=="},"messages":[{"text":"19511","msisdn":"255622007505","source":"IJUE SHERIA"}]} 
2024-10-20 21:39:33 Returned Response :
 {"isSuccessful":true,"reference_id":"e4388c37a80d47d9bfd71b0f246d9e08","sms_quota":32820.0,"error_description":"Successfully submitted 1 message(s) to broker.","error_code":0} 
2024-10-21 00:39:33 Response :
 {"status":"200","statusDesc":"success"} 
2024-10-20 21:40:10 Incoming Request :
 {"api_key":"YTc4YWY3ZWVlZWViODU3YTY5ODUzNTA4ZGU3YzVhYzM1NTdjNjM1MWEyYzA1ODU1ZDhlqA12AjkP0qNTc4ZjU3N2QwMDVmMw==","msisdn":"255622007505"} 
2024-10-20 21:40:10 Sent Request :
 {"channel":{"channel":"119234","password":"YTc4YWY3ZWVlZWViODU3YTY5ODUzNTA4ZGU3YzVhYzM1NTdjNjM1MWEyYzA1ODU1ZDhlNTc4ZjU3N2QwMDVmMw=="},"messages":[{"text":"20483","msisdn":"255622007505","source":"IJUE SHERIA"}]} 
2024-10-20 21:40:11 Returned Response :
 {"isSuccessful":true,"reference_id":"d63df27bf99b47dbbda335561b76ec27","sms_quota":32818.0,"error_description":"Successfully submitted 1 message(s) to broker.","error_code":0} 
2024-10-21 00:40:11 Response :
 {"status":"200","statusDesc":"success"} 
2024-10-20 21:40:26 Incoming Request :
 {"otp_token":"20483","api_key":"YTc4YWY3ZWVlZWViODU3YTY5ODUzNTA4ZGU3YzVhYzM1NTdjNjM1MWEyYzA1ODU1ZDhlqA12AjkP0qNTc4ZjU3N2QwMDVmMw==","msisdn":"255622007505"} 
2024-10-20 21:40:26 Response :
 {"status":"200","statusDesc":"success","user_id":"26997","full_name":"idrisa","gender":"FEMALE","region":"Dodoma","msisdn":"255622007505","email":""} 
2024-10-20 21:56:12 Incoming Request :
 {"api_key":"YTc4YWY3ZWVlZWViODU3YTY5ODUzNTA4ZGU3YzVhYzM1NTdjNjM1MWEyYzA1ODU1ZDhlqA12AjkP0qNTc4ZjU3N2QwMDVmMw==","msisdn":"255714488137"} 
2024-10-20 21:56:12 Sent Request :
 {"channel":{"channel":"119234","password":"YTc4YWY3ZWVlZWViODU3YTY5ODUzNTA4ZGU3YzVhYzM1NTdjNjM1MWEyYzA1ODU1ZDhlNTc4ZjU3N2QwMDVmMw=="},"messages":[{"text":"57850","msisdn":"255714488137","source":"IJUE SHERIA"}]} 
2024-10-20 21:56:13 Returned Response :
 {"isSuccessful":true,"reference_id":"421ebe78c4f44a34bc61957c60696e94","sms_quota":32817.0,"error_description":"Successfully submitted 1 message(s) to broker.","error_code":0} 
2024-10-21 00:56:13 Response :
 {"status":"200","statusDesc":"success"} 
2024-10-20 21:56:33 Incoming Request :
 {"otp_token":"57850","api_key":"YTc4YWY3ZWVlZWViODU3YTY5ODUzNTA4ZGU3YzVhYzM1NTdjNjM1MWEyYzA1ODU1ZDhlqA12AjkP0qNTc4ZjU3N2QwMDVmMw==","msisdn":"255714488137"} 
2024-10-20 21:56:33 Response :
 {"status":"200","statusDesc":"success","user_id":"26998","full_name":"fadhilishamte33@gmail.com","gender":"FEMALE","region":"Dar es Salaam","msisdn":"255714488137","email":""} 