
2024-10-23 03:43:55 Incomming Request :
 {"api_key":"YTc4YWY3ZWVlZWViODU3YTY5ODUzNTA4ZGU3YzVhYzM1NTdjNjM1MWEyYzA1ODU1ZDhlqA12AjkP0qNTc4ZjU3N2QwMDVmMw==","phone_number":"255760889438","full_name":"ALECX KIFUND","namba_ya_simu":"255760889438","jinsia":"FEMALE","type":"USER","region":"Rukwa"} 
2024-10-23 03:43:55 Outgoing Response :
 {"status":"201","statusDesc":"Success"} 
2024-10-23 04:08:49 Incomming Request :
 {"api_key":"YTc4YWY3ZWVlZWViODU3YTY5ODUzNTA4ZGU3YzVhYzM1NTdjNjM1MWEyYzA1ODU1ZDhlqA12AjkP0qNTc4ZjU3N2QwMDVmMw==","phone_number":"255659690290","full_name":"evance mkongwa","namba_ya_simu":"255659690290","jinsia":"FEMALE","type":"USER","region":"Dar es Salaam"} 
2024-10-23 04:08:49 Outgoing Response :
 {"status":"201","statusDesc":"Success"} 
2024-10-23 05:22:30 Incomming Request :
 {"api_key":"YTc4YWY3ZWVlZWViODU3YTY5ODUzNTA4ZGU3YzVhYzM1NTdjNjM1MWEyYzA1ODU1ZDhlqA12AjkP0qNTc4ZjU3N2QwMDVmMw==","phone_number":"255762233397","full_name":"Mokera Kigombe","namba_ya_simu":"255762233397","jinsia":"FEMALE","type":"USER","region":"Kagera"} 
2024-10-23 05:22:31 Outgoing Response :
 {"status":"201","statusDesc":"Success"} 
2024-10-23 07:32:14 Incomming Request :
 {"api_key":"YTc4YWY3ZWVlZWViODU3YTY5ODUzNTA4ZGU3YzVhYzM1NTdjNjM1MWEyYzA1ODU1ZDhlqA12AjkP0qNTc4ZjU3N2QwMDVmMw==","phone_number":"255628988646","full_name":"SULEIMAN SALUM MAPESA ","namba_ya_simu":"255628988646","jinsia":"FEMALE","type":"USER","region":"Tanga"} 
2024-10-23 07:32:14 Outgoing Response :
 {"status":"201","statusDesc":"Success"} 
2024-10-23 07:44:07 Incomming Request :
 {"api_key":"YTc4YWY3ZWVlZWViODU3YTY5ODUzNTA4ZGU3YzVhYzM1NTdjNjM1MWEyYzA1ODU1ZDhlqA12AjkP0qNTc4ZjU3N2QwMDVmMw==","phone_number":"255683185036","full_name":"Kaifa Kasimu Luanda","namba_ya_simu":"255683185036","jinsia":"FEMALE","type":"USER","region":"Ruvuma"} 
2024-10-23 07:44:07 Outgoing Response :
 {"status":"201","statusDesc":"Success"} 
2024-10-23 07:48:28 Incomming Request :
 {"api_key":"YTc4YWY3ZWVlZWViODU3YTY5ODUzNTA4ZGU3YzVhYzM1NTdjNjM1MWEyYzA1ODU1ZDhlqA12AjkP0qNTc4ZjU3N2QwMDVmMw==","phone_number":"255742347297","full_name":"Mzee Nankokonumbi","namba_ya_simu":"255742347297","jinsia":"MALE","type":"USER","region":"Dar es Salaam"} 
2024-10-23 07:48:28 Outgoing Response :
 {"status":"201","statusDesc":"Success"} 
2024-10-23 08:04:48 Incomming Request :
 {"api_key":"YTc4YWY3ZWVlZWViODU3YTY5ODUzNTA4ZGU3YzVhYzM1NTdjNjM1MWEyYzA1ODU1ZDhlqA12AjkP0qNTc4ZjU3N2QwMDVmMw==","phone_number":"255768127037","full_name":"baikane pelagia leonard","namba_ya_simu":"255768127037","jinsia":"FEMALE","type":"USER","region":"Shinyanga"} 
2024-10-23 08:04:48 Outgoing Response :
 {"status":"201","statusDesc":"Success"} 
2024-10-23 08:07:02 Incomming Request :
 {"api_key":"YTc4YWY3ZWVlZWViODU3YTY5ODUzNTA4ZGU3YzVhYzM1NTdjNjM1MWEyYzA1ODU1ZDhlqA12AjkP0qNTc4ZjU3N2QwMDVmMw==","phone_number":"255768123037","full_name":"bIkane pelagia leonard","namba_ya_simu":"255768123037","jinsia":"FEMALE","type":"USER","region":"Shinyanga"} 
2024-10-23 08:07:02 Outgoing Response :
 {"status":"201","statusDesc":"Success"} 
2024-10-23 08:12:57 Incomming Request :
 {"api_key":"YTc4YWY3ZWVlZWViODU3YTY5ODUzNTA4ZGU3YzVhYzM1NTdjNjM1MWEyYzA1ODU1ZDhlqA12AjkP0qNTc4ZjU3N2QwMDVmMw==","phone_number":"255748355366","full_name":"mathew chales","namba_ya_simu":"255748355366","jinsia":"FEMALE","type":"USER","region":"Dar es Salaam"} 
2024-10-23 08:12:57 Outgoing Response :
 {"status":"201","statusDesc":"Success"} 
2024-10-23 08:26:55 Incomming Request :
 {"api_key":"YTc4YWY3ZWVlZWViODU3YTY5ODUzNTA4ZGU3YzVhYzM1NTdjNjM1MWEyYzA1ODU1ZDhlqA12AjkP0qNTc4ZjU3N2QwMDVmMw==","phone_number":"255672606131","full_name":"japhet mnyetta","namba_ya_simu":"255672606131","jinsia":"FEMALE","type":"USER","region":"Dar es Salaam"} 
2024-10-23 08:26:55 Outgoing Response :
 {"status":"201","statusDesc":"Success"} 
2024-10-23 08:38:34 Incomming Request :
 {"api_key":"YTc4YWY3ZWVlZWViODU3YTY5ODUzNTA4ZGU3YzVhYzM1NTdjNjM1MWEyYzA1ODU1ZDhlqA12AjkP0qNTc4ZjU3N2QwMDVmMw==","phone_number":"255767823270","full_name":"cosmas Aston ","namba_ya_simu":"255767823270","jinsia":"FEMALE","type":"USER","region":"Mbeya"} 
2024-10-23 08:38:34 Outgoing Response :
 {"status":"201","statusDesc":"Success"} 
2024-10-23 08:59:41 Incomming Request :
 {"api_key":"YTc4YWY3ZWVlZWViODU3YTY5ODUzNTA4ZGU3YzVhYzM1NTdjNjM1MWEyYzA1ODU1ZDhlqA12AjkP0qNTc4ZjU3N2QwMDVmMw==","phone_number":"255769313702","full_name":"Baraka Nanagi","namba_ya_simu":"255769313702","jinsia":"FEMALE","type":"USER","region":"Singida"} 
2024-10-23 08:59:41 Outgoing Response :
 {"status":"201","statusDesc":"Success"} 
2024-10-23 09:11:10 Incomming Request :
 {"api_key":"YTc4YWY3ZWVlZWViODU3YTY5ODUzNTA4ZGU3YzVhYzM1NTdjNjM1MWEyYzA1ODU1ZDhlqA12AjkP0qNTc4ZjU3N2QwMDVmMw==","phone_number":"255758375533","full_name":"joseph clemence lwanda","namba_ya_simu":"255758375533","jinsia":"FEMALE","type":"USER","region":"Dar es Salaam"} 
2024-10-23 09:11:10 Outgoing Response :
 {"status":"201","statusDesc":"Success"} 
2024-10-23 09:34:42 Incomming Request :
 {"api_key":"YTc4YWY3ZWVlZWViODU3YTY5ODUzNTA4ZGU3YzVhYzM1NTdjNjM1MWEyYzA1ODU1ZDhlqA12AjkP0qNTc4ZjU3N2QwMDVmMw==","phone_number":"255672606131","full_name":"japhet mnyetta","namba_ya_simu":"255672606131","jinsia":"FEMALE","type":"USER","region":"Dar es Salaam"} 
2024-10-23 09:34:42 Outgoing Response :
 {"status":"201","statusDesc":"Success"} 
2024-10-23 10:06:40 Incomming Request :
 {"api_key":"YTc4YWY3ZWVlZWViODU3YTY5ODUzNTA4ZGU3YzVhYzM1NTdjNjM1MWEyYzA1ODU1ZDhlqA12AjkP0qNTc4ZjU3N2QwMDVmMw==","phone_number":"255695763111","full_name":"ahmed","namba_ya_simu":"255695763111","jinsia":"FEMALE","type":"USER","region":"Arusha"} 
2024-10-23 10:06:40 Outgoing Response :
 {"status":"201","statusDesc":"Success"} 
2024-10-23 10:25:27 Incomming Request :
 {"api_key":"YTc4YWY3ZWVlZWViODU3YTY5ODUzNTA4ZGU3YzVhYzM1NTdjNjM1MWEyYzA1ODU1ZDhlqA12AjkP0qNTc4ZjU3N2QwMDVmMw==","phone_number":"255752965795","full_name":"Baraka Mjema ","namba_ya_simu":"255752965795","jinsia":"FEMALE","type":"USER","region":"Shinyanga"} 
2024-10-23 10:25:27 Outgoing Response :
 {"status":"201","statusDesc":"Success"} 
2024-10-23 10:47:19 Incomming Request :
 {"api_key":"YTc4YWY3ZWVlZWViODU3YTY5ODUzNTA4ZGU3YzVhYzM1NTdjNjM1MWEyYzA1ODU1ZDhlqA12AjkP0qNTc4ZjU3N2QwMDVmMw==","phone_number":"255767134643","full_name":"samson mtebe ","namba_ya_simu":"255767134643","jinsia":"MALE","type":"USER","region":"Kagera"} 
2024-10-23 10:47:19 Outgoing Response :
 {"status":"201","statusDesc":"Success"} 
2024-10-23 11:22:02 Incomming Request :
 {"api_key":"YTc4YWY3ZWVlZWViODU3YTY5ODUzNTA4ZGU3YzVhYzM1NTdjNjM1MWEyYzA1ODU1ZDhlqA12AjkP0qNTc4ZjU3N2QwMDVmMw==","phone_number":"255767122177","full_name":"kashinde mbugano","namba_ya_simu":"255767122177","jinsia":"FEMALE","type":"USER","region":"Iringa"} 
2024-10-23 11:22:02 Outgoing Response :
 {"status":"201","statusDesc":"Success"} 
2024-10-23 12:20:53 Incomming Request :
 {"api_key":"YTc4YWY3ZWVlZWViODU3YTY5ODUzNTA4ZGU3YzVhYzM1NTdjNjM1MWEyYzA1ODU1ZDhlqA12AjkP0qNTc4ZjU3N2QwMDVmMw==","phone_number":"+255769475059","full_name":"Ramdhani shabani","namba_ya_simu":"+255769475059","jinsia":"FEMALE","type":"USER","region":"Tabora"} 
2024-10-23 12:20:53 Outgoing Response :
 {"status":"201","statusDesc":"Success"} 
2024-10-23 12:24:03 Incomming Request :
 {"api_key":"YTc4YWY3ZWVlZWViODU3YTY5ODUzNTA4ZGU3YzVhYzM1NTdjNjM1MWEyYzA1ODU1ZDhlqA12AjkP0qNTc4ZjU3N2QwMDVmMw==","phone_number":"255718877496","full_name":"paulo","namba_ya_simu":"255718877496","jinsia":"FEMALE","type":"USER","region":"Dar es Salaam"} 
2024-10-23 12:24:03 Outgoing Response :
 {"status":"201","statusDesc":"Success"} 
2024-10-23 13:09:23 Incomming Request :
 {"api_key":"YTc4YWY3ZWVlZWViODU3YTY5ODUzNTA4ZGU3YzVhYzM1NTdjNjM1MWEyYzA1ODU1ZDhlqA12AjkP0qNTc4ZjU3N2QwMDVmMw==","phone_number":"255684073048","full_name":"nurdin","namba_ya_simu":"255684073048","jinsia":"FEMALE","type":"USER","region":"Dar es Salaam"} 
2024-10-23 13:09:23 Outgoing Response :
 {"status":"201","statusDesc":"Success"} 
2024-10-23 15:34:01 Incomming Request :
 {"api_key":"YTc4YWY3ZWVlZWViODU3YTY5ODUzNTA4ZGU3YzVhYzM1NTdjNjM1MWEyYzA1ODU1ZDhlqA12AjkP0qNTc4ZjU3N2QwMDVmMw==","phone_number":"255761542952","full_name":"zittah vicent","namba_ya_simu":"255761542952","jinsia":"MALE","type":"USER","region":"Dodoma"} 
2024-10-23 15:34:01 Outgoing Response :
 {"status":"201","statusDesc":"Success"} 
2024-10-23 15:57:27 Incomming Request :
 {"api_key":"YTc4YWY3ZWVlZWViODU3YTY5ODUzNTA4ZGU3YzVhYzM1NTdjNjM1MWEyYzA1ODU1ZDhlqA12AjkP0qNTc4ZjU3N2QwMDVmMw==","phone_number":"255753712594","full_name":"Mussa Ndemela Machibya ","namba_ya_simu":"255753712594","jinsia":"FEMALE","type":"USER","region":"Kagera"} 
2024-10-23 15:57:27 Outgoing Response :
 {"status":"201","statusDesc":"Success"} 
2024-10-23 17:47:30 Incomming Request :
 {"api_key":"YTc4YWY3ZWVlZWViODU3YTY5ODUzNTA4ZGU3YzVhYzM1NTdjNjM1MWEyYzA1ODU1ZDhlqA12AjkP0qNTc4ZjU3N2QwMDVmMw==","phone_number":"255769171638","full_name":"Sadoki Chuma","namba_ya_simu":"255769171638","jinsia":"MALE","type":"USER","region":"Kigoma"} 
2024-10-23 17:47:30 Outgoing Response :
 {"status":"201","statusDesc":"Success"} 
2024-10-23 17:54:27 Incomming Request :
 {"api_key":"YTc4YWY3ZWVlZWViODU3YTY5ODUzNTA4ZGU3YzVhYzM1NTdjNjM1MWEyYzA1ODU1ZDhlqA12AjkP0qNTc4ZjU3N2QwMDVmMw==","phone_number":"255757466900","full_name":"Timotheo","namba_ya_simu":"255757466900","jinsia":"FEMALE","type":"USER","region":"Ruvuma"} 
2024-10-23 17:54:27 Outgoing Response :
 {"status":"201","statusDesc":"Success"} 
2024-10-23 19:33:21 Incomming Request :
 {"api_key":"YTc4YWY3ZWVlZWViODU3YTY5ODUzNTA4ZGU3YzVhYzM1NTdjNjM1MWEyYzA1ODU1ZDhlqA12AjkP0qNTc4ZjU3N2QwMDVmMw==","phone_number":"255788195019","full_name":"Ally Majam","namba_ya_simu":"255788195019","jinsia":"FEMALE","type":"USER","region":"Dar es Salaam"} 
2024-10-23 19:33:21 Outgoing Response :
 {"status":"201","statusDesc":"Success"} 
2024-10-23 22:16:44 Incomming Request :
 {"api_key":"YTc4YWY3ZWVlZWViODU3YTY5ODUzNTA4ZGU3YzVhYzM1NTdjNjM1MWEyYzA1ODU1ZDhlqA12AjkP0qNTc4ZjU3N2QwMDVmMw==","phone_number":"255679002092","full_name":"livin","namba_ya_simu":"255679002092","jinsia":"FEMALE","type":"USER","region":"Arusha"} 
2024-10-23 22:16:44 Outgoing Response :
 {"status":"201","statusDesc":"Success"} 
2024-10-23 23:42:03 Incomming Request :
 {"api_key":"YTc4YWY3ZWVlZWViODU3YTY5ODUzNTA4ZGU3YzVhYzM1NTdjNjM1MWEyYzA1ODU1ZDhlqA12AjkP0qNTc4ZjU3N2QwMDVmMw==","phone_number":"255757528628","full_name":"Kiirya Isaac","namba_ya_simu":"255757528628","jinsia":"MALE","type":"USER","region":"Manyara"} 
2024-10-23 23:42:03 Outgoing Response :
 {"status":"201","statusDesc":"Success"} 