
2024-10-23 03:12:40 Incoming Request :
 {"api_key":"YTc4YWY3ZWVlZWViODU3YTY5ODUzNTA4ZGU3YzVhYzM1NTdjNjM1MWEyYzA1ODU1ZDhlqA12AjkP0qNTc4ZjU3N2QwMDVmMw==","msisdn":"255715165010"} 
2024-10-23 03:12:40 Sent Request :
 {"channel":{"channel":"119234","password":"YTc4YWY3ZWVlZWViODU3YTY5ODUzNTA4ZGU3YzVhYzM1NTdjNjM1MWEyYzA1ODU1ZDhlNTc4ZjU3N2QwMDVmMw=="},"messages":[{"text":"46563","msisdn":"255715165010","source":"IJUE SHERIA"}]} 
2024-10-23 03:12:41 Returned Response :
 {"isSuccessful":true,"reference_id":"59650e98d961452ab94b14df97eec167","sms_quota":32193.0,"error_description":"Successfully submitted 1 message(s) to broker.","error_code":0} 
2024-10-23 06:12:41 Response :
 {"status":"200","statusDesc":"success"} 
2024-10-23 03:13:21 Incoming Request :
 {"otp_token":"46563","api_key":"YTc4YWY3ZWVlZWViODU3YTY5ODUzNTA4ZGU3YzVhYzM1NTdjNjM1MWEyYzA1ODU1ZDhlqA12AjkP0qNTc4ZjU3N2QwMDVmMw==","msisdn":"255715165010"} 
2024-10-23 03:13:21 Response :
 {"status":"200","statusDesc":"success","user_id":"255715165010","full_name":"","gender":"","region":"","msisdn":"255715165010","email":""} 
2024-10-23 03:15:55 Incoming Request :
 {"api_key":"YTc4YWY3ZWVlZWViODU3YTY5ODUzNTA4ZGU3YzVhYzM1NTdjNjM1MWEyYzA1ODU1ZDhlqA12AjkP0qNTc4ZjU3N2QwMDVmMw==","msisdn":"255755393987"} 
2024-10-23 03:15:55 Sent Request :
 {"channel":{"channel":"119234","password":"YTc4YWY3ZWVlZWViODU3YTY5ODUzNTA4ZGU3YzVhYzM1NTdjNjM1MWEyYzA1ODU1ZDhlNTc4ZjU3N2QwMDVmMw=="},"messages":[{"text":"26423","msisdn":"255755393987","source":"IJUE SHERIA"}]} 
2024-10-23 03:15:57 Returned Response :
 {"isSuccessful":true,"reference_id":"6d22f1e1cded4f98aeba151d41959d4f","sms_quota":32191.0,"error_description":"Successfully submitted 1 message(s) to broker.","error_code":0} 
2024-10-23 06:15:57 Response :
 {"status":"200","statusDesc":"success"} 
2024-10-23 03:17:36 Incoming Request :
 {"otp_token":"26423","api_key":"YTc4YWY3ZWVlZWViODU3YTY5ODUzNTA4ZGU3YzVhYzM1NTdjNjM1MWEyYzA1ODU1ZDhlqA12AjkP0qNTc4ZjU3N2QwMDVmMw==","msisdn":"255755393987"} 
2024-10-23 03:17:36 Response :
 {"status":"200","statusDesc":"success","user_id":"255755393987","full_name":"","gender":"","region":"","msisdn":"255755393987","email":""} 
2024-10-23 03:45:55 Incoming Request :
 {"api_key":"YTc4YWY3ZWVlZWViODU3YTY5ODUzNTA4ZGU3YzVhYzM1NTdjNjM1MWEyYzA1ODU1ZDhlqA12AjkP0qNTc4ZjU3N2QwMDVmMw==","msisdn":"255760889438"} 
2024-10-23 03:45:55 Sent Request :
 {"channel":{"channel":"119234","password":"YTc4YWY3ZWVlZWViODU3YTY5ODUzNTA4ZGU3YzVhYzM1NTdjNjM1MWEyYzA1ODU1ZDhlNTc4ZjU3N2QwMDVmMw=="},"messages":[{"text":"83381","msisdn":"255760889438","source":"IJUE SHERIA"}]} 
2024-10-23 03:45:57 Returned Response :
 {"isSuccessful":true,"reference_id":"715febaa04eb46ec87c0ad4a3d682692","sms_quota":32190.0,"error_description":"Successfully submitted 1 message(s) to broker.","error_code":0} 
2024-10-23 06:45:57 Response :
 {"status":"200","statusDesc":"success"} 
2024-10-23 03:47:23 Incoming Request :
 {"otp_token":"83381","api_key":"YTc4YWY3ZWVlZWViODU3YTY5ODUzNTA4ZGU3YzVhYzM1NTdjNjM1MWEyYzA1ODU1ZDhlqA12AjkP0qNTc4ZjU3N2QwMDVmMw==","msisdn":"255760889438"} 
2024-10-23 03:47:23 Response :
 {"status":"200","statusDesc":"success","user_id":"27055","full_name":"ALECX KIFUND","gender":"FEMALE","region":"Rukwa","msisdn":"255760889438","email":""} 
2024-10-23 04:09:02 Incoming Request :
 {"api_key":"YTc4YWY3ZWVlZWViODU3YTY5ODUzNTA4ZGU3YzVhYzM1NTdjNjM1MWEyYzA1ODU1ZDhlqA12AjkP0qNTc4ZjU3N2QwMDVmMw==","msisdn":"255659690290"} 
2024-10-23 04:09:02 Sent Request :
 {"channel":{"channel":"119234","password":"YTc4YWY3ZWVlZWViODU3YTY5ODUzNTA4ZGU3YzVhYzM1NTdjNjM1MWEyYzA1ODU1ZDhlNTc4ZjU3N2QwMDVmMw=="},"messages":[{"text":"94569","msisdn":"255659690290","source":"IJUE SHERIA"}]} 
2024-10-23 04:09:03 Returned Response :
 {"isSuccessful":true,"reference_id":"ee7716d300f54fefbcee15fccbe8df63","sms_quota":32188.0,"error_description":"Successfully submitted 1 message(s) to broker.","error_code":0} 
2024-10-23 07:09:03 Response :
 {"status":"200","statusDesc":"success"} 
2024-10-23 04:09:38 Incoming Request :
 {"otp_token":"94569","api_key":"YTc4YWY3ZWVlZWViODU3YTY5ODUzNTA4ZGU3YzVhYzM1NTdjNjM1MWEyYzA1ODU1ZDhlqA12AjkP0qNTc4ZjU3N2QwMDVmMw==","msisdn":"255659690290"} 
2024-10-23 04:09:38 Response :
 {"status":"200","statusDesc":"success","user_id":"27056","full_name":"evance mkongwa","gender":"FEMALE","region":"Dar es Salaam","msisdn":"255659690290","email":""} 
2024-10-23 04:11:58 Incoming Request :
 {"api_key":"YTc4YWY3ZWVlZWViODU3YTY5ODUzNTA4ZGU3YzVhYzM1NTdjNjM1MWEyYzA1ODU1ZDhlqA12AjkP0qNTc4ZjU3N2QwMDVmMw==","msisdn":"255659690290","maelezo":"Signed Document","barua_pepe":"","doc_name":"Kupakua:https://www.sheriakiganjani.co.tz/uploads/67788-sale-agreementt.pdf","je_anahitaji_mhuri":"ndio"} 
2024-10-23 04:11:58 Response :
 {"status":"200","statusDesc":"success"} 
2024-10-23 04:15:25 Incoming Request :
 {"api_key":"YTc4YWY3ZWVlZWViODU3YTY5ODUzNTA4ZGU3YzVhYzM1NTdjNjM1MWEyYzA1ODU1ZDhlqA12AjkP0qNTc4ZjU3N2QwMDVmMw==","msisdn":"255768130733"} 
2024-10-23 04:15:25 Sent Request :
 {"channel":{"channel":"119234","password":"YTc4YWY3ZWVlZWViODU3YTY5ODUzNTA4ZGU3YzVhYzM1NTdjNjM1MWEyYzA1ODU1ZDhlNTc4ZjU3N2QwMDVmMw=="},"messages":[{"text":"49044","msisdn":"255768130733","source":"IJUE SHERIA"}]} 
2024-10-23 04:15:27 Returned Response :
 {"isSuccessful":true,"reference_id":"180097eeada74202aee3a5745086b83c","sms_quota":32186.0,"error_description":"Successfully submitted 1 message(s) to broker.","error_code":0} 
2024-10-23 07:15:27 Response :
 {"status":"200","statusDesc":"success"} 
2024-10-23 04:15:50 Incoming Request :
 {"otp_token":"49044","api_key":"YTc4YWY3ZWVlZWViODU3YTY5ODUzNTA4ZGU3YzVhYzM1NTdjNjM1MWEyYzA1ODU1ZDhlqA12AjkP0qNTc4ZjU3N2QwMDVmMw==","msisdn":"255768130733"} 
2024-10-23 04:15:50 Response :
 {"status":"200","statusDesc":"success","user_id":"255768130733","full_name":"","gender":"","region":"","msisdn":"255768130733","email":""} 
2024-10-23 05:23:22 Incoming Request :
 {"api_key":"YTc4YWY3ZWVlZWViODU3YTY5ODUzNTA4ZGU3YzVhYzM1NTdjNjM1MWEyYzA1ODU1ZDhlqA12AjkP0qNTc4ZjU3N2QwMDVmMw==","msisdn":"255762233397"} 
2024-10-23 05:23:22 Sent Request :
 {"channel":{"channel":"119234","password":"YTc4YWY3ZWVlZWViODU3YTY5ODUzNTA4ZGU3YzVhYzM1NTdjNjM1MWEyYzA1ODU1ZDhlNTc4ZjU3N2QwMDVmMw=="},"messages":[{"text":"39752","msisdn":"255762233397","source":"IJUE SHERIA"}]} 
2024-10-23 05:23:23 Returned Response :
 {"isSuccessful":true,"reference_id":"f8b4b2bee5ae496ab2257dc5858b7337","sms_quota":32184.0,"error_description":"Successfully submitted 1 message(s) to broker.","error_code":0} 
2024-10-23 08:23:23 Response :
 {"status":"200","statusDesc":"success"} 
2024-10-23 05:24:13 Incoming Request :
 {"api_key":"YTc4YWY3ZWVlZWViODU3YTY5ODUzNTA4ZGU3YzVhYzM1NTdjNjM1MWEyYzA1ODU1ZDhlqA12AjkP0qNTc4ZjU3N2QwMDVmMw==","msisdn":"255627328385"} 
2024-10-23 05:24:13 Sent Request :
 {"channel":{"channel":"119234","password":"YTc4YWY3ZWVlZWViODU3YTY5ODUzNTA4ZGU3YzVhYzM1NTdjNjM1MWEyYzA1ODU1ZDhlNTc4ZjU3N2QwMDVmMw=="},"messages":[{"text":"58055","msisdn":"255627328385","source":"IJUE SHERIA"}]} 
2024-10-23 05:24:14 Returned Response :
 {"isSuccessful":true,"reference_id":"c4d66434674f478fa16d59f771b44d59","sms_quota":32182.0,"error_description":"Successfully submitted 1 message(s) to broker.","error_code":0} 
2024-10-23 08:24:14 Response :
 {"status":"200","statusDesc":"success"} 
2024-10-23 05:25:00 Incoming Request :
 {"otp_token":"58055","api_key":"YTc4YWY3ZWVlZWViODU3YTY5ODUzNTA4ZGU3YzVhYzM1NTdjNjM1MWEyYzA1ODU1ZDhlqA12AjkP0qNTc4ZjU3N2QwMDVmMw==","msisdn":"255627328385"} 
2024-10-23 05:25:00 Response :
 {"status":"200","statusDesc":"success","user_id":"255627328385","full_name":"","gender":"","region":"","msisdn":"255627328385","email":""} 
2024-10-23 07:32:27 Incoming Request :
 {"api_key":"YTc4YWY3ZWVlZWViODU3YTY5ODUzNTA4ZGU3YzVhYzM1NTdjNjM1MWEyYzA1ODU1ZDhlqA12AjkP0qNTc4ZjU3N2QwMDVmMw==","msisdn":"255628988646"} 
2024-10-23 07:32:27 Sent Request :
 {"channel":{"channel":"119234","password":"YTc4YWY3ZWVlZWViODU3YTY5ODUzNTA4ZGU3YzVhYzM1NTdjNjM1MWEyYzA1ODU1ZDhlNTc4ZjU3N2QwMDVmMw=="},"messages":[{"text":"15981","msisdn":"255628988646","source":"IJUE SHERIA"}]} 
2024-10-23 07:32:29 Returned Response :
 {"isSuccessful":true,"reference_id":"ff8909d8ed15459e95569ab6cda8426c","sms_quota":32180.0,"error_description":"Successfully submitted 1 message(s) to broker.","error_code":0} 
2024-10-23 10:32:29 Response :
 {"status":"200","statusDesc":"success"} 
2024-10-23 07:32:51 Incoming Request :
 {"otp_token":"15981","api_key":"YTc4YWY3ZWVlZWViODU3YTY5ODUzNTA4ZGU3YzVhYzM1NTdjNjM1MWEyYzA1ODU1ZDhlqA12AjkP0qNTc4ZjU3N2QwMDVmMw==","msisdn":"255628988646"} 
2024-10-23 07:32:51 Response :
 {"status":"200","statusDesc":"success","user_id":"14635","full_name":"SULEIMAN","gender":"FEMALE","region":"Dar Es Salaam","msisdn":"255628988646","email":""} 
2024-10-23 07:48:43 Incoming Request :
 {"api_key":"YTc4YWY3ZWVlZWViODU3YTY5ODUzNTA4ZGU3YzVhYzM1NTdjNjM1MWEyYzA1ODU1ZDhlqA12AjkP0qNTc4ZjU3N2QwMDVmMw==","msisdn":"255742347297"} 
2024-10-23 07:48:43 Sent Request :
 {"channel":{"channel":"119234","password":"YTc4YWY3ZWVlZWViODU3YTY5ODUzNTA4ZGU3YzVhYzM1NTdjNjM1MWEyYzA1ODU1ZDhlNTc4ZjU3N2QwMDVmMw=="},"messages":[{"text":"31010","msisdn":"255742347297","source":"IJUE SHERIA"}]} 
2024-10-23 07:48:45 Returned Response :
 {"isSuccessful":true,"reference_id":"1717f1fc70a64ffba6348db13d48659f","sms_quota":32175.0,"error_description":"Successfully submitted 1 message(s) to broker.","error_code":0} 
2024-10-23 10:48:45 Response :
 {"status":"200","statusDesc":"success"} 
2024-10-23 07:49:04 Incoming Request :
 {"otp_token":"31010","api_key":"YTc4YWY3ZWVlZWViODU3YTY5ODUzNTA4ZGU3YzVhYzM1NTdjNjM1MWEyYzA1ODU1ZDhlqA12AjkP0qNTc4ZjU3N2QwMDVmMw==","msisdn":"255742347297"} 
2024-10-23 07:49:04 Response :
 {"status":"200","statusDesc":"success","user_id":"27059","full_name":"Mzee Nankokonumbi","gender":"MALE","region":"Dar es Salaam","msisdn":"255742347297","email":""} 
2024-10-23 07:49:23 Incoming Request :
 {"api_key":"YTc4YWY3ZWVlZWViODU3YTY5ODUzNTA4ZGU3YzVhYzM1NTdjNjM1MWEyYzA1ODU1ZDhlqA12AjkP0qNTc4ZjU3N2QwMDVmMw==","msisdn":"255683185036"} 
2024-10-23 07:49:23 Sent Request :
 {"channel":{"channel":"119234","password":"YTc4YWY3ZWVlZWViODU3YTY5ODUzNTA4ZGU3YzVhYzM1NTdjNjM1MWEyYzA1ODU1ZDhlNTc4ZjU3N2QwMDVmMw=="},"messages":[{"text":"78320","msisdn":"255683185036","source":"IJUE SHERIA"}]} 
2024-10-23 07:49:25 Returned Response :
 {"isSuccessful":true,"reference_id":"233e7a284a33405889c8467039e02e6f","sms_quota":32173.0,"error_description":"Successfully submitted 1 message(s) to broker.","error_code":0} 
2024-10-23 10:49:25 Response :
 {"status":"200","statusDesc":"success"} 
2024-10-23 07:49:58 Incoming Request :
 {"otp_token":"78320","api_key":"YTc4YWY3ZWVlZWViODU3YTY5ODUzNTA4ZGU3YzVhYzM1NTdjNjM1MWEyYzA1ODU1ZDhlqA12AjkP0qNTc4ZjU3N2QwMDVmMw==","msisdn":"255683185036"} 
2024-10-23 07:49:58 Response :
 {"status":"200","statusDesc":"success","user_id":"27058","full_name":"Kaifa Kasimu Luanda","gender":"FEMALE","region":"Ruvuma","msisdn":"255683185036","email":""} 
2024-10-23 08:05:05 Incoming Request :
 {"api_key":"YTc4YWY3ZWVlZWViODU3YTY5ODUzNTA4ZGU3YzVhYzM1NTdjNjM1MWEyYzA1ODU1ZDhlqA12AjkP0qNTc4ZjU3N2QwMDVmMw==","msisdn":"255768127037"} 
2024-10-23 08:05:05 Sent Request :
 {"channel":{"channel":"119234","password":"YTc4YWY3ZWVlZWViODU3YTY5ODUzNTA4ZGU3YzVhYzM1NTdjNjM1MWEyYzA1ODU1ZDhlNTc4ZjU3N2QwMDVmMw=="},"messages":[{"text":"74737","msisdn":"255768127037","source":"IJUE SHERIA"}]} 
2024-10-23 08:05:07 Returned Response :
 {"isSuccessful":true,"reference_id":"1b6c46d9c4864b5cbb881c9cff96b8ea","sms_quota":32171.0,"error_description":"Successfully submitted 1 message(s) to broker.","error_code":0} 
2024-10-23 11:05:07 Response :
 {"status":"200","statusDesc":"success"} 
2024-10-23 08:07:16 Incoming Request :
 {"api_key":"YTc4YWY3ZWVlZWViODU3YTY5ODUzNTA4ZGU3YzVhYzM1NTdjNjM1MWEyYzA1ODU1ZDhlqA12AjkP0qNTc4ZjU3N2QwMDVmMw==","msisdn":"255768127037"} 
2024-10-23 08:07:16 Sent Request :
 {"channel":{"channel":"119234","password":"YTc4YWY3ZWVlZWViODU3YTY5ODUzNTA4ZGU3YzVhYzM1NTdjNjM1MWEyYzA1ODU1ZDhlNTc4ZjU3N2QwMDVmMw=="},"messages":[{"text":"45146","msisdn":"255768127037","source":"IJUE SHERIA"}]} 
2024-10-23 08:07:17 Returned Response :
 {"isSuccessful":true,"reference_id":"cbd3e1746c464ab2b3983ca27ce08a66","sms_quota":32169.0,"error_description":"Successfully submitted 1 message(s) to broker.","error_code":0} 
2024-10-23 11:07:17 Response :
 {"status":"200","statusDesc":"success"} 
2024-10-23 08:07:49 Incoming Request :
 {"otp_token":"45146","api_key":"YTc4YWY3ZWVlZWViODU3YTY5ODUzNTA4ZGU3YzVhYzM1NTdjNjM1MWEyYzA1ODU1ZDhlqA12AjkP0qNTc4ZjU3N2QwMDVmMw==","msisdn":"255768127037"} 
2024-10-23 08:07:49 Response :
 {"status":"200","statusDesc":"success","user_id":"27060","full_name":"baikane pelagia leonard","gender":"FEMALE","region":"Shinyanga","msisdn":"255768127037","email":""} 
2024-10-23 08:13:24 Incoming Request :
 {"api_key":"YTc4YWY3ZWVlZWViODU3YTY5ODUzNTA4ZGU3YzVhYzM1NTdjNjM1MWEyYzA1ODU1ZDhlqA12AjkP0qNTc4ZjU3N2QwMDVmMw==","msisdn":"255748355366"} 
2024-10-23 08:13:24 Sent Request :
 {"channel":{"channel":"119234","password":"YTc4YWY3ZWVlZWViODU3YTY5ODUzNTA4ZGU3YzVhYzM1NTdjNjM1MWEyYzA1ODU1ZDhlNTc4ZjU3N2QwMDVmMw=="},"messages":[{"text":"78335","msisdn":"255748355366","source":"IJUE SHERIA"}]} 
2024-10-23 08:13:26 Returned Response :
 {"isSuccessful":true,"reference_id":"45bea057e442415ead41d53464ab53ba","sms_quota":32168.0,"error_description":"Successfully submitted 1 message(s) to broker.","error_code":0} 
2024-10-23 11:13:26 Response :
 {"status":"200","statusDesc":"success"} 
2024-10-23 08:13:56 Incoming Request :
 {"otp_token":"78335","api_key":"YTc4YWY3ZWVlZWViODU3YTY5ODUzNTA4ZGU3YzVhYzM1NTdjNjM1MWEyYzA1ODU1ZDhlqA12AjkP0qNTc4ZjU3N2QwMDVmMw==","msisdn":"255748355366"} 
2024-10-23 08:13:56 Response :
 {"status":"200","statusDesc":"success","user_id":"27062","full_name":"mathew chales","gender":"FEMALE","region":"Dar es Salaam","msisdn":"255748355366","email":""} 
2024-10-23 08:27:07 Incoming Request :
 {"api_key":"YTc4YWY3ZWVlZWViODU3YTY5ODUzNTA4ZGU3YzVhYzM1NTdjNjM1MWEyYzA1ODU1ZDhlqA12AjkP0qNTc4ZjU3N2QwMDVmMw==","msisdn":"255672606131"} 
2024-10-23 08:27:07 Sent Request :
 {"channel":{"channel":"119234","password":"YTc4YWY3ZWVlZWViODU3YTY5ODUzNTA4ZGU3YzVhYzM1NTdjNjM1MWEyYzA1ODU1ZDhlNTc4ZjU3N2QwMDVmMw=="},"messages":[{"text":"59774","msisdn":"255672606131","source":"IJUE SHERIA"}]} 
2024-10-23 08:27:08 Returned Response :
 {"isSuccessful":true,"reference_id":"17a617f7f83a4d2aa5f85a7ff487060d","sms_quota":32166.0,"error_description":"Successfully submitted 1 message(s) to broker.","error_code":0} 
2024-10-23 11:27:08 Response :
 {"status":"200","statusDesc":"success"} 
2024-10-23 08:27:32 Incoming Request :
 {"otp_token":"59774","api_key":"YTc4YWY3ZWVlZWViODU3YTY5ODUzNTA4ZGU3YzVhYzM1NTdjNjM1MWEyYzA1ODU1ZDhlqA12AjkP0qNTc4ZjU3N2QwMDVmMw==","msisdn":"255672606131"} 
2024-10-23 08:27:32 Response :
 {"status":"200","statusDesc":"success","user_id":"27063","full_name":"japhet mnyetta","gender":"FEMALE","region":"Dar es Salaam","msisdn":"255672606131","email":""} 
2024-10-23 08:30:38 Incoming Request :
 {"api_key":"YTc4YWY3ZWVlZWViODU3YTY5ODUzNTA4ZGU3YzVhYzM1NTdjNjM1MWEyYzA1ODU1ZDhlqA12AjkP0qNTc4ZjU3N2QwMDVmMw==","msisdn":"255672606131"} 
2024-10-23 08:30:38 Sent Request :
 {"channel":{"channel":"119234","password":"YTc4YWY3ZWVlZWViODU3YTY5ODUzNTA4ZGU3YzVhYzM1NTdjNjM1MWEyYzA1ODU1ZDhlNTc4ZjU3N2QwMDVmMw=="},"messages":[{"text":"92964","msisdn":"255672606131","source":"IJUE SHERIA"}]} 
2024-10-23 08:30:40 Returned Response :
 {"isSuccessful":true,"reference_id":"49f827d1800c4c4ca4f2027492163887","sms_quota":32164.0,"error_description":"Successfully submitted 1 message(s) to broker.","error_code":0} 
2024-10-23 11:30:40 Response :
 {"status":"200","statusDesc":"success"} 
2024-10-23 08:32:58 Incoming Request :
 {"otp_token":"92964","api_key":"YTc4YWY3ZWVlZWViODU3YTY5ODUzNTA4ZGU3YzVhYzM1NTdjNjM1MWEyYzA1ODU1ZDhlqA12AjkP0qNTc4ZjU3N2QwMDVmMw==","msisdn":"255672606131"} 
2024-10-23 08:32:58 Response :
 {"status":"200","statusDesc":"success","user_id":"27063","full_name":"japhet mnyetta","gender":"FEMALE","region":"Dar es Salaam","msisdn":"255672606131","email":""} 
2024-10-23 08:38:45 Incoming Request :
 {"api_key":"YTc4YWY3ZWVlZWViODU3YTY5ODUzNTA4ZGU3YzVhYzM1NTdjNjM1MWEyYzA1ODU1ZDhlqA12AjkP0qNTc4ZjU3N2QwMDVmMw==","msisdn":"255767823270"} 
2024-10-23 08:38:45 Sent Request :
 {"channel":{"channel":"119234","password":"YTc4YWY3ZWVlZWViODU3YTY5ODUzNTA4ZGU3YzVhYzM1NTdjNjM1MWEyYzA1ODU1ZDhlNTc4ZjU3N2QwMDVmMw=="},"messages":[{"text":"30228","msisdn":"255767823270","source":"IJUE SHERIA"}]} 
2024-10-23 08:38:47 Returned Response :
 {"isSuccessful":true,"reference_id":"a003c56d4cac4df0929675b26259603c","sms_quota":32162.0,"error_description":"Successfully submitted 1 message(s) to broker.","error_code":0} 
2024-10-23 11:38:47 Response :
 {"status":"200","statusDesc":"success"} 
2024-10-23 08:39:19 Incoming Request :
 {"otp_token":"30228","api_key":"YTc4YWY3ZWVlZWViODU3YTY5ODUzNTA4ZGU3YzVhYzM1NTdjNjM1MWEyYzA1ODU1ZDhlqA12AjkP0qNTc4ZjU3N2QwMDVmMw==","msisdn":"255767823270"} 
2024-10-23 08:39:19 Response :
 {"status":"200","statusDesc":"success","user_id":"27064","full_name":"cosmas Aston ","gender":"FEMALE","region":"Mbeya","msisdn":"255767823270","email":""} 
2024-10-23 08:44:35 Incoming Request :
 {"api_key":"YTc4YWY3ZWVlZWViODU3YTY5ODUzNTA4ZGU3YzVhYzM1NTdjNjM1MWEyYzA1ODU1ZDhlqA12AjkP0qNTc4ZjU3N2QwMDVmMw==","msisdn":"255689262987"} 
2024-10-23 08:44:35 Sent Request :
 {"channel":{"channel":"119234","password":"YTc4YWY3ZWVlZWViODU3YTY5ODUzNTA4ZGU3YzVhYzM1NTdjNjM1MWEyYzA1ODU1ZDhlNTc4ZjU3N2QwMDVmMw=="},"messages":[{"text":"37357","msisdn":"255689262987","source":"IJUE SHERIA"}]} 
2024-10-23 08:44:37 Returned Response :
 {"isSuccessful":true,"reference_id":"b769ff8c427d48b38ab9424071510f3f","sms_quota":32160.0,"error_description":"Successfully submitted 1 message(s) to broker.","error_code":0} 
2024-10-23 11:44:37 Response :
 {"status":"200","statusDesc":"success"} 
2024-10-23 08:45:04 Incoming Request :
 {"otp_token":"37357","api_key":"YTc4YWY3ZWVlZWViODU3YTY5ODUzNTA4ZGU3YzVhYzM1NTdjNjM1MWEyYzA1ODU1ZDhlqA12AjkP0qNTc4ZjU3N2QwMDVmMw==","msisdn":"255689262987"} 
2024-10-23 08:45:05 Response :
 {"status":"200","statusDesc":"success","user_id":"255689262987","full_name":"","gender":"","region":"","msisdn":"255689262987","email":""} 
2024-10-23 09:00:10 Incoming Request :
 {"api_key":"YTc4YWY3ZWVlZWViODU3YTY5ODUzNTA4ZGU3YzVhYzM1NTdjNjM1MWEyYzA1ODU1ZDhlqA12AjkP0qNTc4ZjU3N2QwMDVmMw==","msisdn":"255769313702"} 
2024-10-23 09:00:10 Sent Request :
 {"channel":{"channel":"119234","password":"YTc4YWY3ZWVlZWViODU3YTY5ODUzNTA4ZGU3YzVhYzM1NTdjNjM1MWEyYzA1ODU1ZDhlNTc4ZjU3N2QwMDVmMw=="},"messages":[{"text":"17901","msisdn":"255769313702","source":"IJUE SHERIA"}]} 
2024-10-23 09:00:12 Returned Response :
 {"isSuccessful":true,"reference_id":"e2bbf27d7bd74d1db3dd9f4916b744c8","sms_quota":32158.0,"error_description":"Successfully submitted 1 message(s) to broker.","error_code":0} 
2024-10-23 12:00:12 Response :
 {"status":"200","statusDesc":"success"} 
2024-10-23 09:00:52 Incoming Request :
 {"otp_token":"17901","api_key":"YTc4YWY3ZWVlZWViODU3YTY5ODUzNTA4ZGU3YzVhYzM1NTdjNjM1MWEyYzA1ODU1ZDhlqA12AjkP0qNTc4ZjU3N2QwMDVmMw==","msisdn":"255769313702"} 
2024-10-23 09:00:52 Response :
 {"status":"200","statusDesc":"success","user_id":"27065","full_name":"Baraka Nanagi","gender":"FEMALE","region":"Singida","msisdn":"255769313702","email":""} 
2024-10-23 09:11:53 Incoming Request :
 {"api_key":"YTc4YWY3ZWVlZWViODU3YTY5ODUzNTA4ZGU3YzVhYzM1NTdjNjM1MWEyYzA1ODU1ZDhlqA12AjkP0qNTc4ZjU3N2QwMDVmMw==","msisdn":"255758375533"} 
2024-10-23 09:11:53 Sent Request :
 {"channel":{"channel":"119234","password":"YTc4YWY3ZWVlZWViODU3YTY5ODUzNTA4ZGU3YzVhYzM1NTdjNjM1MWEyYzA1ODU1ZDhlNTc4ZjU3N2QwMDVmMw=="},"messages":[{"text":"56488","msisdn":"255758375533","source":"IJUE SHERIA"}]} 
2024-10-23 09:11:55 Returned Response :
 {"isSuccessful":true,"reference_id":"8fd7d6956ef74497af6a7baec56687f0","sms_quota":32157.0,"error_description":"Successfully submitted 1 message(s) to broker.","error_code":0} 
2024-10-23 12:11:55 Response :
 {"status":"200","statusDesc":"success"} 
2024-10-23 09:12:50 Incoming Request :
 {"otp_token":"56488","api_key":"YTc4YWY3ZWVlZWViODU3YTY5ODUzNTA4ZGU3YzVhYzM1NTdjNjM1MWEyYzA1ODU1ZDhlqA12AjkP0qNTc4ZjU3N2QwMDVmMw==","msisdn":"255758375533"} 
2024-10-23 09:12:50 Response :
 {"status":"200","statusDesc":"success","user_id":"27066","full_name":"joseph clemence lwanda","gender":"FEMALE","region":"Dar es Salaam","msisdn":"255758375533","email":""} 
2024-10-23 10:06:53 Incoming Request :
 {"api_key":"YTc4YWY3ZWVlZWViODU3YTY5ODUzNTA4ZGU3YzVhYzM1NTdjNjM1MWEyYzA1ODU1ZDhlqA12AjkP0qNTc4ZjU3N2QwMDVmMw==","msisdn":"255695763111"} 
2024-10-23 10:06:53 Sent Request :
 {"channel":{"channel":"119234","password":"YTc4YWY3ZWVlZWViODU3YTY5ODUzNTA4ZGU3YzVhYzM1NTdjNjM1MWEyYzA1ODU1ZDhlNTc4ZjU3N2QwMDVmMw=="},"messages":[{"text":"84374","msisdn":"255695763111","source":"IJUE SHERIA"}]} 
2024-10-23 10:06:55 Returned Response :
 {"isSuccessful":true,"reference_id":"07b0ee6b93fa4ef69d11ce12184146b8","sms_quota":32155.0,"error_description":"Successfully submitted 1 message(s) to broker.","error_code":0} 
2024-10-23 13:06:55 Response :
 {"status":"200","statusDesc":"success"} 
2024-10-23 10:07:08 Incoming Request :
 {"otp_token":"84374","api_key":"YTc4YWY3ZWVlZWViODU3YTY5ODUzNTA4ZGU3YzVhYzM1NTdjNjM1MWEyYzA1ODU1ZDhlqA12AjkP0qNTc4ZjU3N2QwMDVmMw==","msisdn":"255695763111"} 
2024-10-23 10:07:08 Response :
 {"status":"200","statusDesc":"success","user_id":"27067","full_name":"ahmed","gender":"FEMALE","region":"Arusha","msisdn":"255695763111","email":""} 
2024-10-23 10:25:37 Incoming Request :
 {"api_key":"YTc4YWY3ZWVlZWViODU3YTY5ODUzNTA4ZGU3YzVhYzM1NTdjNjM1MWEyYzA1ODU1ZDhlqA12AjkP0qNTc4ZjU3N2QwMDVmMw==","msisdn":"255752965795"} 
2024-10-23 10:25:37 Sent Request :
 {"channel":{"channel":"119234","password":"YTc4YWY3ZWVlZWViODU3YTY5ODUzNTA4ZGU3YzVhYzM1NTdjNjM1MWEyYzA1ODU1ZDhlNTc4ZjU3N2QwMDVmMw=="},"messages":[{"text":"24039","msisdn":"255752965795","source":"IJUE SHERIA"}]} 
2024-10-23 10:25:38 Returned Response :
 {"isSuccessful":true,"reference_id":"0719c49336264459a2dd51fdc97cada5","sms_quota":32153.0,"error_description":"Successfully submitted 1 message(s) to broker.","error_code":0} 
2024-10-23 13:25:38 Response :
 {"status":"200","statusDesc":"success"} 
2024-10-23 10:25:59 Incoming Request :
 {"otp_token":"24039","api_key":"YTc4YWY3ZWVlZWViODU3YTY5ODUzNTA4ZGU3YzVhYzM1NTdjNjM1MWEyYzA1ODU1ZDhlqA12AjkP0qNTc4ZjU3N2QwMDVmMw==","msisdn":"255752965795"} 
2024-10-23 10:25:59 Response :
 {"status":"200","statusDesc":"success","user_id":"27068","full_name":"Baraka Mjema ","gender":"FEMALE","region":"Shinyanga","msisdn":"255752965795","email":""} 
2024-10-23 10:47:42 Incoming Request :
 {"api_key":"YTc4YWY3ZWVlZWViODU3YTY5ODUzNTA4ZGU3YzVhYzM1NTdjNjM1MWEyYzA1ODU1ZDhlqA12AjkP0qNTc4ZjU3N2QwMDVmMw==","msisdn":"255767134643"} 
2024-10-23 10:47:42 Sent Request :
 {"channel":{"channel":"119234","password":"YTc4YWY3ZWVlZWViODU3YTY5ODUzNTA4ZGU3YzVhYzM1NTdjNjM1MWEyYzA1ODU1ZDhlNTc4ZjU3N2QwMDVmMw=="},"messages":[{"text":"79492","msisdn":"255767134643","source":"IJUE SHERIA"}]} 
2024-10-23 10:47:44 Returned Response :
 {"isSuccessful":true,"reference_id":"1cae71e2b1594568aefdd8c60614a576","sms_quota":32151.0,"error_description":"Successfully submitted 1 message(s) to broker.","error_code":0} 
2024-10-23 13:47:44 Response :
 {"status":"200","statusDesc":"success"} 
2024-10-23 10:48:00 Incoming Request :
 {"otp_token":"94935","api_key":"YTc4YWY3ZWVlZWViODU3YTY5ODUzNTA4ZGU3YzVhYzM1NTdjNjM1MWEyYzA1ODU1ZDhlqA12AjkP0qNTc4ZjU3N2QwMDVmMw==","msisdn":"255767134643"} 
2024-10-23 10:48:00 Response :
 {"status":"200","statusDesc":"success","user_id":"255767134643","full_name":"","gender":"","region":"","msisdn":"255767134643","email":""} 
2024-10-23 11:22:17 Incoming Request :
 {"api_key":"YTc4YWY3ZWVlZWViODU3YTY5ODUzNTA4ZGU3YzVhYzM1NTdjNjM1MWEyYzA1ODU1ZDhlqA12AjkP0qNTc4ZjU3N2QwMDVmMw==","msisdn":"255767122177"} 
2024-10-23 11:22:17 Sent Request :
 {"channel":{"channel":"119234","password":"YTc4YWY3ZWVlZWViODU3YTY5ODUzNTA4ZGU3YzVhYzM1NTdjNjM1MWEyYzA1ODU1ZDhlNTc4ZjU3N2QwMDVmMw=="},"messages":[{"text":"69803","msisdn":"255767122177","source":"IJUE SHERIA"}]} 
2024-10-23 11:22:19 Returned Response :
 {"isSuccessful":true,"reference_id":"6871148654384b9ead3a02098f857d42","sms_quota":32149.0,"error_description":"Successfully submitted 1 message(s) to broker.","error_code":0} 
2024-10-23 14:22:19 Response :
 {"status":"200","statusDesc":"success"} 
2024-10-23 11:22:47 Incoming Request :
 {"otp_token":"69803","api_key":"YTc4YWY3ZWVlZWViODU3YTY5ODUzNTA4ZGU3YzVhYzM1NTdjNjM1MWEyYzA1ODU1ZDhlqA12AjkP0qNTc4ZjU3N2QwMDVmMw==","msisdn":"255767122177"} 
2024-10-23 11:22:47 Response :
 {"status":"200","statusDesc":"success","user_id":"27070","full_name":"kashinde mbugano","gender":"FEMALE","region":"Iringa","msisdn":"255767122177","email":""} 
2024-10-23 11:50:02 Incoming Request :
 {"api_key":"YTc4YWY3ZWVlZWViODU3YTY5ODUzNTA4ZGU3YzVhYzM1NTdjNjM1MWEyYzA1ODU1ZDhlqA12AjkP0qNTc4ZjU3N2QwMDVmMw==","msisdn":"255623777311"} 
2024-10-23 11:50:02 Sent Request :
 {"channel":{"channel":"119234","password":"YTc4YWY3ZWVlZWViODU3YTY5ODUzNTA4ZGU3YzVhYzM1NTdjNjM1MWEyYzA1ODU1ZDhlNTc4ZjU3N2QwMDVmMw=="},"messages":[{"text":"69036","msisdn":"255623777311","source":"IJUE SHERIA"}]} 
2024-10-23 11:50:04 Returned Response :
 {"isSuccessful":true,"reference_id":"6a29a1c3ce6440028fccf298ff75e057","sms_quota":32147.0,"error_description":"Successfully submitted 1 message(s) to broker.","error_code":0} 
2024-10-23 14:50:04 Response :
 {"status":"200","statusDesc":"success"} 
2024-10-23 11:50:50 Incoming Request :
 {"otp_token":"69036","api_key":"YTc4YWY3ZWVlZWViODU3YTY5ODUzNTA4ZGU3YzVhYzM1NTdjNjM1MWEyYzA1ODU1ZDhlqA12AjkP0qNTc4ZjU3N2QwMDVmMw==","msisdn":"255623777311"} 
2024-10-23 11:50:50 Response :
 {"status":"200","statusDesc":"success","user_id":"23244","full_name":"Emilian mkundi","gender":"FEMALE","region":"Dar es Salaam","msisdn":"255623777311","email":""} 
2024-10-23 12:21:04 Incoming Request :
 {"api_key":"YTc4YWY3ZWVlZWViODU3YTY5ODUzNTA4ZGU3YzVhYzM1NTdjNjM1MWEyYzA1ODU1ZDhlqA12AjkP0qNTc4ZjU3N2QwMDVmMw==","msisdn":"255758347038"} 
2024-10-23 12:21:04 Sent Request :
 {"channel":{"channel":"119234","password":"YTc4YWY3ZWVlZWViODU3YTY5ODUzNTA4ZGU3YzVhYzM1NTdjNjM1MWEyYzA1ODU1ZDhlNTc4ZjU3N2QwMDVmMw=="},"messages":[{"text":"53221","msisdn":"255758347038","source":"IJUE SHERIA"}]} 
2024-10-23 12:21:05 Returned Response :
 {"isSuccessful":true,"reference_id":"90cf825aaac64041877ee9d98de50e8c","sms_quota":32146.0,"error_description":"Successfully submitted 1 message(s) to broker.","error_code":0} 
2024-10-23 15:21:05 Response :
 {"status":"200","statusDesc":"success"} 
2024-10-23 12:21:36 Incoming Request :
 {"api_key":"YTc4YWY3ZWVlZWViODU3YTY5ODUzNTA4ZGU3YzVhYzM1NTdjNjM1MWEyYzA1ODU1ZDhlqA12AjkP0qNTc4ZjU3N2QwMDVmMw==","msisdn":"255629091129"} 
2024-10-23 12:21:36 Sent Request :
 {"channel":{"channel":"119234","password":"YTc4YWY3ZWVlZWViODU3YTY5ODUzNTA4ZGU3YzVhYzM1NTdjNjM1MWEyYzA1ODU1ZDhlNTc4ZjU3N2QwMDVmMw=="},"messages":[{"text":"81665","msisdn":"255629091129","source":"IJUE SHERIA"}]} 
2024-10-23 12:21:38 Returned Response :
 {"isSuccessful":true,"reference_id":"551a2bc3ef214b2e994a570512924caa","sms_quota":32144.0,"error_description":"Successfully submitted 1 message(s) to broker.","error_code":0} 
2024-10-23 15:21:38 Response :
 {"status":"200","statusDesc":"success"} 
2024-10-23 12:22:24 Incoming Request :
 {"api_key":"YTc4YWY3ZWVlZWViODU3YTY5ODUzNTA4ZGU3YzVhYzM1NTdjNjM1MWEyYzA1ODU1ZDhlqA12AjkP0qNTc4ZjU3N2QwMDVmMw==","msisdn":"255758347038"} 
2024-10-23 12:22:24 Sent Request :
 {"channel":{"channel":"119234","password":"YTc4YWY3ZWVlZWViODU3YTY5ODUzNTA4ZGU3YzVhYzM1NTdjNjM1MWEyYzA1ODU1ZDhlNTc4ZjU3N2QwMDVmMw=="},"messages":[{"text":"43938","msisdn":"255758347038","source":"IJUE SHERIA"}]} 
2024-10-23 12:22:26 Returned Response :
 {"isSuccessful":true,"reference_id":"bbbb1496f3ec46538ae6e05c8471376b","sms_quota":32142.0,"error_description":"Successfully submitted 1 message(s) to broker.","error_code":0} 
2024-10-23 15:22:26 Response :
 {"status":"200","statusDesc":"success"} 
2024-10-23 12:22:38 Incoming Request :
 {"otp_token":"12345","api_key":"YTc4YWY3ZWVlZWViODU3YTY5ODUzNTA4ZGU3YzVhYzM1NTdjNjM1MWEyYzA1ODU1ZDhlqA12AjkP0qNTc4ZjU3N2QwMDVmMw==","msisdn":"255629091129"} 
2024-10-23 12:22:38 Response :
 {"status":"200","statusDesc":"success","user_id":"255629091129","full_name":"","gender":"","region":"","msisdn":"255629091129","email":""} 
2024-10-23 12:24:20 Incoming Request :
 {"api_key":"YTc4YWY3ZWVlZWViODU3YTY5ODUzNTA4ZGU3YzVhYzM1NTdjNjM1MWEyYzA1ODU1ZDhlqA12AjkP0qNTc4ZjU3N2QwMDVmMw==","msisdn":"255718877496"} 
2024-10-23 12:24:20 Sent Request :
 {"channel":{"channel":"119234","password":"YTc4YWY3ZWVlZWViODU3YTY5ODUzNTA4ZGU3YzVhYzM1NTdjNjM1MWEyYzA1ODU1ZDhlNTc4ZjU3N2QwMDVmMw=="},"messages":[{"text":"31692","msisdn":"255718877496","source":"IJUE SHERIA"}]} 
2024-10-23 12:24:21 Returned Response :
 {"isSuccessful":true,"reference_id":"b8217f7486ba4bcb8afde02266fe3f1c","sms_quota":32140.0,"error_description":"Successfully submitted 1 message(s) to broker.","error_code":0} 
2024-10-23 15:24:21 Response :
 {"status":"200","statusDesc":"success"} 
2024-10-23 12:25:54 Incoming Request :
 {"otp_token":"05655","api_key":"YTc4YWY3ZWVlZWViODU3YTY5ODUzNTA4ZGU3YzVhYzM1NTdjNjM1MWEyYzA1ODU1ZDhlqA12AjkP0qNTc4ZjU3N2QwMDVmMw==","msisdn":"255718877496"} 
2024-10-23 12:25:54 Response :
 {"status":"200","statusDesc":"success","user_id":"255718877496","full_name":"","gender":"","region":"","msisdn":"255718877496","email":""} 
2024-10-23 13:10:00 Incoming Request :
 {"api_key":"YTc4YWY3ZWVlZWViODU3YTY5ODUzNTA4ZGU3YzVhYzM1NTdjNjM1MWEyYzA1ODU1ZDhlqA12AjkP0qNTc4ZjU3N2QwMDVmMw==","msisdn":"255684073048"} 
2024-10-23 13:10:00 Sent Request :
 {"channel":{"channel":"119234","password":"YTc4YWY3ZWVlZWViODU3YTY5ODUzNTA4ZGU3YzVhYzM1NTdjNjM1MWEyYzA1ODU1ZDhlNTc4ZjU3N2QwMDVmMw=="},"messages":[{"text":"44103","msisdn":"255684073048","source":"IJUE SHERIA"}]} 
2024-10-23 13:10:02 Returned Response :
 {"isSuccessful":true,"reference_id":"2264d36406504a3e901d112254317120","sms_quota":32138.0,"error_description":"Successfully submitted 1 message(s) to broker.","error_code":0} 
2024-10-23 16:10:02 Response :
 {"status":"200","statusDesc":"success"} 
2024-10-23 13:10:30 Incoming Request :
 {"otp_token":"44103","api_key":"YTc4YWY3ZWVlZWViODU3YTY5ODUzNTA4ZGU3YzVhYzM1NTdjNjM1MWEyYzA1ODU1ZDhlqA12AjkP0qNTc4ZjU3N2QwMDVmMw==","msisdn":"255684073048"} 
2024-10-23 13:10:30 Response :
 {"status":"200","statusDesc":"success","user_id":"27073","full_name":"nurdin","gender":"FEMALE","region":"Dar es Salaam","msisdn":"255684073048","email":""} 
2024-10-23 15:34:23 Incoming Request :
 {"api_key":"YTc4YWY3ZWVlZWViODU3YTY5ODUzNTA4ZGU3YzVhYzM1NTdjNjM1MWEyYzA1ODU1ZDhlqA12AjkP0qNTc4ZjU3N2QwMDVmMw==","msisdn":"255761542952"} 
2024-10-23 15:34:23 Sent Request :
 {"channel":{"channel":"119234","password":"YTc4YWY3ZWVlZWViODU3YTY5ODUzNTA4ZGU3YzVhYzM1NTdjNjM1MWEyYzA1ODU1ZDhlNTc4ZjU3N2QwMDVmMw=="},"messages":[{"text":"94186","msisdn":"255761542952","source":"IJUE SHERIA"}]} 
2024-10-23 15:34:25 Returned Response :
 {"isSuccessful":true,"reference_id":"df44a4758aa448febefe32bfde2e438e","sms_quota":32136.0,"error_description":"Successfully submitted 1 message(s) to broker.","error_code":0} 
2024-10-23 18:34:25 Response :
 {"status":"200","statusDesc":"success"} 
2024-10-23 15:58:00 Incoming Request :
 {"api_key":"YTc4YWY3ZWVlZWViODU3YTY5ODUzNTA4ZGU3YzVhYzM1NTdjNjM1MWEyYzA1ODU1ZDhlqA12AjkP0qNTc4ZjU3N2QwMDVmMw==","msisdn":"255753712594"} 
2024-10-23 15:58:00 Sent Request :
 {"channel":{"channel":"119234","password":"YTc4YWY3ZWVlZWViODU3YTY5ODUzNTA4ZGU3YzVhYzM1NTdjNjM1MWEyYzA1ODU1ZDhlNTc4ZjU3N2QwMDVmMw=="},"messages":[{"text":"71528","msisdn":"255753712594","source":"IJUE SHERIA"}]} 
2024-10-23 15:58:02 Returned Response :
 {"isSuccessful":true,"reference_id":"57b708f202794affa51b1836c2565bde","sms_quota":32135.0,"error_description":"Successfully submitted 1 message(s) to broker.","error_code":0} 
2024-10-23 18:58:02 Response :
 {"status":"200","statusDesc":"success"} 
2024-10-23 15:58:31 Incoming Request :
 {"otp_token":"71528","api_key":"YTc4YWY3ZWVlZWViODU3YTY5ODUzNTA4ZGU3YzVhYzM1NTdjNjM1MWEyYzA1ODU1ZDhlqA12AjkP0qNTc4ZjU3N2QwMDVmMw==","msisdn":"255753712594"} 
2024-10-23 15:58:31 Response :
 {"status":"200","statusDesc":"success","user_id":"19434","full_name":"Mussa Ndemela Machibya ","gender":"FEMALE","region":"Shinyanga","msisdn":"255753712594","email":""} 
2024-10-23 16:09:37 Incoming Request :
 {"api_key":"YTc4YWY3ZWVlZWViODU3YTY5ODUzNTA4ZGU3YzVhYzM1NTdjNjM1MWEyYzA1ODU1ZDhlqA12AjkP0qNTc4ZjU3N2QwMDVmMw==","msisdn":"255756672825"} 
2024-10-23 16:09:37 Sent Request :
 {"channel":{"channel":"119234","password":"YTc4YWY3ZWVlZWViODU3YTY5ODUzNTA4ZGU3YzVhYzM1NTdjNjM1MWEyYzA1ODU1ZDhlNTc4ZjU3N2QwMDVmMw=="},"messages":[{"text":"62862","msisdn":"255756672825","source":"IJUE SHERIA"}]} 
2024-10-23 16:09:39 Returned Response :
 {"isSuccessful":true,"reference_id":"bf3a3335bb72463b9f857a18c3f02b04","sms_quota":32133.0,"error_description":"Successfully submitted 1 message(s) to broker.","error_code":0} 
2024-10-23 19:09:39 Response :
 {"status":"200","statusDesc":"success"} 
2024-10-23 16:10:07 Incoming Request :
 {"otp_token":"62862","api_key":"YTc4YWY3ZWVlZWViODU3YTY5ODUzNTA4ZGU3YzVhYzM1NTdjNjM1MWEyYzA1ODU1ZDhlqA12AjkP0qNTc4ZjU3N2QwMDVmMw==","msisdn":"255756672825"} 
2024-10-23 16:10:07 Response :
 {"status":"200","statusDesc":"success","user_id":"255756672825","full_name":"","gender":"","region":"","msisdn":"255756672825","email":""} 
2024-10-23 17:47:59 Incoming Request :
 {"api_key":"YTc4YWY3ZWVlZWViODU3YTY5ODUzNTA4ZGU3YzVhYzM1NTdjNjM1MWEyYzA1ODU1ZDhlqA12AjkP0qNTc4ZjU3N2QwMDVmMw==","msisdn":"255769171638"} 
2024-10-23 17:47:59 Sent Request :
 {"channel":{"channel":"119234","password":"YTc4YWY3ZWVlZWViODU3YTY5ODUzNTA4ZGU3YzVhYzM1NTdjNjM1MWEyYzA1ODU1ZDhlNTc4ZjU3N2QwMDVmMw=="},"messages":[{"text":"64613","msisdn":"255769171638","source":"IJUE SHERIA"}]} 
2024-10-23 17:48:01 Returned Response :
 {"isSuccessful":true,"reference_id":"87d82978139a40efa9c54b7909a0060f","sms_quota":32131.0,"error_description":"Successfully submitted 1 message(s) to broker.","error_code":0} 
2024-10-23 20:48:01 Response :
 {"status":"200","statusDesc":"success"} 
2024-10-23 17:48:25 Incoming Request :
 {"otp_token":"12345","api_key":"YTc4YWY3ZWVlZWViODU3YTY5ODUzNTA4ZGU3YzVhYzM1NTdjNjM1MWEyYzA1ODU1ZDhlqA12AjkP0qNTc4ZjU3N2QwMDVmMw==","msisdn":"255769171638"} 
2024-10-23 17:48:25 Response :
 {"status":"200","statusDesc":"success","user_id":"255769171638","full_name":"","gender":"","region":"","msisdn":"255769171638","email":""} 
2024-10-23 17:54:49 Incoming Request :
 {"api_key":"YTc4YWY3ZWVlZWViODU3YTY5ODUzNTA4ZGU3YzVhYzM1NTdjNjM1MWEyYzA1ODU1ZDhlqA12AjkP0qNTc4ZjU3N2QwMDVmMw==","msisdn":"255757466900"} 
2024-10-23 17:54:49 Sent Request :
 {"channel":{"channel":"119234","password":"YTc4YWY3ZWVlZWViODU3YTY5ODUzNTA4ZGU3YzVhYzM1NTdjNjM1MWEyYzA1ODU1ZDhlNTc4ZjU3N2QwMDVmMw=="},"messages":[{"text":"92449","msisdn":"255757466900","source":"IJUE SHERIA"}]} 
2024-10-23 17:54:51 Returned Response :
 {"isSuccessful":true,"reference_id":"4db69506e15a4ceaa43956d42e6ebdf8","sms_quota":32129.0,"error_description":"Successfully submitted 1 message(s) to broker.","error_code":0} 
2024-10-23 20:54:51 Response :
 {"status":"200","statusDesc":"success"} 
2024-10-23 17:55:35 Incoming Request :
 {"otp_token":"92449","api_key":"YTc4YWY3ZWVlZWViODU3YTY5ODUzNTA4ZGU3YzVhYzM1NTdjNjM1MWEyYzA1ODU1ZDhlqA12AjkP0qNTc4ZjU3N2QwMDVmMw==","msisdn":"255757466900"} 
2024-10-23 17:55:35 Response :
 {"status":"200","statusDesc":"success","user_id":"27076","full_name":"Timotheo","gender":"FEMALE","region":"Ruvuma","msisdn":"255757466900","email":""} 
2024-10-23 19:33:29 Incoming Request :
 {"api_key":"YTc4YWY3ZWVlZWViODU3YTY5ODUzNTA4ZGU3YzVhYzM1NTdjNjM1MWEyYzA1ODU1ZDhlqA12AjkP0qNTc4ZjU3N2QwMDVmMw==","msisdn":"255788195019"} 
2024-10-23 19:33:29 Sent Request :
 {"channel":{"channel":"119234","password":"YTc4YWY3ZWVlZWViODU3YTY5ODUzNTA4ZGU3YzVhYzM1NTdjNjM1MWEyYzA1ODU1ZDhlNTc4ZjU3N2QwMDVmMw=="},"messages":[{"text":"11605","msisdn":"255788195019","source":"IJUE SHERIA"}]} 
2024-10-23 19:33:31 Returned Response :
 {"isSuccessful":true,"reference_id":"3d495d8b8fd14c4cb50873d16d4dea96","sms_quota":32127.0,"error_description":"Successfully submitted 1 message(s) to broker.","error_code":0} 
2024-10-23 22:33:31 Response :
 {"status":"200","statusDesc":"success"} 
2024-10-23 19:33:54 Incoming Request :
 {"otp_token":"11605","api_key":"YTc4YWY3ZWVlZWViODU3YTY5ODUzNTA4ZGU3YzVhYzM1NTdjNjM1MWEyYzA1ODU1ZDhlqA12AjkP0qNTc4ZjU3N2QwMDVmMw==","msisdn":"255788195019"} 
2024-10-23 19:33:54 Response :
 {"status":"200","statusDesc":"success","user_id":"27077","full_name":"Ally Majam","gender":"FEMALE","region":"Dar es Salaam","msisdn":"255788195019","email":""} 
2024-10-23 19:40:43 Incoming Request :
 {"api_key":"YTc4YWY3ZWVlZWViODU3YTY5ODUzNTA4ZGU3YzVhYzM1NTdjNjM1MWEyYzA1ODU1ZDhlqA12AjkP0qNTc4ZjU3N2QwMDVmMw==","msisdn":"255689524402"} 
2024-10-23 19:40:43 Sent Request :
 {"channel":{"channel":"119234","password":"YTc4YWY3ZWVlZWViODU3YTY5ODUzNTA4ZGU3YzVhYzM1NTdjNjM1MWEyYzA1ODU1ZDhlNTc4ZjU3N2QwMDVmMw=="},"messages":[{"text":"17065","msisdn":"255689524402","source":"IJUE SHERIA"}]} 
2024-10-23 19:40:45 Returned Response :
 {"isSuccessful":true,"reference_id":"e35b58b7fd69415285a2a942263504e1","sms_quota":32125.0,"error_description":"Successfully submitted 1 message(s) to broker.","error_code":0} 
2024-10-23 22:40:45 Response :
 {"status":"200","statusDesc":"success"} 
2024-10-23 19:42:23 Incoming Request :
 {"otp_token":"19960","api_key":"YTc4YWY3ZWVlZWViODU3YTY5ODUzNTA4ZGU3YzVhYzM1NTdjNjM1MWEyYzA1ODU1ZDhlqA12AjkP0qNTc4ZjU3N2QwMDVmMw==","msisdn":"255689524402"} 
2024-10-23 19:42:23 Response :
 {"status":"200","statusDesc":"success","user_id":"255689524402","full_name":"","gender":"","region":"","msisdn":"255689524402","email":""} 
2024-10-23 19:55:36 Incoming Request :
 {"api_key":"YTc4YWY3ZWVlZWViODU3YTY5ODUzNTA4ZGU3YzVhYzM1NTdjNjM1MWEyYzA1ODU1ZDhlqA12AjkP0qNTc4ZjU3N2QwMDVmMw==","msisdn":"255766172843"} 
2024-10-23 19:55:36 Sent Request :
 {"channel":{"channel":"119234","password":"YTc4YWY3ZWVlZWViODU3YTY5ODUzNTA4ZGU3YzVhYzM1NTdjNjM1MWEyYzA1ODU1ZDhlNTc4ZjU3N2QwMDVmMw=="},"messages":[{"text":"49581","msisdn":"255766172843","source":"IJUE SHERIA"}]} 
2024-10-23 19:55:37 Returned Response :
 {"isSuccessful":true,"reference_id":"943047671d3349e5b995933675fe07a6","sms_quota":32124.0,"error_description":"Successfully submitted 1 message(s) to broker.","error_code":0} 
2024-10-23 22:55:37 Response :
 {"status":"200","statusDesc":"success"} 
2024-10-23 19:56:41 Incoming Request :
 {"otp_token":"49581","api_key":"YTc4YWY3ZWVlZWViODU3YTY5ODUzNTA4ZGU3YzVhYzM1NTdjNjM1MWEyYzA1ODU1ZDhlqA12AjkP0qNTc4ZjU3N2QwMDVmMw==","msisdn":"255766172843"} 
2024-10-23 19:56:41 Response :
 {"status":"200","statusDesc":"success","user_id":"255766172843","full_name":"","gender":"","region":"","msisdn":"255766172843","email":""} 
2024-10-23 22:17:07 Incoming Request :
 {"api_key":"YTc4YWY3ZWVlZWViODU3YTY5ODUzNTA4ZGU3YzVhYzM1NTdjNjM1MWEyYzA1ODU1ZDhlqA12AjkP0qNTc4ZjU3N2QwMDVmMw==","msisdn":"255679002092"} 
2024-10-23 22:17:07 Sent Request :
 {"channel":{"channel":"119234","password":"YTc4YWY3ZWVlZWViODU3YTY5ODUzNTA4ZGU3YzVhYzM1NTdjNjM1MWEyYzA1ODU1ZDhlNTc4ZjU3N2QwMDVmMw=="},"messages":[{"text":"81955","msisdn":"255679002092","source":"IJUE SHERIA"}]} 
2024-10-23 22:17:09 Returned Response :
 {"isSuccessful":true,"reference_id":"d8624d805a064b169780bb04fc3a424e","sms_quota":32122.0,"error_description":"Successfully submitted 1 message(s) to broker.","error_code":0} 
2024-10-24 01:17:09 Response :
 {"status":"200","statusDesc":"success"} 
2024-10-23 22:17:33 Incoming Request :
 {"otp_token":"81955","api_key":"YTc4YWY3ZWVlZWViODU3YTY5ODUzNTA4ZGU3YzVhYzM1NTdjNjM1MWEyYzA1ODU1ZDhlqA12AjkP0qNTc4ZjU3N2QwMDVmMw==","msisdn":"255679002092"} 
2024-10-23 22:17:33 Response :
 {"status":"200","statusDesc":"success","user_id":"27078","full_name":"livin","gender":"FEMALE","region":"Arusha","msisdn":"255679002092","email":""} 
2024-10-23 23:42:15 Incoming Request :
 {"api_key":"YTc4YWY3ZWVlZWViODU3YTY5ODUzNTA4ZGU3YzVhYzM1NTdjNjM1MWEyYzA1ODU1ZDhlqA12AjkP0qNTc4ZjU3N2QwMDVmMw==","msisdn":"255757528628"} 
2024-10-23 23:42:15 Sent Request :
 {"channel":{"channel":"119234","password":"YTc4YWY3ZWVlZWViODU3YTY5ODUzNTA4ZGU3YzVhYzM1NTdjNjM1MWEyYzA1ODU1ZDhlNTc4ZjU3N2QwMDVmMw=="},"messages":[{"text":"18689","msisdn":"255757528628","source":"IJUE SHERIA"}]} 
2024-10-23 23:42:17 Returned Response :
 {"isSuccessful":true,"reference_id":"4febe073cc684c3b920ad37276d64976","sms_quota":32120.0,"error_description":"Successfully submitted 1 message(s) to broker.","error_code":0} 
2024-10-24 02:42:17 Response :
 {"status":"200","statusDesc":"success"} 
2024-10-23 23:43:45 Incoming Request :
 {"otp_token":"18689","api_key":"YTc4YWY3ZWVlZWViODU3YTY5ODUzNTA4ZGU3YzVhYzM1NTdjNjM1MWEyYzA1ODU1ZDhlqA12AjkP0qNTc4ZjU3N2QwMDVmMw==","msisdn":"255757528628"} 
2024-10-23 23:43:45 Response :
 {"status":"200","statusDesc":"success","user_id":"27079","full_name":"Kiirya Isaac","gender":"MALE","region":"Manyara","msisdn":"255757528628","email":""} 