
2024-10-22 04:23:44 Incoming Request :
 {"api_key":"YTc4YWY3ZWVlZWViODU3YTY5ODUzNTA4ZGU3YzVhYzM1NTdjNjM1MWEyYzA1ODU1ZDhlqA12AjkP0qNTc4ZjU3N2QwMDVmMw==","msisdn":"255673142941"} 
2024-10-22 04:23:44 Sent Request :
 {"channel":{"channel":"119234","password":"YTc4YWY3ZWVlZWViODU3YTY5ODUzNTA4ZGU3YzVhYzM1NTdjNjM1MWEyYzA1ODU1ZDhlNTc4ZjU3N2QwMDVmMw=="},"messages":[{"text":"89639","msisdn":"255673142941","source":"IJUE SHERIA"}]} 
2024-10-22 04:23:46 Returned Response :
 {"isSuccessful":true,"reference_id":"311a27635db04f328f4c14fcaf5be305","sms_quota":32505.0,"error_description":"Successfully submitted 1 message(s) to broker.","error_code":0} 
2024-10-22 07:23:46 Response :
 {"status":"200","statusDesc":"success"} 
2024-10-22 04:24:16 Incoming Request :
 {"api_key":"YTc4YWY3ZWVlZWViODU3YTY5ODUzNTA4ZGU3YzVhYzM1NTdjNjM1MWEyYzA1ODU1ZDhlqA12AjkP0qNTc4ZjU3N2QwMDVmMw==","msisdn":"255627555628"} 
2024-10-22 04:24:16 Sent Request :
 {"channel":{"channel":"119234","password":"YTc4YWY3ZWVlZWViODU3YTY5ODUzNTA4ZGU3YzVhYzM1NTdjNjM1MWEyYzA1ODU1ZDhlNTc4ZjU3N2QwMDVmMw=="},"messages":[{"text":"11023","msisdn":"255627555628","source":"IJUE SHERIA"}]} 
2024-10-22 04:24:18 Returned Response :
 {"isSuccessful":true,"reference_id":"970dc3539c0a4f168e62383575c6e9a1","sms_quota":32503.0,"error_description":"Successfully submitted 1 message(s) to broker.","error_code":0} 
2024-10-22 07:24:18 Response :
 {"status":"200","statusDesc":"success"} 
2024-10-22 04:24:26 Incoming Request :
 {"otp_token":"89639","api_key":"YTc4YWY3ZWVlZWViODU3YTY5ODUzNTA4ZGU3YzVhYzM1NTdjNjM1MWEyYzA1ODU1ZDhlqA12AjkP0qNTc4ZjU3N2QwMDVmMw==","msisdn":"255673142941"} 
2024-10-22 04:24:26 Response :
 {"status":"200","statusDesc":"success","user_id":"255673142941","full_name":"","gender":"","region":"","msisdn":"255673142941","email":""} 
2024-10-22 04:33:22 Incoming Request :
 {"api_key":"YTc4YWY3ZWVlZWViODU3YTY5ODUzNTA4ZGU3YzVhYzM1NTdjNjM1MWEyYzA1ODU1ZDhlqA12AjkP0qNTc4ZjU3N2QwMDVmMw==","msisdn":"255627555628"} 
2024-10-22 04:33:22 Sent Request :
 {"channel":{"channel":"119234","password":"YTc4YWY3ZWVlZWViODU3YTY5ODUzNTA4ZGU3YzVhYzM1NTdjNjM1MWEyYzA1ODU1ZDhlNTc4ZjU3N2QwMDVmMw=="},"messages":[{"text":"46287","msisdn":"255627555628","source":"IJUE SHERIA"}]} 
2024-10-22 04:33:23 Returned Response :
 {"isSuccessful":true,"reference_id":"caa1b1b6b16a4462bfa6b68313e4e1f0","sms_quota":32501.0,"error_description":"Successfully submitted 1 message(s) to broker.","error_code":0} 
2024-10-22 07:33:23 Response :
 {"status":"200","statusDesc":"success"} 
2024-10-22 04:34:39 Incoming Request :
 {"otp_token":"11025","api_key":"YTc4YWY3ZWVlZWViODU3YTY5ODUzNTA4ZGU3YzVhYzM1NTdjNjM1MWEyYzA1ODU1ZDhlqA12AjkP0qNTc4ZjU3N2QwMDVmMw==","msisdn":"255627555628"} 
2024-10-22 04:34:39 Response :
 {"status":"200","statusDesc":"success","user_id":"255627555628","full_name":"","gender":"","region":"","msisdn":"255627555628","email":""} 
2024-10-22 04:57:40 Incoming Request :
 {"api_key":"YTc4YWY3ZWVlZWViODU3YTY5ODUzNTA4ZGU3YzVhYzM1NTdjNjM1MWEyYzA1ODU1ZDhlqA12AjkP0qNTc4ZjU3N2QwMDVmMw==","msisdn":"255628802427"} 
2024-10-22 04:57:40 Sent Request :
 {"channel":{"channel":"119234","password":"YTc4YWY3ZWVlZWViODU3YTY5ODUzNTA4ZGU3YzVhYzM1NTdjNjM1MWEyYzA1ODU1ZDhlNTc4ZjU3N2QwMDVmMw=="},"messages":[{"text":"32892","msisdn":"255628802427","source":"IJUE SHERIA"}]} 
2024-10-22 04:57:42 Returned Response :
 {"isSuccessful":true,"reference_id":"f1e4c68a809647288179fe989144746c","sms_quota":32499.0,"error_description":"Successfully submitted 1 message(s) to broker.","error_code":0} 
2024-10-22 07:57:42 Response :
 {"status":"200","statusDesc":"success"} 
2024-10-22 04:58:36 Incoming Request :
 {"otp_token":"06288","api_key":"YTc4YWY3ZWVlZWViODU3YTY5ODUzNTA4ZGU3YzVhYzM1NTdjNjM1MWEyYzA1ODU1ZDhlqA12AjkP0qNTc4ZjU3N2QwMDVmMw==","msisdn":"255628802427"} 
2024-10-22 04:58:36 Response :
 {"status":"200","statusDesc":"success","user_id":"255628802427","full_name":"","gender":"","region":"","msisdn":"255628802427","email":""} 
2024-10-22 05:16:25 Incoming Request :
 {"api_key":"YTc4YWY3ZWVlZWViODU3YTY5ODUzNTA4ZGU3YzVhYzM1NTdjNjM1MWEyYzA1ODU1ZDhlqA12AjkP0qNTc4ZjU3N2QwMDVmMw==","msisdn":"255762525025"} 
2024-10-22 05:16:25 Sent Request :
 {"channel":{"channel":"119234","password":"YTc4YWY3ZWVlZWViODU3YTY5ODUzNTA4ZGU3YzVhYzM1NTdjNjM1MWEyYzA1ODU1ZDhlNTc4ZjU3N2QwMDVmMw=="},"messages":[{"text":"52345","msisdn":"255762525025","source":"IJUE SHERIA"}]} 
2024-10-22 05:16:27 Returned Response :
 {"isSuccessful":true,"reference_id":"72bee562073e4d1c9dba816eeaad5803","sms_quota":32498.0,"error_description":"Successfully submitted 1 message(s) to broker.","error_code":0} 
2024-10-22 08:16:27 Response :
 {"status":"200","statusDesc":"success"} 
2024-10-22 05:17:08 Incoming Request :
 {"otp_token":"52345","api_key":"YTc4YWY3ZWVlZWViODU3YTY5ODUzNTA4ZGU3YzVhYzM1NTdjNjM1MWEyYzA1ODU1ZDhlqA12AjkP0qNTc4ZjU3N2QwMDVmMw==","msisdn":"255762525025"} 
2024-10-22 05:17:08 Response :
 {"status":"200","statusDesc":"success","user_id":"255762525025","full_name":"","gender":"","region":"","msisdn":"255762525025","email":""} 
2024-10-22 05:35:02 Incoming Request :
 {"api_key":"YTc4YWY3ZWVlZWViODU3YTY5ODUzNTA4ZGU3YzVhYzM1NTdjNjM1MWEyYzA1ODU1ZDhlqA12AjkP0qNTc4ZjU3N2QwMDVmMw==","msisdn":"255780871641"} 
2024-10-22 05:35:02 Sent Request :
 {"channel":{"channel":"119234","password":"YTc4YWY3ZWVlZWViODU3YTY5ODUzNTA4ZGU3YzVhYzM1NTdjNjM1MWEyYzA1ODU1ZDhlNTc4ZjU3N2QwMDVmMw=="},"messages":[{"text":"69952","msisdn":"255780871641","source":"IJUE SHERIA"}]} 
2024-10-22 05:35:04 Returned Response :
 {"isSuccessful":true,"reference_id":"27cb5508cecf4f578a8315ab2cfc6229","sms_quota":32496.0,"error_description":"Successfully submitted 1 message(s) to broker.","error_code":0} 
2024-10-22 08:35:04 Response :
 {"status":"200","statusDesc":"success"} 
2024-10-22 05:35:33 Incoming Request :
 {"otp_token":"69952","api_key":"YTc4YWY3ZWVlZWViODU3YTY5ODUzNTA4ZGU3YzVhYzM1NTdjNjM1MWEyYzA1ODU1ZDhlqA12AjkP0qNTc4ZjU3N2QwMDVmMw==","msisdn":"255780871641"} 
2024-10-22 05:35:33 Response :
 {"status":"200","statusDesc":"success","user_id":"27031","full_name":"Sam Mwakasanqa ","gender":"MALE","region":"Mbeya","msisdn":"255780871641","email":""} 
2024-10-22 05:36:01 Incoming Request :
 {"api_key":"YTc4YWY3ZWVlZWViODU3YTY5ODUzNTA4ZGU3YzVhYzM1NTdjNjM1MWEyYzA1ODU1ZDhlqA12AjkP0qNTc4ZjU3N2QwMDVmMw==","msisdn":"255658644622"} 
2024-10-22 05:36:01 Sent Request :
 {"channel":{"channel":"119234","password":"YTc4YWY3ZWVlZWViODU3YTY5ODUzNTA4ZGU3YzVhYzM1NTdjNjM1MWEyYzA1ODU1ZDhlNTc4ZjU3N2QwMDVmMw=="},"messages":[{"text":"41186","msisdn":"255658644622","source":"IJUE SHERIA"}]} 
2024-10-22 05:36:03 Returned Response :
 {"isSuccessful":true,"reference_id":"4b572f713d404ecf9c0a8527be0e3090","sms_quota":32494.0,"error_description":"Successfully submitted 1 message(s) to broker.","error_code":0} 
2024-10-22 08:36:03 Response :
 {"status":"200","statusDesc":"success"} 
2024-10-22 05:36:45 Incoming Request :
 {"otp_token":"41186","api_key":"YTc4YWY3ZWVlZWViODU3YTY5ODUzNTA4ZGU3YzVhYzM1NTdjNjM1MWEyYzA1ODU1ZDhlqA12AjkP0qNTc4ZjU3N2QwMDVmMw==","msisdn":"255658644622"} 
2024-10-22 05:36:45 Response :
 {"status":"200","statusDesc":"success","user_id":"27032","full_name":"SHANGWE MBIMBI","gender":"FEMALE","region":"Iringa","msisdn":"255658644622","email":""} 
2024-10-22 06:29:10 Incoming Request :
 {"api_key":"YTc4YWY3ZWVlZWViODU3YTY5ODUzNTA4ZGU3YzVhYzM1NTdjNjM1MWEyYzA1ODU1ZDhlqA12AjkP0qNTc4ZjU3N2QwMDVmMw==","msisdn":"255743787741"} 
2024-10-22 06:29:10 Sent Request :
 {"channel":{"channel":"119234","password":"YTc4YWY3ZWVlZWViODU3YTY5ODUzNTA4ZGU3YzVhYzM1NTdjNjM1MWEyYzA1ODU1ZDhlNTc4ZjU3N2QwMDVmMw=="},"messages":[{"text":"64501","msisdn":"255743787741","source":"IJUE SHERIA"}]} 
2024-10-22 06:29:12 Returned Response :
 {"isSuccessful":true,"reference_id":"f86a71b8b4d349dd9b1112b849e44fde","sms_quota":32492.0,"error_description":"Successfully submitted 1 message(s) to broker.","error_code":0} 
2024-10-22 09:29:12 Response :
 {"status":"200","statusDesc":"success"} 
2024-10-22 06:29:32 Incoming Request :
 {"otp_token":"64501","api_key":"YTc4YWY3ZWVlZWViODU3YTY5ODUzNTA4ZGU3YzVhYzM1NTdjNjM1MWEyYzA1ODU1ZDhlqA12AjkP0qNTc4ZjU3N2QwMDVmMw==","msisdn":"255743787741"} 
2024-10-22 06:29:32 Response :
 {"status":"200","statusDesc":"success","user_id":"27033","full_name":"EMANUEL RICHARD PANJA ","gender":"MALE","region":"Rukwa","msisdn":"255743787741","email":""} 
2024-10-22 06:34:27 Incoming Request :
 {"api_key":"YTc4YWY3ZWVlZWViODU3YTY5ODUzNTA4ZGU3YzVhYzM1NTdjNjM1MWEyYzA1ODU1ZDhlqA12AjkP0qNTc4ZjU3N2QwMDVmMw==","msisdn":"255675088893"} 
2024-10-22 06:34:27 Sent Request :
 {"channel":{"channel":"119234","password":"YTc4YWY3ZWVlZWViODU3YTY5ODUzNTA4ZGU3YzVhYzM1NTdjNjM1MWEyYzA1ODU1ZDhlNTc4ZjU3N2QwMDVmMw=="},"messages":[{"text":"31712","msisdn":"255675088893","source":"IJUE SHERIA"}]} 
2024-10-22 06:34:29 Returned Response :
 {"isSuccessful":true,"reference_id":"3d44ee6253234c6f8c77d7421bec5157","sms_quota":32490.0,"error_description":"Successfully submitted 1 message(s) to broker.","error_code":0} 
2024-10-22 09:34:29 Response :
 {"status":"200","statusDesc":"success"} 
2024-10-22 06:36:50 Incoming Request :
 {"api_key":"YTc4YWY3ZWVlZWViODU3YTY5ODUzNTA4ZGU3YzVhYzM1NTdjNjM1MWEyYzA1ODU1ZDhlqA12AjkP0qNTc4ZjU3N2QwMDVmMw==","msisdn":"255675088893"} 
2024-10-22 06:36:50 Sent Request :
 {"channel":{"channel":"119234","password":"YTc4YWY3ZWVlZWViODU3YTY5ODUzNTA4ZGU3YzVhYzM1NTdjNjM1MWEyYzA1ODU1ZDhlNTc4ZjU3N2QwMDVmMw=="},"messages":[{"text":"68047","msisdn":"255675088893","source":"IJUE SHERIA"}]} 
2024-10-22 06:36:52 Returned Response :
 {"isSuccessful":true,"reference_id":"f6e58461f51c4a5fa98ae4d36d0e12b9","sms_quota":32488.0,"error_description":"Successfully submitted 1 message(s) to broker.","error_code":0} 
2024-10-22 09:36:52 Response :
 {"status":"200","statusDesc":"success"} 
2024-10-22 06:37:37 Incoming Request :
 {"otp_token":"31712","api_key":"YTc4YWY3ZWVlZWViODU3YTY5ODUzNTA4ZGU3YzVhYzM1NTdjNjM1MWEyYzA1ODU1ZDhlqA12AjkP0qNTc4ZjU3N2QwMDVmMw==","msisdn":"255675088893"} 
2024-10-22 06:37:37 Response :
 {"status":"200","statusDesc":"success","user_id":"27034","full_name":"taus stephano mvuyekule","gender":"MALE","region":"Lindi","msisdn":"255675088893","email":""} 
2024-10-22 06:39:04 Incoming Request :
 {"api_key":"YTc4YWY3ZWVlZWViODU3YTY5ODUzNTA4ZGU3YzVhYzM1NTdjNjM1MWEyYzA1ODU1ZDhlqA12AjkP0qNTc4ZjU3N2QwMDVmMw==","msisdn":"255695551548"} 
2024-10-22 06:39:04 Sent Request :
 {"channel":{"channel":"119234","password":"YTc4YWY3ZWVlZWViODU3YTY5ODUzNTA4ZGU3YzVhYzM1NTdjNjM1MWEyYzA1ODU1ZDhlNTc4ZjU3N2QwMDVmMw=="},"messages":[{"text":"90819","msisdn":"255695551548","source":"IJUE SHERIA"}]} 
2024-10-22 06:39:06 Returned Response :
 {"isSuccessful":true,"reference_id":"226443f7273f4cdeb7e9ca033c15021d","sms_quota":32487.0,"error_description":"Successfully submitted 1 message(s) to broker.","error_code":0} 
2024-10-22 09:39:06 Response :
 {"status":"200","statusDesc":"success"} 
2024-10-22 06:39:39 Incoming Request :
 {"otp_token":"90819","api_key":"YTc4YWY3ZWVlZWViODU3YTY5ODUzNTA4ZGU3YzVhYzM1NTdjNjM1MWEyYzA1ODU1ZDhlqA12AjkP0qNTc4ZjU3N2QwMDVmMw==","msisdn":"255695551548"} 
2024-10-22 06:39:39 Response :
 {"status":"200","statusDesc":"success","user_id":"27035","full_name":"prosper kafuka","gender":"FEMALE","region":"Iringa","msisdn":"255695551548","email":""} 
2024-10-22 07:23:10 Incoming Request :
 {"api_key":"YTc4YWY3ZWVlZWViODU3YTY5ODUzNTA4ZGU3YzVhYzM1NTdjNjM1MWEyYzA1ODU1ZDhlqA12AjkP0qNTc4ZjU3N2QwMDVmMw==","msisdn":"255716964757"} 
2024-10-22 07:23:10 Sent Request :
 {"channel":{"channel":"119234","password":"YTc4YWY3ZWVlZWViODU3YTY5ODUzNTA4ZGU3YzVhYzM1NTdjNjM1MWEyYzA1ODU1ZDhlNTc4ZjU3N2QwMDVmMw=="},"messages":[{"text":"19859","msisdn":"255716964757","source":"IJUE SHERIA"}]} 
2024-10-22 07:23:12 Returned Response :
 {"isSuccessful":true,"reference_id":"33f69b5bdae944b49e06d5d84ae753cb","sms_quota":32485.0,"error_description":"Successfully submitted 1 message(s) to broker.","error_code":0} 
2024-10-22 10:23:12 Response :
 {"status":"200","statusDesc":"success"} 
2024-10-22 07:23:26 Incoming Request :
 {"otp_token":"19859","api_key":"YTc4YWY3ZWVlZWViODU3YTY5ODUzNTA4ZGU3YzVhYzM1NTdjNjM1MWEyYzA1ODU1ZDhlqA12AjkP0qNTc4ZjU3N2QwMDVmMw==","msisdn":"255716964757"} 
2024-10-22 07:23:26 Response :
 {"status":"200","statusDesc":"success","user_id":"27036","full_name":"Felix ","gender":"FEMALE","region":"Dar es Salaam","msisdn":"255716964757","email":""} 
2024-10-22 07:50:27 Incoming Request :
 {"api_key":"YTc4YWY3ZWVlZWViODU3YTY5ODUzNTA4ZGU3YzVhYzM1NTdjNjM1MWEyYzA1ODU1ZDhlqA12AjkP0qNTc4ZjU3N2QwMDVmMw==","msisdn":"255769186779"} 
2024-10-22 07:50:27 Sent Request :
 {"channel":{"channel":"119234","password":"YTc4YWY3ZWVlZWViODU3YTY5ODUzNTA4ZGU3YzVhYzM1NTdjNjM1MWEyYzA1ODU1ZDhlNTc4ZjU3N2QwMDVmMw=="},"messages":[{"text":"11197","msisdn":"255769186779","source":"IJUE SHERIA"}]} 
2024-10-22 07:50:29 Returned Response :
 {"isSuccessful":true,"reference_id":"e5a88ea1db8b4aa987f316e11516a4ad","sms_quota":32448.0,"error_description":"Successfully submitted 1 message(s) to broker.","error_code":0} 
2024-10-22 10:50:29 Response :
 {"status":"200","statusDesc":"success"} 
2024-10-22 07:50:45 Incoming Request :
 {"otp_token":"11197","api_key":"YTc4YWY3ZWVlZWViODU3YTY5ODUzNTA4ZGU3YzVhYzM1NTdjNjM1MWEyYzA1ODU1ZDhlqA12AjkP0qNTc4ZjU3N2QwMDVmMw==","msisdn":"255769186779"} 
2024-10-22 07:50:45 Response :
 {"status":"200","statusDesc":"success","user_id":"27037","full_name":"coach","gender":"FEMALE","region":"Dar es Salaam","msisdn":"255769186779","email":""} 
2024-10-22 08:22:19 Incoming Request :
 {"api_key":"YTc4YWY3ZWVlZWViODU3YTY5ODUzNTA4ZGU3YzVhYzM1NTdjNjM1MWEyYzA1ODU1ZDhlqA12AjkP0qNTc4ZjU3N2QwMDVmMw==","msisdn":"255746077422"} 
2024-10-22 08:22:19 Sent Request :
 {"channel":{"channel":"119234","password":"YTc4YWY3ZWVlZWViODU3YTY5ODUzNTA4ZGU3YzVhYzM1NTdjNjM1MWEyYzA1ODU1ZDhlNTc4ZjU3N2QwMDVmMw=="},"messages":[{"text":"44965","msisdn":"255746077422","source":"IJUE SHERIA"}]} 
2024-10-22 08:22:21 Returned Response :
 {"isSuccessful":true,"reference_id":"7eb021d92d3d44ec823ccfe664ef3e5b","sms_quota":32421.0,"error_description":"Successfully submitted 1 message(s) to broker.","error_code":0} 
2024-10-22 11:22:21 Response :
 {"status":"200","statusDesc":"success"} 
2024-10-22 08:23:06 Incoming Request :
 {"otp_token":"44965","api_key":"YTc4YWY3ZWVlZWViODU3YTY5ODUzNTA4ZGU3YzVhYzM1NTdjNjM1MWEyYzA1ODU1ZDhlqA12AjkP0qNTc4ZjU3N2QwMDVmMw==","msisdn":"255746077422"} 
2024-10-22 08:23:06 Response :
 {"status":"200","statusDesc":"success","user_id":"27038","full_name":"james Sunday robert","gender":"MALE","region":"Dodoma","msisdn":"255746077422","email":""} 
2024-10-22 08:27:16 Incoming Request :
 {"api_key":"YTc4YWY3ZWVlZWViODU3YTY5ODUzNTA4ZGU3YzVhYzM1NTdjNjM1MWEyYzA1ODU1ZDhlqA12AjkP0qNTc4ZjU3N2QwMDVmMw==","msisdn":"56684863"} 
2024-10-22 08:27:16 Response :
 {"status":"422","statusDesc":"Invalid Phone Number"} 
2024-10-22 08:52:17 Incoming Request :
 {"api_key":"YTc4YWY3ZWVlZWViODU3YTY5ODUzNTA4ZGU3YzVhYzM1NTdjNjM1MWEyYzA1ODU1ZDhlqA12AjkP0qNTc4ZjU3N2QwMDVmMw==","msisdn":"+255762426935"} 
2024-10-22 08:52:17 Response :
 {"status":"422","statusDesc":"Invalid Phone Number"} 
2024-10-22 08:52:29 Incoming Request :
 {"api_key":"YTc4YWY3ZWVlZWViODU3YTY5ODUzNTA4ZGU3YzVhYzM1NTdjNjM1MWEyYzA1ODU1ZDhlqA12AjkP0qNTc4ZjU3N2QwMDVmMw==","msisdn":"255762426935"} 
2024-10-22 08:52:29 Sent Request :
 {"channel":{"channel":"119234","password":"YTc4YWY3ZWVlZWViODU3YTY5ODUzNTA4ZGU3YzVhYzM1NTdjNjM1MWEyYzA1ODU1ZDhlNTc4ZjU3N2QwMDVmMw=="},"messages":[{"text":"99467","msisdn":"255762426935","source":"IJUE SHERIA"}]} 
2024-10-22 08:52:30 Returned Response :
 {"isSuccessful":true,"reference_id":"0e816b9cb642492e8dc8e4945be03fc7","sms_quota":32417.0,"error_description":"Successfully submitted 1 message(s) to broker.","error_code":0} 
2024-10-22 11:52:30 Response :
 {"status":"200","statusDesc":"success"} 
2024-10-22 08:53:09 Incoming Request :
 {"otp_token":"99467","api_key":"YTc4YWY3ZWVlZWViODU3YTY5ODUzNTA4ZGU3YzVhYzM1NTdjNjM1MWEyYzA1ODU1ZDhlqA12AjkP0qNTc4ZjU3N2QwMDVmMw==","msisdn":"255762426935"} 
2024-10-22 08:53:09 Response :
 {"status":"200","statusDesc":"success","user_id":"255762426935","full_name":"","gender":"","region":"","msisdn":"255762426935","email":""} 
2024-10-22 09:16:20 Incoming Request :
 {"api_key":"YTc4YWY3ZWVlZWViODU3YTY5ODUzNTA4ZGU3YzVhYzM1NTdjNjM1MWEyYzA1ODU1ZDhlqA12AjkP0qNTc4ZjU3N2QwMDVmMw==","msisdn":"255743310418"} 
2024-10-22 09:16:20 Sent Request :
 {"channel":{"channel":"119234","password":"YTc4YWY3ZWVlZWViODU3YTY5ODUzNTA4ZGU3YzVhYzM1NTdjNjM1MWEyYzA1ODU1ZDhlNTc4ZjU3N2QwMDVmMw=="},"messages":[{"text":"24189","msisdn":"255743310418","source":"IJUE SHERIA"}]} 
2024-10-22 09:16:21 Returned Response :
 {"isSuccessful":true,"reference_id":"05c33f40e00546818794c473f2b9d854","sms_quota":32232.0,"error_description":"Successfully submitted 1 message(s) to broker.","error_code":0} 
2024-10-22 12:16:21 Response :
 {"status":"200","statusDesc":"success"} 
2024-10-22 09:17:15 Incoming Request :
 {"otp_token":"24189","api_key":"YTc4YWY3ZWVlZWViODU3YTY5ODUzNTA4ZGU3YzVhYzM1NTdjNjM1MWEyYzA1ODU1ZDhlqA12AjkP0qNTc4ZjU3N2QwMDVmMw==","msisdn":"255743310418"} 
2024-10-22 09:17:15 Response :
 {"status":"200","statusDesc":"success","user_id":"27041","full_name":"erick maghata tumain","gender":"FEMALE","region":"Kagera","msisdn":"255743310418","email":""} 
2024-10-22 09:17:22 Incoming Request :
 {"otp_token":"24189","api_key":"YTc4YWY3ZWVlZWViODU3YTY5ODUzNTA4ZGU3YzVhYzM1NTdjNjM1MWEyYzA1ODU1ZDhlqA12AjkP0qNTc4ZjU3N2QwMDVmMw==","msisdn":"255743310418"} 
2024-10-22 09:17:22 Response :
 {"status":"200","statusDesc":"success","user_id":"255743310418","full_name":"","gender":"","region":"","msisdn":"255743310418","email":""} 
2024-10-22 09:39:02 Incoming Request :
 {"api_key":"YTc4YWY3ZWVlZWViODU3YTY5ODUzNTA4ZGU3YzVhYzM1NTdjNjM1MWEyYzA1ODU1ZDhlqA12AjkP0qNTc4ZjU3N2QwMDVmMw==","msisdn":"255682776663"} 
2024-10-22 09:39:02 Sent Request :
 {"channel":{"channel":"119234","password":"YTc4YWY3ZWVlZWViODU3YTY5ODUzNTA4ZGU3YzVhYzM1NTdjNjM1MWEyYzA1ODU1ZDhlNTc4ZjU3N2QwMDVmMw=="},"messages":[{"text":"80458","msisdn":"255682776663","source":"IJUE SHERIA"}]} 
2024-10-22 09:39:06 Returned Response :
 {"isSuccessful":true,"reference_id":"be126384d2bf4f27be17496d6143e338","sms_quota":32230.0,"error_description":"Successfully submitted 1 message(s) to broker.","error_code":0} 
2024-10-22 12:39:06 Response :
 {"status":"200","statusDesc":"success"} 
2024-10-22 09:41:03 Incoming Request :
 {"api_key":"YTc4YWY3ZWVlZWViODU3YTY5ODUzNTA4ZGU3YzVhYzM1NTdjNjM1MWEyYzA1ODU1ZDhlqA12AjkP0qNTc4ZjU3N2QwMDVmMw==","msisdn":"255682776663"} 
2024-10-22 09:41:03 Sent Request :
 {"channel":{"channel":"119234","password":"YTc4YWY3ZWVlZWViODU3YTY5ODUzNTA4ZGU3YzVhYzM1NTdjNjM1MWEyYzA1ODU1ZDhlNTc4ZjU3N2QwMDVmMw=="},"messages":[{"text":"29815","msisdn":"255682776663","source":"IJUE SHERIA"}]} 
2024-10-22 09:41:05 Returned Response :
 {"isSuccessful":true,"reference_id":"02057b5c7329429e85111afe7bcbe5b1","sms_quota":32228.0,"error_description":"Successfully submitted 1 message(s) to broker.","error_code":0} 
2024-10-22 12:41:05 Response :
 {"status":"200","statusDesc":"success"} 
2024-10-22 09:42:59 Incoming Request :
 {"api_key":"YTc4YWY3ZWVlZWViODU3YTY5ODUzNTA4ZGU3YzVhYzM1NTdjNjM1MWEyYzA1ODU1ZDhlqA12AjkP0qNTc4ZjU3N2QwMDVmMw==","msisdn":"255682776663"} 
2024-10-22 09:42:59 Sent Request :
 {"channel":{"channel":"119234","password":"YTc4YWY3ZWVlZWViODU3YTY5ODUzNTA4ZGU3YzVhYzM1NTdjNjM1MWEyYzA1ODU1ZDhlNTc4ZjU3N2QwMDVmMw=="},"messages":[{"text":"86935","msisdn":"255682776663","source":"IJUE SHERIA"}]} 
2024-10-22 09:43:01 Returned Response :
 {"isSuccessful":true,"reference_id":"781eb4c3f6914db6ac20f437f1581a01","sms_quota":32226.0,"error_description":"Successfully submitted 1 message(s) to broker.","error_code":0} 
2024-10-22 12:43:01 Response :
 {"status":"200","statusDesc":"success"} 
2024-10-22 09:54:30 Incoming Request :
 {"api_key":"YTc4YWY3ZWVlZWViODU3YTY5ODUzNTA4ZGU3YzVhYzM1NTdjNjM1MWEyYzA1ODU1ZDhlqA12AjkP0qNTc4ZjU3N2QwMDVmMw==","msisdn":"255616776188"} 
2024-10-22 09:54:30 Sent Request :
 {"channel":{"channel":"119234","password":"YTc4YWY3ZWVlZWViODU3YTY5ODUzNTA4ZGU3YzVhYzM1NTdjNjM1MWEyYzA1ODU1ZDhlNTc4ZjU3N2QwMDVmMw=="},"messages":[{"text":"11683","msisdn":"255616776188","source":"IJUE SHERIA"}]} 
2024-10-22 09:54:32 Returned Response :
 {"isSuccessful":true,"reference_id":"decea4ac5f3040f88b213fb070a9219f","sms_quota":32224.0,"error_description":"Successfully submitted 1 message(s) to broker.","error_code":0} 
2024-10-22 12:54:32 Response :
 {"status":"200","statusDesc":"success"} 
2024-10-22 09:55:58 Incoming Request :
 {"otp_token":"11683","api_key":"YTc4YWY3ZWVlZWViODU3YTY5ODUzNTA4ZGU3YzVhYzM1NTdjNjM1MWEyYzA1ODU1ZDhlqA12AjkP0qNTc4ZjU3N2QwMDVmMw==","msisdn":"255616776188"} 
2024-10-22 09:55:58 Response :
 {"status":"200","statusDesc":"success","user_id":"27043","full_name":"Maige Aselemi ","gender":"FEMALE","region":"Mwanza","msisdn":"255616776188","email":""} 
2024-10-22 09:59:20 Incoming Request :
 {"api_key":"YTc4YWY3ZWVlZWViODU3YTY5ODUzNTA4ZGU3YzVhYzM1NTdjNjM1MWEyYzA1ODU1ZDhlqA12AjkP0qNTc4ZjU3N2QwMDVmMw==","msisdn":"255682776663"} 
2024-10-22 09:59:20 Sent Request :
 {"channel":{"channel":"119234","password":"YTc4YWY3ZWVlZWViODU3YTY5ODUzNTA4ZGU3YzVhYzM1NTdjNjM1MWEyYzA1ODU1ZDhlNTc4ZjU3N2QwMDVmMw=="},"messages":[{"text":"60790","msisdn":"255682776663","source":"IJUE SHERIA"}]} 
2024-10-22 09:59:21 Returned Response :
 {"isSuccessful":true,"reference_id":"8e53c6bc4a5a48c2ac4311e969e4f2d3","sms_quota":32223.0,"error_description":"Successfully submitted 1 message(s) to broker.","error_code":0} 
2024-10-22 12:59:21 Response :
 {"status":"200","statusDesc":"success"} 
2024-10-22 10:00:10 Incoming Request :
 {"otp_token":"60760","api_key":"YTc4YWY3ZWVlZWViODU3YTY5ODUzNTA4ZGU3YzVhYzM1NTdjNjM1MWEyYzA1ODU1ZDhlqA12AjkP0qNTc4ZjU3N2QwMDVmMw==","msisdn":"255682776663"} 
2024-10-22 10:00:10 Response :
 {"status":"200","statusDesc":"success","user_id":"255682776663","full_name":"","gender":"","region":"","msisdn":"255682776663","email":""} 
2024-10-22 10:00:26 Incoming Request :
 {"otp_token":"60760","api_key":"YTc4YWY3ZWVlZWViODU3YTY5ODUzNTA4ZGU3YzVhYzM1NTdjNjM1MWEyYzA1ODU1ZDhlqA12AjkP0qNTc4ZjU3N2QwMDVmMw==","msisdn":"255682776663"} 
2024-10-22 10:00:26 Response :
 {"status":"200","statusDesc":"success","user_id":"255682776663","full_name":"","gender":"","region":"","msisdn":"255682776663","email":""} 
2024-10-22 11:15:02 Incoming Request :
 {"api_key":"YTc4YWY3ZWVlZWViODU3YTY5ODUzNTA4ZGU3YzVhYzM1NTdjNjM1MWEyYzA1ODU1ZDhlqA12AjkP0qNTc4ZjU3N2QwMDVmMw==","msisdn":"255656222272"} 
2024-10-22 11:15:02 Sent Request :
 {"channel":{"channel":"119234","password":"YTc4YWY3ZWVlZWViODU3YTY5ODUzNTA4ZGU3YzVhYzM1NTdjNjM1MWEyYzA1ODU1ZDhlNTc4ZjU3N2QwMDVmMw=="},"messages":[{"text":"92515","msisdn":"255656222272","source":"IJUE SHERIA"}]} 
2024-10-22 11:15:04 Returned Response :
 {"isSuccessful":true,"reference_id":"259b5e5452374791b5c22c27d59421c8","sms_quota":32221.0,"error_description":"Successfully submitted 1 message(s) to broker.","error_code":0} 
2024-10-22 14:15:04 Response :
 {"status":"200","statusDesc":"success"} 
2024-10-22 11:15:44 Incoming Request :
 {"otp_token":"92515","api_key":"YTc4YWY3ZWVlZWViODU3YTY5ODUzNTA4ZGU3YzVhYzM1NTdjNjM1MWEyYzA1ODU1ZDhlqA12AjkP0qNTc4ZjU3N2QwMDVmMw==","msisdn":"255656222272"} 
2024-10-22 11:15:44 Response :
 {"status":"200","statusDesc":"success","user_id":"255656222272","full_name":"","gender":"","region":"","msisdn":"255656222272","email":""} 
2024-10-22 11:38:37 Incoming Request :
 {"api_key":"YTc4YWY3ZWVlZWViODU3YTY5ODUzNTA4ZGU3YzVhYzM1NTdjNjM1MWEyYzA1ODU1ZDhlqA12AjkP0qNTc4ZjU3N2QwMDVmMw==","msisdn":"255783528521"} 
2024-10-22 11:38:37 Sent Request :
 {"channel":{"channel":"119234","password":"YTc4YWY3ZWVlZWViODU3YTY5ODUzNTA4ZGU3YzVhYzM1NTdjNjM1MWEyYzA1ODU1ZDhlNTc4ZjU3N2QwMDVmMw=="},"messages":[{"text":"97543","msisdn":"255783528521","source":"IJUE SHERIA"}]} 
2024-10-22 11:38:39 Returned Response :
 {"isSuccessful":true,"reference_id":"844803e42aa54e0fb331035310b7832c","sms_quota":32219.0,"error_description":"Successfully submitted 1 message(s) to broker.","error_code":0} 
2024-10-22 14:38:39 Response :
 {"status":"200","statusDesc":"success"} 
2024-10-22 11:39:17 Incoming Request :
 {"otp_token":"97543","api_key":"YTc4YWY3ZWVlZWViODU3YTY5ODUzNTA4ZGU3YzVhYzM1NTdjNjM1MWEyYzA1ODU1ZDhlqA12AjkP0qNTc4ZjU3N2QwMDVmMw==","msisdn":"255783528521"} 
2024-10-22 11:39:17 Response :
 {"status":"200","statusDesc":"success","user_id":"255783528521","full_name":"","gender":"","region":"","msisdn":"255783528521","email":""} 
2024-10-22 12:17:47 Incoming Request :
 {"api_key":"YTc4YWY3ZWVlZWViODU3YTY5ODUzNTA4ZGU3YzVhYzM1NTdjNjM1MWEyYzA1ODU1ZDhlqA12AjkP0qNTc4ZjU3N2QwMDVmMw==","msisdn":"255768180301"} 
2024-10-22 12:17:47 Sent Request :
 {"channel":{"channel":"119234","password":"YTc4YWY3ZWVlZWViODU3YTY5ODUzNTA4ZGU3YzVhYzM1NTdjNjM1MWEyYzA1ODU1ZDhlNTc4ZjU3N2QwMDVmMw=="},"messages":[{"text":"32764","msisdn":"255768180301","source":"IJUE SHERIA"}]} 
2024-10-22 12:17:48 Returned Response :
 {"isSuccessful":true,"reference_id":"65b503c0723b4b9c80658ad4ad664a7f","sms_quota":32217.0,"error_description":"Successfully submitted 1 message(s) to broker.","error_code":0} 
2024-10-22 15:17:48 Response :
 {"status":"200","statusDesc":"success"} 
2024-10-22 12:24:33 Incoming Request :
 {"api_key":"YTc4YWY3ZWVlZWViODU3YTY5ODUzNTA4ZGU3YzVhYzM1NTdjNjM1MWEyYzA1ODU1ZDhlqA12AjkP0qNTc4ZjU3N2QwMDVmMw==","msisdn":"+255768180301"} 
2024-10-22 12:24:33 Response :
 {"status":"422","statusDesc":"Invalid Phone Number"} 
2024-10-22 12:24:40 Incoming Request :
 {"api_key":"YTc4YWY3ZWVlZWViODU3YTY5ODUzNTA4ZGU3YzVhYzM1NTdjNjM1MWEyYzA1ODU1ZDhlqA12AjkP0qNTc4ZjU3N2QwMDVmMw==","msisdn":"+255768180301"} 
2024-10-22 12:24:40 Response :
 {"status":"422","statusDesc":"Invalid Phone Number"} 
2024-10-22 12:25:10 Incoming Request :
 {"api_key":"YTc4YWY3ZWVlZWViODU3YTY5ODUzNTA4ZGU3YzVhYzM1NTdjNjM1MWEyYzA1ODU1ZDhlqA12AjkP0qNTc4ZjU3N2QwMDVmMw==","msisdn":"255768180301"} 
2024-10-22 12:25:10 Sent Request :
 {"channel":{"channel":"119234","password":"YTc4YWY3ZWVlZWViODU3YTY5ODUzNTA4ZGU3YzVhYzM1NTdjNjM1MWEyYzA1ODU1ZDhlNTc4ZjU3N2QwMDVmMw=="},"messages":[{"text":"84066","msisdn":"255768180301","source":"IJUE SHERIA"}]} 
2024-10-22 12:25:12 Returned Response :
 {"isSuccessful":true,"reference_id":"c7db96ac9ec146378b3827c3705275d5","sms_quota":32215.0,"error_description":"Successfully submitted 1 message(s) to broker.","error_code":0} 
2024-10-22 15:25:12 Response :
 {"status":"200","statusDesc":"success"} 
2024-10-22 12:25:32 Incoming Request :
 {"otp_token":"76818","api_key":"YTc4YWY3ZWVlZWViODU3YTY5ODUzNTA4ZGU3YzVhYzM1NTdjNjM1MWEyYzA1ODU1ZDhlqA12AjkP0qNTc4ZjU3N2QwMDVmMw==","msisdn":"255768180301"} 
2024-10-22 12:25:32 Response :
 {"status":"200","statusDesc":"success","user_id":"255768180301","full_name":"","gender":"","region":"","msisdn":"255768180301","email":""} 
2024-10-22 13:58:56 Incoming Request :
 {"api_key":"YTc4YWY3ZWVlZWViODU3YTY5ODUzNTA4ZGU3YzVhYzM1NTdjNjM1MWEyYzA1ODU1ZDhlqA12AjkP0qNTc4ZjU3N2QwMDVmMw==","msisdn":"255787739613"} 
2024-10-22 13:58:56 Sent Request :
 {"channel":{"channel":"119234","password":"YTc4YWY3ZWVlZWViODU3YTY5ODUzNTA4ZGU3YzVhYzM1NTdjNjM1MWEyYzA1ODU1ZDhlNTc4ZjU3N2QwMDVmMw=="},"messages":[{"text":"36502","msisdn":"255787739613","source":"IJUE SHERIA"}]} 
2024-10-22 13:58:58 Returned Response :
 {"isSuccessful":true,"reference_id":"a1587d3a6a5845dabf5aa5a96ea2d652","sms_quota":32213.0,"error_description":"Successfully submitted 1 message(s) to broker.","error_code":0} 
2024-10-22 16:58:58 Response :
 {"status":"200","statusDesc":"success"} 
2024-10-22 13:59:18 Incoming Request :
 {"otp_token":"36502","api_key":"YTc4YWY3ZWVlZWViODU3YTY5ODUzNTA4ZGU3YzVhYzM1NTdjNjM1MWEyYzA1ODU1ZDhlqA12AjkP0qNTc4ZjU3N2QwMDVmMw==","msisdn":"255787739613"} 
2024-10-22 13:59:18 Response :
 {"status":"200","statusDesc":"success","user_id":"27047","full_name":"Happy Leclwa","gender":"FEMALE","region":"Dodoma","msisdn":"255787739613","email":""} 
2024-10-22 14:33:40 Incoming Request :
 {"api_key":"YTc4YWY3ZWVlZWViODU3YTY5ODUzNTA4ZGU3YzVhYzM1NTdjNjM1MWEyYzA1ODU1ZDhlqA12AjkP0qNTc4ZjU3N2QwMDVmMw==","msisdn":"255676766132"} 
2024-10-22 14:33:40 Sent Request :
 {"channel":{"channel":"119234","password":"YTc4YWY3ZWVlZWViODU3YTY5ODUzNTA4ZGU3YzVhYzM1NTdjNjM1MWEyYzA1ODU1ZDhlNTc4ZjU3N2QwMDVmMw=="},"messages":[{"text":"72468","msisdn":"255676766132","source":"IJUE SHERIA"}]} 
2024-10-22 14:33:43 Returned Response :
 {"isSuccessful":true,"reference_id":"a2cba48f352a42ed94a5e7c50119e706","sms_quota":32212.0,"error_description":"Successfully submitted 1 message(s) to broker.","error_code":0} 
2024-10-22 17:33:43 Response :
 {"status":"200","statusDesc":"success"} 
2024-10-22 14:34:08 Incoming Request :
 {"api_key":"YTc4YWY3ZWVlZWViODU3YTY5ODUzNTA4ZGU3YzVhYzM1NTdjNjM1MWEyYzA1ODU1ZDhlqA12AjkP0qNTc4ZjU3N2QwMDVmMw==","msisdn":"255694845794"} 
2024-10-22 14:34:08 Sent Request :
 {"channel":{"channel":"119234","password":"YTc4YWY3ZWVlZWViODU3YTY5ODUzNTA4ZGU3YzVhYzM1NTdjNjM1MWEyYzA1ODU1ZDhlNTc4ZjU3N2QwMDVmMw=="},"messages":[{"text":"29427","msisdn":"255694845794","source":"IJUE SHERIA"}]} 
2024-10-22 14:34:10 Returned Response :
 {"isSuccessful":true,"reference_id":"a31e70a34ed146598258ac75721af427","sms_quota":32210.0,"error_description":"Successfully submitted 1 message(s) to broker.","error_code":0} 
2024-10-22 17:34:10 Response :
 {"status":"200","statusDesc":"success"} 
2024-10-22 14:34:39 Incoming Request :
 {"otp_token":"29427","api_key":"YTc4YWY3ZWVlZWViODU3YTY5ODUzNTA4ZGU3YzVhYzM1NTdjNjM1MWEyYzA1ODU1ZDhlqA12AjkP0qNTc4ZjU3N2QwMDVmMw==","msisdn":"255694845794"} 
2024-10-22 14:34:39 Response :
 {"status":"200","statusDesc":"success","user_id":"255694845794","full_name":"","gender":"","region":"","msisdn":"255694845794","email":""} 
2024-10-22 14:52:38 Incoming Request :
 {"api_key":"YTc4YWY3ZWVlZWViODU3YTY5ODUzNTA4ZGU3YzVhYzM1NTdjNjM1MWEyYzA1ODU1ZDhlqA12AjkP0qNTc4ZjU3N2QwMDVmMw==","msisdn":"255621694186"} 
2024-10-22 14:52:38 Sent Request :
 {"channel":{"channel":"119234","password":"YTc4YWY3ZWVlZWViODU3YTY5ODUzNTA4ZGU3YzVhYzM1NTdjNjM1MWEyYzA1ODU1ZDhlNTc4ZjU3N2QwMDVmMw=="},"messages":[{"text":"64007","msisdn":"255621694186","source":"IJUE SHERIA"}]} 
2024-10-22 14:52:39 Returned Response :
 {"isSuccessful":true,"reference_id":"01432765df244e4199acda260540fbba","sms_quota":32208.0,"error_description":"Successfully submitted 1 message(s) to broker.","error_code":0} 
2024-10-22 17:52:39 Response :
 {"status":"200","statusDesc":"success"} 
2024-10-22 16:12:19 Incoming Request :
 {"api_key":"YTc4YWY3ZWVlZWViODU3YTY5ODUzNTA4ZGU3YzVhYzM1NTdjNjM1MWEyYzA1ODU1ZDhlqA12AjkP0qNTc4ZjU3N2QwMDVmMw==","msisdn":"255622719998"} 
2024-10-22 16:12:19 Sent Request :
 {"channel":{"channel":"119234","password":"YTc4YWY3ZWVlZWViODU3YTY5ODUzNTA4ZGU3YzVhYzM1NTdjNjM1MWEyYzA1ODU1ZDhlNTc4ZjU3N2QwMDVmMw=="},"messages":[{"text":"39004","msisdn":"255622719998","source":"IJUE SHERIA"}]} 
2024-10-22 16:12:21 Returned Response :
 {"isSuccessful":true,"reference_id":"a10debb3bb8d428fa0d38eb495dadb13","sms_quota":32206.0,"error_description":"Successfully submitted 1 message(s) to broker.","error_code":0} 
2024-10-22 19:12:21 Response :
 {"status":"200","statusDesc":"success"} 
2024-10-22 16:12:57 Incoming Request :
 {"otp_token":"39004","api_key":"YTc4YWY3ZWVlZWViODU3YTY5ODUzNTA4ZGU3YzVhYzM1NTdjNjM1MWEyYzA1ODU1ZDhlqA12AjkP0qNTc4ZjU3N2QwMDVmMw==","msisdn":"255622719998"} 
2024-10-22 16:12:57 Response :
 {"status":"200","statusDesc":"success","user_id":"27050","full_name":"Flowin Aidan","gender":"MALE","region":"Arusha","msisdn":"255622719998","email":""} 
2024-10-22 18:43:51 Incoming Request :
 {"api_key":"YTc4YWY3ZWVlZWViODU3YTY5ODUzNTA4ZGU3YzVhYzM1NTdjNjM1MWEyYzA1ODU1ZDhlqA12AjkP0qNTc4ZjU3N2QwMDVmMw==","msisdn":"255616978335"} 
2024-10-22 18:43:51 Sent Request :
 {"channel":{"channel":"119234","password":"YTc4YWY3ZWVlZWViODU3YTY5ODUzNTA4ZGU3YzVhYzM1NTdjNjM1MWEyYzA1ODU1ZDhlNTc4ZjU3N2QwMDVmMw=="},"messages":[{"text":"76875","msisdn":"255616978335","source":"IJUE SHERIA"}]} 
2024-10-22 18:43:53 Returned Response :
 {"isSuccessful":true,"reference_id":"88a4e3a7ce1c4cf3a0ec52486a43c3e6","sms_quota":32204.0,"error_description":"Successfully submitted 1 message(s) to broker.","error_code":0} 
2024-10-22 21:43:53 Response :
 {"status":"200","statusDesc":"success"} 
2024-10-22 18:45:05 Incoming Request :
 {"api_key":"YTc4YWY3ZWVlZWViODU3YTY5ODUzNTA4ZGU3YzVhYzM1NTdjNjM1MWEyYzA1ODU1ZDhlqA12AjkP0qNTc4ZjU3N2QwMDVmMw==","msisdn":"255616978335"} 
2024-10-22 18:45:05 Sent Request :
 {"channel":{"channel":"119234","password":"YTc4YWY3ZWVlZWViODU3YTY5ODUzNTA4ZGU3YzVhYzM1NTdjNjM1MWEyYzA1ODU1ZDhlNTc4ZjU3N2QwMDVmMw=="},"messages":[{"text":"12216","msisdn":"255616978335","source":"IJUE SHERIA"}]} 
2024-10-22 18:45:07 Returned Response :
 {"isSuccessful":true,"reference_id":"ca7887b8fe29499ab004344672ef5787","sms_quota":32202.0,"error_description":"Successfully submitted 1 message(s) to broker.","error_code":0} 
2024-10-22 21:45:07 Response :
 {"status":"200","statusDesc":"success"} 
2024-10-22 18:45:36 Incoming Request :
 {"otp_token":"12216","api_key":"YTc4YWY3ZWVlZWViODU3YTY5ODUzNTA4ZGU3YzVhYzM1NTdjNjM1MWEyYzA1ODU1ZDhlqA12AjkP0qNTc4ZjU3N2QwMDVmMw==","msisdn":"255616978335"} 
2024-10-22 18:45:36 Response :
 {"status":"200","statusDesc":"success","user_id":"255616978335","full_name":"","gender":"","region":"","msisdn":"255616978335","email":""} 
2024-10-22 19:13:29 Incoming Request :
 {"api_key":"YTc4YWY3ZWVlZWViODU3YTY5ODUzNTA4ZGU3YzVhYzM1NTdjNjM1MWEyYzA1ODU1ZDhlqA12AjkP0qNTc4ZjU3N2QwMDVmMw==","msisdn":"255717627284"} 
2024-10-22 19:13:29 Sent Request :
 {"channel":{"channel":"119234","password":"YTc4YWY3ZWVlZWViODU3YTY5ODUzNTA4ZGU3YzVhYzM1NTdjNjM1MWEyYzA1ODU1ZDhlNTc4ZjU3N2QwMDVmMw=="},"messages":[{"text":"77807","msisdn":"255717627284","source":"IJUE SHERIA"}]} 
2024-10-22 19:13:31 Returned Response :
 {"isSuccessful":true,"reference_id":"29cecfafbb904d908d0155af4b71d87e","sms_quota":32201.0,"error_description":"Successfully submitted 1 message(s) to broker.","error_code":0} 
2024-10-22 22:13:31 Response :
 {"status":"200","statusDesc":"success"} 
2024-10-22 19:13:54 Incoming Request :
 {"otp_token":"77807","api_key":"YTc4YWY3ZWVlZWViODU3YTY5ODUzNTA4ZGU3YzVhYzM1NTdjNjM1MWEyYzA1ODU1ZDhlqA12AjkP0qNTc4ZjU3N2QwMDVmMw==","msisdn":"255717627284"} 
2024-10-22 19:13:54 Response :
 {"status":"200","statusDesc":"success","user_id":"27051","full_name":"wiltrudice Israel mwiyola ","gender":"MALE","region":"Dar es Salaam","msisdn":"255717627284","email":""} 
2024-10-22 19:14:22 Incoming Request :
 {"api_key":"YTc4YWY3ZWVlZWViODU3YTY5ODUzNTA4ZGU3YzVhYzM1NTdjNjM1MWEyYzA1ODU1ZDhlqA12AjkP0qNTc4ZjU3N2QwMDVmMw==","msisdn":"255710435879"} 
2024-10-22 19:14:22 Sent Request :
 {"channel":{"channel":"119234","password":"YTc4YWY3ZWVlZWViODU3YTY5ODUzNTA4ZGU3YzVhYzM1NTdjNjM1MWEyYzA1ODU1ZDhlNTc4ZjU3N2QwMDVmMw=="},"messages":[{"text":"85957","msisdn":"255710435879","source":"IJUE SHERIA"}]} 
2024-10-22 19:14:24 Returned Response :
 {"isSuccessful":true,"reference_id":"9709413f85e444f4b0eea97de0ba890a","sms_quota":32199.0,"error_description":"Successfully submitted 1 message(s) to broker.","error_code":0} 
2024-10-22 22:14:24 Response :
 {"status":"200","statusDesc":"success"} 
2024-10-22 19:14:54 Incoming Request :
 {"otp_token":"85957","api_key":"YTc4YWY3ZWVlZWViODU3YTY5ODUzNTA4ZGU3YzVhYzM1NTdjNjM1MWEyYzA1ODU1ZDhlqA12AjkP0qNTc4ZjU3N2QwMDVmMw==","msisdn":"255710435879"} 
2024-10-22 19:14:54 Response :
 {"status":"200","statusDesc":"success","user_id":"27052","full_name":"Aroni philimoni mote ","gender":"FEMALE","region":"Tanga","msisdn":"255710435879","email":""} 
2024-10-22 19:27:55 Incoming Request :
 {"api_key":"YTc4YWY3ZWVlZWViODU3YTY5ODUzNTA4ZGU3YzVhYzM1NTdjNjM1MWEyYzA1ODU1ZDhlqA12AjkP0qNTc4ZjU3N2QwMDVmMw==","msisdn":"255743151125"} 
2024-10-22 19:27:55 Sent Request :
 {"channel":{"channel":"119234","password":"YTc4YWY3ZWVlZWViODU3YTY5ODUzNTA4ZGU3YzVhYzM1NTdjNjM1MWEyYzA1ODU1ZDhlNTc4ZjU3N2QwMDVmMw=="},"messages":[{"text":"11458","msisdn":"255743151125","source":"IJUE SHERIA"}]} 
2024-10-22 19:27:57 Returned Response :
 {"isSuccessful":true,"reference_id":"731c442090864012bc2f75ea6b03925b","sms_quota":32197.0,"error_description":"Successfully submitted 1 message(s) to broker.","error_code":0} 
2024-10-22 22:27:57 Response :
 {"status":"200","statusDesc":"success"} 
2024-10-22 19:28:19 Incoming Request :
 {"otp_token":"11458","api_key":"YTc4YWY3ZWVlZWViODU3YTY5ODUzNTA4ZGU3YzVhYzM1NTdjNjM1MWEyYzA1ODU1ZDhlqA12AjkP0qNTc4ZjU3N2QwMDVmMw==","msisdn":"255743151125"} 
2024-10-22 19:28:19 Response :
 {"status":"200","statusDesc":"success","user_id":"27053","full_name":"Hassan iddi hassani","gender":"FEMALE","region":"Mwanza","msisdn":"255743151125","email":""} 
2024-10-22 19:39:54 Incoming Request :
 {"api_key":"YTc4YWY3ZWVlZWViODU3YTY5ODUzNTA4ZGU3YzVhYzM1NTdjNjM1MWEyYzA1ODU1ZDhlqA12AjkP0qNTc4ZjU3N2QwMDVmMw==","msisdn":"255616450090"} 
2024-10-22 19:39:54 Sent Request :
 {"channel":{"channel":"119234","password":"YTc4YWY3ZWVlZWViODU3YTY5ODUzNTA4ZGU3YzVhYzM1NTdjNjM1MWEyYzA1ODU1ZDhlNTc4ZjU3N2QwMDVmMw=="},"messages":[{"text":"55100","msisdn":"255616450090","source":"IJUE SHERIA"}]} 
2024-10-22 19:39:56 Returned Response :
 {"isSuccessful":true,"reference_id":"eba57cfc95634bbf8dc92ae393f7fa53","sms_quota":32195.0,"error_description":"Successfully submitted 1 message(s) to broker.","error_code":0} 
2024-10-22 22:39:56 Response :
 {"status":"200","statusDesc":"success"} 
2024-10-22 19:41:10 Incoming Request :
 {"otp_token":"55100","api_key":"YTc4YWY3ZWVlZWViODU3YTY5ODUzNTA4ZGU3YzVhYzM1NTdjNjM1MWEyYzA1ODU1ZDhlqA12AjkP0qNTc4ZjU3N2QwMDVmMw==","msisdn":"255616450090"} 
2024-10-22 19:41:10 Response :
 {"status":"200","statusDesc":"success","user_id":"255616450090","full_name":"","gender":"","region":"","msisdn":"255616450090","email":""} 