
2024-10-19 01:58:45 Incoming Request :
 {"api_key":"YTc4YWY3ZWVlZWViODU3YTY5ODUzNTA4ZGU3YzVhYzM1NTdjNjM1MWEyYzA1ODU1ZDhlqA12AjkP0qNTc4ZjU3N2QwMDVmMw==","msisdn":"255764680780"} 
2024-10-19 01:58:45 Sent Request :
 {"channel":{"channel":"119234","password":"YTc4YWY3ZWVlZWViODU3YTY5ODUzNTA4ZGU3YzVhYzM1NTdjNjM1MWEyYzA1ODU1ZDhlNTc4ZjU3N2QwMDVmMw=="},"messages":[{"text":"17098","msisdn":"255764680780","source":"IJUE SHERIA"}]} 
2024-10-19 01:58:47 Returned Response :
 {"isSuccessful":true,"reference_id":"9bb9fbe4b1e7486db3f98608ba94f9e5","sms_quota":32939.0,"error_description":"Successfully submitted 1 message(s) to broker.","error_code":0} 
2024-10-19 04:58:47 Response :
 {"status":"200","statusDesc":"success"} 
2024-10-19 01:59:16 Incoming Request :
 {"otp_token":"17088","api_key":"YTc4YWY3ZWVlZWViODU3YTY5ODUzNTA4ZGU3YzVhYzM1NTdjNjM1MWEyYzA1ODU1ZDhlqA12AjkP0qNTc4ZjU3N2QwMDVmMw==","msisdn":"255764680780"} 
2024-10-19 01:59:16 Response :
 {"status":"200","statusDesc":"success","user_id":"255764680780","full_name":"","gender":"","region":"","msisdn":"255764680780","email":""} 
2024-10-19 02:33:40 Incoming Request :
 {"api_key":"YTc4YWY3ZWVlZWViODU3YTY5ODUzNTA4ZGU3YzVhYzM1NTdjNjM1MWEyYzA1ODU1ZDhlqA12AjkP0qNTc4ZjU3N2QwMDVmMw==","msisdn":"255715740105"} 
2024-10-19 02:33:40 Sent Request :
 {"channel":{"channel":"119234","password":"YTc4YWY3ZWVlZWViODU3YTY5ODUzNTA4ZGU3YzVhYzM1NTdjNjM1MWEyYzA1ODU1ZDhlNTc4ZjU3N2QwMDVmMw=="},"messages":[{"text":"41258","msisdn":"255715740105","source":"IJUE SHERIA"}]} 
2024-10-19 02:33:42 Returned Response :
 {"isSuccessful":true,"reference_id":"f01efcabe7d644c5a00fbc415f27431f","sms_quota":32938.0,"error_description":"Successfully submitted 1 message(s) to broker.","error_code":0} 
2024-10-19 05:33:42 Response :
 {"status":"200","statusDesc":"success"} 
2024-10-19 02:34:12 Incoming Request :
 {"api_key":"YTc4YWY3ZWVlZWViODU3YTY5ODUzNTA4ZGU3YzVhYzM1NTdjNjM1MWEyYzA1ODU1ZDhlqA12AjkP0qNTc4ZjU3N2QwMDVmMw==","msisdn":"255615740105"} 
2024-10-19 02:34:12 Sent Request :
 {"channel":{"channel":"119234","password":"YTc4YWY3ZWVlZWViODU3YTY5ODUzNTA4ZGU3YzVhYzM1NTdjNjM1MWEyYzA1ODU1ZDhlNTc4ZjU3N2QwMDVmMw=="},"messages":[{"text":"88632","msisdn":"255615740105","source":"IJUE SHERIA"}]} 
2024-10-19 02:34:13 Returned Response :
 {"isSuccessful":true,"reference_id":"0b1f1767afe84d71b73d5d30545be9c0","sms_quota":32936.0,"error_description":"Successfully submitted 1 message(s) to broker.","error_code":0} 
2024-10-19 05:34:13 Response :
 {"status":"200","statusDesc":"success"} 
2024-10-19 02:34:26 Incoming Request :
 {"otp_token":"88632","api_key":"YTc4YWY3ZWVlZWViODU3YTY5ODUzNTA4ZGU3YzVhYzM1NTdjNjM1MWEyYzA1ODU1ZDhlqA12AjkP0qNTc4ZjU3N2QwMDVmMw==","msisdn":"255615740105"} 
2024-10-19 02:34:26 Response :
 {"status":"200","statusDesc":"success","user_id":"255615740105","full_name":"","gender":"","region":"","msisdn":"255615740105","email":""} 
2024-10-19 02:41:27 Incoming Request :
 {"api_key":"YTc4YWY3ZWVlZWViODU3YTY5ODUzNTA4ZGU3YzVhYzM1NTdjNjM1MWEyYzA1ODU1ZDhlqA12AjkP0qNTc4ZjU3N2QwMDVmMw==","msisdn":"255717131354"} 
2024-10-19 02:41:27 Sent Request :
 {"channel":{"channel":"119234","password":"YTc4YWY3ZWVlZWViODU3YTY5ODUzNTA4ZGU3YzVhYzM1NTdjNjM1MWEyYzA1ODU1ZDhlNTc4ZjU3N2QwMDVmMw=="},"messages":[{"text":"20666","msisdn":"255717131354","source":"IJUE SHERIA"}]} 
2024-10-19 02:41:29 Returned Response :
 {"isSuccessful":true,"reference_id":"25b6602e3c474c00b49393b762d18867","sms_quota":32934.0,"error_description":"Successfully submitted 1 message(s) to broker.","error_code":0} 
2024-10-19 05:41:29 Response :
 {"status":"200","statusDesc":"success"} 
2024-10-19 02:42:16 Incoming Request :
 {"otp_token":"20666","api_key":"YTc4YWY3ZWVlZWViODU3YTY5ODUzNTA4ZGU3YzVhYzM1NTdjNjM1MWEyYzA1ODU1ZDhlqA12AjkP0qNTc4ZjU3N2QwMDVmMw==","msisdn":"255717131354"} 
2024-10-19 02:42:16 Response :
 {"status":"200","statusDesc":"success","user_id":"255717131354","full_name":"","gender":"","region":"","msisdn":"255717131354","email":""} 
2024-10-19 03:25:48 Incoming Request :
 {"api_key":"YTc4YWY3ZWVlZWViODU3YTY5ODUzNTA4ZGU3YzVhYzM1NTdjNjM1MWEyYzA1ODU1ZDhlqA12AjkP0qNTc4ZjU3N2QwMDVmMw==","msisdn":"+255674631834"} 
2024-10-19 03:25:48 Response :
 {"status":"422","statusDesc":"Invalid Phone Number"} 
2024-10-19 03:26:35 Incoming Request :
 {"api_key":"YTc4YWY3ZWVlZWViODU3YTY5ODUzNTA4ZGU3YzVhYzM1NTdjNjM1MWEyYzA1ODU1ZDhlqA12AjkP0qNTc4ZjU3N2QwMDVmMw==","msisdn":"255763038743"} 
2024-10-19 03:26:35 Sent Request :
 {"channel":{"channel":"119234","password":"YTc4YWY3ZWVlZWViODU3YTY5ODUzNTA4ZGU3YzVhYzM1NTdjNjM1MWEyYzA1ODU1ZDhlNTc4ZjU3N2QwMDVmMw=="},"messages":[{"text":"69082","msisdn":"255763038743","source":"IJUE SHERIA"}]} 
2024-10-19 03:26:37 Returned Response :
 {"isSuccessful":true,"reference_id":"b5106a5a85174cb081e48654380f2ecb","sms_quota":32932.0,"error_description":"Successfully submitted 1 message(s) to broker.","error_code":0} 
2024-10-19 06:26:37 Response :
 {"status":"200","statusDesc":"success"} 
2024-10-19 03:26:48 Incoming Request :
 {"otp_token":"33300","api_key":"YTc4YWY3ZWVlZWViODU3YTY5ODUzNTA4ZGU3YzVhYzM1NTdjNjM1MWEyYzA1ODU1ZDhlqA12AjkP0qNTc4ZjU3N2QwMDVmMw==","msisdn":"255763038743"} 
2024-10-19 03:26:48 Response :
 {"status":"200","statusDesc":"success","user_id":"11728","full_name":"Dietrich Mchami","gender":"Male","region":"Arusha","msisdn":"255763038743","email":"ronilickd@yahoo.com"} 
2024-10-19 03:27:29 Incoming Request :
 {"api_key":"YTc4YWY3ZWVlZWViODU3YTY5ODUzNTA4ZGU3YzVhYzM1NTdjNjM1MWEyYzA1ODU1ZDhlqA12AjkP0qNTc4ZjU3N2QwMDVmMw==","msisdn":"255744733444"} 
2024-10-19 03:27:29 Sent Request :
 {"channel":{"channel":"119234","password":"YTc4YWY3ZWVlZWViODU3YTY5ODUzNTA4ZGU3YzVhYzM1NTdjNjM1MWEyYzA1ODU1ZDhlNTc4ZjU3N2QwMDVmMw=="},"messages":[{"text":"83976","msisdn":"255744733444","source":"IJUE SHERIA"}]} 
2024-10-19 03:27:31 Returned Response :
 {"isSuccessful":true,"reference_id":"964dba71159542fdb5a19f2a8aad648f","sms_quota":32930.0,"error_description":"Successfully submitted 1 message(s) to broker.","error_code":0} 
2024-10-19 06:27:31 Response :
 {"status":"200","statusDesc":"success"} 
2024-10-19 03:27:56 Incoming Request :
 {"otp_token":"83976","api_key":"YTc4YWY3ZWVlZWViODU3YTY5ODUzNTA4ZGU3YzVhYzM1NTdjNjM1MWEyYzA1ODU1ZDhlqA12AjkP0qNTc4ZjU3N2QwMDVmMw==","msisdn":"255744733444"} 
2024-10-19 03:27:56 Response :
 {"status":"200","statusDesc":"success","user_id":"26960","full_name":"moses","gender":"FEMALE","region":"Dar es Salaam","msisdn":"255744733444","email":""} 
2024-10-19 03:57:50 Incoming Request :
 {"api_key":"YTc4YWY3ZWVlZWViODU3YTY5ODUzNTA4ZGU3YzVhYzM1NTdjNjM1MWEyYzA1ODU1ZDhlqA12AjkP0qNTc4ZjU3N2QwMDVmMw==","msisdn":"255765937002"} 
2024-10-19 03:57:50 Sent Request :
 {"channel":{"channel":"119234","password":"YTc4YWY3ZWVlZWViODU3YTY5ODUzNTA4ZGU3YzVhYzM1NTdjNjM1MWEyYzA1ODU1ZDhlNTc4ZjU3N2QwMDVmMw=="},"messages":[{"text":"12147","msisdn":"255765937002","source":"IJUE SHERIA"}]} 
2024-10-19 03:57:52 Returned Response :
 {"isSuccessful":true,"reference_id":"dffbf36d5b3440e48a94254b06df7c0f","sms_quota":32928.0,"error_description":"Successfully submitted 1 message(s) to broker.","error_code":0} 
2024-10-19 06:57:52 Response :
 {"status":"200","statusDesc":"success"} 
2024-10-19 03:58:22 Incoming Request :
 {"otp_token":"12345","api_key":"YTc4YWY3ZWVlZWViODU3YTY5ODUzNTA4ZGU3YzVhYzM1NTdjNjM1MWEyYzA1ODU1ZDhlqA12AjkP0qNTc4ZjU3N2QwMDVmMw==","msisdn":"255765937002"} 
2024-10-19 03:58:22 Response :
 {"status":"200","statusDesc":"success","user_id":"255765937002","full_name":"","gender":"","region":"","msisdn":"255765937002","email":""} 
2024-10-19 05:06:06 Incoming Request :
 {"api_key":"YTc4YWY3ZWVlZWViODU3YTY5ODUzNTA4ZGU3YzVhYzM1NTdjNjM1MWEyYzA1ODU1ZDhlqA12AjkP0qNTc4ZjU3N2QwMDVmMw==","msisdn":"255695162121"} 
2024-10-19 05:06:06 Sent Request :
 {"channel":{"channel":"119234","password":"YTc4YWY3ZWVlZWViODU3YTY5ODUzNTA4ZGU3YzVhYzM1NTdjNjM1MWEyYzA1ODU1ZDhlNTc4ZjU3N2QwMDVmMw=="},"messages":[{"text":"83345","msisdn":"255695162121","source":"IJUE SHERIA"}]} 
2024-10-19 05:06:08 Returned Response :
 {"isSuccessful":true,"reference_id":"00be00f291504202b6e031ddaa01f21e","sms_quota":32927.0,"error_description":"Successfully submitted 1 message(s) to broker.","error_code":0} 
2024-10-19 08:06:08 Response :
 {"status":"200","statusDesc":"success"} 
2024-10-19 05:07:01 Incoming Request :
 {"otp_token":"83345","api_key":"YTc4YWY3ZWVlZWViODU3YTY5ODUzNTA4ZGU3YzVhYzM1NTdjNjM1MWEyYzA1ODU1ZDhlqA12AjkP0qNTc4ZjU3N2QwMDVmMw==","msisdn":"255695162121"} 
2024-10-19 05:07:01 Response :
 {"status":"200","statusDesc":"success","user_id":"255695162121","full_name":"","gender":"","region":"","msisdn":"255695162121","email":""} 
2024-10-19 05:18:54 Incoming Request :
 {"api_key":"YTc4YWY3ZWVlZWViODU3YTY5ODUzNTA4ZGU3YzVhYzM1NTdjNjM1MWEyYzA1ODU1ZDhlqA12AjkP0qNTc4ZjU3N2QwMDVmMw==","msisdn":"255713100013"} 
2024-10-19 05:18:54 Sent Request :
 {"channel":{"channel":"119234","password":"YTc4YWY3ZWVlZWViODU3YTY5ODUzNTA4ZGU3YzVhYzM1NTdjNjM1MWEyYzA1ODU1ZDhlNTc4ZjU3N2QwMDVmMw=="},"messages":[{"text":"56517","msisdn":"255713100013","source":"IJUE SHERIA"}]} 
2024-10-19 05:18:56 Returned Response :
 {"isSuccessful":true,"reference_id":"6022b8ab2f294ae68132cac085f505ab","sms_quota":32925.0,"error_description":"Successfully submitted 1 message(s) to broker.","error_code":0} 
2024-10-19 08:18:56 Response :
 {"status":"200","statusDesc":"success"} 
2024-10-19 06:35:28 Incoming Request :
 {"api_key":"YTc4YWY3ZWVlZWViODU3YTY5ODUzNTA4ZGU3YzVhYzM1NTdjNjM1MWEyYzA1ODU1ZDhlqA12AjkP0qNTc4ZjU3N2QwMDVmMw==","msisdn":"255684436315"} 
2024-10-19 06:35:28 Sent Request :
 {"channel":{"channel":"119234","password":"YTc4YWY3ZWVlZWViODU3YTY5ODUzNTA4ZGU3YzVhYzM1NTdjNjM1MWEyYzA1ODU1ZDhlNTc4ZjU3N2QwMDVmMw=="},"messages":[{"text":"59641","msisdn":"255684436315","source":"IJUE SHERIA"}]} 
2024-10-19 06:35:30 Returned Response :
 {"isSuccessful":true,"reference_id":"518cfc3007e54738b8a799eabd585fb5","sms_quota":32923.0,"error_description":"Successfully submitted 1 message(s) to broker.","error_code":0} 
2024-10-19 09:35:30 Response :
 {"status":"200","statusDesc":"success"} 
2024-10-19 06:38:06 Incoming Request :
 {"otp_token":"59641","api_key":"YTc4YWY3ZWVlZWViODU3YTY5ODUzNTA4ZGU3YzVhYzM1NTdjNjM1MWEyYzA1ODU1ZDhlqA12AjkP0qNTc4ZjU3N2QwMDVmMw==","msisdn":"255684436315"} 
2024-10-19 06:38:06 Response :
 {"status":"200","statusDesc":"success","user_id":"255684436315","full_name":"","gender":"","region":"","msisdn":"255684436315","email":""} 
2024-10-19 06:38:13 Incoming Request :
 {"otp_token":"56941","api_key":"YTc4YWY3ZWVlZWViODU3YTY5ODUzNTA4ZGU3YzVhYzM1NTdjNjM1MWEyYzA1ODU1ZDhlqA12AjkP0qNTc4ZjU3N2QwMDVmMw==","msisdn":"255684436315"} 
2024-10-19 06:38:13 Response :
 {"status":"200","statusDesc":"success","user_id":"255684436315","full_name":"","gender":"","region":"","msisdn":"255684436315","email":""} 
2024-10-19 07:10:41 Incoming Request :
 {"api_key":"YTc4YWY3ZWVlZWViODU3YTY5ODUzNTA4ZGU3YzVhYzM1NTdjNjM1MWEyYzA1ODU1ZDhlqA12AjkP0qNTc4ZjU3N2QwMDVmMw==","msisdn":"255746309393"} 
2024-10-19 07:10:41 Sent Request :
 {"channel":{"channel":"119234","password":"YTc4YWY3ZWVlZWViODU3YTY5ODUzNTA4ZGU3YzVhYzM1NTdjNjM1MWEyYzA1ODU1ZDhlNTc4ZjU3N2QwMDVmMw=="},"messages":[{"text":"63288","msisdn":"255746309393","source":"IJUE SHERIA"}]} 
2024-10-19 07:10:42 Returned Response :
 {"isSuccessful":true,"reference_id":"91a77cbaa86f429ebc0e5cfb93efa397","sms_quota":32921.0,"error_description":"Successfully submitted 1 message(s) to broker.","error_code":0} 
2024-10-19 10:10:42 Response :
 {"status":"200","statusDesc":"success"} 
2024-10-19 07:11:19 Incoming Request :
 {"otp_token":"63288","api_key":"YTc4YWY3ZWVlZWViODU3YTY5ODUzNTA4ZGU3YzVhYzM1NTdjNjM1MWEyYzA1ODU1ZDhlqA12AjkP0qNTc4ZjU3N2QwMDVmMw==","msisdn":"255746309393"} 
2024-10-19 07:11:19 Response :
 {"status":"200","statusDesc":"success","user_id":"255746309393","full_name":"","gender":"","region":"","msisdn":"255746309393","email":""} 
2024-10-19 07:14:23 Incoming Request :
 {"api_key":"YTc4YWY3ZWVlZWViODU3YTY5ODUzNTA4ZGU3YzVhYzM1NTdjNjM1MWEyYzA1ODU1ZDhlqA12AjkP0qNTc4ZjU3N2QwMDVmMw==","msisdn":"255710792929"} 
2024-10-19 07:14:23 Sent Request :
 {"channel":{"channel":"119234","password":"YTc4YWY3ZWVlZWViODU3YTY5ODUzNTA4ZGU3YzVhYzM1NTdjNjM1MWEyYzA1ODU1ZDhlNTc4ZjU3N2QwMDVmMw=="},"messages":[{"text":"69391","msisdn":"255710792929","source":"IJUE SHERIA"}]} 
2024-10-19 07:14:25 Returned Response :
 {"isSuccessful":true,"reference_id":"89439d417a1c45d6b960b9d126eb3ce8","sms_quota":32919.0,"error_description":"Successfully submitted 1 message(s) to broker.","error_code":0} 
2024-10-19 10:14:25 Response :
 {"status":"200","statusDesc":"success"} 
2024-10-19 07:14:51 Incoming Request :
 {"otp_token":"69391","api_key":"YTc4YWY3ZWVlZWViODU3YTY5ODUzNTA4ZGU3YzVhYzM1NTdjNjM1MWEyYzA1ODU1ZDhlqA12AjkP0qNTc4ZjU3N2QwMDVmMw==","msisdn":"255710792929"} 
2024-10-19 07:14:51 Response :
 {"status":"200","statusDesc":"success","user_id":"26963","full_name":"Janeth","gender":"MALE","region":"Dar es Salaam","msisdn":"255710792929","email":""} 
2024-10-19 07:16:06 Incoming Request :
 {"api_key":"YTc4YWY3ZWVlZWViODU3YTY5ODUzNTA4ZGU3YzVhYzM1NTdjNjM1MWEyYzA1ODU1ZDhlqA12AjkP0qNTc4ZjU3N2QwMDVmMw==","msisdn":"255759510505"} 
2024-10-19 07:16:06 Sent Request :
 {"channel":{"channel":"119234","password":"YTc4YWY3ZWVlZWViODU3YTY5ODUzNTA4ZGU3YzVhYzM1NTdjNjM1MWEyYzA1ODU1ZDhlNTc4ZjU3N2QwMDVmMw=="},"messages":[{"text":"56006","msisdn":"255759510505","source":"IJUE SHERIA"}]} 
2024-10-19 07:16:07 Returned Response :
 {"isSuccessful":true,"reference_id":"44613d9728cb4f10902f4d29c022088c","sms_quota":32917.0,"error_description":"Successfully submitted 1 message(s) to broker.","error_code":0} 
2024-10-19 10:16:07 Response :
 {"status":"200","statusDesc":"success"} 
2024-10-19 07:18:51 Incoming Request :
 {"api_key":"YTc4YWY3ZWVlZWViODU3YTY5ODUzNTA4ZGU3YzVhYzM1NTdjNjM1MWEyYzA1ODU1ZDhlqA12AjkP0qNTc4ZjU3N2QwMDVmMw==","msisdn":"255759510505"} 
2024-10-19 07:18:51 Sent Request :
 {"channel":{"channel":"119234","password":"YTc4YWY3ZWVlZWViODU3YTY5ODUzNTA4ZGU3YzVhYzM1NTdjNjM1MWEyYzA1ODU1ZDhlNTc4ZjU3N2QwMDVmMw=="},"messages":[{"text":"64176","msisdn":"255759510505","source":"IJUE SHERIA"}]} 
2024-10-19 07:18:53 Returned Response :
 {"isSuccessful":true,"reference_id":"fca8e5623e1b4d62bd70fd1fd89a8821","sms_quota":32916.0,"error_description":"Successfully submitted 1 message(s) to broker.","error_code":0} 
2024-10-19 10:18:53 Response :
 {"status":"200","statusDesc":"success"} 
2024-10-19 07:19:15 Incoming Request :
 {"otp_token":"64176","api_key":"YTc4YWY3ZWVlZWViODU3YTY5ODUzNTA4ZGU3YzVhYzM1NTdjNjM1MWEyYzA1ODU1ZDhlqA12AjkP0qNTc4ZjU3N2QwMDVmMw==","msisdn":"255759510505"} 
2024-10-19 07:19:15 Response :
 {"status":"200","statusDesc":"success","user_id":"255759510505","full_name":"","gender":"","region":"","msisdn":"255759510505","email":""} 
2024-10-19 08:01:39 Incoming Request :
 {"api_key":"YTc4YWY3ZWVlZWViODU3YTY5ODUzNTA4ZGU3YzVhYzM1NTdjNjM1MWEyYzA1ODU1ZDhlqA12AjkP0qNTc4ZjU3N2QwMDVmMw==","msisdn":"255785636491"} 
2024-10-19 08:01:39 Sent Request :
 {"channel":{"channel":"119234","password":"YTc4YWY3ZWVlZWViODU3YTY5ODUzNTA4ZGU3YzVhYzM1NTdjNjM1MWEyYzA1ODU1ZDhlNTc4ZjU3N2QwMDVmMw=="},"messages":[{"text":"80675","msisdn":"255785636491","source":"IJUE SHERIA"}]} 
2024-10-19 08:01:41 Returned Response :
 {"isSuccessful":true,"reference_id":"25fe900d5e4f43dea5672e905fe15c45","sms_quota":32914.0,"error_description":"Successfully submitted 1 message(s) to broker.","error_code":0} 
2024-10-19 11:01:41 Response :
 {"status":"200","statusDesc":"success"} 
2024-10-19 08:02:06 Incoming Request :
 {"api_key":"YTc4YWY3ZWVlZWViODU3YTY5ODUzNTA4ZGU3YzVhYzM1NTdjNjM1MWEyYzA1ODU1ZDhlqA12AjkP0qNTc4ZjU3N2QwMDVmMw==","msisdn":"255786471484"} 
2024-10-19 08:02:06 Sent Request :
 {"channel":{"channel":"119234","password":"YTc4YWY3ZWVlZWViODU3YTY5ODUzNTA4ZGU3YzVhYzM1NTdjNjM1MWEyYzA1ODU1ZDhlNTc4ZjU3N2QwMDVmMw=="},"messages":[{"text":"40285","msisdn":"255786471484","source":"IJUE SHERIA"}]} 
2024-10-19 08:02:07 Returned Response :
 {"isSuccessful":true,"reference_id":"56c504add46044eeb54f79da37072d3b","sms_quota":32912.0,"error_description":"Successfully submitted 1 message(s) to broker.","error_code":0} 
2024-10-19 11:02:07 Response :
 {"status":"200","statusDesc":"success"} 
2024-10-19 08:02:33 Incoming Request :
 {"otp_token":"40285","api_key":"YTc4YWY3ZWVlZWViODU3YTY5ODUzNTA4ZGU3YzVhYzM1NTdjNjM1MWEyYzA1ODU1ZDhlqA12AjkP0qNTc4ZjU3N2QwMDVmMw==","msisdn":"255786471484"} 
2024-10-19 08:02:33 Response :
 {"status":"200","statusDesc":"success","user_id":"255786471484","full_name":"","gender":"","region":"","msisdn":"255786471484","email":""} 
2024-10-19 08:49:12 Incoming Request :
 {"api_key":"YTc4YWY3ZWVlZWViODU3YTY5ODUzNTA4ZGU3YzVhYzM1NTdjNjM1MWEyYzA1ODU1ZDhlqA12AjkP0qNTc4ZjU3N2QwMDVmMw==","msisdn":"255673087709"} 
2024-10-19 08:49:12 Sent Request :
 {"channel":{"channel":"119234","password":"YTc4YWY3ZWVlZWViODU3YTY5ODUzNTA4ZGU3YzVhYzM1NTdjNjM1MWEyYzA1ODU1ZDhlNTc4ZjU3N2QwMDVmMw=="},"messages":[{"text":"14199","msisdn":"255673087709","source":"IJUE SHERIA"}]} 
2024-10-19 08:49:14 Returned Response :
 {"isSuccessful":true,"reference_id":"4d00c1e92b8d414085cb392b40cafee4","sms_quota":32910.0,"error_description":"Successfully submitted 1 message(s) to broker.","error_code":0} 
2024-10-19 11:49:14 Response :
 {"status":"200","statusDesc":"success"} 
2024-10-19 08:49:34 Incoming Request :
 {"otp_token":"14199","api_key":"YTc4YWY3ZWVlZWViODU3YTY5ODUzNTA4ZGU3YzVhYzM1NTdjNjM1MWEyYzA1ODU1ZDhlqA12AjkP0qNTc4ZjU3N2QwMDVmMw==","msisdn":"255673087709"} 
2024-10-19 08:49:34 Response :
 {"status":"200","statusDesc":"success","user_id":"26964","full_name":"George Mashigila","gender":"FEMALE","region":"Mwanza","msisdn":"255673087709","email":""} 
2024-10-19 09:18:22 Incoming Request :
 {"api_key":"YTc4YWY3ZWVlZWViODU3YTY5ODUzNTA4ZGU3YzVhYzM1NTdjNjM1MWEyYzA1ODU1ZDhlqA12AjkP0qNTc4ZjU3N2QwMDVmMw==","msisdn":"255715886748"} 
2024-10-19 09:18:22 Sent Request :
 {"channel":{"channel":"119234","password":"YTc4YWY3ZWVlZWViODU3YTY5ODUzNTA4ZGU3YzVhYzM1NTdjNjM1MWEyYzA1ODU1ZDhlNTc4ZjU3N2QwMDVmMw=="},"messages":[{"text":"59812","msisdn":"255715886748","source":"IJUE SHERIA"}]} 
2024-10-19 09:18:24 Returned Response :
 {"isSuccessful":true,"reference_id":"9435d886cb0547adb42497ea24b28096","sms_quota":32908.0,"error_description":"Successfully submitted 1 message(s) to broker.","error_code":0} 
2024-10-19 12:18:24 Response :
 {"status":"200","statusDesc":"success"} 
2024-10-19 09:18:43 Incoming Request :
 {"otp_token":"59812","api_key":"YTc4YWY3ZWVlZWViODU3YTY5ODUzNTA4ZGU3YzVhYzM1NTdjNjM1MWEyYzA1ODU1ZDhlqA12AjkP0qNTc4ZjU3N2QwMDVmMw==","msisdn":"255715886748"} 
2024-10-19 09:18:43 Response :
 {"status":"200","statusDesc":"success","user_id":"18719","full_name":"Samweli simkonda","gender":"FEMALE","region":"Dar es Salaam","msisdn":"255715886748","email":""} 
2024-10-19 10:12:20 Incoming Request :
 {"api_key":"YTc4YWY3ZWVlZWViODU3YTY5ODUzNTA4ZGU3YzVhYzM1NTdjNjM1MWEyYzA1ODU1ZDhlqA12AjkP0qNTc4ZjU3N2QwMDVmMw==","msisdn":"255622860486"} 
2024-10-19 10:12:20 Sent Request :
 {"channel":{"channel":"119234","password":"YTc4YWY3ZWVlZWViODU3YTY5ODUzNTA4ZGU3YzVhYzM1NTdjNjM1MWEyYzA1ODU1ZDhlNTc4ZjU3N2QwMDVmMw=="},"messages":[{"text":"92727","msisdn":"255622860486","source":"IJUE SHERIA"}]} 
2024-10-19 10:12:22 Returned Response :
 {"isSuccessful":true,"reference_id":"4426ff011d774f65bc7c5287bd4993e3","sms_quota":32906.0,"error_description":"Successfully submitted 1 message(s) to broker.","error_code":0} 
2024-10-19 13:12:22 Response :
 {"status":"200","statusDesc":"success"} 
2024-10-19 10:14:03 Incoming Request :
 {"api_key":"YTc4YWY3ZWVlZWViODU3YTY5ODUzNTA4ZGU3YzVhYzM1NTdjNjM1MWEyYzA1ODU1ZDhlqA12AjkP0qNTc4ZjU3N2QwMDVmMw==","msisdn":"255698200171"} 
2024-10-19 10:14:03 Sent Request :
 {"channel":{"channel":"119234","password":"YTc4YWY3ZWVlZWViODU3YTY5ODUzNTA4ZGU3YzVhYzM1NTdjNjM1MWEyYzA1ODU1ZDhlNTc4ZjU3N2QwMDVmMw=="},"messages":[{"text":"32262","msisdn":"255698200171","source":"IJUE SHERIA"}]} 
2024-10-19 10:14:04 Returned Response :
 {"isSuccessful":true,"reference_id":"e87fc4ade85b496cb7992ea47480458f","sms_quota":32905.0,"error_description":"Successfully submitted 1 message(s) to broker.","error_code":0} 
2024-10-19 13:14:04 Response :
 {"status":"200","statusDesc":"success"} 
2024-10-19 10:14:22 Incoming Request :
 {"otp_token":"92727","api_key":"YTc4YWY3ZWVlZWViODU3YTY5ODUzNTA4ZGU3YzVhYzM1NTdjNjM1MWEyYzA1ODU1ZDhlqA12AjkP0qNTc4ZjU3N2QwMDVmMw==","msisdn":"255698200171"} 
2024-10-19 10:14:22 Response :
 {"status":"200","statusDesc":"success","user_id":"255698200171","full_name":"","gender":"","region":"","msisdn":"255698200171","email":""} 
2024-10-19 10:35:39 Incoming Request :
 {"api_key":"YTc4YWY3ZWVlZWViODU3YTY5ODUzNTA4ZGU3YzVhYzM1NTdjNjM1MWEyYzA1ODU1ZDhlqA12AjkP0qNTc4ZjU3N2QwMDVmMw==","msisdn":"255655066090"} 
2024-10-19 10:35:39 Sent Request :
 {"channel":{"channel":"119234","password":"YTc4YWY3ZWVlZWViODU3YTY5ODUzNTA4ZGU3YzVhYzM1NTdjNjM1MWEyYzA1ODU1ZDhlNTc4ZjU3N2QwMDVmMw=="},"messages":[{"text":"34464","msisdn":"255655066090","source":"IJUE SHERIA"}]} 
2024-10-19 10:35:40 Returned Response :
 {"isSuccessful":true,"reference_id":"d33c3c4b212641ac829107ec5a443dba","sms_quota":32903.0,"error_description":"Successfully submitted 1 message(s) to broker.","error_code":0} 
2024-10-19 13:35:40 Response :
 {"status":"200","statusDesc":"success"} 
2024-10-19 10:36:19 Incoming Request :
 {"otp_token":"34464","api_key":"YTc4YWY3ZWVlZWViODU3YTY5ODUzNTA4ZGU3YzVhYzM1NTdjNjM1MWEyYzA1ODU1ZDhlqA12AjkP0qNTc4ZjU3N2QwMDVmMw==","msisdn":"255655066090"} 
2024-10-19 10:36:19 Response :
 {"status":"200","statusDesc":"success","user_id":"26966","full_name":"Reuben  Mwita ","gender":"FEMALE","region":"Dar es Salaam","msisdn":"255655066090","email":""} 
2024-10-19 11:31:31 Incoming Request :
 {"api_key":"YTc4YWY3ZWVlZWViODU3YTY5ODUzNTA4ZGU3YzVhYzM1NTdjNjM1MWEyYzA1ODU1ZDhlqA12AjkP0qNTc4ZjU3N2QwMDVmMw==","msisdn":"255762983558"} 
2024-10-19 11:31:31 Sent Request :
 {"channel":{"channel":"119234","password":"YTc4YWY3ZWVlZWViODU3YTY5ODUzNTA4ZGU3YzVhYzM1NTdjNjM1MWEyYzA1ODU1ZDhlNTc4ZjU3N2QwMDVmMw=="},"messages":[{"text":"75745","msisdn":"255762983558","source":"IJUE SHERIA"}]} 
2024-10-19 11:31:32 Returned Response :
 {"isSuccessful":true,"reference_id":"88e6fa873f22480cbcf2f4437fdc4e1a","sms_quota":32901.0,"error_description":"Successfully submitted 1 message(s) to broker.","error_code":0} 
2024-10-19 14:31:32 Response :
 {"status":"200","statusDesc":"success"} 
2024-10-19 11:32:33 Incoming Request :
 {"otp_token":"75745","api_key":"YTc4YWY3ZWVlZWViODU3YTY5ODUzNTA4ZGU3YzVhYzM1NTdjNjM1MWEyYzA1ODU1ZDhlqA12AjkP0qNTc4ZjU3N2QwMDVmMw==","msisdn":"255762983558"} 
2024-10-19 11:32:33 Response :
 {"status":"200","statusDesc":"success","user_id":"26967","full_name":"ferix ","gender":"FEMALE","region":"Kigoma","msisdn":"255762983558","email":""} 
2024-10-19 12:50:15 Incoming Request :
 {"api_key":"YTc4YWY3ZWVlZWViODU3YTY5ODUzNTA4ZGU3YzVhYzM1NTdjNjM1MWEyYzA1ODU1ZDhlqA12AjkP0qNTc4ZjU3N2QwMDVmMw==","msisdn":"255749812348"} 
2024-10-19 12:50:15 Sent Request :
 {"channel":{"channel":"119234","password":"YTc4YWY3ZWVlZWViODU3YTY5ODUzNTA4ZGU3YzVhYzM1NTdjNjM1MWEyYzA1ODU1ZDhlNTc4ZjU3N2QwMDVmMw=="},"messages":[{"text":"51564","msisdn":"255749812348","source":"IJUE SHERIA"}]} 
2024-10-19 12:50:17 Returned Response :
 {"isSuccessful":true,"reference_id":"2c6186707c8c479f8f68f717cf8f2cd0","sms_quota":32899.0,"error_description":"Successfully submitted 1 message(s) to broker.","error_code":0} 
2024-10-19 15:50:17 Response :
 {"status":"200","statusDesc":"success"} 
2024-10-19 12:50:41 Incoming Request :
 {"otp_token":"51564","api_key":"YTc4YWY3ZWVlZWViODU3YTY5ODUzNTA4ZGU3YzVhYzM1NTdjNjM1MWEyYzA1ODU1ZDhlqA12AjkP0qNTc4ZjU3N2QwMDVmMw==","msisdn":"255749812348"} 
2024-10-19 12:50:41 Response :
 {"status":"200","statusDesc":"success","user_id":"26968","full_name":"Frenk","gender":"FEMALE","region":"Kagera","msisdn":"255749812348","email":""} 
2024-10-19 13:03:14 Incoming Request :
 {"api_key":"YTc4YWY3ZWVlZWViODU3YTY5ODUzNTA4ZGU3YzVhYzM1NTdjNjM1MWEyYzA1ODU1ZDhlqA12AjkP0qNTc4ZjU3N2QwMDVmMw==","msisdn":"255682712753"} 
2024-10-19 13:03:14 Sent Request :
 {"channel":{"channel":"119234","password":"YTc4YWY3ZWVlZWViODU3YTY5ODUzNTA4ZGU3YzVhYzM1NTdjNjM1MWEyYzA1ODU1ZDhlNTc4ZjU3N2QwMDVmMw=="},"messages":[{"text":"68553","msisdn":"255682712753","source":"IJUE SHERIA"}]} 
2024-10-19 13:03:23 Returned Response :
 {"isSuccessful":true,"reference_id":"7dc80bbb77184936bf822560bddf7dab","sms_quota":32897.0,"error_description":"Successfully submitted 1 message(s) to broker.","error_code":0} 
2024-10-19 16:03:23 Response :
 {"status":"200","statusDesc":"success"} 
2024-10-19 13:04:54 Incoming Request :
 {"otp_token":"68553","api_key":"YTc4YWY3ZWVlZWViODU3YTY5ODUzNTA4ZGU3YzVhYzM1NTdjNjM1MWEyYzA1ODU1ZDhlqA12AjkP0qNTc4ZjU3N2QwMDVmMw==","msisdn":"255682712753"} 
2024-10-19 13:04:54 Response :
 {"status":"200","statusDesc":"success","user_id":"20424","full_name":"Ayubu Yosia Ntandu","gender":"FEMALE","region":"Singida","msisdn":"255682712753","email":""} 
2024-10-19 13:09:11 Incoming Request :
 {"api_key":"YTc4YWY3ZWVlZWViODU3YTY5ODUzNTA4ZGU3YzVhYzM1NTdjNjM1MWEyYzA1ODU1ZDhlqA12AjkP0qNTc4ZjU3N2QwMDVmMw==","msisdn":"255750601376"} 
2024-10-19 13:09:11 Sent Request :
 {"channel":{"channel":"119234","password":"YTc4YWY3ZWVlZWViODU3YTY5ODUzNTA4ZGU3YzVhYzM1NTdjNjM1MWEyYzA1ODU1ZDhlNTc4ZjU3N2QwMDVmMw=="},"messages":[{"text":"56826","msisdn":"255750601376","source":"IJUE SHERIA"}]} 
2024-10-19 13:09:13 Returned Response :
 {"isSuccessful":true,"reference_id":"db574ca44d254fe2be689c80f40a99b9","sms_quota":32895.0,"error_description":"Successfully submitted 1 message(s) to broker.","error_code":0} 
2024-10-19 16:09:13 Response :
 {"status":"200","statusDesc":"success"} 
2024-10-19 13:09:44 Incoming Request :
 {"otp_token":"56826","api_key":"YTc4YWY3ZWVlZWViODU3YTY5ODUzNTA4ZGU3YzVhYzM1NTdjNjM1MWEyYzA1ODU1ZDhlqA12AjkP0qNTc4ZjU3N2QwMDVmMw==","msisdn":"255750601376"} 
2024-10-19 13:09:44 Response :
 {"status":"200","statusDesc":"success","user_id":"26969","full_name":"john","gender":"FEMALE","region":"Dar es Salaam","msisdn":"255750601376","email":""} 
2024-10-19 14:27:37 Incoming Request :
 {"api_key":"YTc4YWY3ZWVlZWViODU3YTY5ODUzNTA4ZGU3YzVhYzM1NTdjNjM1MWEyYzA1ODU1ZDhlqA12AjkP0qNTc4ZjU3N2QwMDVmMw==","msisdn":"255757890046"} 
2024-10-19 14:27:37 Sent Request :
 {"channel":{"channel":"119234","password":"YTc4YWY3ZWVlZWViODU3YTY5ODUzNTA4ZGU3YzVhYzM1NTdjNjM1MWEyYzA1ODU1ZDhlNTc4ZjU3N2QwMDVmMw=="},"messages":[{"text":"51448","msisdn":"255757890046","source":"IJUE SHERIA"}]} 
2024-10-19 14:27:38 Returned Response :
 {"isSuccessful":true,"reference_id":"08f4336d164843b2919e4b91ed41bfd7","sms_quota":32894.0,"error_description":"Successfully submitted 1 message(s) to broker.","error_code":0} 
2024-10-19 17:27:38 Response :
 {"status":"200","statusDesc":"success"} 
2024-10-19 14:28:03 Incoming Request :
 {"otp_token":"51448","api_key":"YTc4YWY3ZWVlZWViODU3YTY5ODUzNTA4ZGU3YzVhYzM1NTdjNjM1MWEyYzA1ODU1ZDhlqA12AjkP0qNTc4ZjU3N2QwMDVmMw==","msisdn":"255757890046"} 
2024-10-19 14:28:03 Response :
 {"status":"200","statusDesc":"success","user_id":"26970","full_name":"patrick emmanuel","gender":"FEMALE","region":"Mwanza","msisdn":"255757890046","email":""} 
2024-10-19 15:25:09 Incoming Request :
 {"api_key":"YTc4YWY3ZWVlZWViODU3YTY5ODUzNTA4ZGU3YzVhYzM1NTdjNjM1MWEyYzA1ODU1ZDhlqA12AjkP0qNTc4ZjU3N2QwMDVmMw==","msisdn":"255757752595"} 
2024-10-19 15:25:09 Sent Request :
 {"channel":{"channel":"119234","password":"YTc4YWY3ZWVlZWViODU3YTY5ODUzNTA4ZGU3YzVhYzM1NTdjNjM1MWEyYzA1ODU1ZDhlNTc4ZjU3N2QwMDVmMw=="},"messages":[{"text":"43868","msisdn":"255757752595","source":"IJUE SHERIA"}]} 
2024-10-19 15:25:10 Returned Response :
 {"isSuccessful":true,"reference_id":"4fd76327b3014f37998074eb68e3a4f7","sms_quota":32892.0,"error_description":"Successfully submitted 1 message(s) to broker.","error_code":0} 
2024-10-19 18:25:10 Response :
 {"status":"200","statusDesc":"success"} 
2024-10-19 15:25:37 Incoming Request :
 {"otp_token":"43868","api_key":"YTc4YWY3ZWVlZWViODU3YTY5ODUzNTA4ZGU3YzVhYzM1NTdjNjM1MWEyYzA1ODU1ZDhlqA12AjkP0qNTc4ZjU3N2QwMDVmMw==","msisdn":"255757752595"} 
2024-10-19 15:25:37 Response :
 {"status":"200","statusDesc":"success","user_id":"26971","full_name":"Mustapha Kadabi","gender":"FEMALE","region":"Mwanza","msisdn":"255757752595","email":""} 
2024-10-19 16:47:54 Incoming Request :
 {"api_key":"YTc4YWY3ZWVlZWViODU3YTY5ODUzNTA4ZGU3YzVhYzM1NTdjNjM1MWEyYzA1ODU1ZDhlqA12AjkP0qNTc4ZjU3N2QwMDVmMw==","msisdn":"255748289411"} 
2024-10-19 16:47:54 Sent Request :
 {"channel":{"channel":"119234","password":"YTc4YWY3ZWVlZWViODU3YTY5ODUzNTA4ZGU3YzVhYzM1NTdjNjM1MWEyYzA1ODU1ZDhlNTc4ZjU3N2QwMDVmMw=="},"messages":[{"text":"34490","msisdn":"255748289411","source":"IJUE SHERIA"}]} 
2024-10-19 16:47:56 Returned Response :
 {"isSuccessful":true,"reference_id":"ef1021233f5b41358a131da192eca5b9","sms_quota":32890.0,"error_description":"Successfully submitted 1 message(s) to broker.","error_code":0} 
2024-10-19 19:47:56 Response :
 {"status":"200","statusDesc":"success"} 
2024-10-19 16:48:22 Incoming Request :
 {"otp_token":"34490","api_key":"YTc4YWY3ZWVlZWViODU3YTY5ODUzNTA4ZGU3YzVhYzM1NTdjNjM1MWEyYzA1ODU1ZDhlqA12AjkP0qNTc4ZjU3N2QwMDVmMw==","msisdn":"255748289411"} 
2024-10-19 16:48:22 Response :
 {"status":"200","statusDesc":"success","user_id":"255748289411","full_name":"","gender":"","region":"","msisdn":"255748289411","email":""} 
2024-10-19 17:07:37 Incoming Request :
 {"api_key":"YTc4YWY3ZWVlZWViODU3YTY5ODUzNTA4ZGU3YzVhYzM1NTdjNjM1MWEyYzA1ODU1ZDhlqA12AjkP0qNTc4ZjU3N2QwMDVmMw==","msisdn":"255715393441"} 
2024-10-19 17:07:37 Sent Request :
 {"channel":{"channel":"119234","password":"YTc4YWY3ZWVlZWViODU3YTY5ODUzNTA4ZGU3YzVhYzM1NTdjNjM1MWEyYzA1ODU1ZDhlNTc4ZjU3N2QwMDVmMw=="},"messages":[{"text":"64063","msisdn":"255715393441","source":"IJUE SHERIA"}]} 
2024-10-19 17:07:39 Returned Response :
 {"isSuccessful":true,"reference_id":"cea96a02e7964d1f97e1a1db5f31b611","sms_quota":32888.0,"error_description":"Successfully submitted 1 message(s) to broker.","error_code":0} 
2024-10-19 20:07:39 Response :
 {"status":"200","statusDesc":"success"} 
2024-10-19 17:08:46 Incoming Request :
 {"otp_token":"64063","api_key":"YTc4YWY3ZWVlZWViODU3YTY5ODUzNTA4ZGU3YzVhYzM1NTdjNjM1MWEyYzA1ODU1ZDhlqA12AjkP0qNTc4ZjU3N2QwMDVmMw==","msisdn":"255715393441"} 
2024-10-19 17:08:46 Response :
 {"status":"200","statusDesc":"success","user_id":"26972","full_name":"isaya hamisi masaka","gender":"FEMALE","region":"Dodoma","msisdn":"255715393441","email":""} 
2024-10-19 17:09:48 Incoming Request :
 {"api_key":"YTc4YWY3ZWVlZWViODU3YTY5ODUzNTA4ZGU3YzVhYzM1NTdjNjM1MWEyYzA1ODU1ZDhlqA12AjkP0qNTc4ZjU3N2QwMDVmMw==","msisdn":"255753645980"} 
2024-10-19 17:09:48 Sent Request :
 {"channel":{"channel":"119234","password":"YTc4YWY3ZWVlZWViODU3YTY5ODUzNTA4ZGU3YzVhYzM1NTdjNjM1MWEyYzA1ODU1ZDhlNTc4ZjU3N2QwMDVmMw=="},"messages":[{"text":"55524","msisdn":"255753645980","source":"IJUE SHERIA"}]} 
2024-10-19 17:09:49 Returned Response :
 {"isSuccessful":true,"reference_id":"caf227474e7c4f108ac1d3a12c755690","sms_quota":32886.0,"error_description":"Successfully submitted 1 message(s) to broker.","error_code":0} 
2024-10-19 20:09:49 Response :
 {"status":"200","statusDesc":"success"} 
2024-10-19 17:10:21 Incoming Request :
 {"otp_token":"55524","api_key":"YTc4YWY3ZWVlZWViODU3YTY5ODUzNTA4ZGU3YzVhYzM1NTdjNjM1MWEyYzA1ODU1ZDhlqA12AjkP0qNTc4ZjU3N2QwMDVmMw==","msisdn":"255753645980"} 
2024-10-19 17:10:21 Response :
 {"status":"200","statusDesc":"success","user_id":"20389","full_name":"KARIM MZAGANYA","gender":"FEMALE","region":"Kigoma","msisdn":"255753645980","email":""} 
2024-10-19 17:51:53 Incoming Request :
 {"api_key":"YTc4YWY3ZWVlZWViODU3YTY5ODUzNTA4ZGU3YzVhYzM1NTdjNjM1MWEyYzA1ODU1ZDhlqA12AjkP0qNTc4ZjU3N2QwMDVmMw==","msisdn":"255744245045"} 
2024-10-19 17:51:53 Sent Request :
 {"channel":{"channel":"119234","password":"YTc4YWY3ZWVlZWViODU3YTY5ODUzNTA4ZGU3YzVhYzM1NTdjNjM1MWEyYzA1ODU1ZDhlNTc4ZjU3N2QwMDVmMw=="},"messages":[{"text":"76181","msisdn":"255744245045","source":"IJUE SHERIA"}]} 
2024-10-19 17:51:54 Returned Response :
 {"isSuccessful":true,"reference_id":"84da1625eaff48d8abb5fef9e32d2504","sms_quota":32884.0,"error_description":"Successfully submitted 1 message(s) to broker.","error_code":0} 
2024-10-19 20:51:54 Response :
 {"status":"200","statusDesc":"success"} 
2024-10-19 17:52:14 Incoming Request :
 {"otp_token":"14725","api_key":"YTc4YWY3ZWVlZWViODU3YTY5ODUzNTA4ZGU3YzVhYzM1NTdjNjM1MWEyYzA1ODU1ZDhlqA12AjkP0qNTc4ZjU3N2QwMDVmMw==","msisdn":"255744245045"} 
2024-10-19 17:52:14 Response :
 {"status":"200","statusDesc":"success","user_id":"255744245045","full_name":"","gender":"","region":"","msisdn":"255744245045","email":""} 
2024-10-19 18:03:15 Incoming Request :
 {"api_key":"YTc4YWY3ZWVlZWViODU3YTY5ODUzNTA4ZGU3YzVhYzM1NTdjNjM1MWEyYzA1ODU1ZDhlqA12AjkP0qNTc4ZjU3N2QwMDVmMw==","msisdn":"255753828389"} 
2024-10-19 18:03:15 Sent Request :
 {"channel":{"channel":"119234","password":"YTc4YWY3ZWVlZWViODU3YTY5ODUzNTA4ZGU3YzVhYzM1NTdjNjM1MWEyYzA1ODU1ZDhlNTc4ZjU3N2QwMDVmMw=="},"messages":[{"text":"82632","msisdn":"255753828389","source":"IJUE SHERIA"}]} 
2024-10-19 18:03:17 Returned Response :
 {"isSuccessful":true,"reference_id":"e8a1be3920a04200a6db858947601c32","sms_quota":32883.0,"error_description":"Successfully submitted 1 message(s) to broker.","error_code":0} 
2024-10-19 21:03:17 Response :
 {"status":"200","statusDesc":"success"} 
2024-10-19 18:04:09 Incoming Request :
 {"otp_token":"82632","api_key":"YTc4YWY3ZWVlZWViODU3YTY5ODUzNTA4ZGU3YzVhYzM1NTdjNjM1MWEyYzA1ODU1ZDhlqA12AjkP0qNTc4ZjU3N2QwMDVmMw==","msisdn":"255753828389"} 
2024-10-19 18:04:09 Response :
 {"status":"200","statusDesc":"success","user_id":"255753828389","full_name":"","gender":"","region":"","msisdn":"255753828389","email":""} 
2024-10-19 18:08:23 Incoming Request :
 {"api_key":"YTc4YWY3ZWVlZWViODU3YTY5ODUzNTA4ZGU3YzVhYzM1NTdjNjM1MWEyYzA1ODU1ZDhlqA12AjkP0qNTc4ZjU3N2QwMDVmMw==","msisdn":"255656803494"} 
2024-10-19 18:08:23 Sent Request :
 {"channel":{"channel":"119234","password":"YTc4YWY3ZWVlZWViODU3YTY5ODUzNTA4ZGU3YzVhYzM1NTdjNjM1MWEyYzA1ODU1ZDhlNTc4ZjU3N2QwMDVmMw=="},"messages":[{"text":"95702","msisdn":"255656803494","source":"IJUE SHERIA"}]} 
2024-10-19 18:08:25 Returned Response :
 {"isSuccessful":true,"reference_id":"95ea07535f394c97a7b19708d62a2c0c","sms_quota":32881.0,"error_description":"Successfully submitted 1 message(s) to broker.","error_code":0} 
2024-10-19 21:08:25 Response :
 {"status":"200","statusDesc":"success"} 
2024-10-19 18:08:45 Incoming Request :
 {"otp_token":"95702","api_key":"YTc4YWY3ZWVlZWViODU3YTY5ODUzNTA4ZGU3YzVhYzM1NTdjNjM1MWEyYzA1ODU1ZDhlqA12AjkP0qNTc4ZjU3N2QwMDVmMw==","msisdn":"255656803494"} 
2024-10-19 18:08:45 Response :
 {"status":"200","statusDesc":"success","user_id":"25655","full_name":"Huba kweka ","gender":"MALE","region":"Dar es Salaam","msisdn":"255656803494","email":""} 
2024-10-19 18:36:11 Incoming Request :
 {"api_key":"YTc4YWY3ZWVlZWViODU3YTY5ODUzNTA4ZGU3YzVhYzM1NTdjNjM1MWEyYzA1ODU1ZDhlqA12AjkP0qNTc4ZjU3N2QwMDVmMw==","msisdn":"255785636491"} 
2024-10-19 18:36:11 Sent Request :
 {"channel":{"channel":"119234","password":"YTc4YWY3ZWVlZWViODU3YTY5ODUzNTA4ZGU3YzVhYzM1NTdjNjM1MWEyYzA1ODU1ZDhlNTc4ZjU3N2QwMDVmMw=="},"messages":[{"text":"10373","msisdn":"255785636491","source":"IJUE SHERIA"}]} 
2024-10-19 18:36:12 Returned Response :
 {"isSuccessful":true,"reference_id":"813a051e381b48cbbff7952b5efa9e72","sms_quota":32879.0,"error_description":"Successfully submitted 1 message(s) to broker.","error_code":0} 
2024-10-19 21:36:12 Response :
 {"status":"200","statusDesc":"success"} 
2024-10-19 18:36:46 Incoming Request :
 {"otp_token":"10373","api_key":"YTc4YWY3ZWVlZWViODU3YTY5ODUzNTA4ZGU3YzVhYzM1NTdjNjM1MWEyYzA1ODU1ZDhlqA12AjkP0qNTc4ZjU3N2QwMDVmMw==","msisdn":"255785636491"} 
2024-10-19 18:36:46 Response :
 {"status":"200","statusDesc":"success","user_id":"255785636491","full_name":"","gender":"","region":"","msisdn":"255785636491","email":""} 
2024-10-19 18:42:57 Incoming Request :
 {"api_key":"YTc4YWY3ZWVlZWViODU3YTY5ODUzNTA4ZGU3YzVhYzM1NTdjNjM1MWEyYzA1ODU1ZDhlqA12AjkP0qNTc4ZjU3N2QwMDVmMw==","msisdn":"255744793610"} 
2024-10-19 18:42:57 Sent Request :
 {"channel":{"channel":"119234","password":"YTc4YWY3ZWVlZWViODU3YTY5ODUzNTA4ZGU3YzVhYzM1NTdjNjM1MWEyYzA1ODU1ZDhlNTc4ZjU3N2QwMDVmMw=="},"messages":[{"text":"29909","msisdn":"255744793610","source":"IJUE SHERIA"}]} 
2024-10-19 18:42:59 Returned Response :
 {"isSuccessful":true,"reference_id":"a76cd3c99e11492386ea72000e06b611","sms_quota":32877.0,"error_description":"Successfully submitted 1 message(s) to broker.","error_code":0} 
2024-10-19 21:42:59 Response :
 {"status":"200","statusDesc":"success"} 
2024-10-19 18:43:19 Incoming Request :
 {"otp_token":"20026","api_key":"YTc4YWY3ZWVlZWViODU3YTY5ODUzNTA4ZGU3YzVhYzM1NTdjNjM1MWEyYzA1ODU1ZDhlqA12AjkP0qNTc4ZjU3N2QwMDVmMw==","msisdn":"255744793610"} 
2024-10-19 18:43:19 Response :
 {"status":"200","statusDesc":"success","user_id":"255744793610","full_name":"","gender":"","region":"","msisdn":"255744793610","email":""} 
2024-10-19 19:11:11 Incoming Request :
 {"api_key":"YTc4YWY3ZWVlZWViODU3YTY5ODUzNTA4ZGU3YzVhYzM1NTdjNjM1MWEyYzA1ODU1ZDhlqA12AjkP0qNTc4ZjU3N2QwMDVmMw==","msisdn":"255695096221"} 
2024-10-19 19:11:11 Sent Request :
 {"channel":{"channel":"119234","password":"YTc4YWY3ZWVlZWViODU3YTY5ODUzNTA4ZGU3YzVhYzM1NTdjNjM1MWEyYzA1ODU1ZDhlNTc4ZjU3N2QwMDVmMw=="},"messages":[{"text":"94555","msisdn":"255695096221","source":"IJUE SHERIA"}]} 
2024-10-19 19:11:12 Returned Response :
 {"isSuccessful":true,"reference_id":"c7d409c48e5140aa9ee205d2b9f7986b","sms_quota":32875.0,"error_description":"Successfully submitted 1 message(s) to broker.","error_code":0} 
2024-10-19 22:11:12 Response :
 {"status":"200","statusDesc":"success"} 
2024-10-19 19:11:46 Incoming Request :
 {"otp_token":"94555","api_key":"YTc4YWY3ZWVlZWViODU3YTY5ODUzNTA4ZGU3YzVhYzM1NTdjNjM1MWEyYzA1ODU1ZDhlqA12AjkP0qNTc4ZjU3N2QwMDVmMw==","msisdn":"255695096221"} 
2024-10-19 19:11:46 Response :
 {"status":"200","statusDesc":"success","user_id":"26975","full_name":"IDDI HATUA KALEKELA","gender":"FEMALE","region":"Kigoma","msisdn":"255695096221","email":""} 
2024-10-19 19:26:41 Incoming Request :
 {"api_key":"YTc4YWY3ZWVlZWViODU3YTY5ODUzNTA4ZGU3YzVhYzM1NTdjNjM1MWEyYzA1ODU1ZDhlqA12AjkP0qNTc4ZjU3N2QwMDVmMw==","msisdn":"255759782103"} 
2024-10-19 19:26:41 Sent Request :
 {"channel":{"channel":"119234","password":"YTc4YWY3ZWVlZWViODU3YTY5ODUzNTA4ZGU3YzVhYzM1NTdjNjM1MWEyYzA1ODU1ZDhlNTc4ZjU3N2QwMDVmMw=="},"messages":[{"text":"63656","msisdn":"255759782103","source":"IJUE SHERIA"}]} 
2024-10-19 19:26:43 Returned Response :
 {"isSuccessful":true,"reference_id":"7e04321a6df04e259656228e8a3fd3f4","sms_quota":32873.0,"error_description":"Successfully submitted 1 message(s) to broker.","error_code":0} 
2024-10-19 22:26:43 Response :
 {"status":"200","statusDesc":"success"} 
2024-10-19 19:27:50 Incoming Request :
 {"otp_token":"63656","api_key":"YTc4YWY3ZWVlZWViODU3YTY5ODUzNTA4ZGU3YzVhYzM1NTdjNjM1MWEyYzA1ODU1ZDhlqA12AjkP0qNTc4ZjU3N2QwMDVmMw==","msisdn":"255759782103"} 
2024-10-19 19:27:51 Response :
 {"status":"200","statusDesc":"success","user_id":"26976","full_name":"oscarlingson mwakasoko","gender":"FEMALE","region":"Mbeya","msisdn":"255759782103","email":""} 
2024-10-19 21:09:35 Incoming Request :
 {"api_key":"YTc4YWY3ZWVlZWViODU3YTY5ODUzNTA4ZGU3YzVhYzM1NTdjNjM1MWEyYzA1ODU1ZDhlqA12AjkP0qNTc4ZjU3N2QwMDVmMw==","msisdn":"255673514075"} 
2024-10-19 21:09:35 Sent Request :
 {"channel":{"channel":"119234","password":"YTc4YWY3ZWVlZWViODU3YTY5ODUzNTA4ZGU3YzVhYzM1NTdjNjM1MWEyYzA1ODU1ZDhlNTc4ZjU3N2QwMDVmMw=="},"messages":[{"text":"24487","msisdn":"255673514075","source":"IJUE SHERIA"}]} 
2024-10-19 21:09:37 Returned Response :
 {"isSuccessful":true,"reference_id":"162f30abaf28414a9fe2ee13399749e9","sms_quota":32872.0,"error_description":"Successfully submitted 1 message(s) to broker.","error_code":0} 
2024-10-20 00:09:37 Response :
 {"status":"200","statusDesc":"success"} 
2024-10-19 21:09:56 Incoming Request :
 {"otp_token":"24487","api_key":"YTc4YWY3ZWVlZWViODU3YTY5ODUzNTA4ZGU3YzVhYzM1NTdjNjM1MWEyYzA1ODU1ZDhlqA12AjkP0qNTc4ZjU3N2QwMDVmMw==","msisdn":"255673514075"} 
2024-10-19 21:09:56 Response :
 {"status":"200","statusDesc":"success","user_id":"26977","full_name":"Jacob Anthony Singira","gender":"FEMALE","region":"Pwani","msisdn":"255673514075","email":""} 