
2024-10-21 00:19:15 Incomming Request :
 {"api_key":"YTc4YWY3ZWVlZWViODU3YTY5ODUzNTA4ZGU3YzVhYzM1NTdjNjM1MWEyYzA1ODU1ZDhlqA12AjkP0qNTc4ZjU3N2QwMDVmMw==","phone_number":"255768481105","full_name":"emanuel adam moses","namba_ya_simu":"255768481105","jinsia":"MALE","type":"USER","region":""} 
2024-10-21 00:19:15 Outgoing Response :
 {"status":"201","statusDesc":"Success"} 
2024-10-21 00:22:14 Incomming Request :
 {"api_key":"YTc4YWY3ZWVlZWViODU3YTY5ODUzNTA4ZGU3YzVhYzM1NTdjNjM1MWEyYzA1ODU1ZDhlqA12AjkP0qNTc4ZjU3N2QwMDVmMw==","phone_number":"255714282182","full_name":"sawia yahya","namba_ya_simu":"255714282182","jinsia":"MALE","type":"USER","region":"Dar es Salaam"} 
2024-10-21 00:22:14 Outgoing Response :
 {"status":"201","statusDesc":"Success"} 
2024-10-21 03:10:29 Incomming Request :
 {"api_key":"YTc4YWY3ZWVlZWViODU3YTY5ODUzNTA4ZGU3YzVhYzM1NTdjNjM1MWEyYzA1ODU1ZDhlqA12AjkP0qNTc4ZjU3N2QwMDVmMw==","phone_number":"255768572661","full_name":"rajab donald mashimba","namba_ya_simu":"255768572661","jinsia":"FEMALE","type":"USER","region":""} 
2024-10-21 03:10:29 Outgoing Response :
 {"status":"201","statusDesc":"Success"} 
2024-10-21 03:46:30 Incomming Request :
 {"api_key":"YTc4YWY3ZWVlZWViODU3YTY5ODUzNTA4ZGU3YzVhYzM1NTdjNjM1MWEyYzA1ODU1ZDhlqA12AjkP0qNTc4ZjU3N2QwMDVmMw==","phone_number":"255684035623","full_name":"maua kalutu shabani","namba_ya_simu":"255684035623","jinsia":"FEMALE","type":"USER","region":"Kilimanjaro"} 
2024-10-21 03:46:30 Outgoing Response :
 {"status":"201","statusDesc":"Success"} 
2024-10-21 06:25:45 Incomming Request :
 {"api_key":"YTc4YWY3ZWVlZWViODU3YTY5ODUzNTA4ZGU3YzVhYzM1NTdjNjM1MWEyYzA1ODU1ZDhlqA12AjkP0qNTc4ZjU3N2QwMDVmMw==","phone_number":"255652102571","full_name":"francis mshanga","namba_ya_simu":"255652102571","jinsia":"FEMALE","type":"USER","region":"Dar es Salaam"} 
2024-10-21 06:25:45 Outgoing Response :
 {"status":"201","statusDesc":"Success"} 
2024-10-21 07:31:53 Incomming Request :
 {"api_key":"YTc4YWY3ZWVlZWViODU3YTY5ODUzNTA4ZGU3YzVhYzM1NTdjNjM1MWEyYzA1ODU1ZDhlqA12AjkP0qNTc4ZjU3N2QwMDVmMw==","phone_number":"255764872531","full_name":"Eda yohana sinzile ","namba_ya_simu":"255764872531","jinsia":"MALE","type":"USER","region":"Dar es Salaam"} 
2024-10-21 07:31:53 Outgoing Response :
 {"status":"201","statusDesc":"Success"} 
2024-10-21 08:06:56 Incomming Request :
 {"api_key":"YTc4YWY3ZWVlZWViODU3YTY5ODUzNTA4ZGU3YzVhYzM1NTdjNjM1MWEyYzA1ODU1ZDhlqA12AjkP0qNTc4ZjU3N2QwMDVmMw==","phone_number":"255754978285","full_name":"Aron","namba_ya_simu":"255754978285","jinsia":"FEMALE","type":"USER","region":""} 
2024-10-21 08:06:56 Outgoing Response :
 {"status":"201","statusDesc":"Success"} 
2024-10-21 08:07:27 Incomming Request :
 {"api_key":"YTc4YWY3ZWVlZWViODU3YTY5ODUzNTA4ZGU3YzVhYzM1NTdjNjM1MWEyYzA1ODU1ZDhlqA12AjkP0qNTc4ZjU3N2QwMDVmMw==","phone_number":"255754978285","full_name":"Aron","namba_ya_simu":"255754978285","jinsia":"FEMALE","type":"USER","region":""} 
2024-10-21 08:07:27 Outgoing Response :
 {"status":"201","statusDesc":"Success"} 
2024-10-21 08:08:27 Incomming Request :
 {"api_key":"YTc4YWY3ZWVlZWViODU3YTY5ODUzNTA4ZGU3YzVhYzM1NTdjNjM1MWEyYzA1ODU1ZDhlqA12AjkP0qNTc4ZjU3N2QwMDVmMw==","phone_number":"+255754978285","full_name":"Aron","namba_ya_simu":"+255754978285","jinsia":"FEMALE","type":"USER","region":"Kilimanjaro"} 
2024-10-21 08:08:27 Outgoing Response :
 {"status":"201","statusDesc":"Success"} 
2024-10-21 08:13:52 Incomming Request :
 {"api_key":"YTc4YWY3ZWVlZWViODU3YTY5ODUzNTA4ZGU3YzVhYzM1NTdjNjM1MWEyYzA1ODU1ZDhlqA12AjkP0qNTc4ZjU3N2QwMDVmMw==","phone_number":"255755474105","full_name":"Paul Mbwama","namba_ya_simu":"255755474105","jinsia":"MALE","type":"USER","region":"Mbeya"} 
2024-10-21 08:13:52 Outgoing Response :
 {"status":"201","statusDesc":"Success"} 
2024-10-21 08:23:36 Incomming Request :
 {"api_key":"YTc4YWY3ZWVlZWViODU3YTY5ODUzNTA4ZGU3YzVhYzM1NTdjNjM1MWEyYzA1ODU1ZDhlqA12AjkP0qNTc4ZjU3N2QwMDVmMw==","phone_number":"255755474105","full_name":"Paul Mbwama","namba_ya_simu":"255755474105","jinsia":"MALE","type":"USER","region":"Mbeya"} 
2024-10-21 08:23:36 Outgoing Response :
 {"status":"201","statusDesc":"Success"} 
2024-10-21 09:25:36 Incomming Request :
 {"api_key":"YTc4YWY3ZWVlZWViODU3YTY5ODUzNTA4ZGU3YzVhYzM1NTdjNjM1MWEyYzA1ODU1ZDhlqA12AjkP0qNTc4ZjU3N2QwMDVmMw==","phone_number":"255747128476","full_name":"Baracka","namba_ya_simu":"255747128476","jinsia":"FEMALE","type":"USER","region":"Mwanza"} 
2024-10-21 09:25:36 Outgoing Response :
 {"status":"201","statusDesc":"Success"} 
2024-10-21 09:32:38 Incomming Request :
 {"api_key":"YTc4YWY3ZWVlZWViODU3YTY5ODUzNTA4ZGU3YzVhYzM1NTdjNjM1MWEyYzA1ODU1ZDhlqA12AjkP0qNTc4ZjU3N2QwMDVmMw==","phone_number":"255745121036","full_name":"selestine Renatus kulwizila","namba_ya_simu":"255745121036","jinsia":"FEMALE","type":"USER","region":"Mwanza"} 
2024-10-21 09:32:38 Outgoing Response :
 {"status":"201","statusDesc":"Success"} 
2024-10-21 11:05:18 Incomming Request :
 {"api_key":"YTc4YWY3ZWVlZWViODU3YTY5ODUzNTA4ZGU3YzVhYzM1NTdjNjM1MWEyYzA1ODU1ZDhlqA12AjkP0qNTc4ZjU3N2QwMDVmMw==","phone_number":"255625516901","full_name":"paul","namba_ya_simu":"255625516901","jinsia":"FEMALE","type":"USER","region":"Mwanza"} 
2024-10-21 11:05:18 Outgoing Response :
 {"status":"201","statusDesc":"Success"} 
2024-10-21 11:30:36 Incomming Request :
 {"api_key":"YTc4YWY3ZWVlZWViODU3YTY5ODUzNTA4ZGU3YzVhYzM1NTdjNjM1MWEyYzA1ODU1ZDhlqA12AjkP0qNTc4ZjU3N2QwMDVmMw==","phone_number":"255692161088","full_name":"kenesi","namba_ya_simu":"255692161088","jinsia":"FEMALE","type":"USER","region":"Tabora"} 
2024-10-21 11:30:36 Outgoing Response :
 {"status":"201","statusDesc":"Success"} 
2024-10-21 11:39:37 Incomming Request :
 {"api_key":"YTc4YWY3ZWVlZWViODU3YTY5ODUzNTA4ZGU3YzVhYzM1NTdjNjM1MWEyYzA1ODU1ZDhlqA12AjkP0qNTc4ZjU3N2QwMDVmMw==","phone_number":"+255694593487","full_name":"Andrew Mallya","namba_ya_simu":"+255694593487","jinsia":"FEMALE","type":"USER","region":"Dar es Salaam"} 
2024-10-21 11:39:37 Outgoing Response :
 {"status":"201","statusDesc":"Success"} 
2024-10-21 12:13:32 Incomming Request :
 {"api_key":"YTc4YWY3ZWVlZWViODU3YTY5ODUzNTA4ZGU3YzVhYzM1NTdjNjM1MWEyYzA1ODU1ZDhlqA12AjkP0qNTc4ZjU3N2QwMDVmMw==","phone_number":"255762924497","full_name":"emmanuel  elias  mtonyi","namba_ya_simu":"255762924497","jinsia":"FEMALE","type":"USER","region":"Dodoma"} 
2024-10-21 12:13:32 Outgoing Response :
 {"status":"201","statusDesc":"Success"} 
2024-10-21 12:33:00 Incomming Request :
 {"api_key":"YTc4YWY3ZWVlZWViODU3YTY5ODUzNTA4ZGU3YzVhYzM1NTdjNjM1MWEyYzA1ODU1ZDhlqA12AjkP0qNTc4ZjU3N2QwMDVmMw==","phone_number":"255762924497","full_name":"emmanuel  elias  mtonyi","namba_ya_simu":"255762924497","jinsia":"MALE","type":"USER","region":"Dodoma"} 
2024-10-21 12:33:00 Outgoing Response :
 {"status":"201","statusDesc":"Success"} 
2024-10-21 12:37:01 Incomming Request :
 {"api_key":"YTc4YWY3ZWVlZWViODU3YTY5ODUzNTA4ZGU3YzVhYzM1NTdjNjM1MWEyYzA1ODU1ZDhlqA12AjkP0qNTc4ZjU3N2QwMDVmMw==","phone_number":"255762924497","full_name":"emmanuel  elias  mtonyi","namba_ya_simu":"255762924497","jinsia":"MALE","type":"USER","region":"Dodoma"} 
2024-10-21 12:37:01 Outgoing Response :
 {"status":"201","statusDesc":"Success"} 
2024-10-21 12:37:50 Incomming Request :
 {"api_key":"YTc4YWY3ZWVlZWViODU3YTY5ODUzNTA4ZGU3YzVhYzM1NTdjNjM1MWEyYzA1ODU1ZDhlqA12AjkP0qNTc4ZjU3N2QwMDVmMw==","phone_number":"255687133342","full_name":"MUMANGI KAGWE","namba_ya_simu":"255687133342","jinsia":"FEMALE","type":"USER","region":"Tanga"} 
2024-10-21 12:37:50 Outgoing Response :
 {"status":"201","statusDesc":"Success"} 
2024-10-21 13:14:35 Incomming Request :
 {"api_key":"YTc4YWY3ZWVlZWViODU3YTY5ODUzNTA4ZGU3YzVhYzM1NTdjNjM1MWEyYzA1ODU1ZDhlqA12AjkP0qNTc4ZjU3N2QwMDVmMw==","phone_number":"255775651205","full_name":"ABDALLAH YUSUPH ","namba_ya_simu":"255775651205","jinsia":"FEMALE","type":"USER","region":"Kigoma"} 
2024-10-21 13:14:35 Outgoing Response :
 {"status":"201","statusDesc":"Success"} 
2024-10-21 13:29:37 Incomming Request :
 {"api_key":"YTc4YWY3ZWVlZWViODU3YTY5ODUzNTA4ZGU3YzVhYzM1NTdjNjM1MWEyYzA1ODU1ZDhlqA12AjkP0qNTc4ZjU3N2QwMDVmMw==","phone_number":"255852800905","full_name":"vumilia mwita mniko","namba_ya_simu":"255852800905","jinsia":"FEMALE","type":"USER","region":"Mara"} 
2024-10-21 13:29:37 Outgoing Response :
 {"status":"201","statusDesc":"Success"} 
2024-10-21 13:33:20 Incomming Request :
 {"api_key":"YTc4YWY3ZWVlZWViODU3YTY5ODUzNTA4ZGU3YzVhYzM1NTdjNjM1MWEyYzA1ODU1ZDhlqA12AjkP0qNTc4ZjU3N2QwMDVmMw==","phone_number":"255659988833","full_name":"ERICK DOMISHENI KAMUNGILAO ","namba_ya_simu":"255659988833","jinsia":"FEMALE","type":"USER","region":"Dar es Salaam"} 
2024-10-21 13:33:20 Outgoing Response :
 {"status":"201","statusDesc":"Success"} 
2024-10-21 13:48:29 Incomming Request :
 {"api_key":"YTc4YWY3ZWVlZWViODU3YTY5ODUzNTA4ZGU3YzVhYzM1NTdjNjM1MWEyYzA1ODU1ZDhlqA12AjkP0qNTc4ZjU3N2QwMDVmMw==","phone_number":"255676197336","full_name":"PHILIPO ROBERT ELIKANA ","namba_ya_simu":"255676197336","jinsia":"FEMALE","type":"USER","region":"Dar es Salaam"} 
2024-10-21 13:48:29 Outgoing Response :
 {"status":"201","statusDesc":"Success"} 
2024-10-21 14:19:12 Incomming Request :
 {"api_key":"YTc4YWY3ZWVlZWViODU3YTY5ODUzNTA4ZGU3YzVhYzM1NTdjNjM1MWEyYzA1ODU1ZDhlqA12AjkP0qNTc4ZjU3N2QwMDVmMw==","phone_number":"255753162746","full_name":"¹Flavius","namba_ya_simu":"255753162746","jinsia":"FEMALE","type":"USER","region":"Mara"} 
2024-10-21 14:19:12 Outgoing Response :
 {"status":"201","statusDesc":"Success"} 
2024-10-21 14:28:28 Incomming Request :
 {"api_key":"YTc4YWY3ZWVlZWViODU3YTY5ODUzNTA4ZGU3YzVhYzM1NTdjNjM1MWEyYzA1ODU1ZDhlqA12AjkP0qNTc4ZjU3N2QwMDVmMw==","phone_number":"255747304769","full_name":"Pontianus","namba_ya_simu":"255747304769","jinsia":"FEMALE","type":"USER","region":"Iringa"} 
2024-10-21 14:28:28 Outgoing Response :
 {"status":"201","statusDesc":"Success"} 
2024-10-21 14:38:33 Incomming Request :
 {"api_key":"YTc4YWY3ZWVlZWViODU3YTY5ODUzNTA4ZGU3YzVhYzM1NTdjNjM1MWEyYzA1ODU1ZDhlqA12AjkP0qNTc4ZjU3N2QwMDVmMw==","phone_number":"255754978285","full_name":"Aron Fataely","namba_ya_simu":"255754978285","jinsia":"MALE","type":"USER","region":"Kilimanjaro"} 
2024-10-21 14:38:33 Outgoing Response :
 {"status":"201","statusDesc":"Success"} 
2024-10-21 15:36:22 Incomming Request :
 {"api_key":"YTc4YWY3ZWVlZWViODU3YTY5ODUzNTA4ZGU3YzVhYzM1NTdjNjM1MWEyYzA1ODU1ZDhlqA12AjkP0qNTc4ZjU3N2QwMDVmMw==","phone_number":"255686516669","full_name":"Suzana Jacob","namba_ya_simu":"255686516669","jinsia":"MALE","type":"USER","region":"Dodoma"} 
2024-10-21 15:36:22 Outgoing Response :
 {"status":"201","statusDesc":"Success"} 
2024-10-21 15:54:05 Incomming Request :
 {"api_key":"YTc4YWY3ZWVlZWViODU3YTY5ODUzNTA4ZGU3YzVhYzM1NTdjNjM1MWEyYzA1ODU1ZDhlqA12AjkP0qNTc4ZjU3N2QwMDVmMw==","phone_number":"+255759242064","full_name":"Hellen","namba_ya_simu":"+255759242064","jinsia":"MALE","type":"USER","region":"Arusha"} 
2024-10-21 15:54:05 Outgoing Response :
 {"status":"201","statusDesc":"Success"} 
2024-10-21 16:01:56 Incomming Request :
 {"api_key":"YTc4YWY3ZWVlZWViODU3YTY5ODUzNTA4ZGU3YzVhYzM1NTdjNjM1MWEyYzA1ODU1ZDhlqA12AjkP0qNTc4ZjU3N2QwMDVmMw==","phone_number":"255678989000","full_name":"juma marwa mamba","namba_ya_simu":"255678989000","jinsia":"FEMALE","type":"USER","region":"Mwanza"} 
2024-10-21 16:01:56 Outgoing Response :
 {"status":"201","statusDesc":"Success"} 
2024-10-21 16:14:25 Incomming Request :
 {"api_key":"YTc4YWY3ZWVlZWViODU3YTY5ODUzNTA4ZGU3YzVhYzM1NTdjNjM1MWEyYzA1ODU1ZDhlqA12AjkP0qNTc4ZjU3N2QwMDVmMw==","phone_number":"255717594936","full_name":"WILLIAM","namba_ya_simu":"255717594936","jinsia":"FEMALE","type":"USER","region":"Dar es Salaam"} 
2024-10-21 16:14:25 Outgoing Response :
 {"status":"201","statusDesc":"Success"} 
2024-10-21 16:53:51 Incomming Request :
 {"api_key":"YTc4YWY3ZWVlZWViODU3YTY5ODUzNTA4ZGU3YzVhYzM1NTdjNjM1MWEyYzA1ODU1ZDhlqA12AjkP0qNTc4ZjU3N2QwMDVmMw==","phone_number":"255755247373","full_name":"Ibrahim Adam ","namba_ya_simu":"255755247373","jinsia":"FEMALE","type":"USER","region":"Mwanza"} 
2024-10-21 16:53:51 Outgoing Response :
 {"status":"201","statusDesc":"Success"} 
2024-10-21 17:19:54 Incomming Request :
 {"api_key":"YTc4YWY3ZWVlZWViODU3YTY5ODUzNTA4ZGU3YzVhYzM1NTdjNjM1MWEyYzA1ODU1ZDhlqA12AjkP0qNTc4ZjU3N2QwMDVmMw==","phone_number":"255745488657","full_name":"Tumaini Charles Ngowi","namba_ya_simu":"255745488657","jinsia":"FEMALE","type":"USER","region":"Morogoro"} 
2024-10-21 17:19:54 Outgoing Response :
 {"status":"201","statusDesc":"Success"} 
2024-10-21 17:24:35 Incomming Request :
 {"api_key":"YTc4YWY3ZWVlZWViODU3YTY5ODUzNTA4ZGU3YzVhYzM1NTdjNjM1MWEyYzA1ODU1ZDhlqA12AjkP0qNTc4ZjU3N2QwMDVmMw==","phone_number":"255745488657","full_name":"Tumaini Ngowi","namba_ya_simu":"255745488657","jinsia":"MALE","type":"USER","region":"Morogoro"} 
2024-10-21 17:24:35 Outgoing Response :
 {"status":"201","statusDesc":"Success"} 
2024-10-21 17:39:41 Incomming Request :
 {"api_key":"YTc4YWY3ZWVlZWViODU3YTY5ODUzNTA4ZGU3YzVhYzM1NTdjNjM1MWEyYzA1ODU1ZDhlqA12AjkP0qNTc4ZjU3N2QwMDVmMw==","phone_number":"255628814935","full_name":"Christopher Kana","namba_ya_simu":"255628814935","jinsia":"FEMALE","type":"USER","region":"Mwanza"} 
2024-10-21 17:39:41 Outgoing Response :
 {"status":"201","statusDesc":"Success"} 
2024-10-21 18:59:59 Incomming Request :
 {"api_key":"YTc4YWY3ZWVlZWViODU3YTY5ODUzNTA4ZGU3YzVhYzM1NTdjNjM1MWEyYzA1ODU1ZDhlqA12AjkP0qNTc4ZjU3N2QwMDVmMw==","phone_number":"255717173801","full_name":"ALLY","namba_ya_simu":"255717173801","jinsia":"FEMALE","type":"USER","region":"Mbeya"} 
2024-10-21 18:59:59 Outgoing Response :
 {"status":"201","statusDesc":"Success"} 
2024-10-21 19:26:22 Incomming Request :
 {"api_key":"YTc4YWY3ZWVlZWViODU3YTY5ODUzNTA4ZGU3YzVhYzM1NTdjNjM1MWEyYzA1ODU1ZDhlqA12AjkP0qNTc4ZjU3N2QwMDVmMw==","phone_number":"255788645500","full_name":"Ahmad Solokoto ","namba_ya_simu":"255788645500","jinsia":"MALE","type":"USER","region":"Tabora"} 
2024-10-21 19:26:22 Outgoing Response :
 {"status":"201","statusDesc":"Success"} 
2024-10-21 21:23:35 Incomming Request :
 {"api_key":"YTc4YWY3ZWVlZWViODU3YTY5ODUzNTA4ZGU3YzVhYzM1NTdjNjM1MWEyYzA1ODU1ZDhlqA12AjkP0qNTc4ZjU3N2QwMDVmMw==","phone_number":"255761792679","full_name":"Steve ne ","namba_ya_simu":"255761792679","jinsia":"MALE","type":"USER","region":"Mbeya"} 
2024-10-21 21:23:35 Outgoing Response :
 {"status":"201","statusDesc":"Success"} 
2024-10-21 21:38:58 Incomming Request :
 {"api_key":"YTc4YWY3ZWVlZWViODU3YTY5ODUzNTA4ZGU3YzVhYzM1NTdjNjM1MWEyYzA1ODU1ZDhlqA12AjkP0qNTc4ZjU3N2QwMDVmMw==","phone_number":"255684374694","full_name":"HAnifu Ally","namba_ya_simu":"255684374694","jinsia":"FEMALE","type":"USER","region":"Arusha"} 
2024-10-21 21:38:58 Outgoing Response :
 {"status":"201","statusDesc":"Success"} 
2024-10-21 22:26:49 Incomming Request :
 {"api_key":"YTc4YWY3ZWVlZWViODU3YTY5ODUzNTA4ZGU3YzVhYzM1NTdjNjM1MWEyYzA1ODU1ZDhlqA12AjkP0qNTc4ZjU3N2QwMDVmMw==","phone_number":"255458255820","full_name":"abayomi nwokocha","namba_ya_simu":"255458255820","jinsia":"MALE","type":"USER","region":"Kigoma"} 
2024-10-21 22:26:49 Outgoing Response :
 {"status":"201","statusDesc":"Success"} 