
2024-10-25 00:17:27 Incomming Request :
 {"api_key":"YTc4YWY3ZWVlZWViODU3YTY5ODUzNTA4ZGU3YzVhYzM1NTdjNjM1MWEyYzA1ODU1ZDhlqA12AjkP0qNTc4ZjU3N2QwMDVmMw==","phone_number":"255658309890","full_name":"ismail mwandambo ","namba_ya_simu":"255658309890","jinsia":"FEMALE","type":"USER","region":"Mbeya"} 
2024-10-25 00:17:27 Outgoing Response :
 {"status":"201","statusDesc":"Success"} 
2024-10-25 02:11:51 Incomming Request :
 {"api_key":"YTc4YWY3ZWVlZWViODU3YTY5ODUzNTA4ZGU3YzVhYzM1NTdjNjM1MWEyYzA1ODU1ZDhlqA12AjkP0qNTc4ZjU3N2QwMDVmMw==","phone_number":"255744918997","full_name":"MUSSA SAID KITABU ","namba_ya_simu":"255744918997","jinsia":"FEMALE","type":"USER","region":"Tabora"} 
2024-10-25 02:11:51 Outgoing Response :
 {"status":"201","statusDesc":"Success"} 
2024-10-25 02:13:55 Incomming Request :
 {"api_key":"YTc4YWY3ZWVlZWViODU3YTY5ODUzNTA4ZGU3YzVhYzM1NTdjNjM1MWEyYzA1ODU1ZDhlqA12AjkP0qNTc4ZjU3N2QwMDVmMw==","phone_number":"255744918997","full_name":"MUSSA KITABU ","namba_ya_simu":"255744918997","jinsia":"FEMALE","type":"USER","region":"Tabora"} 
2024-10-25 02:13:55 Outgoing Response :
 {"status":"201","statusDesc":"Success"} 
2024-10-25 03:54:47 Incomming Request :
 {"api_key":"YTc4YWY3ZWVlZWViODU3YTY5ODUzNTA4ZGU3YzVhYzM1NTdjNjM1MWEyYzA1ODU1ZDhlqA12AjkP0qNTc4ZjU3N2QwMDVmMw==","phone_number":"+255763412842","full_name":"MHOJA MSALABA MBUTOBOLE ","namba_ya_simu":"+255763412842","jinsia":"FEMALE","type":"USER","region":"Kilimanjaro"} 
2024-10-25 03:54:47 Outgoing Response :
 {"status":"201","statusDesc":"Success"} 
2024-10-25 03:57:49 Incomming Request :
 {"api_key":"YTc4YWY3ZWVlZWViODU3YTY5ODUzNTA4ZGU3YzVhYzM1NTdjNjM1MWEyYzA1ODU1ZDhlqA12AjkP0qNTc4ZjU3N2QwMDVmMw==","phone_number":"+255763412842","full_name":"MHOJA MSALABA MBUTOBOLE ","namba_ya_simu":"+255763412842","jinsia":"FEMALE","type":"USER","region":"Kilimanjaro"} 
2024-10-25 03:57:49 Outgoing Response :
 {"status":"201","statusDesc":"Success"} 
2024-10-25 03:58:42 Incomming Request :
 {"api_key":"YTc4YWY3ZWVlZWViODU3YTY5ODUzNTA4ZGU3YzVhYzM1NTdjNjM1MWEyYzA1ODU1ZDhlqA12AjkP0qNTc4ZjU3N2QwMDVmMw==","phone_number":"+255763412842","full_name":"MHOJA MSALABA MBUTOBOLE ","namba_ya_simu":"+255763412842","jinsia":"FEMALE","type":"USER","region":"Kilimanjaro"} 
2024-10-25 03:58:42 Outgoing Response :
 {"status":"201","statusDesc":"Success"} 
2024-10-25 04:07:38 Incomming Request :
 {"api_key":"YTc4YWY3ZWVlZWViODU3YTY5ODUzNTA4ZGU3YzVhYzM1NTdjNjM1MWEyYzA1ODU1ZDhlqA12AjkP0qNTc4ZjU3N2QwMDVmMw==","phone_number":"+255763412842","full_name":"MHOJA MSALABA MBUTOBOLE ","namba_ya_simu":"+255763412842","jinsia":"FEMALE","type":"USER","region":"Kilimanjaro"} 
2024-10-25 04:07:38 Outgoing Response :
 {"status":"201","statusDesc":"Success"} 
2024-10-25 04:09:02 Incomming Request :
 {"api_key":"YTc4YWY3ZWVlZWViODU3YTY5ODUzNTA4ZGU3YzVhYzM1NTdjNjM1MWEyYzA1ODU1ZDhlqA12AjkP0qNTc4ZjU3N2QwMDVmMw==","phone_number":"+255763412842","full_name":"MHOJA MSALABA MBUTOBOLE ","namba_ya_simu":"+255763412842","jinsia":"FEMALE","type":"USER","region":"Kilimanjaro"} 
2024-10-25 04:09:02 Outgoing Response :
 {"status":"201","statusDesc":"Success"} 
2024-10-25 04:49:52 Incomming Request :
 {"api_key":"YTc4YWY3ZWVlZWViODU3YTY5ODUzNTA4ZGU3YzVhYzM1NTdjNjM1MWEyYzA1ODU1ZDhlqA12AjkP0qNTc4ZjU3N2QwMDVmMw==","phone_number":"255744435731","full_name":"zawadi mfaume","namba_ya_simu":"255744435731","jinsia":"FEMALE","type":"USER","region":"Mbeya"} 
2024-10-25 04:49:52 Outgoing Response :
 {"status":"201","statusDesc":"Success"} 
2024-10-25 05:41:11 Incomming Request :
 {"api_key":"YTc4YWY3ZWVlZWViODU3YTY5ODUzNTA4ZGU3YzVhYzM1NTdjNjM1MWEyYzA1ODU1ZDhlqA12AjkP0qNTc4ZjU3N2QwMDVmMw==","phone_number":"255742581944","full_name":"Emmanuel ","namba_ya_simu":"255742581944","jinsia":"FEMALE","type":"USER","region":"Dar es Salaam"} 
2024-10-25 05:41:11 Outgoing Response :
 {"status":"201","statusDesc":"Success"} 
2024-10-25 05:42:13 Incomming Request :
 {"api_key":"YTc4YWY3ZWVlZWViODU3YTY5ODUzNTA4ZGU3YzVhYzM1NTdjNjM1MWEyYzA1ODU1ZDhlqA12AjkP0qNTc4ZjU3N2QwMDVmMw==","phone_number":"255742581944","full_name":"Emmanuel ","namba_ya_simu":"255742581944","jinsia":"FEMALE","type":"USER","region":"Dar es Salaam"} 
2024-10-25 05:42:13 Outgoing Response :
 {"status":"201","statusDesc":"Success"} 
2024-10-25 06:00:19 Incomming Request :
 {"api_key":"YTc4YWY3ZWVlZWViODU3YTY5ODUzNTA4ZGU3YzVhYzM1NTdjNjM1MWEyYzA1ODU1ZDhlqA12AjkP0qNTc4ZjU3N2QwMDVmMw==","phone_number":"255756886828","full_name":"Ezekia Titus ","namba_ya_simu":"255756886828","jinsia":"FEMALE","type":"USER","region":"Mara"} 
2024-10-25 06:00:19 Outgoing Response :
 {"status":"201","statusDesc":"Success"} 
2024-10-25 06:18:25 Incomming Request :
 {"api_key":"YTc4YWY3ZWVlZWViODU3YTY5ODUzNTA4ZGU3YzVhYzM1NTdjNjM1MWEyYzA1ODU1ZDhlqA12AjkP0qNTc4ZjU3N2QwMDVmMw==","phone_number":"255762261576","full_name":"Ibrahim","namba_ya_simu":"255762261576","jinsia":"FEMALE","type":"USER","region":"Dar es Salaam"} 
2024-10-25 06:18:25 Outgoing Response :
 {"status":"201","statusDesc":"Success"} 
2024-10-25 06:19:26 Incomming Request :
 {"api_key":"YTc4YWY3ZWVlZWViODU3YTY5ODUzNTA4ZGU3YzVhYzM1NTdjNjM1MWEyYzA1ODU1ZDhlqA12AjkP0qNTc4ZjU3N2QwMDVmMw==","phone_number":"255762261576","full_name":"Ibrahim","namba_ya_simu":"255762261576","jinsia":"FEMALE","type":"USER","region":"Dar es Salaam"} 
2024-10-25 06:19:26 Outgoing Response :
 {"status":"201","statusDesc":"Success"} 
2024-10-25 06:19:51 Incomming Request :
 {"api_key":"YTc4YWY3ZWVlZWViODU3YTY5ODUzNTA4ZGU3YzVhYzM1NTdjNjM1MWEyYzA1ODU1ZDhlqA12AjkP0qNTc4ZjU3N2QwMDVmMw==","phone_number":"+255769867643","full_name":"Ibrahim","namba_ya_simu":"+255769867643","jinsia":"FEMALE","type":"USER","region":"Dar es Salaam"} 
2024-10-25 06:19:51 Outgoing Response :
 {"status":"201","statusDesc":"Success"} 
2024-10-25 06:37:02 Incomming Request :
 {"api_key":"YTc4YWY3ZWVlZWViODU3YTY5ODUzNTA4ZGU3YzVhYzM1NTdjNjM1MWEyYzA1ODU1ZDhlqA12AjkP0qNTc4ZjU3N2QwMDVmMw==","phone_number":"255755856999","full_name":"braston simion dyahila","namba_ya_simu":"255755856999","jinsia":"FEMALE","type":"USER","region":"Dodoma"} 
2024-10-25 06:37:02 Outgoing Response :
 {"status":"201","statusDesc":"Success"} 
2024-10-25 07:40:59 Incomming Request :
 {"api_key":"YTc4YWY3ZWVlZWViODU3YTY5ODUzNTA4ZGU3YzVhYzM1NTdjNjM1MWEyYzA1ODU1ZDhlqA12AjkP0qNTc4ZjU3N2QwMDVmMw==","phone_number":"255755002715","full_name":"Mathew Charles Matulu ","namba_ya_simu":"255755002715","jinsia":"MALE","type":"USER","region":"Kilimanjaro"} 
2024-10-25 07:40:59 Outgoing Response :
 {"status":"201","statusDesc":"Success"} 
2024-10-25 07:43:03 Incomming Request :
 {"api_key":"YTc4YWY3ZWVlZWViODU3YTY5ODUzNTA4ZGU3YzVhYzM1NTdjNjM1MWEyYzA1ODU1ZDhlqA12AjkP0qNTc4ZjU3N2QwMDVmMw==","phone_number":"255755002715","full_name":"Mathew Charles Matulu ","namba_ya_simu":"255755002715","jinsia":"FEMALE","type":"USER","region":"Kilimanjaro"} 
2024-10-25 07:43:03 Outgoing Response :
 {"status":"201","statusDesc":"Success"} 
2024-10-25 08:00:11 Incomming Request :
 {"api_key":"YTc4YWY3ZWVlZWViODU3YTY5ODUzNTA4ZGU3YzVhYzM1NTdjNjM1MWEyYzA1ODU1ZDhlqA12AjkP0qNTc4ZjU3N2QwMDVmMw==","phone_number":"255781029483","full_name":"Kennedy Morindat Oriminis ","namba_ya_simu":"255781029483","jinsia":"FEMALE","type":"USER","region":"Arusha"} 
2024-10-25 08:00:11 Outgoing Response :
 {"status":"201","statusDesc":"Success"} 
2024-10-25 08:22:07 Incomming Request :
 {"api_key":"YTc4YWY3ZWVlZWViODU3YTY5ODUzNTA4ZGU3YzVhYzM1NTdjNjM1MWEyYzA1ODU1ZDhlqA12AjkP0qNTc4ZjU3N2QwMDVmMw==","phone_number":"255744811751","full_name":"Yared","namba_ya_simu":"255744811751","jinsia":"MALE","type":"USER","region":"Dar es Salaam"} 
2024-10-25 08:22:07 Outgoing Response :
 {"status":"201","statusDesc":"Success"} 
2024-10-25 08:27:41 Incomming Request :
 {"api_key":"YTc4YWY3ZWVlZWViODU3YTY5ODUzNTA4ZGU3YzVhYzM1NTdjNjM1MWEyYzA1ODU1ZDhlqA12AjkP0qNTc4ZjU3N2QwMDVmMw==","phone_number":"255777666618","full_name":"peter wami maalim","namba_ya_simu":"255777666618","jinsia":"MALE","type":"USER","region":"Singida"} 
2024-10-25 08:27:42 Outgoing Response :
 {"status":"201","statusDesc":"Success"} 
2024-10-25 08:32:19 Incomming Request :
 {"api_key":"YTc4YWY3ZWVlZWViODU3YTY5ODUzNTA4ZGU3YzVhYzM1NTdjNjM1MWEyYzA1ODU1ZDhlqA12AjkP0qNTc4ZjU3N2QwMDVmMw==","phone_number":"255717836115","full_name":"John","namba_ya_simu":"255717836115","jinsia":"FEMALE","type":"USER","region":"Mara"} 
2024-10-25 08:32:19 Outgoing Response :
 {"status":"201","statusDesc":"Success"} 
2024-10-25 08:45:09 Incomming Request :
 {"api_key":"YTc4YWY3ZWVlZWViODU3YTY5ODUzNTA4ZGU3YzVhYzM1NTdjNjM1MWEyYzA1ODU1ZDhlqA12AjkP0qNTc4ZjU3N2QwMDVmMw==","phone_number":"255657067147","full_name":"Mpoki Jumapili Ernest ","namba_ya_simu":"255657067147","jinsia":"FEMALE","type":"USER","region":"Pwani"} 
2024-10-25 08:45:09 Outgoing Response :
 {"status":"201","statusDesc":"Success"} 