
2024-10-19 01:58:32 Incomming Request :
 {"api_key":"YTc4YWY3ZWVlZWViODU3YTY5ODUzNTA4ZGU3YzVhYzM1NTdjNjM1MWEyYzA1ODU1ZDhlqA12AjkP0qNTc4ZjU3N2QwMDVmMw==","phone_number":"255764680780","full_name":"Peter Temu","namba_ya_simu":"255764680780","jinsia":"FEMALE","type":"USER","region":"Arusha"} 
2024-10-19 01:58:32 Outgoing Response :
 {"status":"201","statusDesc":"Success"} 
2024-10-19 02:33:26 Incomming Request :
 {"api_key":"YTc4YWY3ZWVlZWViODU3YTY5ODUzNTA4ZGU3YzVhYzM1NTdjNjM1MWEyYzA1ODU1ZDhlqA12AjkP0qNTc4ZjU3N2QwMDVmMw==","phone_number":"255715740105","full_name":"Elton Peter","namba_ya_simu":"255715740105","jinsia":"FEMALE","type":"USER","region":"Dar es Salaam"} 
2024-10-19 02:33:26 Outgoing Response :
 {"status":"201","statusDesc":"Success"} 
2024-10-19 03:27:15 Incomming Request :
 {"api_key":"YTc4YWY3ZWVlZWViODU3YTY5ODUzNTA4ZGU3YzVhYzM1NTdjNjM1MWEyYzA1ODU1ZDhlqA12AjkP0qNTc4ZjU3N2QwMDVmMw==","phone_number":"255744733444","full_name":"moses","namba_ya_simu":"255744733444","jinsia":"FEMALE","type":"USER","region":"Dar es Salaam"} 
2024-10-19 03:27:15 Outgoing Response :
 {"status":"201","statusDesc":"Success"} 
2024-10-19 03:57:16 Incomming Request :
 {"api_key":"YTc4YWY3ZWVlZWViODU3YTY5ODUzNTA4ZGU3YzVhYzM1NTdjNjM1MWEyYzA1ODU1ZDhlqA12AjkP0qNTc4ZjU3N2QwMDVmMw==","phone_number":"255765937002","full_name":"ramadhanihaji","namba_ya_simu":"255765937002","jinsia":"MALE","type":"USER","region":"Mara"} 
2024-10-19 03:57:16 Outgoing Response :
 {"status":"201","statusDesc":"Success"} 
2024-10-19 05:18:32 Incomming Request :
 {"api_key":"YTc4YWY3ZWVlZWViODU3YTY5ODUzNTA4ZGU3YzVhYzM1NTdjNjM1MWEyYzA1ODU1ZDhlqA12AjkP0qNTc4ZjU3N2QwMDVmMw==","phone_number":"255713100013","full_name":"pius james millinga","namba_ya_simu":"255713100013","jinsia":"FEMALE","type":"USER","region":"Dar es Salaam"} 
2024-10-19 05:18:32 Outgoing Response :
 {"status":"201","statusDesc":"Success"} 
2024-10-19 07:14:11 Incomming Request :
 {"api_key":"YTc4YWY3ZWVlZWViODU3YTY5ODUzNTA4ZGU3YzVhYzM1NTdjNjM1MWEyYzA1ODU1ZDhlqA12AjkP0qNTc4ZjU3N2QwMDVmMw==","phone_number":"255710792929","full_name":"Janeth","namba_ya_simu":"255710792929","jinsia":"MALE","type":"USER","region":"Dar es Salaam"} 
2024-10-19 07:14:11 Outgoing Response :
 {"status":"201","statusDesc":"Success"} 
2024-10-19 08:48:49 Incomming Request :
 {"api_key":"YTc4YWY3ZWVlZWViODU3YTY5ODUzNTA4ZGU3YzVhYzM1NTdjNjM1MWEyYzA1ODU1ZDhlqA12AjkP0qNTc4ZjU3N2QwMDVmMw==","phone_number":"255673087709","full_name":"George Mashigila","namba_ya_simu":"255673087709","jinsia":"FEMALE","type":"USER","region":"Mwanza"} 
2024-10-19 08:48:49 Outgoing Response :
 {"status":"201","statusDesc":"Success"} 
2024-10-19 09:18:08 Incomming Request :
 {"api_key":"YTc4YWY3ZWVlZWViODU3YTY5ODUzNTA4ZGU3YzVhYzM1NTdjNjM1MWEyYzA1ODU1ZDhlqA12AjkP0qNTc4ZjU3N2QwMDVmMw==","phone_number":"255715886748","full_name":"samweli saulo simkonda","namba_ya_simu":"255715886748","jinsia":"MALE","type":"USER","region":"Mbeya"} 
2024-10-19 09:18:08 Outgoing Response :
 {"status":"201","statusDesc":"Success"} 
2024-10-19 10:12:08 Incomming Request :
 {"api_key":"YTc4YWY3ZWVlZWViODU3YTY5ODUzNTA4ZGU3YzVhYzM1NTdjNjM1MWEyYzA1ODU1ZDhlqA12AjkP0qNTc4ZjU3N2QwMDVmMw==","phone_number":"255622860486","full_name":"jumaa","namba_ya_simu":"255622860486","jinsia":"FEMALE","type":"USER","region":"Morogoro"} 
2024-10-19 10:12:08 Outgoing Response :
 {"status":"201","statusDesc":"Success"} 
2024-10-19 10:35:26 Incomming Request :
 {"api_key":"YTc4YWY3ZWVlZWViODU3YTY5ODUzNTA4ZGU3YzVhYzM1NTdjNjM1MWEyYzA1ODU1ZDhlqA12AjkP0qNTc4ZjU3N2QwMDVmMw==","phone_number":"255655066090","full_name":"Reuben  Mwita ","namba_ya_simu":"255655066090","jinsia":"FEMALE","type":"USER","region":"Dar es Salaam"} 
2024-10-19 10:35:26 Outgoing Response :
 {"status":"201","statusDesc":"Success"} 
2024-10-19 11:30:57 Incomming Request :
 {"api_key":"YTc4YWY3ZWVlZWViODU3YTY5ODUzNTA4ZGU3YzVhYzM1NTdjNjM1MWEyYzA1ODU1ZDhlqA12AjkP0qNTc4ZjU3N2QwMDVmMw==","phone_number":"255762983558","full_name":"ferix ","namba_ya_simu":"255762983558","jinsia":"FEMALE","type":"USER","region":"Kigoma"} 
2024-10-19 11:30:57 Outgoing Response :
 {"status":"201","statusDesc":"Success"} 
2024-10-19 12:49:50 Incomming Request :
 {"api_key":"YTc4YWY3ZWVlZWViODU3YTY5ODUzNTA4ZGU3YzVhYzM1NTdjNjM1MWEyYzA1ODU1ZDhlqA12AjkP0qNTc4ZjU3N2QwMDVmMw==","phone_number":"255749812348","full_name":"Frenk","namba_ya_simu":"255749812348","jinsia":"FEMALE","type":"USER","region":"Kagera"} 
2024-10-19 12:49:50 Outgoing Response :
 {"status":"201","statusDesc":"Success"} 
2024-10-19 13:03:00 Incomming Request :
 {"api_key":"YTc4YWY3ZWVlZWViODU3YTY5ODUzNTA4ZGU3YzVhYzM1NTdjNjM1MWEyYzA1ODU1ZDhlqA12AjkP0qNTc4ZjU3N2QwMDVmMw==","phone_number":"255682712753","full_name":"AYUBU YOSIA NTANDU","namba_ya_simu":"255682712753","jinsia":"FEMALE","type":"USER","region":"Singida"} 
2024-10-19 13:03:00 Outgoing Response :
 {"status":"201","statusDesc":"Success"} 
2024-10-19 13:08:47 Incomming Request :
 {"api_key":"YTc4YWY3ZWVlZWViODU3YTY5ODUzNTA4ZGU3YzVhYzM1NTdjNjM1MWEyYzA1ODU1ZDhlqA12AjkP0qNTc4ZjU3N2QwMDVmMw==","phone_number":"255750601376","full_name":"john","namba_ya_simu":"255750601376","jinsia":"FEMALE","type":"USER","region":"Dar es Salaam"} 
2024-10-19 13:08:47 Outgoing Response :
 {"status":"201","statusDesc":"Success"} 
2024-10-19 14:27:19 Incomming Request :
 {"api_key":"YTc4YWY3ZWVlZWViODU3YTY5ODUzNTA4ZGU3YzVhYzM1NTdjNjM1MWEyYzA1ODU1ZDhlqA12AjkP0qNTc4ZjU3N2QwMDVmMw==","phone_number":"255757890046","full_name":"patrick emmanuel","namba_ya_simu":"255757890046","jinsia":"FEMALE","type":"USER","region":"Mwanza"} 
2024-10-19 14:27:19 Outgoing Response :
 {"status":"201","statusDesc":"Success"} 
2024-10-19 15:24:56 Incomming Request :
 {"api_key":"YTc4YWY3ZWVlZWViODU3YTY5ODUzNTA4ZGU3YzVhYzM1NTdjNjM1MWEyYzA1ODU1ZDhlqA12AjkP0qNTc4ZjU3N2QwMDVmMw==","phone_number":"255757752595","full_name":"Mustapha Kadabi","namba_ya_simu":"255757752595","jinsia":"FEMALE","type":"USER","region":"Mwanza"} 
2024-10-19 15:24:56 Outgoing Response :
 {"status":"201","statusDesc":"Success"} 
2024-10-19 17:06:46 Incomming Request :
 {"api_key":"YTc4YWY3ZWVlZWViODU3YTY5ODUzNTA4ZGU3YzVhYzM1NTdjNjM1MWEyYzA1ODU1ZDhlqA12AjkP0qNTc4ZjU3N2QwMDVmMw==","phone_number":"255715393441","full_name":"isaya hamisi masaka","namba_ya_simu":"255715393441","jinsia":"FEMALE","type":"USER","region":"Dodoma"} 
2024-10-19 17:06:46 Outgoing Response :
 {"status":"201","statusDesc":"Success"} 
2024-10-19 17:07:18 Incomming Request :
 {"api_key":"YTc4YWY3ZWVlZWViODU3YTY5ODUzNTA4ZGU3YzVhYzM1NTdjNjM1MWEyYzA1ODU1ZDhlqA12AjkP0qNTc4ZjU3N2QwMDVmMw==","phone_number":"255715393441","full_name":"isaya hamisi masaka","namba_ya_simu":"255715393441","jinsia":"FEMALE","type":"USER","region":"Dodoma"} 
2024-10-19 17:07:18 Outgoing Response :
 {"status":"201","statusDesc":"Success"} 
2024-10-19 17:17:53 Incomming Request :
 {"api_key":"YTc4YWY3ZWVlZWViODU3YTY5ODUzNTA4ZGU3YzVhYzM1NTdjNjM1MWEyYzA1ODU1ZDhlqA12AjkP0qNTc4ZjU3N2QwMDVmMw==","phone_number":"255755708990","full_name":"RICHARD CHRISTTOPHER MWAKILEMBE","namba_ya_simu":"255755708990","jinsia":"FEMALE","type":"USER","region":"Mbeya"} 
2024-10-19 17:17:53 Outgoing Response :
 {"status":"201","statusDesc":"Success"} 
2024-10-19 18:08:14 Incomming Request :
 {"api_key":"YTc4YWY3ZWVlZWViODU3YTY5ODUzNTA4ZGU3YzVhYzM1NTdjNjM1MWEyYzA1ODU1ZDhlqA12AjkP0qNTc4ZjU3N2QwMDVmMw==","phone_number":"255656803494","full_name":"Huba ","namba_ya_simu":"255656803494","jinsia":"MALE","type":"USER","region":"Dar es Salaam"} 
2024-10-19 18:08:14 Outgoing Response :
 {"status":"201","statusDesc":"Success"} 
2024-10-19 18:42:35 Incomming Request :
 {"api_key":"YTc4YWY3ZWVlZWViODU3YTY5ODUzNTA4ZGU3YzVhYzM1NTdjNjM1MWEyYzA1ODU1ZDhlqA12AjkP0qNTc4ZjU3N2QwMDVmMw==","phone_number":"255744793610","full_name":"saimon","namba_ya_simu":"255744793610","jinsia":"MALE","type":"USER","region":"Kigoma"} 
2024-10-19 18:42:35 Outgoing Response :
 {"status":"201","statusDesc":"Success"} 
2024-10-19 19:10:35 Incomming Request :
 {"api_key":"YTc4YWY3ZWVlZWViODU3YTY5ODUzNTA4ZGU3YzVhYzM1NTdjNjM1MWEyYzA1ODU1ZDhlqA12AjkP0qNTc4ZjU3N2QwMDVmMw==","phone_number":"255695096221","full_name":"IDDI HATUA KALEKELA","namba_ya_simu":"255695096221","jinsia":"FEMALE","type":"USER","region":"Kigoma"} 
2024-10-19 19:10:35 Outgoing Response :
 {"status":"201","statusDesc":"Success"} 
2024-10-19 19:26:20 Incomming Request :
 {"api_key":"YTc4YWY3ZWVlZWViODU3YTY5ODUzNTA4ZGU3YzVhYzM1NTdjNjM1MWEyYzA1ODU1ZDhlqA12AjkP0qNTc4ZjU3N2QwMDVmMw==","phone_number":"255759782103","full_name":"oscarlingson mwakasoko","namba_ya_simu":"255759782103","jinsia":"FEMALE","type":"USER","region":"Mbeya"} 
2024-10-19 19:26:20 Outgoing Response :
 {"status":"201","statusDesc":"Success"} 
2024-10-19 21:09:18 Incomming Request :
 {"api_key":"YTc4YWY3ZWVlZWViODU3YTY5ODUzNTA4ZGU3YzVhYzM1NTdjNjM1MWEyYzA1ODU1ZDhlqA12AjkP0qNTc4ZjU3N2QwMDVmMw==","phone_number":"255673514075","full_name":"Jacob Anthony Singira","namba_ya_simu":"255673514075","jinsia":"FEMALE","type":"USER","region":"Pwani"} 
2024-10-19 21:09:18 Outgoing Response :
 {"status":"201","statusDesc":"Success"} 